[1.171s] Invoking command in '/home/yesopi/Robotics/src/robot_manipulator': PYTHONPATH=/home/yesopi/Robotics/build/robot_manipulator/prefix_override:/home/yesopi/Robotics/install/robot_manipulator/lib/python3.10/site-packages:${PYTHONPATH} /usr/bin/python3 setup.py egg_info --egg-base ../../build/robot_manipulator build --build-base /home/yesopi/Robotics/build/robot_manipulator/build install --record /home/yesopi/Robotics/build/robot_manipulator/install.log --single-version-externally-managed
[1.447s] running egg_info
[1.447s] writing ../../build/robot_manipulator/robot_manipulator.egg-info/PKG-INFO
[1.448s] writing dependency_links to ../../build/robot_manipulator/robot_manipulator.egg-info/dependency_links.txt
[1.448s] writing entry points to ../../build/robot_manipulator/robot_manipulator.egg-info/entry_points.txt
[1.448s] writing requirements to ../../build/robot_manipulator/robot_manipulator.egg-info/requires.txt
[1.448s] writing top-level names to ../../build/robot_manipulator/robot_manipulator.egg-info/top_level.txt
[1.450s] reading manifest file '../../build/robot_manipulator/robot_manipulator.egg-info/SOURCES.txt'
[1.451s] writing manifest file '../../build/robot_manipulator/robot_manipulator.egg-info/SOURCES.txt'
[1.528s] running build
[1.528s] running build_py
[1.528s] running install
[1.529s] /usr/lib/python3/dist-packages/setuptools/command/install.py:34: SetuptoolsDeprecationWarning: setup.py install is deprecated. Use build and pip and other standards-based tools.
[1.529s]   warnings.warn(
[1.529s] running install_lib
[1.530s] running install_data
[1.531s] running install_egg_info
[1.533s] removing '/home/yesopi/Robotics/install/robot_manipulator/lib/python3.10/site-packages/robot_manipulator-0.0.0-py3.10.egg-info' (and everything under it)
[1.533s] Copying ../../build/robot_manipulator/robot_manipulator.egg-info to /home/yesopi/Robotics/install/robot_manipulator/lib/python3.10/site-packages/robot_manipulator-0.0.0-py3.10.egg-info
[1.534s] running install_scripts
[1.558s] Installing interfaz_brazo script to /home/yesopi/Robotics/install/robot_manipulator/lib/robot_manipulator
[1.558s] Installing pub script to /home/yesopi/Robotics/install/robot_manipulator/lib/robot_manipulator
[1.559s] writing list of installed files to '/home/yesopi/Robotics/build/robot_manipulator/install.log'
[1.588s] Invoked command in '/home/yesopi/Robotics/src/robot_manipulator' returned '0': PYTHONPATH=/home/yesopi/Robotics/build/robot_manipulator/prefix_override:/home/yesopi/Robotics/install/robot_manipulator/lib/python3.10/site-packages:${PYTHONPATH} /usr/bin/python3 setup.py egg_info --egg-base ../../build/robot_manipulator build --build-base /home/yesopi/Robotics/build/robot_manipulator/build install --record /home/yesopi/Robotics/build/robot_manipulator/install.log --single-version-externally-managed
