[0.312s] DEBUG:colcon:Command line arguments: ['/usr/bin/colcon', 'build']
[0.312s] DEBUG:colcon:Parsed command line arguments: Namespace(log_base=None, log_level=None, verb_name='build', build_base='build', install_base='install', merge_install=False, symlink_install=False, test_result_base=None, continue_on_error=False, executor='parallel', parallel_workers=4, event_handlers=None, ignore_user_meta=False, metas=['./colcon.meta'], base_paths=['.'], packages_ignore=None, packages_ignore_regex=None, paths=None, packages_up_to=None, packages_up_to_regex=None, packages_above=None, packages_above_and_dependencies=None, packages_above_depth=None, packages_select_by_dep=None, packages_skip_by_dep=None, packages_skip_up_to=None, packages_select_build_failed=False, packages_skip_build_finished=False, packages_select_test_failures=False, packages_skip_test_passed=False, packages_select=None, packages_skip=None, packages_select_regex=None, packages_skip_regex=None, packages_start=None, packages_end=None, allow_overriding=[], cmake_args=None, cmake_target=None, cmake_target_skip_unavailable=False, cmake_clean_cache=False, cmake_clean_first=False, cmake_force_configure=False, ament_cmake_args=None, catkin_cmake_args=None, catkin_skip_building_tests=False, verb_parser=<colcon_defaults.argument_parser.defaults.DefaultArgumentsDecorator object at 0x7f35919d8e50>, verb_extension=<colcon_core.verb.build.BuildVerb object at 0x7f359225e2f0>, main=<bound method BuildVerb.main of <colcon_core.verb.build.BuildVerb object at 0x7f359225e2f0>>)
[0.345s] Level 1:colcon.colcon_core.package_discovery:discover_packages(colcon_meta) check parameters
[0.345s] Level 1:colcon.colcon_core.package_discovery:discover_packages(recursive) check parameters
[0.345s] Level 1:colcon.colcon_core.package_discovery:discover_packages(ignore) check parameters
[0.345s] Level 1:colcon.colcon_core.package_discovery:discover_packages(path) check parameters
[0.345s] Level 1:colcon.colcon_core.package_discovery:discover_packages(colcon_meta) discover
[0.345s] Level 1:colcon.colcon_core.package_discovery:discover_packages(recursive) discover
[0.345s] INFO:colcon.colcon_core.package_discovery:Crawling recursively for packages in '/home/tatianam/ProyectoFinal/Robotics'
[0.345s] Level 1:colcon.colcon_core.package_identification:_identify(.) by extensions ['ignore', 'ignore_ament_install']
[0.346s] Level 1:colcon.colcon_core.package_identification:_identify(.) by extension 'ignore'
[0.346s] Level 1:colcon.colcon_core.package_identification:_identify(.) by extension 'ignore_ament_install'
[0.346s] Level 1:colcon.colcon_core.package_identification:_identify(.) by extensions ['colcon_pkg']
[0.346s] Level 1:colcon.colcon_core.package_identification:_identify(.) by extension 'colcon_pkg'
[0.346s] Level 1:colcon.colcon_core.package_identification:_identify(.) by extensions ['colcon_meta']
[0.346s] Level 1:colcon.colcon_core.package_identification:_identify(.) by extension 'colcon_meta'
[0.346s] Level 1:colcon.colcon_core.package_identification:_identify(.) by extensions ['ros']
[0.346s] Level 1:colcon.colcon_core.package_identification:_identify(.) by extension 'ros'
[0.358s] Level 1:colcon.colcon_core.package_identification:_identify(.) by extensions ['cmake', 'python']
[0.358s] Level 1:colcon.colcon_core.package_identification:_identify(.) by extension 'cmake'
[0.358s] Level 1:colcon.colcon_core.package_identification:_identify(.) by extension 'python'
[0.358s] Level 1:colcon.colcon_core.package_identification:_identify(.) by extensions ['python_setup_py']
[0.358s] Level 1:colcon.colcon_core.package_identification:_identify(.) by extension 'python_setup_py'
[0.358s] Level 1:colcon.colcon_core.package_identification:_identify(build) by extensions ['ignore', 'ignore_ament_install']
[0.358s] Level 1:colcon.colcon_core.package_identification:_identify(build) by extension 'ignore'
[0.358s] Level 1:colcon.colcon_core.package_identification:_identify(build) ignored
[0.358s] Level 1:colcon.colcon_core.package_identification:_identify(install) by extensions ['ignore', 'ignore_ament_install']
[0.358s] Level 1:colcon.colcon_core.package_identification:_identify(install) by extension 'ignore'
[0.358s] Level 1:colcon.colcon_core.package_identification:_identify(install) ignored
[0.359s] Level 1:colcon.colcon_core.package_identification:_identify(log) by extensions ['ignore', 'ignore_ament_install']
[0.359s] Level 1:colcon.colcon_core.package_identification:_identify(log) by extension 'ignore'
[0.359s] Level 1:colcon.colcon_core.package_identification:_identify(log) ignored
[0.360s] Level 1:colcon.colcon_core.package_identification:_identify(src) by extensions ['ignore', 'ignore_ament_install']
[0.360s] Level 1:colcon.colcon_core.package_identification:_identify(src) by extension 'ignore'
[0.360s] Level 1:colcon.colcon_core.package_identification:_identify(src) by extension 'ignore_ament_install'
[0.360s] Level 1:colcon.colcon_core.package_identification:_identify(src) by extensions ['colcon_pkg']
[0.360s] Level 1:colcon.colcon_core.package_identification:_identify(src) by extension 'colcon_pkg'
[0.360s] Level 1:colcon.colcon_core.package_identification:_identify(src) by extensions ['colcon_meta']
[0.360s] Level 1:colcon.colcon_core.package_identification:_identify(src) by extension 'colcon_meta'
[0.360s] Level 1:colcon.colcon_core.package_identification:_identify(src) by extensions ['ros']
[0.360s] Level 1:colcon.colcon_core.package_identification:_identify(src) by extension 'ros'
[0.360s] Level 1:colcon.colcon_core.package_identification:_identify(src) by extensions ['cmake', 'python']
[0.360s] Level 1:colcon.colcon_core.package_identification:_identify(src) by extension 'cmake'
[0.360s] Level 1:colcon.colcon_core.package_identification:_identify(src) by extension 'python'
[0.360s] Level 1:colcon.colcon_core.package_identification:_identify(src) by extensions ['python_setup_py']
[0.360s] Level 1:colcon.colcon_core.package_identification:_identify(src) by extension 'python_setup_py'
[0.360s] Level 1:colcon.colcon_core.package_identification:_identify(src/my_service_pkg) by extensions ['ignore', 'ignore_ament_install']
[0.360s] Level 1:colcon.colcon_core.package_identification:_identify(src/my_service_pkg) by extension 'ignore'
[0.360s] Level 1:colcon.colcon_core.package_identification:_identify(src/my_service_pkg) by extension 'ignore_ament_install'
[0.360s] Level 1:colcon.colcon_core.package_identification:_identify(src/my_service_pkg) by extensions ['colcon_pkg']
[0.360s] Level 1:colcon.colcon_core.package_identification:_identify(src/my_service_pkg) by extension 'colcon_pkg'
[0.360s] Level 1:colcon.colcon_core.package_identification:_identify(src/my_service_pkg) by extensions ['colcon_meta']
[0.360s] Level 1:colcon.colcon_core.package_identification:_identify(src/my_service_pkg) by extension 'colcon_meta'
[0.361s] Level 1:colcon.colcon_core.package_identification:_identify(src/my_service_pkg) by extensions ['ros']
[0.361s] Level 1:colcon.colcon_core.package_identification:_identify(src/my_service_pkg) by extension 'ros'
[0.363s] DEBUG:colcon.colcon_core.package_identification:Package 'src/my_service_pkg' with type 'ros.ament_cmake' and name 'my_service_pkg'
[0.363s] Level 1:colcon.colcon_core.package_identification:_identify(src/robot_manipulator) by extensions ['ignore', 'ignore_ament_install']
[0.363s] Level 1:colcon.colcon_core.package_identification:_identify(src/robot_manipulator) by extension 'ignore'
[0.363s] Level 1:colcon.colcon_core.package_identification:_identify(src/robot_manipulator) by extension 'ignore_ament_install'
[0.363s] Level 1:colcon.colcon_core.package_identification:_identify(src/robot_manipulator) by extensions ['colcon_pkg']
[0.363s] Level 1:colcon.colcon_core.package_identification:_identify(src/robot_manipulator) by extension 'colcon_pkg'
[0.363s] Level 1:colcon.colcon_core.package_identification:_identify(src/robot_manipulator) by extensions ['colcon_meta']
[0.363s] Level 1:colcon.colcon_core.package_identification:_identify(src/robot_manipulator) by extension 'colcon_meta'
[0.364s] Level 1:colcon.colcon_core.package_identification:_identify(src/robot_manipulator) by extensions ['ros']
[0.364s] Level 1:colcon.colcon_core.package_identification:_identify(src/robot_manipulator) by extension 'ros'
[0.364s] DEBUG:colcon.colcon_core.package_identification:Package 'src/robot_manipulator' with type 'ros.ament_python' and name 'robot_manipulator'
[0.364s] Level 1:colcon.colcon_core.package_identification:_identify(src/robot_movement) by extensions ['ignore', 'ignore_ament_install']
[0.364s] Level 1:colcon.colcon_core.package_identification:_identify(src/robot_movement) by extension 'ignore'
[0.364s] Level 1:colcon.colcon_core.package_identification:_identify(src/robot_movement) by extension 'ignore_ament_install'
[0.365s] Level 1:colcon.colcon_core.package_identification:_identify(src/robot_movement) by extensions ['colcon_pkg']
[0.365s] Level 1:colcon.colcon_core.package_identification:_identify(src/robot_movement) by extension 'colcon_pkg'
[0.365s] Level 1:colcon.colcon_core.package_identification:_identify(src/robot_movement) by extensions ['colcon_meta']
[0.365s] Level 1:colcon.colcon_core.package_identification:_identify(src/robot_movement) by extension 'colcon_meta'
[0.365s] Level 1:colcon.colcon_core.package_identification:_identify(src/robot_movement) by extensions ['ros']
[0.365s] Level 1:colcon.colcon_core.package_identification:_identify(src/robot_movement) by extension 'ros'
[0.365s] DEBUG:colcon.colcon_core.package_identification:Package 'src/robot_movement' with type 'ros.ament_python' and name 'robot_movement'
[0.365s] Level 1:colcon.colcon_core.package_discovery:discover_packages(recursive) using defaults
[0.365s] Level 1:colcon.colcon_core.package_discovery:discover_packages(ignore) discover
[0.365s] Level 1:colcon.colcon_core.package_discovery:discover_packages(ignore) using defaults
[0.365s] Level 1:colcon.colcon_core.package_discovery:discover_packages(path) discover
[0.365s] Level 1:colcon.colcon_core.package_discovery:discover_packages(path) using defaults
[0.390s] Level 1:colcon.colcon_core.package_discovery:discover_packages(prefix_path) check parameters
[0.390s] Level 1:colcon.colcon_core.package_discovery:discover_packages(prefix_path) discover
[0.393s] DEBUG:colcon.colcon_installed_package_information.package_discovery:Found 284 installed packages in /opt/ros/humble
[0.394s] Level 1:colcon.colcon_core.package_discovery:discover_packages(prefix_path) using defaults
[0.458s] Level 5:colcon.colcon_core.verb:set package 'my_service_pkg' build argument 'cmake_args' from command line to 'None'
[0.458s] Level 5:colcon.colcon_core.verb:set package 'my_service_pkg' build argument 'cmake_target' from command line to 'None'
[0.458s] Level 5:colcon.colcon_core.verb:set package 'my_service_pkg' build argument 'cmake_target_skip_unavailable' from command line to 'False'
[0.458s] Level 5:colcon.colcon_core.verb:set package 'my_service_pkg' build argument 'cmake_clean_cache' from command line to 'False'
[0.458s] Level 5:colcon.colcon_core.verb:set package 'my_service_pkg' build argument 'cmake_clean_first' from command line to 'False'
[0.458s] Level 5:colcon.colcon_core.verb:set package 'my_service_pkg' build argument 'cmake_force_configure' from command line to 'False'
[0.458s] Level 5:colcon.colcon_core.verb:set package 'my_service_pkg' build argument 'ament_cmake_args' from command line to 'None'
[0.458s] Level 5:colcon.colcon_core.verb:set package 'my_service_pkg' build argument 'catkin_cmake_args' from command line to 'None'
[0.458s] Level 5:colcon.colcon_core.verb:set package 'my_service_pkg' build argument 'catkin_skip_building_tests' from command line to 'False'
[0.458s] DEBUG:colcon.colcon_core.verb:Building package 'my_service_pkg' with the following arguments: {'ament_cmake_args': None, 'build_base': '/home/tatianam/ProyectoFinal/Robotics/build/my_service_pkg', 'catkin_cmake_args': None, 'catkin_skip_building_tests': False, 'cmake_args': None, 'cmake_clean_cache': False, 'cmake_clean_first': False, 'cmake_force_configure': False, 'cmake_target': None, 'cmake_target_skip_unavailable': False, 'install_base': '/home/tatianam/ProyectoFinal/Robotics/install/my_service_pkg', 'merge_install': False, 'path': '/home/tatianam/ProyectoFinal/Robotics/src/my_service_pkg', 'symlink_install': False, 'test_result_base': None}
[0.459s] Level 5:colcon.colcon_core.verb:set package 'robot_manipulator' build argument 'cmake_args' from command line to 'None'
[0.459s] Level 5:colcon.colcon_core.verb:set package 'robot_manipulator' build argument 'cmake_target' from command line to 'None'
[0.459s] Level 5:colcon.colcon_core.verb:set package 'robot_manipulator' build argument 'cmake_target_skip_unavailable' from command line to 'False'
[0.459s] Level 5:colcon.colcon_core.verb:set package 'robot_manipulator' build argument 'cmake_clean_cache' from command line to 'False'
[0.459s] Level 5:colcon.colcon_core.verb:set package 'robot_manipulator' build argument 'cmake_clean_first' from command line to 'False'
[0.459s] Level 5:colcon.colcon_core.verb:set package 'robot_manipulator' build argument 'cmake_force_configure' from command line to 'False'
[0.459s] Level 5:colcon.colcon_core.verb:set package 'robot_manipulator' build argument 'ament_cmake_args' from command line to 'None'
[0.459s] Level 5:colcon.colcon_core.verb:set package 'robot_manipulator' build argument 'catkin_cmake_args' from command line to 'None'
[0.459s] Level 5:colcon.colcon_core.verb:set package 'robot_manipulator' build argument 'catkin_skip_building_tests' from command line to 'False'
[0.459s] DEBUG:colcon.colcon_core.verb:Building package 'robot_manipulator' with the following arguments: {'ament_cmake_args': None, 'build_base': '/home/tatianam/ProyectoFinal/Robotics/build/robot_manipulator', 'catkin_cmake_args': None, 'catkin_skip_building_tests': False, 'cmake_args': None, 'cmake_clean_cache': False, 'cmake_clean_first': False, 'cmake_force_configure': False, 'cmake_target': None, 'cmake_target_skip_unavailable': False, 'install_base': '/home/tatianam/ProyectoFinal/Robotics/install/robot_manipulator', 'merge_install': False, 'path': '/home/tatianam/ProyectoFinal/Robotics/src/robot_manipulator', 'symlink_install': False, 'test_result_base': None}
[0.460s] Level 5:colcon.colcon_core.verb:set package 'robot_movement' build argument 'cmake_args' from command line to 'None'
[0.460s] Level 5:colcon.colcon_core.verb:set package 'robot_movement' build argument 'cmake_target' from command line to 'None'
[0.460s] Level 5:colcon.colcon_core.verb:set package 'robot_movement' build argument 'cmake_target_skip_unavailable' from command line to 'False'
[0.460s] Level 5:colcon.colcon_core.verb:set package 'robot_movement' build argument 'cmake_clean_cache' from command line to 'False'
[0.460s] Level 5:colcon.colcon_core.verb:set package 'robot_movement' build argument 'cmake_clean_first' from command line to 'False'
[0.460s] Level 5:colcon.colcon_core.verb:set package 'robot_movement' build argument 'cmake_force_configure' from command line to 'False'
[0.460s] Level 5:colcon.colcon_core.verb:set package 'robot_movement' build argument 'ament_cmake_args' from command line to 'None'
[0.460s] Level 5:colcon.colcon_core.verb:set package 'robot_movement' build argument 'catkin_cmake_args' from command line to 'None'
[0.460s] Level 5:colcon.colcon_core.verb:set package 'robot_movement' build argument 'catkin_skip_building_tests' from command line to 'False'
[0.461s] DEBUG:colcon.colcon_core.verb:Building package 'robot_movement' with the following arguments: {'ament_cmake_args': None, 'build_base': '/home/tatianam/ProyectoFinal/Robotics/build/robot_movement', 'catkin_cmake_args': None, 'catkin_skip_building_tests': False, 'cmake_args': None, 'cmake_clean_cache': False, 'cmake_clean_first': False, 'cmake_force_configure': False, 'cmake_target': None, 'cmake_target_skip_unavailable': False, 'install_base': '/home/tatianam/ProyectoFinal/Robotics/install/robot_movement', 'merge_install': False, 'path': '/home/tatianam/ProyectoFinal/Robotics/src/robot_movement', 'symlink_install': False, 'test_result_base': None}
[0.461s] INFO:colcon.colcon_core.executor:Executing jobs using 'parallel' executor
[0.464s] DEBUG:colcon.colcon_parallel_executor.executor.parallel:run_until_complete
[0.465s] INFO:colcon.colcon_ros.task.ament_cmake.build:Building ROS package in '/home/tatianam/ProyectoFinal/Robotics/src/my_service_pkg' with build type 'ament_cmake'
[0.465s] INFO:colcon.colcon_cmake.task.cmake.build:Building CMake package in '/home/tatianam/ProyectoFinal/Robotics/src/my_service_pkg'
[0.469s] INFO:colcon.colcon_core.plugin_system:Skipping extension 'colcon_core.shell.bat': Not used on non-Windows systems
[0.469s] INFO:colcon.colcon_core.shell:Skip shell extension 'powershell' for command environment: Not usable outside of PowerShell
[0.469s] DEBUG:colcon.colcon_core.shell:Skip shell extension 'dsv' for command environment
[0.473s] INFO:colcon.colcon_ros.task.ament_python.build:Building ROS package in '/home/tatianam/ProyectoFinal/Robotics/src/robot_manipulator' with build type 'ament_python'
[0.473s] Level 1:colcon.colcon_core.shell:create_environment_hook('robot_manipulator', 'ament_prefix_path')
[0.474s] INFO:colcon.colcon_core.shell:Creating environment hook '/home/tatianam/ProyectoFinal/Robotics/install/robot_manipulator/share/robot_manipulator/hook/ament_prefix_path.ps1'
[0.475s] INFO:colcon.colcon_core.shell:Creating environment descriptor '/home/tatianam/ProyectoFinal/Robotics/install/robot_manipulator/share/robot_manipulator/hook/ament_prefix_path.dsv'
[0.476s] INFO:colcon.colcon_core.shell:Creating environment hook '/home/tatianam/ProyectoFinal/Robotics/install/robot_manipulator/share/robot_manipulator/hook/ament_prefix_path.sh'
[0.478s] INFO:colcon.colcon_core.shell:Skip shell extension 'powershell' for command environment: Not usable outside of PowerShell
[0.478s] DEBUG:colcon.colcon_core.shell:Skip shell extension 'dsv' for command environment
[0.482s] INFO:colcon.colcon_ros.task.ament_python.build:Building ROS package in '/home/tatianam/ProyectoFinal/Robotics/src/robot_movement' with build type 'ament_python'
[0.482s] Level 1:colcon.colcon_core.shell:create_environment_hook('robot_movement', 'ament_prefix_path')
[0.483s] INFO:colcon.colcon_core.shell:Creating environment hook '/home/tatianam/ProyectoFinal/Robotics/install/robot_movement/share/robot_movement/hook/ament_prefix_path.ps1'
[0.484s] INFO:colcon.colcon_core.shell:Creating environment descriptor '/home/tatianam/ProyectoFinal/Robotics/install/robot_movement/share/robot_movement/hook/ament_prefix_path.dsv'
[0.484s] INFO:colcon.colcon_core.shell:Creating environment hook '/home/tatianam/ProyectoFinal/Robotics/install/robot_movement/share/robot_movement/hook/ament_prefix_path.sh'
[0.486s] INFO:colcon.colcon_core.shell:Skip shell extension 'powershell' for command environment: Not usable outside of PowerShell
[0.486s] DEBUG:colcon.colcon_core.shell:Skip shell extension 'dsv' for command environment
[0.495s] DEBUG:colcon.colcon_core.event_handler.log_command:Invoking command in '/home/tatianam/ProyectoFinal/Robotics/build/my_service_pkg': CMAKE_PREFIX_PATH=/opt/ros/humble /usr/bin/cmake --build /home/tatianam/ProyectoFinal/Robotics/build/my_service_pkg -- -j4 -l4
[0.825s] INFO:colcon.colcon_core.task.python.build:Building Python package in '/home/tatianam/ProyectoFinal/Robotics/src/robot_manipulator'
[0.828s] INFO:colcon.colcon_core.shell:Skip shell extension 'powershell' for command environment: Not usable outside of PowerShell
[0.828s] DEBUG:colcon.colcon_core.shell:Skip shell extension 'dsv' for command environment
[1.146s] INFO:colcon.colcon_core.task.python.build:Building Python package in '/home/tatianam/ProyectoFinal/Robotics/src/robot_movement'
[1.148s] INFO:colcon.colcon_core.shell:Skip shell extension 'powershell' for command environment: Not usable outside of PowerShell
[1.148s] DEBUG:colcon.colcon_core.shell:Skip shell extension 'dsv' for command environment
[1.155s] DEBUG:colcon.colcon_core.event_handler.log_command:Invoked command in '/home/tatianam/ProyectoFinal/Robotics/build/my_service_pkg' returned '0': CMAKE_PREFIX_PATH=/opt/ros/humble /usr/bin/cmake --build /home/tatianam/ProyectoFinal/Robotics/build/my_service_pkg -- -j4 -l4
[1.217s] DEBUG:colcon.colcon_core.event_handler.log_command:Invoking command in '/home/tatianam/ProyectoFinal/Robotics/build/my_service_pkg': CMAKE_PREFIX_PATH=/opt/ros/humble /usr/bin/cmake --install /home/tatianam/ProyectoFinal/Robotics/build/my_service_pkg
[1.293s] Level 1:colcon.colcon_core.environment:create_environment_scripts_only(my_service_pkg)
[1.300s] Level 1:colcon.colcon_core.environment:checking '/home/tatianam/ProyectoFinal/Robotics/install/my_service_pkg' for CMake module files
[1.301s] Level 1:colcon.colcon_core.environment:checking '/home/tatianam/ProyectoFinal/Robotics/install/my_service_pkg' for CMake config files
[1.302s] Level 1:colcon.colcon_core.shell:create_environment_hook('my_service_pkg', 'cmake_prefix_path')
[1.304s] DEBUG:colcon.colcon_core.event_handler.log_command:Invoked command in '/home/tatianam/ProyectoFinal/Robotics/build/my_service_pkg' returned '0': CMAKE_PREFIX_PATH=/opt/ros/humble /usr/bin/cmake --install /home/tatianam/ProyectoFinal/Robotics/build/my_service_pkg
[1.306s] INFO:colcon.colcon_core.shell:Creating environment hook '/home/tatianam/ProyectoFinal/Robotics/install/my_service_pkg/share/my_service_pkg/hook/cmake_prefix_path.ps1'
[1.307s] INFO:colcon.colcon_core.shell:Creating environment descriptor '/home/tatianam/ProyectoFinal/Robotics/install/my_service_pkg/share/my_service_pkg/hook/cmake_prefix_path.dsv'
[1.307s] INFO:colcon.colcon_core.shell:Creating environment hook '/home/tatianam/ProyectoFinal/Robotics/install/my_service_pkg/share/my_service_pkg/hook/cmake_prefix_path.sh'
[1.308s] Level 1:colcon.colcon_core.environment:checking '/home/tatianam/ProyectoFinal/Robotics/install/my_service_pkg/lib'
[1.308s] Level 1:colcon.colcon_core.shell:create_environment_hook('my_service_pkg', 'ld_library_path_lib')
[1.311s] INFO:colcon.colcon_core.shell:Creating environment hook '/home/tatianam/ProyectoFinal/Robotics/install/my_service_pkg/share/my_service_pkg/hook/ld_library_path_lib.ps1'
[1.311s] INFO:colcon.colcon_core.shell:Creating environment descriptor '/home/tatianam/ProyectoFinal/Robotics/install/my_service_pkg/share/my_service_pkg/hook/ld_library_path_lib.dsv'
[1.312s] INFO:colcon.colcon_core.shell:Creating environment hook '/home/tatianam/ProyectoFinal/Robotics/install/my_service_pkg/share/my_service_pkg/hook/ld_library_path_lib.sh'
[1.312s] Level 1:colcon.colcon_core.environment:checking '/home/tatianam/ProyectoFinal/Robotics/install/my_service_pkg/bin'
[1.312s] Level 1:colcon.colcon_core.environment:checking '/home/tatianam/ProyectoFinal/Robotics/install/my_service_pkg/lib/pkgconfig/my_service_pkg.pc'
[1.313s] Level 1:colcon.colcon_core.environment:checking '/home/tatianam/ProyectoFinal/Robotics/install/my_service_pkg/lib/python3.10/site-packages'
[1.313s] Level 1:colcon.colcon_core.environment:checking '/home/tatianam/ProyectoFinal/Robotics/install/my_service_pkg/bin'
[1.315s] INFO:colcon.colcon_core.shell:Creating package script '/home/tatianam/ProyectoFinal/Robotics/install/my_service_pkg/share/my_service_pkg/package.ps1'
[1.317s] INFO:colcon.colcon_core.shell:Creating package descriptor '/home/tatianam/ProyectoFinal/Robotics/install/my_service_pkg/share/my_service_pkg/package.dsv'
[1.318s] INFO:colcon.colcon_core.shell:Creating package script '/home/tatianam/ProyectoFinal/Robotics/install/my_service_pkg/share/my_service_pkg/package.sh'
[1.319s] INFO:colcon.colcon_core.shell:Creating package script '/home/tatianam/ProyectoFinal/Robotics/install/my_service_pkg/share/my_service_pkg/package.bash'
[1.320s] INFO:colcon.colcon_core.shell:Creating package script '/home/tatianam/ProyectoFinal/Robotics/install/my_service_pkg/share/my_service_pkg/package.zsh'
[1.321s] Level 1:colcon.colcon_core.environment:create_file_with_runtime_dependencies(/home/tatianam/ProyectoFinal/Robotics/install/my_service_pkg/share/colcon-core/packages/my_service_pkg)
[1.402s] Level 1:colcon.colcon_core.environment:create_environment_scripts_only(my_service_pkg)
[1.406s] Level 1:colcon.colcon_core.environment:checking '/home/tatianam/ProyectoFinal/Robotics/install/my_service_pkg' for CMake module files
[1.407s] Level 1:colcon.colcon_core.environment:checking '/home/tatianam/ProyectoFinal/Robotics/install/my_service_pkg' for CMake config files
[1.408s] Level 1:colcon.colcon_core.shell:create_environment_hook('my_service_pkg', 'cmake_prefix_path')
[1.410s] INFO:colcon.colcon_core.shell:Creating environment hook '/home/tatianam/ProyectoFinal/Robotics/install/my_service_pkg/share/my_service_pkg/hook/cmake_prefix_path.ps1'
[1.412s] INFO:colcon.colcon_core.shell:Creating environment descriptor '/home/tatianam/ProyectoFinal/Robotics/install/my_service_pkg/share/my_service_pkg/hook/cmake_prefix_path.dsv'
[1.413s] INFO:colcon.colcon_core.shell:Creating environment hook '/home/tatianam/ProyectoFinal/Robotics/install/my_service_pkg/share/my_service_pkg/hook/cmake_prefix_path.sh'
[1.414s] Level 1:colcon.colcon_core.environment:checking '/home/tatianam/ProyectoFinal/Robotics/install/my_service_pkg/lib'
[1.414s] Level 1:colcon.colcon_core.shell:create_environment_hook('my_service_pkg', 'ld_library_path_lib')
[1.417s] INFO:colcon.colcon_core.shell:Creating environment hook '/home/tatianam/ProyectoFinal/Robotics/install/my_service_pkg/share/my_service_pkg/hook/ld_library_path_lib.ps1'
[1.418s] INFO:colcon.colcon_core.shell:Creating environment descriptor '/home/tatianam/ProyectoFinal/Robotics/install/my_service_pkg/share/my_service_pkg/hook/ld_library_path_lib.dsv'
[1.419s] INFO:colcon.colcon_core.shell:Creating environment hook '/home/tatianam/ProyectoFinal/Robotics/install/my_service_pkg/share/my_service_pkg/hook/ld_library_path_lib.sh'
[1.420s] Level 1:colcon.colcon_core.environment:checking '/home/tatianam/ProyectoFinal/Robotics/install/my_service_pkg/bin'
[1.421s] Level 1:colcon.colcon_core.environment:checking '/home/tatianam/ProyectoFinal/Robotics/install/my_service_pkg/lib/pkgconfig/my_service_pkg.pc'
[1.421s] Level 1:colcon.colcon_core.environment:checking '/home/tatianam/ProyectoFinal/Robotics/install/my_service_pkg/lib/python3.10/site-packages'
[1.422s] Level 1:colcon.colcon_core.environment:checking '/home/tatianam/ProyectoFinal/Robotics/install/my_service_pkg/bin'
[1.424s] INFO:colcon.colcon_core.shell:Creating package script '/home/tatianam/ProyectoFinal/Robotics/install/my_service_pkg/share/my_service_pkg/package.ps1'
[1.426s] INFO:colcon.colcon_core.shell:Creating package descriptor '/home/tatianam/ProyectoFinal/Robotics/install/my_service_pkg/share/my_service_pkg/package.dsv'
[1.427s] INFO:colcon.colcon_core.shell:Creating package script '/home/tatianam/ProyectoFinal/Robotics/install/my_service_pkg/share/my_service_pkg/package.sh'
[1.428s] INFO:colcon.colcon_core.shell:Creating package script '/home/tatianam/ProyectoFinal/Robotics/install/my_service_pkg/share/my_service_pkg/package.bash'
[1.430s] INFO:colcon.colcon_core.shell:Creating package script '/home/tatianam/ProyectoFinal/Robotics/install/my_service_pkg/share/my_service_pkg/package.zsh'
[1.431s] Level 1:colcon.colcon_core.environment:create_file_with_runtime_dependencies(/home/tatianam/ProyectoFinal/Robotics/install/my_service_pkg/share/colcon-core/packages/my_service_pkg)
[1.586s] DEBUG:colcon.colcon_core.event_handler.log_command:Invoking command in '/home/tatianam/ProyectoFinal/Robotics/src/robot_manipulator': PYTHONPATH=/home/tatianam/ProyectoFinal/Robotics/build/robot_manipulator/prefix_override:/home/tatianam/ProyectoFinal/Robotics/install/robot_manipulator/lib/python3.10/site-packages:${PYTHONPATH} /usr/bin/python3 setup.py egg_info --egg-base ../../build/robot_manipulator build --build-base /home/tatianam/ProyectoFinal/Robotics/build/robot_manipulator/build install --record /home/tatianam/ProyectoFinal/Robotics/build/robot_manipulator/install.log --single-version-externally-managed
[1.600s] DEBUG:colcon.colcon_core.event_handler.log_command:Invoking command in '/home/tatianam/ProyectoFinal/Robotics/src/robot_movement': PYTHONPATH=/home/tatianam/ProyectoFinal/Robotics/build/robot_movement/prefix_override:/home/tatianam/ProyectoFinal/Robotics/install/robot_movement/lib/python3.10/site-packages:${PYTHONPATH} /usr/bin/python3 setup.py egg_info --egg-base ../../build/robot_movement build --build-base /home/tatianam/ProyectoFinal/Robotics/build/robot_movement/build install --record /home/tatianam/ProyectoFinal/Robotics/build/robot_movement/install.log --single-version-externally-managed
[1.913s] Level 1:colcon.colcon_core.environment:checking '/home/tatianam/ProyectoFinal/Robotics/install/robot_movement' for CMake module files
[1.914s] DEBUG:colcon.colcon_core.event_handler.log_command:Invoked command in '/home/tatianam/ProyectoFinal/Robotics/src/robot_movement' returned '0': PYTHONPATH=/home/tatianam/ProyectoFinal/Robotics/build/robot_movement/prefix_override:/home/tatianam/ProyectoFinal/Robotics/install/robot_movement/lib/python3.10/site-packages:${PYTHONPATH} /usr/bin/python3 setup.py egg_info --egg-base ../../build/robot_movement build --build-base /home/tatianam/ProyectoFinal/Robotics/build/robot_movement/build install --record /home/tatianam/ProyectoFinal/Robotics/build/robot_movement/install.log --single-version-externally-managed
[1.915s] Level 1:colcon.colcon_core.environment:checking '/home/tatianam/ProyectoFinal/Robotics/install/robot_movement' for CMake config files
[1.915s] Level 1:colcon.colcon_core.environment:checking '/home/tatianam/ProyectoFinal/Robotics/install/robot_movement/lib'
[1.915s] Level 1:colcon.colcon_core.environment:checking '/home/tatianam/ProyectoFinal/Robotics/install/robot_movement/bin'
[1.915s] Level 1:colcon.colcon_core.environment:checking '/home/tatianam/ProyectoFinal/Robotics/install/robot_movement/lib/pkgconfig/robot_movement.pc'
[1.916s] Level 1:colcon.colcon_core.environment:checking '/home/tatianam/ProyectoFinal/Robotics/install/robot_movement/lib/python3.10/site-packages'
[1.916s] Level 1:colcon.colcon_core.shell:create_environment_hook('robot_movement', 'pythonpath')
[1.918s] INFO:colcon.colcon_core.shell:Creating environment hook '/home/tatianam/ProyectoFinal/Robotics/install/robot_movement/share/robot_movement/hook/pythonpath.ps1'
[1.918s] INFO:colcon.colcon_core.shell:Creating environment descriptor '/home/tatianam/ProyectoFinal/Robotics/install/robot_movement/share/robot_movement/hook/pythonpath.dsv'
[1.919s] INFO:colcon.colcon_core.shell:Creating environment hook '/home/tatianam/ProyectoFinal/Robotics/install/robot_movement/share/robot_movement/hook/pythonpath.sh'
[1.919s] Level 1:colcon.colcon_core.environment:checking '/home/tatianam/ProyectoFinal/Robotics/install/robot_movement/bin'
[1.919s] Level 1:colcon.colcon_core.environment:create_environment_scripts_only(robot_movement)
[1.921s] INFO:colcon.colcon_core.shell:Creating package script '/home/tatianam/ProyectoFinal/Robotics/install/robot_movement/share/robot_movement/package.ps1'
[1.922s] INFO:colcon.colcon_core.shell:Creating package descriptor '/home/tatianam/ProyectoFinal/Robotics/install/robot_movement/share/robot_movement/package.dsv'
[1.922s] INFO:colcon.colcon_core.shell:Creating package script '/home/tatianam/ProyectoFinal/Robotics/install/robot_movement/share/robot_movement/package.sh'
[1.923s] INFO:colcon.colcon_core.shell:Creating package script '/home/tatianam/ProyectoFinal/Robotics/install/robot_movement/share/robot_movement/package.bash'
[1.923s] INFO:colcon.colcon_core.shell:Creating package script '/home/tatianam/ProyectoFinal/Robotics/install/robot_movement/share/robot_movement/package.zsh'
[1.923s] Level 1:colcon.colcon_core.environment:create_file_with_runtime_dependencies(/home/tatianam/ProyectoFinal/Robotics/install/robot_movement/share/colcon-core/packages/robot_movement)
[1.927s] Level 1:colcon.colcon_core.environment:checking '/home/tatianam/ProyectoFinal/Robotics/install/robot_manipulator' for CMake module files
[1.927s] DEBUG:colcon.colcon_core.event_handler.log_command:Invoked command in '/home/tatianam/ProyectoFinal/Robotics/src/robot_manipulator' returned '0': PYTHONPATH=/home/tatianam/ProyectoFinal/Robotics/build/robot_manipulator/prefix_override:/home/tatianam/ProyectoFinal/Robotics/install/robot_manipulator/lib/python3.10/site-packages:${PYTHONPATH} /usr/bin/python3 setup.py egg_info --egg-base ../../build/robot_manipulator build --build-base /home/tatianam/ProyectoFinal/Robotics/build/robot_manipulator/build install --record /home/tatianam/ProyectoFinal/Robotics/build/robot_manipulator/install.log --single-version-externally-managed
[1.928s] Level 1:colcon.colcon_core.environment:checking '/home/tatianam/ProyectoFinal/Robotics/install/robot_manipulator' for CMake config files
[1.928s] Level 1:colcon.colcon_core.environment:checking '/home/tatianam/ProyectoFinal/Robotics/install/robot_manipulator/lib'
[1.928s] Level 1:colcon.colcon_core.environment:checking '/home/tatianam/ProyectoFinal/Robotics/install/robot_manipulator/bin'
[1.929s] Level 1:colcon.colcon_core.environment:checking '/home/tatianam/ProyectoFinal/Robotics/install/robot_manipulator/lib/pkgconfig/robot_manipulator.pc'
[1.929s] Level 1:colcon.colcon_core.environment:checking '/home/tatianam/ProyectoFinal/Robotics/install/robot_manipulator/lib/python3.10/site-packages'
[1.929s] Level 1:colcon.colcon_core.shell:create_environment_hook('robot_manipulator', 'pythonpath')
[1.931s] INFO:colcon.colcon_core.shell:Creating environment hook '/home/tatianam/ProyectoFinal/Robotics/install/robot_manipulator/share/robot_manipulator/hook/pythonpath.ps1'
[1.931s] INFO:colcon.colcon_core.shell:Creating environment descriptor '/home/tatianam/ProyectoFinal/Robotics/install/robot_manipulator/share/robot_manipulator/hook/pythonpath.dsv'
[1.931s] INFO:colcon.colcon_core.shell:Creating environment hook '/home/tatianam/ProyectoFinal/Robotics/install/robot_manipulator/share/robot_manipulator/hook/pythonpath.sh'
[1.932s] Level 1:colcon.colcon_core.environment:checking '/home/tatianam/ProyectoFinal/Robotics/install/robot_manipulator/bin'
[1.932s] Level 1:colcon.colcon_core.environment:create_environment_scripts_only(robot_manipulator)
[1.934s] INFO:colcon.colcon_core.shell:Creating package script '/home/tatianam/ProyectoFinal/Robotics/install/robot_manipulator/share/robot_manipulator/package.ps1'
[1.934s] INFO:colcon.colcon_core.shell:Creating package descriptor '/home/tatianam/ProyectoFinal/Robotics/install/robot_manipulator/share/robot_manipulator/package.dsv'
[1.935s] INFO:colcon.colcon_core.shell:Creating package script '/home/tatianam/ProyectoFinal/Robotics/install/robot_manipulator/share/robot_manipulator/package.sh'
[1.936s] INFO:colcon.colcon_core.shell:Creating package script '/home/tatianam/ProyectoFinal/Robotics/install/robot_manipulator/share/robot_manipulator/package.bash'
[1.936s] INFO:colcon.colcon_core.shell:Creating package script '/home/tatianam/ProyectoFinal/Robotics/install/robot_manipulator/share/robot_manipulator/package.zsh'
[1.936s] Level 1:colcon.colcon_core.environment:create_file_with_runtime_dependencies(/home/tatianam/ProyectoFinal/Robotics/install/robot_manipulator/share/colcon-core/packages/robot_manipulator)
[1.937s] DEBUG:colcon.colcon_parallel_executor.executor.parallel:closing loop
[1.937s] DEBUG:colcon.colcon_parallel_executor.executor.parallel:loop closed
[1.937s] DEBUG:colcon.colcon_parallel_executor.executor.parallel:run_until_complete finished with '0'
[1.937s] DEBUG:colcon.colcon_core.event_reactor:joining thread
[1.942s] INFO:colcon.colcon_core.plugin_system:Skipping extension 'colcon_notification.desktop_notification.terminal_notifier': Not used on non-Darwin systems
[1.943s] INFO:colcon.colcon_core.plugin_system:Skipping extension 'colcon_notification.desktop_notification.win32': Not used on non-Windows systems
[1.943s] INFO:colcon.colcon_notification.desktop_notification:Sending desktop notification using 'notify2'
[1.956s] DEBUG:colcon.colcon_core.event_reactor:joined thread
[1.957s] INFO:colcon.colcon_core.shell:Creating prefix script '/home/tatianam/ProyectoFinal/Robotics/install/local_setup.ps1'
[1.959s] INFO:colcon.colcon_core.shell:Creating prefix util module '/home/tatianam/ProyectoFinal/Robotics/install/_local_setup_util_ps1.py'
[1.960s] INFO:colcon.colcon_core.shell:Creating prefix chain script '/home/tatianam/ProyectoFinal/Robotics/install/setup.ps1'
[1.962s] INFO:colcon.colcon_core.shell:Creating prefix script '/home/tatianam/ProyectoFinal/Robotics/install/local_setup.sh'
[1.962s] INFO:colcon.colcon_core.shell:Creating prefix util module '/home/tatianam/ProyectoFinal/Robotics/install/_local_setup_util_sh.py'
[1.963s] INFO:colcon.colcon_core.shell:Creating prefix chain script '/home/tatianam/ProyectoFinal/Robotics/install/setup.sh'
[1.964s] INFO:colcon.colcon_core.shell:Creating prefix script '/home/tatianam/ProyectoFinal/Robotics/install/local_setup.bash'
[1.964s] INFO:colcon.colcon_core.shell:Creating prefix chain script '/home/tatianam/ProyectoFinal/Robotics/install/setup.bash'
[1.965s] INFO:colcon.colcon_core.shell:Creating prefix script '/home/tatianam/ProyectoFinal/Robotics/install/local_setup.zsh'
[1.966s] INFO:colcon.colcon_core.shell:Creating prefix chain script '/home/tatianam/ProyectoFinal/Robotics/install/setup.zsh'
