[0.662s] Invoking command in '/home/yesopi/ProyectoFinal/Robotics/src/robot_movement': PYTHONPATH=/home/yesopi/ProyectoFinal/Robotics/build/robot_movement/prefix_override:/home/yesopi/ProyectoFinal/Robotics/install/robot_movement/lib/python3.10/site-packages:${PYTHONPATH} /usr/bin/python3 setup.py egg_info --egg-base ../../build/robot_movement build --build-base /home/yesopi/ProyectoFinal/Robotics/build/robot_movement/build install --record /home/yesopi/ProyectoFinal/Robotics/build/robot_movement/install.log --single-version-externally-managed
[0.834s] running egg_info
[0.834s] writing ../../build/robot_movement/robot_movement.egg-info/PKG-INFO
[0.834s] writing dependency_links to ../../build/robot_movement/robot_movement.egg-info/dependency_links.txt
[0.835s] writing entry points to ../../build/robot_movement/robot_movement.egg-info/entry_points.txt
[0.835s] writing requirements to ../../build/robot_movement/robot_movement.egg-info/requires.txt
[0.835s] writing top-level names to ../../build/robot_movement/robot_movement.egg-info/top_level.txt
[0.836s] reading manifest file '../../build/robot_movement/robot_movement.egg-info/SOURCES.txt'
[0.837s] writing manifest file '../../build/robot_movement/robot_movement.egg-info/SOURCES.txt'
[0.837s] running build
[0.837s] running build_py
[0.837s] copying robot_movement/robot_teleop.py -> /home/yesopi/ProyectoFinal/Robotics/build/robot_movement/build/lib/robot_movement
[0.837s] running install
[0.838s] /usr/lib/python3/dist-packages/setuptools/command/install.py:34: SetuptoolsDeprecationWarning: setup.py install is deprecated. Use build and pip and other standards-based tools.
[0.838s]   warnings.warn(
[0.838s] running install_lib
[0.838s] copying /home/yesopi/ProyectoFinal/Robotics/build/robot_movement/build/lib/robot_movement/robot_teleop.py -> /home/yesopi/ProyectoFinal/Robotics/install/robot_movement/lib/python3.10/site-packages/robot_movement
[0.839s] byte-compiling /home/yesopi/ProyectoFinal/Robotics/install/robot_movement/lib/python3.10/site-packages/robot_movement/robot_teleop.py to robot_teleop.cpython-310.pyc
[0.864s] running install_data
[0.864s] running install_egg_info
[0.867s] removing '/home/yesopi/ProyectoFinal/Robotics/install/robot_movement/lib/python3.10/site-packages/robot_movement-0.0.0-py3.10.egg-info' (and everything under it)
[0.868s] Copying ../../build/robot_movement/robot_movement.egg-info to /home/yesopi/ProyectoFinal/Robotics/install/robot_movement/lib/python3.10/site-packages/robot_movement-0.0.0-py3.10.egg-info
[0.870s] running install_scripts
[0.898s] Installing esp32 script to /home/yesopi/ProyectoFinal/Robotics/install/robot_movement/lib/robot_movement
[0.898s] Installing interfaz script to /home/yesopi/ProyectoFinal/Robotics/install/robot_movement/lib/robot_movement
[0.898s] Installing player script to /home/yesopi/ProyectoFinal/Robotics/install/robot_movement/lib/robot_movement
[0.898s] Installing serial script to /home/yesopi/ProyectoFinal/Robotics/install/robot_movement/lib/robot_movement
[0.899s] Installing teclado script to /home/yesopi/ProyectoFinal/Robotics/install/robot_movement/lib/robot_movement
[0.899s] writing list of installed files to '/home/yesopi/ProyectoFinal/Robotics/build/robot_movement/install.log'
[0.916s] Invoked command in '/home/yesopi/ProyectoFinal/Robotics/src/robot_movement' returned '0': PYTHONPATH=/home/yesopi/ProyectoFinal/Robotics/build/robot_movement/prefix_override:/home/yesopi/ProyectoFinal/Robotics/install/robot_movement/lib/python3.10/site-packages:${PYTHONPATH} /usr/bin/python3 setup.py egg_info --egg-base ../../build/robot_movement build --build-base /home/yesopi/ProyectoFinal/Robotics/build/robot_movement/build install --record /home/yesopi/ProyectoFinal/Robotics/build/robot_movement/install.log --single-version-externally-managed
