[0.388s] DEBUG:colcon:Command line arguments: ['/usr/bin/colcon', 'build']
[0.388s] DEBUG:colcon:Parsed command line arguments: Namespace(log_base=None, log_level=None, verb_name='build', build_base='build', install_base='install', merge_install=False, symlink_install=False, test_result_base=None, continue_on_error=False, executor='parallel', parallel_workers=12, event_handlers=None, ignore_user_meta=False, metas=['./colcon.meta'], base_paths=['.'], packages_ignore=None, packages_ignore_regex=None, paths=None, packages_up_to=None, packages_up_to_regex=None, packages_above=None, packages_above_and_dependencies=None, packages_above_depth=None, packages_select_by_dep=None, packages_skip_by_dep=None, packages_skip_up_to=None, packages_select_build_failed=False, packages_skip_build_finished=False, packages_select_test_failures=False, packages_skip_test_passed=False, packages_select=None, packages_skip=None, packages_select_regex=None, packages_skip_regex=None, packages_start=None, packages_end=None, allow_overriding=[], cmake_args=None, cmake_target=None, cmake_target_skip_unavailable=False, cmake_clean_cache=False, cmake_clean_first=False, cmake_force_configure=False, ament_cmake_args=None, catkin_cmake_args=None, catkin_skip_building_tests=False, verb_parser=<colcon_defaults.argument_parser.defaults.DefaultArgumentsDecorator object at 0x7f250eeb9e10>, verb_extension=<colcon_core.verb.build.BuildVerb object at 0x7f250f6eae60>, main=<bound method BuildVerb.main of <colcon_core.verb.build.BuildVerb object at 0x7f250f6eae60>>)
[0.425s] Level 1:colcon.colcon_core.package_discovery:discover_packages(colcon_meta) check parameters
[0.425s] Level 1:colcon.colcon_core.package_discovery:discover_packages(recursive) check parameters
[0.425s] Level 1:colcon.colcon_core.package_discovery:discover_packages(ignore) check parameters
[0.425s] Level 1:colcon.colcon_core.package_discovery:discover_packages(path) check parameters
[0.425s] Level 1:colcon.colcon_core.package_discovery:discover_packages(colcon_meta) discover
[0.425s] Level 1:colcon.colcon_core.package_discovery:discover_packages(recursive) discover
[0.425s] INFO:colcon.colcon_core.package_discovery:Crawling recursively for packages in '/home/yesopi/Robotics'
[0.425s] Level 1:colcon.colcon_core.package_identification:_identify(.) by extensions ['ignore', 'ignore_ament_install']
[0.425s] Level 1:colcon.colcon_core.package_identification:_identify(.) by extension 'ignore'
[0.425s] Level 1:colcon.colcon_core.package_identification:_identify(.) by extension 'ignore_ament_install'
[0.425s] Level 1:colcon.colcon_core.package_identification:_identify(.) by extensions ['colcon_pkg']
[0.425s] Level 1:colcon.colcon_core.package_identification:_identify(.) by extension 'colcon_pkg'
[0.425s] Level 1:colcon.colcon_core.package_identification:_identify(.) by extensions ['colcon_meta']
[0.425s] Level 1:colcon.colcon_core.package_identification:_identify(.) by extension 'colcon_meta'
[0.426s] Level 1:colcon.colcon_core.package_identification:_identify(.) by extensions ['ros']
[0.426s] Level 1:colcon.colcon_core.package_identification:_identify(.) by extension 'ros'
[0.439s] Level 1:colcon.colcon_core.package_identification:_identify(.) by extensions ['cmake', 'python']
[0.439s] Level 1:colcon.colcon_core.package_identification:_identify(.) by extension 'cmake'
[0.439s] Level 1:colcon.colcon_core.package_identification:_identify(.) by extension 'python'
[0.440s] Level 1:colcon.colcon_core.package_identification:_identify(.) by extensions ['python_setup_py']
[0.440s] Level 1:colcon.colcon_core.package_identification:_identify(.) by extension 'python_setup_py'
[0.440s] Level 1:colcon.colcon_core.package_identification:_identify(Imagenes_interfaz_brazo) by extensions ['ignore', 'ignore_ament_install']
[0.440s] Level 1:colcon.colcon_core.package_identification:_identify(Imagenes_interfaz_brazo) by extension 'ignore'
[0.440s] Level 1:colcon.colcon_core.package_identification:_identify(Imagenes_interfaz_brazo) by extension 'ignore_ament_install'
[0.440s] Level 1:colcon.colcon_core.package_identification:_identify(Imagenes_interfaz_brazo) by extensions ['colcon_pkg']
[0.440s] Level 1:colcon.colcon_core.package_identification:_identify(Imagenes_interfaz_brazo) by extension 'colcon_pkg'
[0.440s] Level 1:colcon.colcon_core.package_identification:_identify(Imagenes_interfaz_brazo) by extensions ['colcon_meta']
[0.440s] Level 1:colcon.colcon_core.package_identification:_identify(Imagenes_interfaz_brazo) by extension 'colcon_meta'
[0.440s] Level 1:colcon.colcon_core.package_identification:_identify(Imagenes_interfaz_brazo) by extensions ['ros']
[0.440s] Level 1:colcon.colcon_core.package_identification:_identify(Imagenes_interfaz_brazo) by extension 'ros'
[0.440s] Level 1:colcon.colcon_core.package_identification:_identify(Imagenes_interfaz_brazo) by extensions ['cmake', 'python']
[0.440s] Level 1:colcon.colcon_core.package_identification:_identify(Imagenes_interfaz_brazo) by extension 'cmake'
[0.440s] Level 1:colcon.colcon_core.package_identification:_identify(Imagenes_interfaz_brazo) by extension 'python'
[0.440s] Level 1:colcon.colcon_core.package_identification:_identify(Imagenes_interfaz_brazo) by extensions ['python_setup_py']
[0.441s] Level 1:colcon.colcon_core.package_identification:_identify(Imagenes_interfaz_brazo) by extension 'python_setup_py'
[0.441s] Level 1:colcon.colcon_core.package_identification:_identify(build) by extensions ['ignore', 'ignore_ament_install']
[0.441s] Level 1:colcon.colcon_core.package_identification:_identify(build) by extension 'ignore'
[0.441s] Level 1:colcon.colcon_core.package_identification:_identify(build) ignored
[0.441s] Level 1:colcon.colcon_core.package_identification:_identify(install) by extensions ['ignore', 'ignore_ament_install']
[0.441s] Level 1:colcon.colcon_core.package_identification:_identify(install) by extension 'ignore'
[0.441s] Level 1:colcon.colcon_core.package_identification:_identify(install) ignored
[0.441s] Level 1:colcon.colcon_core.package_identification:_identify(log) by extensions ['ignore', 'ignore_ament_install']
[0.441s] Level 1:colcon.colcon_core.package_identification:_identify(log) by extension 'ignore'
[0.441s] Level 1:colcon.colcon_core.package_identification:_identify(log) ignored
[0.441s] Level 1:colcon.colcon_core.package_identification:_identify(src) by extensions ['ignore', 'ignore_ament_install']
[0.442s] Level 1:colcon.colcon_core.package_identification:_identify(src) by extension 'ignore'
[0.442s] Level 1:colcon.colcon_core.package_identification:_identify(src) by extension 'ignore_ament_install'
[0.442s] Level 1:colcon.colcon_core.package_identification:_identify(src) by extensions ['colcon_pkg']
[0.442s] Level 1:colcon.colcon_core.package_identification:_identify(src) by extension 'colcon_pkg'
[0.442s] Level 1:colcon.colcon_core.package_identification:_identify(src) by extensions ['colcon_meta']
[0.442s] Level 1:colcon.colcon_core.package_identification:_identify(src) by extension 'colcon_meta'
[0.442s] Level 1:colcon.colcon_core.package_identification:_identify(src) by extensions ['ros']
[0.442s] Level 1:colcon.colcon_core.package_identification:_identify(src) by extension 'ros'
[0.442s] Level 1:colcon.colcon_core.package_identification:_identify(src) by extensions ['cmake', 'python']
[0.442s] Level 1:colcon.colcon_core.package_identification:_identify(src) by extension 'cmake'
[0.442s] Level 1:colcon.colcon_core.package_identification:_identify(src) by extension 'python'
[0.442s] Level 1:colcon.colcon_core.package_identification:_identify(src) by extensions ['python_setup_py']
[0.442s] Level 1:colcon.colcon_core.package_identification:_identify(src) by extension 'python_setup_py'
[0.442s] Level 1:colcon.colcon_core.package_identification:_identify(src/my_service_pkg) by extensions ['ignore', 'ignore_ament_install']
[0.442s] Level 1:colcon.colcon_core.package_identification:_identify(src/my_service_pkg) by extension 'ignore'
[0.443s] Level 1:colcon.colcon_core.package_identification:_identify(src/my_service_pkg) by extension 'ignore_ament_install'
[0.443s] Level 1:colcon.colcon_core.package_identification:_identify(src/my_service_pkg) by extensions ['colcon_pkg']
[0.443s] Level 1:colcon.colcon_core.package_identification:_identify(src/my_service_pkg) by extension 'colcon_pkg'
[0.443s] Level 1:colcon.colcon_core.package_identification:_identify(src/my_service_pkg) by extensions ['colcon_meta']
[0.443s] Level 1:colcon.colcon_core.package_identification:_identify(src/my_service_pkg) by extension 'colcon_meta'
[0.443s] Level 1:colcon.colcon_core.package_identification:_identify(src/my_service_pkg) by extensions ['ros']
[0.443s] Level 1:colcon.colcon_core.package_identification:_identify(src/my_service_pkg) by extension 'ros'
[0.446s] DEBUG:colcon.colcon_core.package_identification:Package 'src/my_service_pkg' with type 'ros.ament_cmake' and name 'my_service_pkg'
[0.446s] Level 1:colcon.colcon_core.package_identification:_identify(src/robot_manipulator) by extensions ['ignore', 'ignore_ament_install']
[0.446s] Level 1:colcon.colcon_core.package_identification:_identify(src/robot_manipulator) by extension 'ignore'
[0.446s] Level 1:colcon.colcon_core.package_identification:_identify(src/robot_manipulator) by extension 'ignore_ament_install'
[0.446s] Level 1:colcon.colcon_core.package_identification:_identify(src/robot_manipulator) by extensions ['colcon_pkg']
[0.446s] Level 1:colcon.colcon_core.package_identification:_identify(src/robot_manipulator) by extension 'colcon_pkg'
[0.446s] Level 1:colcon.colcon_core.package_identification:_identify(src/robot_manipulator) by extensions ['colcon_meta']
[0.446s] Level 1:colcon.colcon_core.package_identification:_identify(src/robot_manipulator) by extension 'colcon_meta'
[0.446s] Level 1:colcon.colcon_core.package_identification:_identify(src/robot_manipulator) by extensions ['ros']
[0.446s] Level 1:colcon.colcon_core.package_identification:_identify(src/robot_manipulator) by extension 'ros'
[0.447s] DEBUG:colcon.colcon_core.package_identification:Package 'src/robot_manipulator' with type 'ros.ament_python' and name 'robot_manipulator'
[0.447s] Level 1:colcon.colcon_core.package_identification:_identify(src/robot_movement) by extensions ['ignore', 'ignore_ament_install']
[0.447s] Level 1:colcon.colcon_core.package_identification:_identify(src/robot_movement) by extension 'ignore'
[0.447s] Level 1:colcon.colcon_core.package_identification:_identify(src/robot_movement) by extension 'ignore_ament_install'
[0.447s] Level 1:colcon.colcon_core.package_identification:_identify(src/robot_movement) by extensions ['colcon_pkg']
[0.447s] Level 1:colcon.colcon_core.package_identification:_identify(src/robot_movement) by extension 'colcon_pkg'
[0.447s] Level 1:colcon.colcon_core.package_identification:_identify(src/robot_movement) by extensions ['colcon_meta']
[0.447s] Level 1:colcon.colcon_core.package_identification:_identify(src/robot_movement) by extension 'colcon_meta'
[0.448s] Level 1:colcon.colcon_core.package_identification:_identify(src/robot_movement) by extensions ['ros']
[0.448s] Level 1:colcon.colcon_core.package_identification:_identify(src/robot_movement) by extension 'ros'
[0.448s] DEBUG:colcon.colcon_core.package_identification:Package 'src/robot_movement' with type 'ros.ament_python' and name 'robot_movement'
[0.448s] Level 1:colcon.colcon_core.package_identification:_identify(src/tesla) by extensions ['ignore', 'ignore_ament_install']
[0.448s] Level 1:colcon.colcon_core.package_identification:_identify(src/tesla) by extension 'ignore'
[0.448s] Level 1:colcon.colcon_core.package_identification:_identify(src/tesla) by extension 'ignore_ament_install'
[0.448s] Level 1:colcon.colcon_core.package_identification:_identify(src/tesla) by extensions ['colcon_pkg']
[0.449s] Level 1:colcon.colcon_core.package_identification:_identify(src/tesla) by extension 'colcon_pkg'
[0.449s] Level 1:colcon.colcon_core.package_identification:_identify(src/tesla) by extensions ['colcon_meta']
[0.449s] Level 1:colcon.colcon_core.package_identification:_identify(src/tesla) by extension 'colcon_meta'
[0.449s] Level 1:colcon.colcon_core.package_identification:_identify(src/tesla) by extensions ['ros']
[0.449s] Level 1:colcon.colcon_core.package_identification:_identify(src/tesla) by extension 'ros'
[0.449s] DEBUG:colcon.colcon_core.package_identification:Package 'src/tesla' with type 'ros.ament_python' and name 'tesla'
[0.449s] Level 1:colcon.colcon_core.package_discovery:discover_packages(recursive) using defaults
[0.449s] Level 1:colcon.colcon_core.package_discovery:discover_packages(ignore) discover
[0.449s] Level 1:colcon.colcon_core.package_discovery:discover_packages(ignore) using defaults
[0.450s] Level 1:colcon.colcon_core.package_discovery:discover_packages(path) discover
[0.450s] Level 1:colcon.colcon_core.package_discovery:discover_packages(path) using defaults
[0.478s] Level 1:colcon.colcon_core.package_discovery:discover_packages(prefix_path) check parameters
[0.478s] Level 1:colcon.colcon_core.package_discovery:discover_packages(prefix_path) discover
[0.482s] DEBUG:colcon.colcon_installed_package_information.package_discovery:Found 270 installed packages in /opt/ros/humble
[0.484s] Level 1:colcon.colcon_core.package_discovery:discover_packages(prefix_path) using defaults
[0.562s] Level 5:colcon.colcon_core.verb:set package 'my_service_pkg' build argument 'cmake_args' from command line to 'None'
[0.562s] Level 5:colcon.colcon_core.verb:set package 'my_service_pkg' build argument 'cmake_target' from command line to 'None'
[0.562s] Level 5:colcon.colcon_core.verb:set package 'my_service_pkg' build argument 'cmake_target_skip_unavailable' from command line to 'False'
[0.562s] Level 5:colcon.colcon_core.verb:set package 'my_service_pkg' build argument 'cmake_clean_cache' from command line to 'False'
[0.563s] Level 5:colcon.colcon_core.verb:set package 'my_service_pkg' build argument 'cmake_clean_first' from command line to 'False'
[0.563s] Level 5:colcon.colcon_core.verb:set package 'my_service_pkg' build argument 'cmake_force_configure' from command line to 'False'
[0.563s] Level 5:colcon.colcon_core.verb:set package 'my_service_pkg' build argument 'ament_cmake_args' from command line to 'None'
[0.563s] Level 5:colcon.colcon_core.verb:set package 'my_service_pkg' build argument 'catkin_cmake_args' from command line to 'None'
[0.563s] Level 5:colcon.colcon_core.verb:set package 'my_service_pkg' build argument 'catkin_skip_building_tests' from command line to 'False'
[0.563s] DEBUG:colcon.colcon_core.verb:Building package 'my_service_pkg' with the following arguments: {'ament_cmake_args': None, 'build_base': '/home/yesopi/Robotics/build/my_service_pkg', 'catkin_cmake_args': None, 'catkin_skip_building_tests': False, 'cmake_args': None, 'cmake_clean_cache': False, 'cmake_clean_first': False, 'cmake_force_configure': False, 'cmake_target': None, 'cmake_target_skip_unavailable': False, 'install_base': '/home/yesopi/Robotics/install/my_service_pkg', 'merge_install': False, 'path': '/home/yesopi/Robotics/src/my_service_pkg', 'symlink_install': False, 'test_result_base': None}
[0.564s] Level 5:colcon.colcon_core.verb:set package 'robot_manipulator' build argument 'cmake_args' from command line to 'None'
[0.564s] Level 5:colcon.colcon_core.verb:set package 'robot_manipulator' build argument 'cmake_target' from command line to 'None'
[0.564s] Level 5:colcon.colcon_core.verb:set package 'robot_manipulator' build argument 'cmake_target_skip_unavailable' from command line to 'False'
[0.564s] Level 5:colcon.colcon_core.verb:set package 'robot_manipulator' build argument 'cmake_clean_cache' from command line to 'False'
[0.564s] Level 5:colcon.colcon_core.verb:set package 'robot_manipulator' build argument 'cmake_clean_first' from command line to 'False'
[0.564s] Level 5:colcon.colcon_core.verb:set package 'robot_manipulator' build argument 'cmake_force_configure' from command line to 'False'
[0.564s] Level 5:colcon.colcon_core.verb:set package 'robot_manipulator' build argument 'ament_cmake_args' from command line to 'None'
[0.564s] Level 5:colcon.colcon_core.verb:set package 'robot_manipulator' build argument 'catkin_cmake_args' from command line to 'None'
[0.564s] Level 5:colcon.colcon_core.verb:set package 'robot_manipulator' build argument 'catkin_skip_building_tests' from command line to 'False'
[0.564s] DEBUG:colcon.colcon_core.verb:Building package 'robot_manipulator' with the following arguments: {'ament_cmake_args': None, 'build_base': '/home/yesopi/Robotics/build/robot_manipulator', 'catkin_cmake_args': None, 'catkin_skip_building_tests': False, 'cmake_args': None, 'cmake_clean_cache': False, 'cmake_clean_first': False, 'cmake_force_configure': False, 'cmake_target': None, 'cmake_target_skip_unavailable': False, 'install_base': '/home/yesopi/Robotics/install/robot_manipulator', 'merge_install': False, 'path': '/home/yesopi/Robotics/src/robot_manipulator', 'symlink_install': False, 'test_result_base': None}
[0.565s] Level 5:colcon.colcon_core.verb:set package 'robot_movement' build argument 'cmake_args' from command line to 'None'
[0.565s] Level 5:colcon.colcon_core.verb:set package 'robot_movement' build argument 'cmake_target' from command line to 'None'
[0.566s] Level 5:colcon.colcon_core.verb:set package 'robot_movement' build argument 'cmake_target_skip_unavailable' from command line to 'False'
[0.566s] Level 5:colcon.colcon_core.verb:set package 'robot_movement' build argument 'cmake_clean_cache' from command line to 'False'
[0.566s] Level 5:colcon.colcon_core.verb:set package 'robot_movement' build argument 'cmake_clean_first' from command line to 'False'
[0.566s] Level 5:colcon.colcon_core.verb:set package 'robot_movement' build argument 'cmake_force_configure' from command line to 'False'
[0.566s] Level 5:colcon.colcon_core.verb:set package 'robot_movement' build argument 'ament_cmake_args' from command line to 'None'
[0.566s] Level 5:colcon.colcon_core.verb:set package 'robot_movement' build argument 'catkin_cmake_args' from command line to 'None'
[0.566s] Level 5:colcon.colcon_core.verb:set package 'robot_movement' build argument 'catkin_skip_building_tests' from command line to 'False'
[0.566s] DEBUG:colcon.colcon_core.verb:Building package 'robot_movement' with the following arguments: {'ament_cmake_args': None, 'build_base': '/home/yesopi/Robotics/build/robot_movement', 'catkin_cmake_args': None, 'catkin_skip_building_tests': False, 'cmake_args': None, 'cmake_clean_cache': False, 'cmake_clean_first': False, 'cmake_force_configure': False, 'cmake_target': None, 'cmake_target_skip_unavailable': False, 'install_base': '/home/yesopi/Robotics/install/robot_movement', 'merge_install': False, 'path': '/home/yesopi/Robotics/src/robot_movement', 'symlink_install': False, 'test_result_base': None}
[0.567s] Level 5:colcon.colcon_core.verb:set package 'tesla' build argument 'cmake_args' from command line to 'None'
[0.567s] Level 5:colcon.colcon_core.verb:set package 'tesla' build argument 'cmake_target' from command line to 'None'
[0.567s] Level 5:colcon.colcon_core.verb:set package 'tesla' build argument 'cmake_target_skip_unavailable' from command line to 'False'
[0.567s] Level 5:colcon.colcon_core.verb:set package 'tesla' build argument 'cmake_clean_cache' from command line to 'False'
[0.567s] Level 5:colcon.colcon_core.verb:set package 'tesla' build argument 'cmake_clean_first' from command line to 'False'
[0.567s] Level 5:colcon.colcon_core.verb:set package 'tesla' build argument 'cmake_force_configure' from command line to 'False'
[0.567s] Level 5:colcon.colcon_core.verb:set package 'tesla' build argument 'ament_cmake_args' from command line to 'None'
[0.567s] Level 5:colcon.colcon_core.verb:set package 'tesla' build argument 'catkin_cmake_args' from command line to 'None'
[0.567s] Level 5:colcon.colcon_core.verb:set package 'tesla' build argument 'catkin_skip_building_tests' from command line to 'False'
[0.567s] DEBUG:colcon.colcon_core.verb:Building package 'tesla' with the following arguments: {'ament_cmake_args': None, 'build_base': '/home/yesopi/Robotics/build/tesla', 'catkin_cmake_args': None, 'catkin_skip_building_tests': False, 'cmake_args': None, 'cmake_clean_cache': False, 'cmake_clean_first': False, 'cmake_force_configure': False, 'cmake_target': None, 'cmake_target_skip_unavailable': False, 'install_base': '/home/yesopi/Robotics/install/tesla', 'merge_install': False, 'path': '/home/yesopi/Robotics/src/tesla', 'symlink_install': False, 'test_result_base': None}
[0.568s] INFO:colcon.colcon_core.executor:Executing jobs using 'parallel' executor
[0.572s] DEBUG:colcon.colcon_parallel_executor.executor.parallel:run_until_complete
[0.572s] INFO:colcon.colcon_ros.task.ament_cmake.build:Building ROS package in '/home/yesopi/Robotics/src/my_service_pkg' with build type 'ament_cmake'
[0.572s] INFO:colcon.colcon_cmake.task.cmake.build:Building CMake package in '/home/yesopi/Robotics/src/my_service_pkg'
[0.577s] INFO:colcon.colcon_core.plugin_system:Skipping extension 'colcon_core.shell.bat': Not used on non-Windows systems
[0.578s] INFO:colcon.colcon_core.shell:Skip shell extension 'powershell' for command environment: Not usable outside of PowerShell
[0.578s] DEBUG:colcon.colcon_core.shell:Skip shell extension 'dsv' for command environment
[0.582s] INFO:colcon.colcon_ros.task.ament_python.build:Building ROS package in '/home/yesopi/Robotics/src/robot_manipulator' with build type 'ament_python'
[0.582s] Level 1:colcon.colcon_core.shell:create_environment_hook('robot_manipulator', 'ament_prefix_path')
[0.583s] INFO:colcon.colcon_core.shell:Creating environment hook '/home/yesopi/Robotics/install/robot_manipulator/share/robot_manipulator/hook/ament_prefix_path.ps1'
[0.584s] INFO:colcon.colcon_core.shell:Creating environment descriptor '/home/yesopi/Robotics/install/robot_manipulator/share/robot_manipulator/hook/ament_prefix_path.dsv'
[0.585s] INFO:colcon.colcon_core.shell:Creating environment hook '/home/yesopi/Robotics/install/robot_manipulator/share/robot_manipulator/hook/ament_prefix_path.sh'
[0.588s] INFO:colcon.colcon_core.shell:Skip shell extension 'powershell' for command environment: Not usable outside of PowerShell
[0.588s] DEBUG:colcon.colcon_core.shell:Skip shell extension 'dsv' for command environment
[0.591s] INFO:colcon.colcon_ros.task.ament_python.build:Building ROS package in '/home/yesopi/Robotics/src/robot_movement' with build type 'ament_python'
[0.591s] Level 1:colcon.colcon_core.shell:create_environment_hook('robot_movement', 'ament_prefix_path')
[0.593s] INFO:colcon.colcon_core.shell:Creating environment hook '/home/yesopi/Robotics/install/robot_movement/share/robot_movement/hook/ament_prefix_path.ps1'
[0.593s] INFO:colcon.colcon_core.shell:Creating environment descriptor '/home/yesopi/Robotics/install/robot_movement/share/robot_movement/hook/ament_prefix_path.dsv'
[0.594s] INFO:colcon.colcon_core.shell:Creating environment hook '/home/yesopi/Robotics/install/robot_movement/share/robot_movement/hook/ament_prefix_path.sh'
[0.596s] INFO:colcon.colcon_core.shell:Skip shell extension 'powershell' for command environment: Not usable outside of PowerShell
[0.596s] DEBUG:colcon.colcon_core.shell:Skip shell extension 'dsv' for command environment
[0.604s] DEBUG:colcon.colcon_core.event_handler.log_command:Invoking command in '/home/yesopi/Robotics/build/my_service_pkg': CMAKE_PREFIX_PATH=/opt/ros/humble /usr/bin/cmake /home/yesopi/Robotics/src/my_service_pkg -DCMAKE_INSTALL_PREFIX=/home/yesopi/Robotics/install/my_service_pkg
[0.895s] INFO:colcon.colcon_core.task.python.build:Building Python package in '/home/yesopi/Robotics/src/robot_manipulator'
[0.897s] INFO:colcon.colcon_core.shell:Skip shell extension 'powershell' for command environment: Not usable outside of PowerShell
[0.897s] DEBUG:colcon.colcon_core.shell:Skip shell extension 'dsv' for command environment
[1.195s] INFO:colcon.colcon_core.task.python.build:Building Python package in '/home/yesopi/Robotics/src/robot_movement'
[1.197s] INFO:colcon.colcon_core.shell:Skip shell extension 'powershell' for command environment: Not usable outside of PowerShell
[1.197s] DEBUG:colcon.colcon_core.shell:Skip shell extension 'dsv' for command environment
[1.580s] DEBUG:colcon.colcon_core.event_handler.log_command:Invoking command in '/home/yesopi/Robotics/src/robot_manipulator': PYTHONPATH=/home/yesopi/Robotics/build/robot_manipulator/prefix_override:/home/yesopi/Robotics/install/robot_manipulator/lib/python3.10/site-packages:${PYTHONPATH} /usr/bin/python3 setup.py egg_info --egg-base ../../build/robot_manipulator build --build-base /home/yesopi/Robotics/build/robot_manipulator/build install --record /home/yesopi/Robotics/build/robot_manipulator/install.log --single-version-externally-managed
[1.582s] DEBUG:colcon.colcon_core.event_handler.log_command:Invoking command in '/home/yesopi/Robotics/src/robot_movement': PYTHONPATH=/home/yesopi/Robotics/build/robot_movement/prefix_override:/home/yesopi/Robotics/install/robot_movement/lib/python3.10/site-packages:${PYTHONPATH} /usr/bin/python3 setup.py egg_info --egg-base ../../build/robot_movement build --build-base /home/yesopi/Robotics/build/robot_movement/build install --record /home/yesopi/Robotics/build/robot_movement/install.log --single-version-externally-managed
[1.915s] DEBUG:colcon.colcon_core.event_handler.log_command:Invoked command in '/home/yesopi/Robotics/src/robot_manipulator' returned '0': PYTHONPATH=/home/yesopi/Robotics/build/robot_manipulator/prefix_override:/home/yesopi/Robotics/install/robot_manipulator/lib/python3.10/site-packages:${PYTHONPATH} /usr/bin/python3 setup.py egg_info --egg-base ../../build/robot_manipulator build --build-base /home/yesopi/Robotics/build/robot_manipulator/build install --record /home/yesopi/Robotics/build/robot_manipulator/install.log --single-version-externally-managed
[1.920s] Level 1:colcon.colcon_core.environment:checking '/home/yesopi/Robotics/install/robot_manipulator' for CMake module files
[1.920s] Level 1:colcon.colcon_core.environment:checking '/home/yesopi/Robotics/install/robot_manipulator' for CMake config files
[1.921s] Level 1:colcon.colcon_core.environment:checking '/home/yesopi/Robotics/install/robot_manipulator/lib'
[1.921s] Level 1:colcon.colcon_core.environment:checking '/home/yesopi/Robotics/install/robot_manipulator/bin'
[1.921s] Level 1:colcon.colcon_core.environment:checking '/home/yesopi/Robotics/install/robot_manipulator/lib/pkgconfig/robot_manipulator.pc'
[1.921s] Level 1:colcon.colcon_core.environment:checking '/home/yesopi/Robotics/install/robot_manipulator/lib/python3.10/site-packages'
[1.922s] Level 1:colcon.colcon_core.shell:create_environment_hook('robot_manipulator', 'pythonpath')
[1.923s] INFO:colcon.colcon_core.shell:Creating environment hook '/home/yesopi/Robotics/install/robot_manipulator/share/robot_manipulator/hook/pythonpath.ps1'
[1.924s] INFO:colcon.colcon_core.shell:Creating environment descriptor '/home/yesopi/Robotics/install/robot_manipulator/share/robot_manipulator/hook/pythonpath.dsv'
[1.924s] INFO:colcon.colcon_core.shell:Creating environment hook '/home/yesopi/Robotics/install/robot_manipulator/share/robot_manipulator/hook/pythonpath.sh'
[1.925s] Level 1:colcon.colcon_core.environment:checking '/home/yesopi/Robotics/install/robot_manipulator/bin'
[1.925s] Level 1:colcon.colcon_core.environment:create_environment_scripts_only(robot_manipulator)
[1.927s] INFO:colcon.colcon_core.shell:Creating package script '/home/yesopi/Robotics/install/robot_manipulator/share/robot_manipulator/package.ps1'
[1.928s] INFO:colcon.colcon_core.shell:Creating package descriptor '/home/yesopi/Robotics/install/robot_manipulator/share/robot_manipulator/package.dsv'
[1.928s] INFO:colcon.colcon_core.shell:Creating package script '/home/yesopi/Robotics/install/robot_manipulator/share/robot_manipulator/package.sh'
[1.929s] INFO:colcon.colcon_core.shell:Creating package script '/home/yesopi/Robotics/install/robot_manipulator/share/robot_manipulator/package.bash'
[1.930s] INFO:colcon.colcon_core.shell:Creating package script '/home/yesopi/Robotics/install/robot_manipulator/share/robot_manipulator/package.zsh'
[1.930s] Level 1:colcon.colcon_core.environment:create_file_with_runtime_dependencies(/home/yesopi/Robotics/install/robot_manipulator/share/colcon-core/packages/robot_manipulator)
[1.934s] Level 1:colcon.colcon_core.environment:checking '/home/yesopi/Robotics/install/robot_movement' for CMake module files
[1.935s] DEBUG:colcon.colcon_core.event_handler.log_command:Invoked command in '/home/yesopi/Robotics/src/robot_movement' returned '0': PYTHONPATH=/home/yesopi/Robotics/build/robot_movement/prefix_override:/home/yesopi/Robotics/install/robot_movement/lib/python3.10/site-packages:${PYTHONPATH} /usr/bin/python3 setup.py egg_info --egg-base ../../build/robot_movement build --build-base /home/yesopi/Robotics/build/robot_movement/build install --record /home/yesopi/Robotics/build/robot_movement/install.log --single-version-externally-managed
[1.935s] Level 1:colcon.colcon_core.environment:checking '/home/yesopi/Robotics/install/robot_movement' for CMake config files
[1.935s] Level 1:colcon.colcon_core.environment:checking '/home/yesopi/Robotics/install/robot_movement/lib'
[1.935s] Level 1:colcon.colcon_core.environment:checking '/home/yesopi/Robotics/install/robot_movement/bin'
[1.935s] Level 1:colcon.colcon_core.environment:checking '/home/yesopi/Robotics/install/robot_movement/lib/pkgconfig/robot_movement.pc'
[1.936s] Level 1:colcon.colcon_core.environment:checking '/home/yesopi/Robotics/install/robot_movement/lib/python3.10/site-packages'
[1.936s] Level 1:colcon.colcon_core.shell:create_environment_hook('robot_movement', 'pythonpath')
[1.937s] INFO:colcon.colcon_core.shell:Creating environment hook '/home/yesopi/Robotics/install/robot_movement/share/robot_movement/hook/pythonpath.ps1'
[1.938s] INFO:colcon.colcon_core.shell:Creating environment descriptor '/home/yesopi/Robotics/install/robot_movement/share/robot_movement/hook/pythonpath.dsv'
[1.938s] INFO:colcon.colcon_core.shell:Creating environment hook '/home/yesopi/Robotics/install/robot_movement/share/robot_movement/hook/pythonpath.sh'
[1.939s] Level 1:colcon.colcon_core.environment:checking '/home/yesopi/Robotics/install/robot_movement/bin'
[1.939s] Level 1:colcon.colcon_core.environment:create_environment_scripts_only(robot_movement)
[1.940s] INFO:colcon.colcon_core.shell:Creating package script '/home/yesopi/Robotics/install/robot_movement/share/robot_movement/package.ps1'
[1.941s] INFO:colcon.colcon_core.shell:Creating package descriptor '/home/yesopi/Robotics/install/robot_movement/share/robot_movement/package.dsv'
[1.941s] INFO:colcon.colcon_core.shell:Creating package script '/home/yesopi/Robotics/install/robot_movement/share/robot_movement/package.sh'
[1.942s] INFO:colcon.colcon_core.shell:Creating package script '/home/yesopi/Robotics/install/robot_movement/share/robot_movement/package.bash'
[1.942s] INFO:colcon.colcon_core.shell:Creating package script '/home/yesopi/Robotics/install/robot_movement/share/robot_movement/package.zsh'
[1.942s] Level 1:colcon.colcon_core.environment:create_file_with_runtime_dependencies(/home/yesopi/Robotics/install/robot_movement/share/colcon-core/packages/robot_movement)
[2.197s] DEBUG:colcon.colcon_core.event_handler.log_command:Invoked command in '/home/yesopi/Robotics/build/my_service_pkg' returned '0': CMAKE_PREFIX_PATH=/opt/ros/humble /usr/bin/cmake /home/yesopi/Robotics/src/my_service_pkg -DCMAKE_INSTALL_PREFIX=/home/yesopi/Robotics/install/my_service_pkg
[2.199s] DEBUG:colcon.colcon_core.event_handler.log_command:Invoking command in '/home/yesopi/Robotics/build/my_service_pkg': CMAKE_PREFIX_PATH=/opt/ros/humble /usr/bin/cmake --build /home/yesopi/Robotics/build/my_service_pkg -- -j12 -l12
[4.252s] DEBUG:colcon.colcon_core.event_handler.log_command:Invoked command in '/home/yesopi/Robotics/build/my_service_pkg' returned '0': CMAKE_PREFIX_PATH=/opt/ros/humble /usr/bin/cmake --build /home/yesopi/Robotics/build/my_service_pkg -- -j12 -l12
[4.306s] DEBUG:colcon.colcon_core.event_handler.log_command:Invoking command in '/home/yesopi/Robotics/build/my_service_pkg': CMAKE_PREFIX_PATH=/opt/ros/humble /usr/bin/cmake --install /home/yesopi/Robotics/build/my_service_pkg
[4.375s] Level 1:colcon.colcon_core.environment:create_environment_scripts_only(my_service_pkg)
[4.377s] Level 1:colcon.colcon_core.environment:checking '/home/yesopi/Robotics/install/my_service_pkg' for CMake module files
[4.377s] DEBUG:colcon.colcon_core.event_handler.log_command:Invoked command in '/home/yesopi/Robotics/build/my_service_pkg' returned '0': CMAKE_PREFIX_PATH=/opt/ros/humble /usr/bin/cmake --install /home/yesopi/Robotics/build/my_service_pkg
[4.378s] Level 1:colcon.colcon_core.environment:checking '/home/yesopi/Robotics/install/my_service_pkg' for CMake config files
[4.378s] Level 1:colcon.colcon_core.shell:create_environment_hook('my_service_pkg', 'cmake_prefix_path')
[4.380s] INFO:colcon.colcon_core.shell:Creating environment hook '/home/yesopi/Robotics/install/my_service_pkg/share/my_service_pkg/hook/cmake_prefix_path.ps1'
[4.380s] INFO:colcon.colcon_core.shell:Creating environment descriptor '/home/yesopi/Robotics/install/my_service_pkg/share/my_service_pkg/hook/cmake_prefix_path.dsv'
[4.380s] INFO:colcon.colcon_core.shell:Creating environment hook '/home/yesopi/Robotics/install/my_service_pkg/share/my_service_pkg/hook/cmake_prefix_path.sh'
[4.381s] Level 1:colcon.colcon_core.environment:checking '/home/yesopi/Robotics/install/my_service_pkg/lib'
[4.381s] Level 1:colcon.colcon_core.shell:create_environment_hook('my_service_pkg', 'ld_library_path_lib')
[4.383s] INFO:colcon.colcon_core.shell:Creating environment hook '/home/yesopi/Robotics/install/my_service_pkg/share/my_service_pkg/hook/ld_library_path_lib.ps1'
[4.383s] INFO:colcon.colcon_core.shell:Creating environment descriptor '/home/yesopi/Robotics/install/my_service_pkg/share/my_service_pkg/hook/ld_library_path_lib.dsv'
[4.383s] INFO:colcon.colcon_core.shell:Creating environment hook '/home/yesopi/Robotics/install/my_service_pkg/share/my_service_pkg/hook/ld_library_path_lib.sh'
[4.384s] Level 1:colcon.colcon_core.environment:checking '/home/yesopi/Robotics/install/my_service_pkg/bin'
[4.384s] Level 1:colcon.colcon_core.environment:checking '/home/yesopi/Robotics/install/my_service_pkg/lib/pkgconfig/my_service_pkg.pc'
[4.384s] Level 1:colcon.colcon_core.environment:checking '/home/yesopi/Robotics/install/my_service_pkg/lib/python3.10/site-packages'
[4.384s] Level 1:colcon.colcon_core.environment:checking '/home/yesopi/Robotics/install/my_service_pkg/bin'
[4.386s] INFO:colcon.colcon_core.shell:Creating package script '/home/yesopi/Robotics/install/my_service_pkg/share/my_service_pkg/package.ps1'
[4.386s] INFO:colcon.colcon_core.shell:Creating package descriptor '/home/yesopi/Robotics/install/my_service_pkg/share/my_service_pkg/package.dsv'
[4.387s] INFO:colcon.colcon_core.shell:Creating package script '/home/yesopi/Robotics/install/my_service_pkg/share/my_service_pkg/package.sh'
[4.387s] INFO:colcon.colcon_core.shell:Creating package script '/home/yesopi/Robotics/install/my_service_pkg/share/my_service_pkg/package.bash'
[4.388s] INFO:colcon.colcon_core.shell:Creating package script '/home/yesopi/Robotics/install/my_service_pkg/share/my_service_pkg/package.zsh'
[4.388s] Level 1:colcon.colcon_core.environment:create_file_with_runtime_dependencies(/home/yesopi/Robotics/install/my_service_pkg/share/colcon-core/packages/my_service_pkg)
[4.468s] Level 1:colcon.colcon_core.environment:create_environment_scripts_only(my_service_pkg)
[4.473s] Level 1:colcon.colcon_core.environment:checking '/home/yesopi/Robotics/install/my_service_pkg' for CMake module files
[4.475s] Level 1:colcon.colcon_core.environment:checking '/home/yesopi/Robotics/install/my_service_pkg' for CMake config files
[4.475s] Level 1:colcon.colcon_core.shell:create_environment_hook('my_service_pkg', 'cmake_prefix_path')
[4.479s] INFO:colcon.colcon_core.shell:Creating environment hook '/home/yesopi/Robotics/install/my_service_pkg/share/my_service_pkg/hook/cmake_prefix_path.ps1'
[4.480s] INFO:colcon.colcon_core.shell:Creating environment descriptor '/home/yesopi/Robotics/install/my_service_pkg/share/my_service_pkg/hook/cmake_prefix_path.dsv'
[4.481s] INFO:colcon.colcon_core.shell:Creating environment hook '/home/yesopi/Robotics/install/my_service_pkg/share/my_service_pkg/hook/cmake_prefix_path.sh'
[4.482s] Level 1:colcon.colcon_core.environment:checking '/home/yesopi/Robotics/install/my_service_pkg/lib'
[4.482s] Level 1:colcon.colcon_core.shell:create_environment_hook('my_service_pkg', 'ld_library_path_lib')
[4.486s] INFO:colcon.colcon_core.shell:Creating environment hook '/home/yesopi/Robotics/install/my_service_pkg/share/my_service_pkg/hook/ld_library_path_lib.ps1'
[4.486s] INFO:colcon.colcon_core.shell:Creating environment descriptor '/home/yesopi/Robotics/install/my_service_pkg/share/my_service_pkg/hook/ld_library_path_lib.dsv'
[4.487s] INFO:colcon.colcon_core.shell:Creating environment hook '/home/yesopi/Robotics/install/my_service_pkg/share/my_service_pkg/hook/ld_library_path_lib.sh'
[4.488s] Level 1:colcon.colcon_core.environment:checking '/home/yesopi/Robotics/install/my_service_pkg/bin'
[4.488s] Level 1:colcon.colcon_core.environment:checking '/home/yesopi/Robotics/install/my_service_pkg/lib/pkgconfig/my_service_pkg.pc'
[4.489s] Level 1:colcon.colcon_core.environment:checking '/home/yesopi/Robotics/install/my_service_pkg/lib/python3.10/site-packages'
[4.489s] Level 1:colcon.colcon_core.environment:checking '/home/yesopi/Robotics/install/my_service_pkg/bin'
[4.492s] INFO:colcon.colcon_core.shell:Creating package script '/home/yesopi/Robotics/install/my_service_pkg/share/my_service_pkg/package.ps1'
[4.493s] INFO:colcon.colcon_core.shell:Creating package descriptor '/home/yesopi/Robotics/install/my_service_pkg/share/my_service_pkg/package.dsv'
[4.494s] INFO:colcon.colcon_core.shell:Creating package script '/home/yesopi/Robotics/install/my_service_pkg/share/my_service_pkg/package.sh'
[4.494s] INFO:colcon.colcon_core.shell:Creating package script '/home/yesopi/Robotics/install/my_service_pkg/share/my_service_pkg/package.bash'
[4.495s] INFO:colcon.colcon_core.shell:Creating package script '/home/yesopi/Robotics/install/my_service_pkg/share/my_service_pkg/package.zsh'
[4.496s] Level 1:colcon.colcon_core.environment:create_file_with_runtime_dependencies(/home/yesopi/Robotics/install/my_service_pkg/share/colcon-core/packages/my_service_pkg)
[4.496s] INFO:colcon.colcon_ros.task.ament_python.build:Building ROS package in '/home/yesopi/Robotics/src/tesla' with build type 'ament_python'
[4.496s] Level 1:colcon.colcon_core.shell:create_environment_hook('tesla', 'ament_prefix_path')
[4.498s] INFO:colcon.colcon_core.shell:Creating environment hook '/home/yesopi/Robotics/install/tesla/share/tesla/hook/ament_prefix_path.ps1'
[4.499s] INFO:colcon.colcon_core.shell:Creating environment descriptor '/home/yesopi/Robotics/install/tesla/share/tesla/hook/ament_prefix_path.dsv'
[4.500s] INFO:colcon.colcon_core.shell:Creating environment hook '/home/yesopi/Robotics/install/tesla/share/tesla/hook/ament_prefix_path.sh'
[4.502s] INFO:colcon.colcon_core.shell:Skip shell extension 'powershell' for command environment: Not usable outside of PowerShell
[4.502s] DEBUG:colcon.colcon_core.shell:Skip shell extension 'dsv' for command environment
[4.799s] INFO:colcon.colcon_core.task.python.build:Building Python package in '/home/yesopi/Robotics/src/tesla'
[4.800s] INFO:colcon.colcon_core.shell:Skip shell extension 'powershell' for command environment: Not usable outside of PowerShell
[4.800s] DEBUG:colcon.colcon_core.shell:Skip shell extension 'dsv' for command environment
[5.174s] DEBUG:colcon.colcon_core.event_handler.log_command:Invoking command in '/home/yesopi/Robotics/src/tesla': AMENT_PREFIX_PATH=/home/yesopi/Robotics/install/my_service_pkg:${AMENT_PREFIX_PATH} CMAKE_PREFIX_PATH=/home/yesopi/Robotics/install/my_service_pkg LD_LIBRARY_PATH=/home/yesopi/Robotics/install/my_service_pkg/lib:${LD_LIBRARY_PATH} PYTHONPATH=/home/yesopi/Robotics/build/tesla/prefix_override:/home/yesopi/Robotics/install/tesla/lib/python3.10/site-packages:/home/yesopi/Robotics/install/my_service_pkg/local/lib/python3.10/dist-packages:${PYTHONPATH} /usr/bin/python3 setup.py egg_info --egg-base ../../build/tesla build --build-base /home/yesopi/Robotics/build/tesla/build install --record /home/yesopi/Robotics/build/tesla/install.log --single-version-externally-managed
[5.513s] Level 1:colcon.colcon_core.environment:checking '/home/yesopi/Robotics/install/tesla' for CMake module files
[5.514s] DEBUG:colcon.colcon_core.event_handler.log_command:Invoked command in '/home/yesopi/Robotics/src/tesla' returned '0': AMENT_PREFIX_PATH=/home/yesopi/Robotics/install/my_service_pkg:${AMENT_PREFIX_PATH} CMAKE_PREFIX_PATH=/home/yesopi/Robotics/install/my_service_pkg LD_LIBRARY_PATH=/home/yesopi/Robotics/install/my_service_pkg/lib:${LD_LIBRARY_PATH} PYTHONPATH=/home/yesopi/Robotics/build/tesla/prefix_override:/home/yesopi/Robotics/install/tesla/lib/python3.10/site-packages:/home/yesopi/Robotics/install/my_service_pkg/local/lib/python3.10/dist-packages:${PYTHONPATH} /usr/bin/python3 setup.py egg_info --egg-base ../../build/tesla build --build-base /home/yesopi/Robotics/build/tesla/build install --record /home/yesopi/Robotics/build/tesla/install.log --single-version-externally-managed
[5.514s] Level 1:colcon.colcon_core.environment:checking '/home/yesopi/Robotics/install/tesla' for CMake config files
[5.515s] Level 1:colcon.colcon_core.environment:checking '/home/yesopi/Robotics/install/tesla/lib'
[5.515s] Level 1:colcon.colcon_core.environment:checking '/home/yesopi/Robotics/install/tesla/bin'
[5.515s] Level 1:colcon.colcon_core.environment:checking '/home/yesopi/Robotics/install/tesla/lib/pkgconfig/tesla.pc'
[5.515s] Level 1:colcon.colcon_core.environment:checking '/home/yesopi/Robotics/install/tesla/lib/python3.10/site-packages'
[5.515s] Level 1:colcon.colcon_core.shell:create_environment_hook('tesla', 'pythonpath')
[5.517s] INFO:colcon.colcon_core.shell:Creating environment hook '/home/yesopi/Robotics/install/tesla/share/tesla/hook/pythonpath.ps1'
[5.517s] INFO:colcon.colcon_core.shell:Creating environment descriptor '/home/yesopi/Robotics/install/tesla/share/tesla/hook/pythonpath.dsv'
[5.518s] INFO:colcon.colcon_core.shell:Creating environment hook '/home/yesopi/Robotics/install/tesla/share/tesla/hook/pythonpath.sh'
[5.518s] Level 1:colcon.colcon_core.environment:checking '/home/yesopi/Robotics/install/tesla/bin'
[5.518s] Level 1:colcon.colcon_core.environment:create_environment_scripts_only(tesla)
[5.520s] INFO:colcon.colcon_core.shell:Creating package script '/home/yesopi/Robotics/install/tesla/share/tesla/package.ps1'
[5.520s] INFO:colcon.colcon_core.shell:Creating package descriptor '/home/yesopi/Robotics/install/tesla/share/tesla/package.dsv'
[5.521s] INFO:colcon.colcon_core.shell:Creating package script '/home/yesopi/Robotics/install/tesla/share/tesla/package.sh'
[5.521s] INFO:colcon.colcon_core.shell:Creating package script '/home/yesopi/Robotics/install/tesla/share/tesla/package.bash'
[5.522s] INFO:colcon.colcon_core.shell:Creating package script '/home/yesopi/Robotics/install/tesla/share/tesla/package.zsh'
[5.522s] Level 1:colcon.colcon_core.environment:create_file_with_runtime_dependencies(/home/yesopi/Robotics/install/tesla/share/colcon-core/packages/tesla)
[5.522s] DEBUG:colcon.colcon_parallel_executor.executor.parallel:closing loop
[5.522s] DEBUG:colcon.colcon_parallel_executor.executor.parallel:loop closed
[5.522s] DEBUG:colcon.colcon_parallel_executor.executor.parallel:run_until_complete finished with '0'
[5.522s] DEBUG:colcon.colcon_core.event_reactor:joining thread
[5.528s] INFO:colcon.colcon_core.plugin_system:Skipping extension 'colcon_notification.desktop_notification.terminal_notifier': Not used on non-Darwin systems
[5.529s] INFO:colcon.colcon_core.plugin_system:Skipping extension 'colcon_notification.desktop_notification.win32': Not used on non-Windows systems
[5.529s] INFO:colcon.colcon_notification.desktop_notification:Sending desktop notification using 'notify2'
[5.542s] DEBUG:colcon.colcon_core.event_reactor:joined thread
[5.543s] INFO:colcon.colcon_core.shell:Creating prefix script '/home/yesopi/Robotics/install/local_setup.ps1'
[5.544s] INFO:colcon.colcon_core.shell:Creating prefix util module '/home/yesopi/Robotics/install/_local_setup_util_ps1.py'
[5.546s] INFO:colcon.colcon_core.shell:Creating prefix chain script '/home/yesopi/Robotics/install/setup.ps1'
[5.548s] INFO:colcon.colcon_core.shell:Creating prefix script '/home/yesopi/Robotics/install/local_setup.sh'
[5.549s] INFO:colcon.colcon_core.shell:Creating prefix util module '/home/yesopi/Robotics/install/_local_setup_util_sh.py'
[5.550s] INFO:colcon.colcon_core.shell:Creating prefix chain script '/home/yesopi/Robotics/install/setup.sh'
[5.551s] INFO:colcon.colcon_core.shell:Creating prefix script '/home/yesopi/Robotics/install/local_setup.bash'
[5.552s] INFO:colcon.colcon_core.shell:Creating prefix chain script '/home/yesopi/Robotics/install/setup.bash'
[5.554s] INFO:colcon.colcon_core.shell:Creating prefix script '/home/yesopi/Robotics/install/local_setup.zsh'
[5.554s] INFO:colcon.colcon_core.shell:Creating prefix chain script '/home/yesopi/Robotics/install/setup.zsh'
