running egg_info
creating ../../build/robot_manipulator/robot_manipulator.egg-info
writing ../../build/robot_manipulator/robot_manipulator.egg-info/PKG-INFO
writing dependency_links to ../../build/robot_manipulator/robot_manipulator.egg-info/dependency_links.txt
writing entry points to ../../build/robot_manipulator/robot_manipulator.egg-info/entry_points.txt
writing requirements to ../../build/robot_manipulator/robot_manipulator.egg-info/requires.txt
writing top-level names to ../../build/robot_manipulator/robot_manipulator.egg-info/top_level.txt
writing manifest file '../../build/robot_manipulator/robot_manipulator.egg-info/SOURCES.txt'
reading manifest file '../../build/robot_manipulator/robot_manipulator.egg-info/SOURCES.txt'
writing manifest file '../../build/robot_manipulator/robot_manipulator.egg-info/SOURCES.txt'
running build
running build_py
creating /home/yesopi/Robotics/build/robot_manipulator/build
creating /home/yesopi/Robotics/build/robot_manipulator/build/lib
creating /home/yesopi/Robotics/build/robot_manipulator/build/lib/robot_manipulator
copying robot_manipulator/test_position_publisher_node.py -> /home/yesopi/Robotics/build/robot_manipulator/build/lib/robot_manipulator
copying robot_manipulator/__init__.py -> /home/yesopi/Robotics/build/robot_manipulator/build/lib/robot_manipulator
copying robot_manipulator/robot_manipulator_interface_node.py -> /home/yesopi/Robotics/build/robot_manipulator/build/lib/robot_manipulator
running install
running install_lib
/usr/lib/python3/dist-packages/setuptools/command/install.py:34: SetuptoolsDeprecationWarning: setup.py install is deprecated. Use build and pip and other standards-based tools.
  warnings.warn(
creating /home/yesopi/Robotics/install/robot_manipulator/lib/python3.10/site-packages/robot_manipulator
copying /home/yesopi/Robotics/build/robot_manipulator/build/lib/robot_manipulator/test_position_publisher_node.py -> /home/yesopi/Robotics/install/robot_manipulator/lib/python3.10/site-packages/robot_manipulator
copying /home/yesopi/Robotics/build/robot_manipulator/build/lib/robot_manipulator/__init__.py -> /home/yesopi/Robotics/install/robot_manipulator/lib/python3.10/site-packages/robot_manipulator
copying /home/yesopi/Robotics/build/robot_manipulator/build/lib/robot_manipulator/robot_manipulator_interface_node.py -> /home/yesopi/Robotics/install/robot_manipulator/lib/python3.10/site-packages/robot_manipulator
byte-compiling /home/yesopi/Robotics/install/robot_manipulator/lib/python3.10/site-packages/robot_manipulator/test_position_publisher_node.py to test_position_publisher_node.cpython-310.pyc
byte-compiling /home/yesopi/Robotics/install/robot_manipulator/lib/python3.10/site-packages/robot_manipulator/__init__.py to __init__.cpython-310.pyc
byte-compiling /home/yesopi/Robotics/install/robot_manipulator/lib/python3.10/site-packages/robot_manipulator/robot_manipulator_interface_node.py to robot_manipulator_interface_node.cpython-310.pyc
running install_data
creating /home/yesopi/Robotics/install/robot_manipulator/share/ament_index
creating /home/yesopi/Robotics/install/robot_manipulator/share/ament_index/resource_index
creating /home/yesopi/Robotics/install/robot_manipulator/share/ament_index/resource_index/packages
copying resource/robot_manipulator -> /home/yesopi/Robotics/install/robot_manipulator/share/ament_index/resource_index/packages
copying package.xml -> /home/yesopi/Robotics/install/robot_manipulator/share/robot_manipulator
running install_egg_info
Copying ../../build/robot_manipulator/robot_manipulator.egg-info to /home/yesopi/Robotics/install/robot_manipulator/lib/python3.10/site-packages/robot_manipulator-0.0.0-py3.10.egg-info
running install_scripts
Installing interfaz_brazo script to /home/yesopi/Robotics/install/robot_manipulator/lib/robot_manipulator
Installing pub script to /home/yesopi/Robotics/install/robot_manipulator/lib/robot_manipulator
writing list of installed files to '/home/yesopi/Robotics/build/robot_manipulator/install.log'
