[0.997s] Invoking command in '/home/yesopi/Robotics/src/robot_manipulator': PYTHONPATH=/home/yesopi/Robotics/build/robot_manipulator/prefix_override:/home/yesopi/Robotics/install/robot_manipulator/lib/python3.10/site-packages:${PYTHONPATH} /usr/bin/python3 setup.py egg_info --egg-base ../../build/robot_manipulator build --build-base /home/yesopi/Robotics/build/robot_manipulator/build install --record /home/yesopi/Robotics/build/robot_manipulator/install.log --single-version-externally-managed
[1.268s] running egg_info
[1.269s] creating ../../build/robot_manipulator/robot_manipulator.egg-info
[1.269s] writing ../../build/robot_manipulator/robot_manipulator.egg-info/PKG-INFO
[1.269s] writing dependency_links to ../../build/robot_manipulator/robot_manipulator.egg-info/dependency_links.txt
[1.269s] writing entry points to ../../build/robot_manipulator/robot_manipulator.egg-info/entry_points.txt
[1.269s] writing requirements to ../../build/robot_manipulator/robot_manipulator.egg-info/requires.txt
[1.269s] writing top-level names to ../../build/robot_manipulator/robot_manipulator.egg-info/top_level.txt
[1.269s] writing manifest file '../../build/robot_manipulator/robot_manipulator.egg-info/SOURCES.txt'
[1.271s] reading manifest file '../../build/robot_manipulator/robot_manipulator.egg-info/SOURCES.txt'
[1.272s] writing manifest file '../../build/robot_manipulator/robot_manipulator.egg-info/SOURCES.txt'
[1.273s] running build
[1.273s] running build_py
[1.273s] creating /home/yesopi/Robotics/build/robot_manipulator/build
[1.273s] creating /home/yesopi/Robotics/build/robot_manipulator/build/lib
[1.273s] creating /home/yesopi/Robotics/build/robot_manipulator/build/lib/robot_manipulator
[1.273s] copying robot_manipulator/test_position_publisher_node.py -> /home/yesopi/Robotics/build/robot_manipulator/build/lib/robot_manipulator
[1.273s] copying robot_manipulator/__init__.py -> /home/yesopi/Robotics/build/robot_manipulator/build/lib/robot_manipulator
[1.273s] copying robot_manipulator/robot_manipulator_interface_node.py -> /home/yesopi/Robotics/build/robot_manipulator/build/lib/robot_manipulator
[1.273s] running install
[1.274s] running install_lib
[1.274s] /usr/lib/python3/dist-packages/setuptools/command/install.py:34: SetuptoolsDeprecationWarning: setup.py install is deprecated. Use build and pip and other standards-based tools.
[1.274s]   warnings.warn(
[1.274s] creating /home/yesopi/Robotics/install/robot_manipulator/lib/python3.10/site-packages/robot_manipulator
[1.274s] copying /home/yesopi/Robotics/build/robot_manipulator/build/lib/robot_manipulator/test_position_publisher_node.py -> /home/yesopi/Robotics/install/robot_manipulator/lib/python3.10/site-packages/robot_manipulator
[1.275s] copying /home/yesopi/Robotics/build/robot_manipulator/build/lib/robot_manipulator/__init__.py -> /home/yesopi/Robotics/install/robot_manipulator/lib/python3.10/site-packages/robot_manipulator
[1.275s] copying /home/yesopi/Robotics/build/robot_manipulator/build/lib/robot_manipulator/robot_manipulator_interface_node.py -> /home/yesopi/Robotics/install/robot_manipulator/lib/python3.10/site-packages/robot_manipulator
[1.275s] byte-compiling /home/yesopi/Robotics/install/robot_manipulator/lib/python3.10/site-packages/robot_manipulator/test_position_publisher_node.py to test_position_publisher_node.cpython-310.pyc
[1.276s] byte-compiling /home/yesopi/Robotics/install/robot_manipulator/lib/python3.10/site-packages/robot_manipulator/__init__.py to __init__.cpython-310.pyc
[1.276s] byte-compiling /home/yesopi/Robotics/install/robot_manipulator/lib/python3.10/site-packages/robot_manipulator/robot_manipulator_interface_node.py to robot_manipulator_interface_node.cpython-310.pyc
[1.277s] running install_data
[1.278s] creating /home/yesopi/Robotics/install/robot_manipulator/share/ament_index
[1.278s] creating /home/yesopi/Robotics/install/robot_manipulator/share/ament_index/resource_index
[1.278s] creating /home/yesopi/Robotics/install/robot_manipulator/share/ament_index/resource_index/packages
[1.278s] copying resource/robot_manipulator -> /home/yesopi/Robotics/install/robot_manipulator/share/ament_index/resource_index/packages
[1.278s] copying package.xml -> /home/yesopi/Robotics/install/robot_manipulator/share/robot_manipulator
[1.278s] running install_egg_info
[1.279s] Copying ../../build/robot_manipulator/robot_manipulator.egg-info to /home/yesopi/Robotics/install/robot_manipulator/lib/python3.10/site-packages/robot_manipulator-0.0.0-py3.10.egg-info
[1.280s] running install_scripts
[1.304s] Installing interfaz_brazo script to /home/yesopi/Robotics/install/robot_manipulator/lib/robot_manipulator
[1.304s] Installing pub script to /home/yesopi/Robotics/install/robot_manipulator/lib/robot_manipulator
[1.305s] writing list of installed files to '/home/yesopi/Robotics/build/robot_manipulator/install.log'
[1.331s] Invoked command in '/home/yesopi/Robotics/src/robot_manipulator' returned '0': PYTHONPATH=/home/yesopi/Robotics/build/robot_manipulator/prefix_override:/home/yesopi/Robotics/install/robot_manipulator/lib/python3.10/site-packages:${PYTHONPATH} /usr/bin/python3 setup.py egg_info --egg-base ../../build/robot_manipulator build --build-base /home/yesopi/Robotics/build/robot_manipulator/build install --record /home/yesopi/Robotics/build/robot_manipulator/install.log --single-version-externally-managed
