/home/tatianam/ProyectoFinal/Robotics/install/robot_movement/lib/python3.10/site-packages/robot_movement/serialtest.py
/home/tatianam/ProyectoFinal/Robotics/install/robot_movement/lib/python3.10/site-packages/robot_movement/__init__.py
/home/tatianam/ProyectoFinal/Robotics/install/robot_movement/lib/python3.10/site-packages/robot_movement/robot_player.py
/home/tatianam/ProyectoFinal/Robotics/install/robot_movement/lib/python3.10/site-packages/robot_movement/robot_teleop.py
/home/tatianam/ProyectoFinal/Robotics/install/robot_movement/lib/python3.10/site-packages/robot_movement/esp32.py
/home/tatianam/ProyectoFinal/Robotics/install/robot_movement/lib/python3.10/site-packages/robot_movement/robot_interface.py
/home/tatianam/ProyectoFinal/Robotics/install/robot_movement/lib/python3.10/site-packages/robot_movement/serialviewer.py
/home/tatianam/ProyectoFinal/Robotics/install/robot_movement/lib/python3.10/site-packages/robot_movement/__pycache__/serialtest.cpython-310.pyc
/home/tatianam/ProyectoFinal/Robotics/install/robot_movement/lib/python3.10/site-packages/robot_movement/__pycache__/__init__.cpython-310.pyc
/home/tatianam/ProyectoFinal/Robotics/install/robot_movement/lib/python3.10/site-packages/robot_movement/__pycache__/robot_player.cpython-310.pyc
/home/tatianam/ProyectoFinal/Robotics/install/robot_movement/lib/python3.10/site-packages/robot_movement/__pycache__/robot_teleop.cpython-310.pyc
/home/tatianam/ProyectoFinal/Robotics/install/robot_movement/lib/python3.10/site-packages/robot_movement/__pycache__/esp32.cpython-310.pyc
/home/tatianam/ProyectoFinal/Robotics/install/robot_movement/lib/python3.10/site-packages/robot_movement/__pycache__/robot_interface.cpython-310.pyc
/home/tatianam/ProyectoFinal/Robotics/install/robot_movement/lib/python3.10/site-packages/robot_movement/__pycache__/serialviewer.cpython-310.pyc
/home/tatianam/ProyectoFinal/Robotics/install/robot_movement/share/ament_index/resource_index/packages/robot_movement
/home/tatianam/ProyectoFinal/Robotics/install/robot_movement/share/robot_movement/package.xml
/home/tatianam/ProyectoFinal/Robotics/install/robot_movement/lib/python3.10/site-packages/robot_movement-0.0.0-py3.10.egg-info/PKG-INFO
/home/tatianam/ProyectoFinal/Robotics/install/robot_movement/lib/python3.10/site-packages/robot_movement-0.0.0-py3.10.egg-info/entry_points.txt
/home/tatianam/ProyectoFinal/Robotics/install/robot_movement/lib/python3.10/site-packages/robot_movement-0.0.0-py3.10.egg-info/dependency_links.txt
/home/tatianam/ProyectoFinal/Robotics/install/robot_movement/lib/python3.10/site-packages/robot_movement-0.0.0-py3.10.egg-info/top_level.txt
/home/tatianam/ProyectoFinal/Robotics/install/robot_movement/lib/python3.10/site-packages/robot_movement-0.0.0-py3.10.egg-info/SOURCES.txt
/home/tatianam/ProyectoFinal/Robotics/install/robot_movement/lib/python3.10/site-packages/robot_movement-0.0.0-py3.10.egg-info/zip-safe
/home/tatianam/ProyectoFinal/Robotics/install/robot_movement/lib/python3.10/site-packages/robot_movement-0.0.0-py3.10.egg-info/requires.txt
/home/tatianam/ProyectoFinal/Robotics/install/robot_movement/lib/robot_movement/esp32
/home/tatianam/ProyectoFinal/Robotics/install/robot_movement/lib/robot_movement/interfaz
/home/tatianam/ProyectoFinal/Robotics/install/robot_movement/lib/robot_movement/player
/home/tatianam/ProyectoFinal/Robotics/install/robot_movement/lib/robot_movement/serial
/home/tatianam/ProyectoFinal/Robotics/install/robot_movement/lib/robot_movement/teclado
