[1.135s] Invoking command in '/home/tatianam/ProyectoFinal/Robotics/src/robot_movement': PYTHONPATH=/home/tatianam/ProyectoFinal/Robotics/build/robot_movement/prefix_override:/home/tatianam/ProyectoFinal/Robotics/install/robot_movement/lib/python3.10/site-packages:${PYTHONPATH} /usr/bin/python3 setup.py egg_info --egg-base ../../build/robot_movement build --build-base /home/tatianam/ProyectoFinal/Robotics/build/robot_movement/build install --record /home/tatianam/ProyectoFinal/Robotics/build/robot_movement/install.log --single-version-externally-managed
[1.387s] running egg_info
[1.388s] writing ../../build/robot_movement/robot_movement.egg-info/PKG-INFO
[1.388s] writing dependency_links to ../../build/robot_movement/robot_movement.egg-info/dependency_links.txt
[1.389s] writing entry points to ../../build/robot_movement/robot_movement.egg-info/entry_points.txt
[1.389s] writing requirements to ../../build/robot_movement/robot_movement.egg-info/requires.txt
[1.389s] writing top-level names to ../../build/robot_movement/robot_movement.egg-info/top_level.txt
[1.391s] reading manifest file '../../build/robot_movement/robot_movement.egg-info/SOURCES.txt'
[1.392s] writing manifest file '../../build/robot_movement/robot_movement.egg-info/SOURCES.txt'
[1.392s] running build
[1.392s] running build_py
[1.393s] running install
[1.393s] /usr/lib/python3/dist-packages/setuptools/command/install.py:34: SetuptoolsDeprecationWarning: setup.py install is deprecated. Use build and pip and other standards-based tools.
[1.393s]   warnings.warn(
[1.393s] running install_lib
[1.395s] running install_data
[1.395s] running install_egg_info
[1.397s] removing '/home/tatianam/ProyectoFinal/Robotics/install/robot_movement/lib/python3.10/site-packages/robot_movement-0.0.0-py3.10.egg-info' (and everything under it)
[1.397s] Copying ../../build/robot_movement/robot_movement.egg-info to /home/tatianam/ProyectoFinal/Robotics/install/robot_movement/lib/python3.10/site-packages/robot_movement-0.0.0-py3.10.egg-info
[1.398s] running install_scripts
[1.422s] Installing esp32 script to /home/tatianam/ProyectoFinal/Robotics/install/robot_movement/lib/robot_movement
[1.423s] Installing interfaz script to /home/tatianam/ProyectoFinal/Robotics/install/robot_movement/lib/robot_movement
[1.423s] Installing player script to /home/tatianam/ProyectoFinal/Robotics/install/robot_movement/lib/robot_movement
[1.423s] Installing serial script to /home/tatianam/ProyectoFinal/Robotics/install/robot_movement/lib/robot_movement
[1.423s] Installing teclado script to /home/tatianam/ProyectoFinal/Robotics/install/robot_movement/lib/robot_movement
[1.424s] writing list of installed files to '/home/tatianam/ProyectoFinal/Robotics/build/robot_movement/install.log'
[1.458s] Invoked command in '/home/tatianam/ProyectoFinal/Robotics/src/robot_movement' returned '0': PYTHONPATH=/home/tatianam/ProyectoFinal/Robotics/build/robot_movement/prefix_override:/home/tatianam/ProyectoFinal/Robotics/install/robot_movement/lib/python3.10/site-packages:${PYTHONPATH} /usr/bin/python3 setup.py egg_info --egg-base ../../build/robot_movement build --build-base /home/tatianam/ProyectoFinal/Robotics/build/robot_movement/build install --record /home/tatianam/ProyectoFinal/Robotics/build/robot_movement/install.log --single-version-externally-managed
