[0.445s] DEBUG:colcon:Command line arguments: ['/usr/bin/colcon', 'build']
[0.445s] DEBUG:colcon:Parsed command line arguments: Namespace(log_base=None, log_level=None, verb_name='build', build_base='build', install_base='install', merge_install=False, symlink_install=False, test_result_base=None, continue_on_error=False, executor='parallel', parallel_workers=8, event_handlers=None, ignore_user_meta=False, metas=['./colcon.meta'], base_paths=['.'], packages_ignore=None, packages_ignore_regex=None, paths=None, packages_up_to=None, packages_up_to_regex=None, packages_above=None, packages_above_and_dependencies=None, packages_above_depth=None, packages_select_by_dep=None, packages_skip_by_dep=None, packages_skip_up_to=None, packages_select_build_failed=False, packages_skip_build_finished=False, packages_select_test_failures=False, packages_skip_test_passed=False, packages_select=None, packages_skip=None, packages_select_regex=None, packages_skip_regex=None, packages_start=None, packages_end=None, allow_overriding=[], cmake_args=None, cmake_target=None, cmake_target_skip_unavailable=False, cmake_clean_cache=False, cmake_clean_first=False, cmake_force_configure=False, ament_cmake_args=None, catkin_cmake_args=None, catkin_skip_building_tests=False, verb_parser=<colcon_defaults.argument_parser.defaults.DefaultArgumentsDecorator object at 0x7f9f62149810>, verb_extension=<colcon_core.verb.build.BuildVerb object at 0x7f9f622eb6d0>, main=<bound method BuildVerb.main of <colcon_core.verb.build.BuildVerb object at 0x7f9f622eb6d0>>)
[0.486s] Level 1:colcon.colcon_core.package_discovery:discover_packages(colcon_meta) check parameters
[0.486s] Level 1:colcon.colcon_core.package_discovery:discover_packages(recursive) check parameters
[0.486s] Level 1:colcon.colcon_core.package_discovery:discover_packages(ignore) check parameters
[0.486s] Level 1:colcon.colcon_core.package_discovery:discover_packages(path) check parameters
[0.486s] Level 1:colcon.colcon_core.package_discovery:discover_packages(colcon_meta) discover
[0.487s] Level 1:colcon.colcon_core.package_discovery:discover_packages(recursive) discover
[0.487s] INFO:colcon.colcon_core.package_discovery:Crawling recursively for packages in '/home/daniel/ProyectoFinal/Vision/vision_rasp'
[0.487s] Level 1:colcon.colcon_core.package_identification:_identify(.) by extensions ['ignore', 'ignore_ament_install']
[0.487s] Level 1:colcon.colcon_core.package_identification:_identify(.) by extension 'ignore'
[0.487s] Level 1:colcon.colcon_core.package_identification:_identify(.) by extension 'ignore_ament_install'
[0.487s] Level 1:colcon.colcon_core.package_identification:_identify(.) by extensions ['colcon_pkg']
[0.487s] Level 1:colcon.colcon_core.package_identification:_identify(.) by extension 'colcon_pkg'
[0.487s] Level 1:colcon.colcon_core.package_identification:_identify(.) by extensions ['colcon_meta']
[0.487s] Level 1:colcon.colcon_core.package_identification:_identify(.) by extension 'colcon_meta'
[0.488s] Level 1:colcon.colcon_core.package_identification:_identify(.) by extensions ['ros']
[0.488s] Level 1:colcon.colcon_core.package_identification:_identify(.) by extension 'ros'
[0.503s] Level 1:colcon.colcon_core.package_identification:_identify(.) by extensions ['cmake', 'python']
[0.503s] Level 1:colcon.colcon_core.package_identification:_identify(.) by extension 'cmake'
[0.503s] Level 1:colcon.colcon_core.package_identification:_identify(.) by extension 'python'
[0.503s] Level 1:colcon.colcon_core.package_identification:_identify(.) by extensions ['python_setup_py']
[0.503s] Level 1:colcon.colcon_core.package_identification:_identify(.) by extension 'python_setup_py'
[0.504s] Level 1:colcon.colcon_core.package_identification:_identify(build) by extensions ['ignore', 'ignore_ament_install']
[0.504s] Level 1:colcon.colcon_core.package_identification:_identify(build) by extension 'ignore'
[0.504s] Level 1:colcon.colcon_core.package_identification:_identify(build) ignored
[0.504s] Level 1:colcon.colcon_core.package_identification:_identify(install) by extensions ['ignore', 'ignore_ament_install']
[0.504s] Level 1:colcon.colcon_core.package_identification:_identify(install) by extension 'ignore'
[0.504s] Level 1:colcon.colcon_core.package_identification:_identify(install) ignored
[0.505s] Level 1:colcon.colcon_core.package_identification:_identify(log) by extensions ['ignore', 'ignore_ament_install']
[0.505s] Level 1:colcon.colcon_core.package_identification:_identify(log) by extension 'ignore'
[0.505s] Level 1:colcon.colcon_core.package_identification:_identify(log) ignored
[0.505s] Level 1:colcon.colcon_core.package_identification:_identify(src) by extensions ['ignore', 'ignore_ament_install']
[0.505s] Level 1:colcon.colcon_core.package_identification:_identify(src) by extension 'ignore'
[0.505s] Level 1:colcon.colcon_core.package_identification:_identify(src) by extension 'ignore_ament_install'
[0.506s] Level 1:colcon.colcon_core.package_identification:_identify(src) by extensions ['colcon_pkg']
[0.506s] Level 1:colcon.colcon_core.package_identification:_identify(src) by extension 'colcon_pkg'
[0.506s] Level 1:colcon.colcon_core.package_identification:_identify(src) by extensions ['colcon_meta']
[0.506s] Level 1:colcon.colcon_core.package_identification:_identify(src) by extension 'colcon_meta'
[0.506s] Level 1:colcon.colcon_core.package_identification:_identify(src) by extensions ['ros']
[0.506s] Level 1:colcon.colcon_core.package_identification:_identify(src) by extension 'ros'
[0.506s] Level 1:colcon.colcon_core.package_identification:_identify(src) by extensions ['cmake', 'python']
[0.506s] Level 1:colcon.colcon_core.package_identification:_identify(src) by extension 'cmake'
[0.506s] Level 1:colcon.colcon_core.package_identification:_identify(src) by extension 'python'
[0.506s] Level 1:colcon.colcon_core.package_identification:_identify(src) by extensions ['python_setup_py']
[0.506s] Level 1:colcon.colcon_core.package_identification:_identify(src) by extension 'python_setup_py'
[0.507s] Level 1:colcon.colcon_core.package_identification:_identify(src/pkg_cuadrar_rectangulos) by extensions ['ignore', 'ignore_ament_install']
[0.507s] Level 1:colcon.colcon_core.package_identification:_identify(src/pkg_cuadrar_rectangulos) by extension 'ignore'
[0.507s] Level 1:colcon.colcon_core.package_identification:_identify(src/pkg_cuadrar_rectangulos) by extension 'ignore_ament_install'
[0.507s] Level 1:colcon.colcon_core.package_identification:_identify(src/pkg_cuadrar_rectangulos) by extensions ['colcon_pkg']
[0.507s] Level 1:colcon.colcon_core.package_identification:_identify(src/pkg_cuadrar_rectangulos) by extension 'colcon_pkg'
[0.507s] Level 1:colcon.colcon_core.package_identification:_identify(src/pkg_cuadrar_rectangulos) by extensions ['colcon_meta']
[0.507s] Level 1:colcon.colcon_core.package_identification:_identify(src/pkg_cuadrar_rectangulos) by extension 'colcon_meta'
[0.507s] Level 1:colcon.colcon_core.package_identification:_identify(src/pkg_cuadrar_rectangulos) by extensions ['ros']
[0.507s] Level 1:colcon.colcon_core.package_identification:_identify(src/pkg_cuadrar_rectangulos) by extension 'ros'
[0.511s] DEBUG:colcon.colcon_core.package_identification:Package 'src/pkg_cuadrar_rectangulos' with type 'ros.ament_python' and name 'pkg_cuadrar_rectangulos'
[0.511s] Level 1:colcon.colcon_core.package_identification:_identify(src/pkg_vision_rasp) by extensions ['ignore', 'ignore_ament_install']
[0.511s] Level 1:colcon.colcon_core.package_identification:_identify(src/pkg_vision_rasp) by extension 'ignore'
[0.511s] Level 1:colcon.colcon_core.package_identification:_identify(src/pkg_vision_rasp) by extension 'ignore_ament_install'
[0.511s] Level 1:colcon.colcon_core.package_identification:_identify(src/pkg_vision_rasp) by extensions ['colcon_pkg']
[0.511s] Level 1:colcon.colcon_core.package_identification:_identify(src/pkg_vision_rasp) by extension 'colcon_pkg'
[0.511s] Level 1:colcon.colcon_core.package_identification:_identify(src/pkg_vision_rasp) by extensions ['colcon_meta']
[0.511s] Level 1:colcon.colcon_core.package_identification:_identify(src/pkg_vision_rasp) by extension 'colcon_meta'
[0.512s] Level 1:colcon.colcon_core.package_identification:_identify(src/pkg_vision_rasp) by extensions ['ros']
[0.512s] Level 1:colcon.colcon_core.package_identification:_identify(src/pkg_vision_rasp) by extension 'ros'
[0.512s] DEBUG:colcon.colcon_core.package_identification:Package 'src/pkg_vision_rasp' with type 'ros.ament_python' and name 'pkg_vision_rasp'
[0.513s] Level 1:colcon.colcon_core.package_identification:_identify(src/pkg_vision_visualizador) by extensions ['ignore', 'ignore_ament_install']
[0.513s] Level 1:colcon.colcon_core.package_identification:_identify(src/pkg_vision_visualizador) by extension 'ignore'
[0.513s] Level 1:colcon.colcon_core.package_identification:_identify(src/pkg_vision_visualizador) by extension 'ignore_ament_install'
[0.513s] Level 1:colcon.colcon_core.package_identification:_identify(src/pkg_vision_visualizador) by extensions ['colcon_pkg']
[0.513s] Level 1:colcon.colcon_core.package_identification:_identify(src/pkg_vision_visualizador) by extension 'colcon_pkg'
[0.513s] Level 1:colcon.colcon_core.package_identification:_identify(src/pkg_vision_visualizador) by extensions ['colcon_meta']
[0.513s] Level 1:colcon.colcon_core.package_identification:_identify(src/pkg_vision_visualizador) by extension 'colcon_meta'
[0.513s] Level 1:colcon.colcon_core.package_identification:_identify(src/pkg_vision_visualizador) by extensions ['ros']
[0.513s] Level 1:colcon.colcon_core.package_identification:_identify(src/pkg_vision_visualizador) by extension 'ros'
[0.514s] DEBUG:colcon.colcon_core.package_identification:Package 'src/pkg_vision_visualizador' with type 'ros.ament_python' and name 'pkg_vision_visualizador'
[0.514s] Level 1:colcon.colcon_core.package_discovery:discover_packages(recursive) using defaults
[0.514s] Level 1:colcon.colcon_core.package_discovery:discover_packages(ignore) discover
[0.514s] Level 1:colcon.colcon_core.package_discovery:discover_packages(ignore) using defaults
[0.514s] Level 1:colcon.colcon_core.package_discovery:discover_packages(path) discover
[0.514s] Level 1:colcon.colcon_core.package_discovery:discover_packages(path) using defaults
[0.548s] Level 1:colcon.colcon_core.package_discovery:discover_packages(prefix_path) check parameters
[0.548s] Level 1:colcon.colcon_core.package_discovery:discover_packages(prefix_path) discover
[0.551s] DEBUG:colcon.colcon_installed_package_information.package_discovery:Found 3 installed packages in /home/daniel/ProyectoFinal/Vision/vision_rasp/install
[0.554s] DEBUG:colcon.colcon_installed_package_information.package_discovery:Found 284 installed packages in /opt/ros/humble
[0.556s] Level 1:colcon.colcon_core.package_discovery:discover_packages(prefix_path) using defaults
[0.645s] Level 5:colcon.colcon_core.verb:set package 'pkg_cuadrar_rectangulos' build argument 'cmake_args' from command line to 'None'
[0.645s] Level 5:colcon.colcon_core.verb:set package 'pkg_cuadrar_rectangulos' build argument 'cmake_target' from command line to 'None'
[0.645s] Level 5:colcon.colcon_core.verb:set package 'pkg_cuadrar_rectangulos' build argument 'cmake_target_skip_unavailable' from command line to 'False'
[0.645s] Level 5:colcon.colcon_core.verb:set package 'pkg_cuadrar_rectangulos' build argument 'cmake_clean_cache' from command line to 'False'
[0.645s] Level 5:colcon.colcon_core.verb:set package 'pkg_cuadrar_rectangulos' build argument 'cmake_clean_first' from command line to 'False'
[0.645s] Level 5:colcon.colcon_core.verb:set package 'pkg_cuadrar_rectangulos' build argument 'cmake_force_configure' from command line to 'False'
[0.645s] Level 5:colcon.colcon_core.verb:set package 'pkg_cuadrar_rectangulos' build argument 'ament_cmake_args' from command line to 'None'
[0.645s] Level 5:colcon.colcon_core.verb:set package 'pkg_cuadrar_rectangulos' build argument 'catkin_cmake_args' from command line to 'None'
[0.646s] Level 5:colcon.colcon_core.verb:set package 'pkg_cuadrar_rectangulos' build argument 'catkin_skip_building_tests' from command line to 'False'
[0.646s] DEBUG:colcon.colcon_core.verb:Building package 'pkg_cuadrar_rectangulos' with the following arguments: {'ament_cmake_args': None, 'build_base': '/home/daniel/ProyectoFinal/Vision/vision_rasp/build/pkg_cuadrar_rectangulos', 'catkin_cmake_args': None, 'catkin_skip_building_tests': False, 'cmake_args': None, 'cmake_clean_cache': False, 'cmake_clean_first': False, 'cmake_force_configure': False, 'cmake_target': None, 'cmake_target_skip_unavailable': False, 'install_base': '/home/daniel/ProyectoFinal/Vision/vision_rasp/install/pkg_cuadrar_rectangulos', 'merge_install': False, 'path': '/home/daniel/ProyectoFinal/Vision/vision_rasp/src/pkg_cuadrar_rectangulos', 'symlink_install': False, 'test_result_base': None}
[0.647s] Level 5:colcon.colcon_core.verb:set package 'pkg_vision_rasp' build argument 'cmake_args' from command line to 'None'
[0.647s] Level 5:colcon.colcon_core.verb:set package 'pkg_vision_rasp' build argument 'cmake_target' from command line to 'None'
[0.647s] Level 5:colcon.colcon_core.verb:set package 'pkg_vision_rasp' build argument 'cmake_target_skip_unavailable' from command line to 'False'
[0.647s] Level 5:colcon.colcon_core.verb:set package 'pkg_vision_rasp' build argument 'cmake_clean_cache' from command line to 'False'
[0.647s] Level 5:colcon.colcon_core.verb:set package 'pkg_vision_rasp' build argument 'cmake_clean_first' from command line to 'False'
[0.647s] Level 5:colcon.colcon_core.verb:set package 'pkg_vision_rasp' build argument 'cmake_force_configure' from command line to 'False'
[0.647s] Level 5:colcon.colcon_core.verb:set package 'pkg_vision_rasp' build argument 'ament_cmake_args' from command line to 'None'
[0.647s] Level 5:colcon.colcon_core.verb:set package 'pkg_vision_rasp' build argument 'catkin_cmake_args' from command line to 'None'
[0.647s] Level 5:colcon.colcon_core.verb:set package 'pkg_vision_rasp' build argument 'catkin_skip_building_tests' from command line to 'False'
[0.647s] DEBUG:colcon.colcon_core.verb:Building package 'pkg_vision_rasp' with the following arguments: {'ament_cmake_args': None, 'build_base': '/home/daniel/ProyectoFinal/Vision/vision_rasp/build/pkg_vision_rasp', 'catkin_cmake_args': None, 'catkin_skip_building_tests': False, 'cmake_args': None, 'cmake_clean_cache': False, 'cmake_clean_first': False, 'cmake_force_configure': False, 'cmake_target': None, 'cmake_target_skip_unavailable': False, 'install_base': '/home/daniel/ProyectoFinal/Vision/vision_rasp/install/pkg_vision_rasp', 'merge_install': False, 'path': '/home/daniel/ProyectoFinal/Vision/vision_rasp/src/pkg_vision_rasp', 'symlink_install': False, 'test_result_base': None}
[0.649s] Level 5:colcon.colcon_core.verb:set package 'pkg_vision_visualizador' build argument 'cmake_args' from command line to 'None'
[0.649s] Level 5:colcon.colcon_core.verb:set package 'pkg_vision_visualizador' build argument 'cmake_target' from command line to 'None'
[0.649s] Level 5:colcon.colcon_core.verb:set package 'pkg_vision_visualizador' build argument 'cmake_target_skip_unavailable' from command line to 'False'
[0.649s] Level 5:colcon.colcon_core.verb:set package 'pkg_vision_visualizador' build argument 'cmake_clean_cache' from command line to 'False'
[0.649s] Level 5:colcon.colcon_core.verb:set package 'pkg_vision_visualizador' build argument 'cmake_clean_first' from command line to 'False'
[0.649s] Level 5:colcon.colcon_core.verb:set package 'pkg_vision_visualizador' build argument 'cmake_force_configure' from command line to 'False'
[0.649s] Level 5:colcon.colcon_core.verb:set package 'pkg_vision_visualizador' build argument 'ament_cmake_args' from command line to 'None'
[0.649s] Level 5:colcon.colcon_core.verb:set package 'pkg_vision_visualizador' build argument 'catkin_cmake_args' from command line to 'None'
[0.649s] Level 5:colcon.colcon_core.verb:set package 'pkg_vision_visualizador' build argument 'catkin_skip_building_tests' from command line to 'False'
[0.649s] DEBUG:colcon.colcon_core.verb:Building package 'pkg_vision_visualizador' with the following arguments: {'ament_cmake_args': None, 'build_base': '/home/daniel/ProyectoFinal/Vision/vision_rasp/build/pkg_vision_visualizador', 'catkin_cmake_args': None, 'catkin_skip_building_tests': False, 'cmake_args': None, 'cmake_clean_cache': False, 'cmake_clean_first': False, 'cmake_force_configure': False, 'cmake_target': None, 'cmake_target_skip_unavailable': False, 'install_base': '/home/daniel/ProyectoFinal/Vision/vision_rasp/install/pkg_vision_visualizador', 'merge_install': False, 'path': '/home/daniel/ProyectoFinal/Vision/vision_rasp/src/pkg_vision_visualizador', 'symlink_install': False, 'test_result_base': None}
[0.650s] INFO:colcon.colcon_core.executor:Executing jobs using 'parallel' executor
[0.654s] DEBUG:colcon.colcon_parallel_executor.executor.parallel:run_until_complete
[0.654s] INFO:colcon.colcon_ros.task.ament_python.build:Building ROS package in '/home/daniel/ProyectoFinal/Vision/vision_rasp/src/pkg_cuadrar_rectangulos' with build type 'ament_python'
[0.655s] Level 1:colcon.colcon_core.shell:create_environment_hook('pkg_cuadrar_rectangulos', 'ament_prefix_path')
[0.660s] INFO:colcon.colcon_core.plugin_system:Skipping extension 'colcon_core.shell.bat': Not used on non-Windows systems
[0.661s] INFO:colcon.colcon_core.shell:Creating environment hook '/home/daniel/ProyectoFinal/Vision/vision_rasp/install/pkg_cuadrar_rectangulos/share/pkg_cuadrar_rectangulos/hook/ament_prefix_path.ps1'
[0.661s] INFO:colcon.colcon_core.shell:Creating environment descriptor '/home/daniel/ProyectoFinal/Vision/vision_rasp/install/pkg_cuadrar_rectangulos/share/pkg_cuadrar_rectangulos/hook/ament_prefix_path.dsv'
[0.662s] INFO:colcon.colcon_core.shell:Creating environment hook '/home/daniel/ProyectoFinal/Vision/vision_rasp/install/pkg_cuadrar_rectangulos/share/pkg_cuadrar_rectangulos/hook/ament_prefix_path.sh'
[0.664s] INFO:colcon.colcon_core.shell:Skip shell extension 'powershell' for command environment: Not usable outside of PowerShell
[0.664s] DEBUG:colcon.colcon_core.shell:Skip shell extension 'dsv' for command environment
[0.670s] INFO:colcon.colcon_ros.task.ament_python.build:Building ROS package in '/home/daniel/ProyectoFinal/Vision/vision_rasp/src/pkg_vision_rasp' with build type 'ament_python'
[0.670s] Level 1:colcon.colcon_core.shell:create_environment_hook('pkg_vision_rasp', 'ament_prefix_path')
[0.672s] INFO:colcon.colcon_core.shell:Creating environment hook '/home/daniel/ProyectoFinal/Vision/vision_rasp/install/pkg_vision_rasp/share/pkg_vision_rasp/hook/ament_prefix_path.ps1'
[0.672s] INFO:colcon.colcon_core.shell:Creating environment descriptor '/home/daniel/ProyectoFinal/Vision/vision_rasp/install/pkg_vision_rasp/share/pkg_vision_rasp/hook/ament_prefix_path.dsv'
[0.673s] INFO:colcon.colcon_core.shell:Creating environment hook '/home/daniel/ProyectoFinal/Vision/vision_rasp/install/pkg_vision_rasp/share/pkg_vision_rasp/hook/ament_prefix_path.sh'
[0.675s] INFO:colcon.colcon_core.shell:Skip shell extension 'powershell' for command environment: Not usable outside of PowerShell
[0.675s] DEBUG:colcon.colcon_core.shell:Skip shell extension 'dsv' for command environment
[0.680s] INFO:colcon.colcon_ros.task.ament_python.build:Building ROS package in '/home/daniel/ProyectoFinal/Vision/vision_rasp/src/pkg_vision_visualizador' with build type 'ament_python'
[0.680s] Level 1:colcon.colcon_core.shell:create_environment_hook('pkg_vision_visualizador', 'ament_prefix_path')
[0.682s] INFO:colcon.colcon_core.shell:Creating environment hook '/home/daniel/ProyectoFinal/Vision/vision_rasp/install/pkg_vision_visualizador/share/pkg_vision_visualizador/hook/ament_prefix_path.ps1'
[0.683s] INFO:colcon.colcon_core.shell:Creating environment descriptor '/home/daniel/ProyectoFinal/Vision/vision_rasp/install/pkg_vision_visualizador/share/pkg_vision_visualizador/hook/ament_prefix_path.dsv'
[0.683s] INFO:colcon.colcon_core.shell:Creating environment hook '/home/daniel/ProyectoFinal/Vision/vision_rasp/install/pkg_vision_visualizador/share/pkg_vision_visualizador/hook/ament_prefix_path.sh'
[0.685s] INFO:colcon.colcon_core.shell:Skip shell extension 'powershell' for command environment: Not usable outside of PowerShell
[0.685s] DEBUG:colcon.colcon_core.shell:Skip shell extension 'dsv' for command environment
[1.037s] INFO:colcon.colcon_core.task.python.build:Building Python package in '/home/daniel/ProyectoFinal/Vision/vision_rasp/src/pkg_cuadrar_rectangulos'
[1.039s] INFO:colcon.colcon_core.shell:Skip shell extension 'powershell' for command environment: Not usable outside of PowerShell
[1.039s] DEBUG:colcon.colcon_core.shell:Skip shell extension 'dsv' for command environment
[1.417s] INFO:colcon.colcon_core.task.python.build:Building Python package in '/home/daniel/ProyectoFinal/Vision/vision_rasp/src/pkg_vision_rasp'
[1.419s] INFO:colcon.colcon_core.shell:Skip shell extension 'powershell' for command environment: Not usable outside of PowerShell
[1.419s] DEBUG:colcon.colcon_core.shell:Skip shell extension 'dsv' for command environment
[1.766s] INFO:colcon.colcon_core.task.python.build:Building Python package in '/home/daniel/ProyectoFinal/Vision/vision_rasp/src/pkg_vision_visualizador'
[1.768s] INFO:colcon.colcon_core.shell:Skip shell extension 'powershell' for command environment: Not usable outside of PowerShell
[1.768s] DEBUG:colcon.colcon_core.shell:Skip shell extension 'dsv' for command environment
[2.239s] DEBUG:colcon.colcon_core.event_handler.log_command:Invoking command in '/home/daniel/ProyectoFinal/Vision/vision_rasp/src/pkg_vision_rasp': PYTHONPATH=/home/daniel/ProyectoFinal/Vision/vision_rasp/build/pkg_vision_rasp/prefix_override:/home/daniel/ProyectoFinal/Vision/vision_rasp/install/pkg_vision_rasp/lib/python3.10/site-packages:${PYTHONPATH} /usr/bin/python3 setup.py egg_info --egg-base ../../build/pkg_vision_rasp build --build-base /home/daniel/ProyectoFinal/Vision/vision_rasp/build/pkg_vision_rasp/build install --record /home/daniel/ProyectoFinal/Vision/vision_rasp/build/pkg_vision_rasp/install.log --single-version-externally-managed
[2.242s] DEBUG:colcon.colcon_core.event_handler.log_command:Invoking command in '/home/daniel/ProyectoFinal/Vision/vision_rasp/src/pkg_vision_visualizador': PYTHONPATH=/home/daniel/ProyectoFinal/Vision/vision_rasp/build/pkg_vision_visualizador/prefix_override:/home/daniel/ProyectoFinal/Vision/vision_rasp/install/pkg_vision_visualizador/lib/python3.10/site-packages:${PYTHONPATH} /usr/bin/python3 setup.py egg_info --egg-base ../../build/pkg_vision_visualizador build --build-base /home/daniel/ProyectoFinal/Vision/vision_rasp/build/pkg_vision_visualizador/build install --record /home/daniel/ProyectoFinal/Vision/vision_rasp/build/pkg_vision_visualizador/install.log --single-version-externally-managed
[2.246s] DEBUG:colcon.colcon_core.event_handler.log_command:Invoking command in '/home/daniel/ProyectoFinal/Vision/vision_rasp/src/pkg_cuadrar_rectangulos': PYTHONPATH=/home/daniel/ProyectoFinal/Vision/vision_rasp/build/pkg_cuadrar_rectangulos/prefix_override:/home/daniel/ProyectoFinal/Vision/vision_rasp/install/pkg_cuadrar_rectangulos/lib/python3.10/site-packages:${PYTHONPATH} /usr/bin/python3 setup.py egg_info --egg-base ../../build/pkg_cuadrar_rectangulos build --build-base /home/daniel/ProyectoFinal/Vision/vision_rasp/build/pkg_cuadrar_rectangulos/build install --record /home/daniel/ProyectoFinal/Vision/vision_rasp/build/pkg_cuadrar_rectangulos/install.log --single-version-externally-managed
[2.664s] DEBUG:colcon.colcon_core.event_handler.log_command:Invoked command in '/home/daniel/ProyectoFinal/Vision/vision_rasp/src/pkg_vision_rasp' returned '0': PYTHONPATH=/home/daniel/ProyectoFinal/Vision/vision_rasp/build/pkg_vision_rasp/prefix_override:/home/daniel/ProyectoFinal/Vision/vision_rasp/install/pkg_vision_rasp/lib/python3.10/site-packages:${PYTHONPATH} /usr/bin/python3 setup.py egg_info --egg-base ../../build/pkg_vision_rasp build --build-base /home/daniel/ProyectoFinal/Vision/vision_rasp/build/pkg_vision_rasp/build install --record /home/daniel/ProyectoFinal/Vision/vision_rasp/build/pkg_vision_rasp/install.log --single-version-externally-managed
[2.670s] Level 1:colcon.colcon_core.environment:checking '/home/daniel/ProyectoFinal/Vision/vision_rasp/install/pkg_vision_rasp' for CMake module files
[2.671s] Level 1:colcon.colcon_core.environment:checking '/home/daniel/ProyectoFinal/Vision/vision_rasp/install/pkg_vision_rasp' for CMake config files
[2.672s] Level 1:colcon.colcon_core.environment:checking '/home/daniel/ProyectoFinal/Vision/vision_rasp/install/pkg_vision_rasp/lib'
[2.672s] Level 1:colcon.colcon_core.environment:checking '/home/daniel/ProyectoFinal/Vision/vision_rasp/install/pkg_vision_rasp/bin'
[2.672s] Level 1:colcon.colcon_core.environment:checking '/home/daniel/ProyectoFinal/Vision/vision_rasp/install/pkg_vision_rasp/lib/pkgconfig/pkg_vision_rasp.pc'
[2.673s] Level 1:colcon.colcon_core.environment:checking '/home/daniel/ProyectoFinal/Vision/vision_rasp/install/pkg_vision_rasp/lib/python3.10/site-packages'
[2.673s] Level 1:colcon.colcon_core.shell:create_environment_hook('pkg_vision_rasp', 'pythonpath')
[2.674s] INFO:colcon.colcon_core.shell:Creating environment hook '/home/daniel/ProyectoFinal/Vision/vision_rasp/install/pkg_vision_rasp/share/pkg_vision_rasp/hook/pythonpath.ps1'
[2.675s] INFO:colcon.colcon_core.shell:Creating environment descriptor '/home/daniel/ProyectoFinal/Vision/vision_rasp/install/pkg_vision_rasp/share/pkg_vision_rasp/hook/pythonpath.dsv'
[2.675s] INFO:colcon.colcon_core.shell:Creating environment hook '/home/daniel/ProyectoFinal/Vision/vision_rasp/install/pkg_vision_rasp/share/pkg_vision_rasp/hook/pythonpath.sh'
[2.676s] Level 1:colcon.colcon_core.environment:checking '/home/daniel/ProyectoFinal/Vision/vision_rasp/install/pkg_vision_rasp/bin'
[2.676s] Level 1:colcon.colcon_core.environment:create_environment_scripts_only(pkg_vision_rasp)
[2.678s] INFO:colcon.colcon_core.shell:Creating package script '/home/daniel/ProyectoFinal/Vision/vision_rasp/install/pkg_vision_rasp/share/pkg_vision_rasp/package.ps1'
[2.679s] INFO:colcon.colcon_core.shell:Creating package descriptor '/home/daniel/ProyectoFinal/Vision/vision_rasp/install/pkg_vision_rasp/share/pkg_vision_rasp/package.dsv'
[2.680s] INFO:colcon.colcon_core.shell:Creating package script '/home/daniel/ProyectoFinal/Vision/vision_rasp/install/pkg_vision_rasp/share/pkg_vision_rasp/package.sh'
[2.681s] INFO:colcon.colcon_core.shell:Creating package script '/home/daniel/ProyectoFinal/Vision/vision_rasp/install/pkg_vision_rasp/share/pkg_vision_rasp/package.bash'
[2.681s] INFO:colcon.colcon_core.shell:Creating package script '/home/daniel/ProyectoFinal/Vision/vision_rasp/install/pkg_vision_rasp/share/pkg_vision_rasp/package.zsh'
[2.682s] Level 1:colcon.colcon_core.environment:create_file_with_runtime_dependencies(/home/daniel/ProyectoFinal/Vision/vision_rasp/install/pkg_vision_rasp/share/colcon-core/packages/pkg_vision_rasp)
[2.686s] Level 1:colcon.colcon_core.environment:checking '/home/daniel/ProyectoFinal/Vision/vision_rasp/install/pkg_cuadrar_rectangulos' for CMake module files
[2.688s] DEBUG:colcon.colcon_core.event_handler.log_command:Invoked command in '/home/daniel/ProyectoFinal/Vision/vision_rasp/src/pkg_cuadrar_rectangulos' returned '0': PYTHONPATH=/home/daniel/ProyectoFinal/Vision/vision_rasp/build/pkg_cuadrar_rectangulos/prefix_override:/home/daniel/ProyectoFinal/Vision/vision_rasp/install/pkg_cuadrar_rectangulos/lib/python3.10/site-packages:${PYTHONPATH} /usr/bin/python3 setup.py egg_info --egg-base ../../build/pkg_cuadrar_rectangulos build --build-base /home/daniel/ProyectoFinal/Vision/vision_rasp/build/pkg_cuadrar_rectangulos/build install --record /home/daniel/ProyectoFinal/Vision/vision_rasp/build/pkg_cuadrar_rectangulos/install.log --single-version-externally-managed
[2.688s] Level 1:colcon.colcon_core.environment:checking '/home/daniel/ProyectoFinal/Vision/vision_rasp/install/pkg_cuadrar_rectangulos' for CMake config files
[2.689s] Level 1:colcon.colcon_core.environment:checking '/home/daniel/ProyectoFinal/Vision/vision_rasp/install/pkg_cuadrar_rectangulos/lib'
[2.689s] Level 1:colcon.colcon_core.environment:checking '/home/daniel/ProyectoFinal/Vision/vision_rasp/install/pkg_cuadrar_rectangulos/bin'
[2.689s] Level 1:colcon.colcon_core.environment:checking '/home/daniel/ProyectoFinal/Vision/vision_rasp/install/pkg_cuadrar_rectangulos/lib/pkgconfig/pkg_cuadrar_rectangulos.pc'
[2.689s] Level 1:colcon.colcon_core.environment:checking '/home/daniel/ProyectoFinal/Vision/vision_rasp/install/pkg_cuadrar_rectangulos/lib/python3.10/site-packages'
[2.689s] Level 1:colcon.colcon_core.shell:create_environment_hook('pkg_cuadrar_rectangulos', 'pythonpath')
[2.691s] INFO:colcon.colcon_core.shell:Creating environment hook '/home/daniel/ProyectoFinal/Vision/vision_rasp/install/pkg_cuadrar_rectangulos/share/pkg_cuadrar_rectangulos/hook/pythonpath.ps1'
[2.692s] INFO:colcon.colcon_core.shell:Creating environment descriptor '/home/daniel/ProyectoFinal/Vision/vision_rasp/install/pkg_cuadrar_rectangulos/share/pkg_cuadrar_rectangulos/hook/pythonpath.dsv'
[2.692s] INFO:colcon.colcon_core.shell:Creating environment hook '/home/daniel/ProyectoFinal/Vision/vision_rasp/install/pkg_cuadrar_rectangulos/share/pkg_cuadrar_rectangulos/hook/pythonpath.sh'
[2.693s] Level 1:colcon.colcon_core.environment:checking '/home/daniel/ProyectoFinal/Vision/vision_rasp/install/pkg_cuadrar_rectangulos/bin'
[2.693s] Level 1:colcon.colcon_core.environment:create_environment_scripts_only(pkg_cuadrar_rectangulos)
[2.695s] INFO:colcon.colcon_core.shell:Creating package script '/home/daniel/ProyectoFinal/Vision/vision_rasp/install/pkg_cuadrar_rectangulos/share/pkg_cuadrar_rectangulos/package.ps1'
[2.695s] INFO:colcon.colcon_core.shell:Creating package descriptor '/home/daniel/ProyectoFinal/Vision/vision_rasp/install/pkg_cuadrar_rectangulos/share/pkg_cuadrar_rectangulos/package.dsv'
[2.696s] INFO:colcon.colcon_core.shell:Creating package script '/home/daniel/ProyectoFinal/Vision/vision_rasp/install/pkg_cuadrar_rectangulos/share/pkg_cuadrar_rectangulos/package.sh'
[2.696s] INFO:colcon.colcon_core.shell:Creating package script '/home/daniel/ProyectoFinal/Vision/vision_rasp/install/pkg_cuadrar_rectangulos/share/pkg_cuadrar_rectangulos/package.bash'
[2.697s] INFO:colcon.colcon_core.shell:Creating package script '/home/daniel/ProyectoFinal/Vision/vision_rasp/install/pkg_cuadrar_rectangulos/share/pkg_cuadrar_rectangulos/package.zsh'
[2.697s] Level 1:colcon.colcon_core.environment:create_file_with_runtime_dependencies(/home/daniel/ProyectoFinal/Vision/vision_rasp/install/pkg_cuadrar_rectangulos/share/colcon-core/packages/pkg_cuadrar_rectangulos)
[2.702s] Level 1:colcon.colcon_core.environment:checking '/home/daniel/ProyectoFinal/Vision/vision_rasp/install/pkg_vision_visualizador' for CMake module files
[2.703s] Level 1:colcon.colcon_core.environment:checking '/home/daniel/ProyectoFinal/Vision/vision_rasp/install/pkg_vision_visualizador' for CMake config files
[2.703s] DEBUG:colcon.colcon_core.event_handler.log_command:Invoked command in '/home/daniel/ProyectoFinal/Vision/vision_rasp/src/pkg_vision_visualizador' returned '0': PYTHONPATH=/home/daniel/ProyectoFinal/Vision/vision_rasp/build/pkg_vision_visualizador/prefix_override:/home/daniel/ProyectoFinal/Vision/vision_rasp/install/pkg_vision_visualizador/lib/python3.10/site-packages:${PYTHONPATH} /usr/bin/python3 setup.py egg_info --egg-base ../../build/pkg_vision_visualizador build --build-base /home/daniel/ProyectoFinal/Vision/vision_rasp/build/pkg_vision_visualizador/build install --record /home/daniel/ProyectoFinal/Vision/vision_rasp/build/pkg_vision_visualizador/install.log --single-version-externally-managed
[2.704s] Level 1:colcon.colcon_core.environment:checking '/home/daniel/ProyectoFinal/Vision/vision_rasp/install/pkg_vision_visualizador/lib'
[2.704s] Level 1:colcon.colcon_core.environment:checking '/home/daniel/ProyectoFinal/Vision/vision_rasp/install/pkg_vision_visualizador/bin'
[2.704s] Level 1:colcon.colcon_core.environment:checking '/home/daniel/ProyectoFinal/Vision/vision_rasp/install/pkg_vision_visualizador/lib/pkgconfig/pkg_vision_visualizador.pc'
[2.704s] Level 1:colcon.colcon_core.environment:checking '/home/daniel/ProyectoFinal/Vision/vision_rasp/install/pkg_vision_visualizador/lib/python3.10/site-packages'
[2.704s] Level 1:colcon.colcon_core.shell:create_environment_hook('pkg_vision_visualizador', 'pythonpath')
[2.706s] INFO:colcon.colcon_core.shell:Creating environment hook '/home/daniel/ProyectoFinal/Vision/vision_rasp/install/pkg_vision_visualizador/share/pkg_vision_visualizador/hook/pythonpath.ps1'
[2.707s] INFO:colcon.colcon_core.shell:Creating environment descriptor '/home/daniel/ProyectoFinal/Vision/vision_rasp/install/pkg_vision_visualizador/share/pkg_vision_visualizador/hook/pythonpath.dsv'
[2.707s] INFO:colcon.colcon_core.shell:Creating environment hook '/home/daniel/ProyectoFinal/Vision/vision_rasp/install/pkg_vision_visualizador/share/pkg_vision_visualizador/hook/pythonpath.sh'
[2.708s] Level 1:colcon.colcon_core.environment:checking '/home/daniel/ProyectoFinal/Vision/vision_rasp/install/pkg_vision_visualizador/bin'
[2.708s] Level 1:colcon.colcon_core.environment:create_environment_scripts_only(pkg_vision_visualizador)
[2.712s] INFO:colcon.colcon_core.shell:Creating package script '/home/daniel/ProyectoFinal/Vision/vision_rasp/install/pkg_vision_visualizador/share/pkg_vision_visualizador/package.ps1'
[2.712s] INFO:colcon.colcon_core.shell:Creating package descriptor '/home/daniel/ProyectoFinal/Vision/vision_rasp/install/pkg_vision_visualizador/share/pkg_vision_visualizador/package.dsv'
[2.713s] INFO:colcon.colcon_core.shell:Creating package script '/home/daniel/ProyectoFinal/Vision/vision_rasp/install/pkg_vision_visualizador/share/pkg_vision_visualizador/package.sh'
[2.714s] INFO:colcon.colcon_core.shell:Creating package script '/home/daniel/ProyectoFinal/Vision/vision_rasp/install/pkg_vision_visualizador/share/pkg_vision_visualizador/package.bash'
[2.714s] INFO:colcon.colcon_core.shell:Creating package script '/home/daniel/ProyectoFinal/Vision/vision_rasp/install/pkg_vision_visualizador/share/pkg_vision_visualizador/package.zsh'
[2.715s] Level 1:colcon.colcon_core.environment:create_file_with_runtime_dependencies(/home/daniel/ProyectoFinal/Vision/vision_rasp/install/pkg_vision_visualizador/share/colcon-core/packages/pkg_vision_visualizador)
[2.715s] DEBUG:colcon.colcon_parallel_executor.executor.parallel:closing loop
[2.716s] DEBUG:colcon.colcon_parallel_executor.executor.parallel:loop closed
[2.716s] DEBUG:colcon.colcon_parallel_executor.executor.parallel:run_until_complete finished with '0'
[2.716s] DEBUG:colcon.colcon_core.event_reactor:joining thread
[2.722s] INFO:colcon.colcon_core.plugin_system:Skipping extension 'colcon_notification.desktop_notification.terminal_notifier': Not used on non-Darwin systems
[2.723s] INFO:colcon.colcon_core.plugin_system:Skipping extension 'colcon_notification.desktop_notification.win32': Not used on non-Windows systems
[2.723s] INFO:colcon.colcon_notification.desktop_notification:Sending desktop notification using 'notify2'
[2.736s] DEBUG:colcon.colcon_core.event_reactor:joined thread
[2.738s] INFO:colcon.colcon_core.shell:Creating prefix script '/home/daniel/ProyectoFinal/Vision/vision_rasp/install/local_setup.ps1'
[2.739s] INFO:colcon.colcon_core.shell:Creating prefix util module '/home/daniel/ProyectoFinal/Vision/vision_rasp/install/_local_setup_util_ps1.py'
[2.740s] INFO:colcon.colcon_core.shell:Creating prefix chain script '/home/daniel/ProyectoFinal/Vision/vision_rasp/install/setup.ps1'
[2.742s] INFO:colcon.colcon_core.shell:Creating prefix script '/home/daniel/ProyectoFinal/Vision/vision_rasp/install/local_setup.sh'
[2.743s] INFO:colcon.colcon_core.shell:Creating prefix util module '/home/daniel/ProyectoFinal/Vision/vision_rasp/install/_local_setup_util_sh.py'
[2.744s] INFO:colcon.colcon_core.shell:Creating prefix chain script '/home/daniel/ProyectoFinal/Vision/vision_rasp/install/setup.sh'
[2.745s] INFO:colcon.colcon_core.shell:Creating prefix script '/home/daniel/ProyectoFinal/Vision/vision_rasp/install/local_setup.bash'
[2.746s] INFO:colcon.colcon_core.shell:Creating prefix chain script '/home/daniel/ProyectoFinal/Vision/vision_rasp/install/setup.bash'
[2.748s] INFO:colcon.colcon_core.shell:Creating prefix script '/home/daniel/ProyectoFinal/Vision/vision_rasp/install/local_setup.zsh'
[2.748s] INFO:colcon.colcon_core.shell:Creating prefix chain script '/home/daniel/ProyectoFinal/Vision/vision_rasp/install/setup.zsh'
