[0.031s] Invoking command in '/home/tatianam/ProyectoFinal/Robotics/build/my_service_pkg': CMAKE_PREFIX_PATH=${CMAKE_PREFIX_PATH}:/home/tatianam/ProyectoFinal/Robotics/install/robot_movement:/home/tatianam/ProyectoFinal/Robotics/install/robot_manipulator:/opt/ros/humble /usr/bin/cmake --build /home/tatianam/ProyectoFinal/Robotics/build/my_service_pkg -- -j4 -l4
[0.466s] [ 12%] Built target my_service_pkg__rosidl_generator_c
[0.466s] [ 12%] Built target my_service_pkg__cpp
[0.466s] [ 12%] Built target ament_cmake_python_copy_my_service_pkg
[0.466s] [ 22%] Built target my_service_pkg__rosidl_typesupport_fastrtps_c
[0.467s] [ 32%] Built target my_service_pkg__rosidl_typesupport_fastrtps_cpp
[0.467s] [ 41%] Built target my_service_pkg__rosidl_typesupport_c
[0.467s] [ 51%] Built target my_service_pkg__rosidl_typesupport_introspection_c
[0.467s] [ 61%] Built target my_service_pkg__rosidl_typesupport_introspection_cpp
[0.467s] [ 70%] Built target my_service_pkg__rosidl_typesupport_cpp
[0.467s] [ 70%] Built target my_service_pkg
[0.467s] [ 74%] Built target my_service_pkg__py
[0.467s] [ 80%] Built target my_service_pkg__rosidl_generator_py
[0.467s] [ 90%] Built target my_service_pkg__rosidl_typesupport_fastrtps_c__pyext
[0.467s] [ 93%] Built target my_service_pkg__rosidl_typesupport_introspection_c__pyext
[0.468s] [100%] Built target my_service_pkg__rosidl_typesupport_c__pyext
[0.575s] running egg_info
[0.576s] writing my_service_pkg.egg-info/PKG-INFO
[0.577s] writing dependency_links to my_service_pkg.egg-info/dependency_links.txt
[0.578s] writing top-level names to my_service_pkg.egg-info/top_level.txt
[0.580s] reading manifest file 'my_service_pkg.egg-info/SOURCES.txt'
[0.582s] writing manifest file 'my_service_pkg.egg-info/SOURCES.txt'
[0.623s] [100%] Built target ament_cmake_python_build_my_service_pkg_egg
[0.818s] Invoked command in '/home/tatianam/ProyectoFinal/Robotics/build/my_service_pkg' returned '0': CMAKE_PREFIX_PATH=${CMAKE_PREFIX_PATH}:/home/tatianam/ProyectoFinal/Robotics/install/robot_movement:/home/tatianam/ProyectoFinal/Robotics/install/robot_manipulator:/opt/ros/humble /usr/bin/cmake --build /home/tatianam/ProyectoFinal/Robotics/build/my_service_pkg -- -j4 -l4
[0.899s] Invoking command in '/home/tatianam/ProyectoFinal/Robotics/build/my_service_pkg': CMAKE_PREFIX_PATH=${CMAKE_PREFIX_PATH}:/home/tatianam/ProyectoFinal/Robotics/install/robot_movement:/home/tatianam/ProyectoFinal/Robotics/install/robot_manipulator:/opt/ros/humble /usr/bin/cmake --install /home/tatianam/ProyectoFinal/Robotics/build/my_service_pkg
[0.908s] -- Install configuration: ""
[0.908s] -- Up-to-date: /home/tatianam/ProyectoFinal/Robotics/install/my_service_pkg/share/ament_index/resource_index/rosidl_interfaces/my_service_pkg
[0.909s] -- Up-to-date: /home/tatianam/ProyectoFinal/Robotics/install/my_service_pkg/include/my_service_pkg/my_service_pkg
[0.909s] -- Up-to-date: /home/tatianam/ProyectoFinal/Robotics/install/my_service_pkg/include/my_service_pkg/my_service_pkg/srv
[0.909s] -- Up-to-date: /home/tatianam/ProyectoFinal/Robotics/install/my_service_pkg/include/my_service_pkg/my_service_pkg/srv/set_trajectory_file.h
[0.909s] -- Up-to-date: /home/tatianam/ProyectoFinal/Robotics/install/my_service_pkg/include/my_service_pkg/my_service_pkg/srv/detail
[0.909s] -- Up-to-date: /home/tatianam/ProyectoFinal/Robotics/install/my_service_pkg/include/my_service_pkg/my_service_pkg/srv/detail/set_trajectory_file__struct.h
[0.909s] -- Up-to-date: /home/tatianam/ProyectoFinal/Robotics/install/my_service_pkg/include/my_service_pkg/my_service_pkg/srv/detail/set_trajectory_file__type_support.h
[0.909s] -- Up-to-date: /home/tatianam/ProyectoFinal/Robotics/install/my_service_pkg/include/my_service_pkg/my_service_pkg/srv/detail/set_trajectory_file__functions.c
[0.909s] -- Up-to-date: /home/tatianam/ProyectoFinal/Robotics/install/my_service_pkg/include/my_service_pkg/my_service_pkg/srv/detail/set_trajectory_file__functions.h
[0.910s] -- Up-to-date: /home/tatianam/ProyectoFinal/Robotics/install/my_service_pkg/include/my_service_pkg/my_service_pkg/msg
[0.910s] -- Up-to-date: /home/tatianam/ProyectoFinal/Robotics/install/my_service_pkg/include/my_service_pkg/my_service_pkg/msg/rosidl_generator_c__visibility_control.h
[0.910s] -- Up-to-date: /home/tatianam/ProyectoFinal/Robotics/install/my_service_pkg/share/my_service_pkg/environment/library_path.sh
[0.910s] -- Up-to-date: /home/tatianam/ProyectoFinal/Robotics/install/my_service_pkg/share/my_service_pkg/environment/library_path.dsv
[0.910s] -- Up-to-date: /home/tatianam/ProyectoFinal/Robotics/install/my_service_pkg/lib/libmy_service_pkg__rosidl_generator_c.so
[0.910s] -- Up-to-date: /home/tatianam/ProyectoFinal/Robotics/install/my_service_pkg/include/my_service_pkg/my_service_pkg
[0.910s] -- Up-to-date: /home/tatianam/ProyectoFinal/Robotics/install/my_service_pkg/include/my_service_pkg/my_service_pkg/srv
[0.911s] -- Up-to-date: /home/tatianam/ProyectoFinal/Robotics/install/my_service_pkg/include/my_service_pkg/my_service_pkg/srv/detail
[0.911s] -- Up-to-date: /home/tatianam/ProyectoFinal/Robotics/install/my_service_pkg/include/my_service_pkg/my_service_pkg/srv/detail/set_trajectory_file__rosidl_typesupport_fastrtps_c.h
[0.911s] -- Up-to-date: /home/tatianam/ProyectoFinal/Robotics/install/my_service_pkg/include/my_service_pkg/my_service_pkg/msg
[0.911s] -- Up-to-date: /home/tatianam/ProyectoFinal/Robotics/install/my_service_pkg/include/my_service_pkg/my_service_pkg/msg/rosidl_typesupport_fastrtps_c__visibility_control.h
[0.911s] -- Up-to-date: /home/tatianam/ProyectoFinal/Robotics/install/my_service_pkg/lib/libmy_service_pkg__rosidl_typesupport_fastrtps_c.so
[0.911s] -- Up-to-date: /home/tatianam/ProyectoFinal/Robotics/install/my_service_pkg/include/my_service_pkg/my_service_pkg
[0.912s] -- Up-to-date: /home/tatianam/ProyectoFinal/Robotics/install/my_service_pkg/include/my_service_pkg/my_service_pkg/srv
[0.912s] -- Up-to-date: /home/tatianam/ProyectoFinal/Robotics/install/my_service_pkg/include/my_service_pkg/my_service_pkg/srv/detail
[0.912s] -- Up-to-date: /home/tatianam/ProyectoFinal/Robotics/install/my_service_pkg/include/my_service_pkg/my_service_pkg/srv/detail/set_trajectory_file__type_support.c
[0.912s] -- Up-to-date: /home/tatianam/ProyectoFinal/Robotics/install/my_service_pkg/include/my_service_pkg/my_service_pkg/srv/detail/set_trajectory_file__rosidl_typesupport_introspection_c.h
[0.912s] -- Up-to-date: /home/tatianam/ProyectoFinal/Robotics/install/my_service_pkg/include/my_service_pkg/my_service_pkg/msg
[0.912s] -- Up-to-date: /home/tatianam/ProyectoFinal/Robotics/install/my_service_pkg/include/my_service_pkg/my_service_pkg/msg/rosidl_typesupport_introspection_c__visibility_control.h
[0.912s] -- Up-to-date: /home/tatianam/ProyectoFinal/Robotics/install/my_service_pkg/lib/libmy_service_pkg__rosidl_typesupport_introspection_c.so
[0.912s] -- Up-to-date: /home/tatianam/ProyectoFinal/Robotics/install/my_service_pkg/lib/libmy_service_pkg__rosidl_typesupport_c.so
[0.912s] -- Up-to-date: /home/tatianam/ProyectoFinal/Robotics/install/my_service_pkg/include/my_service_pkg/my_service_pkg
[0.913s] -- Up-to-date: /home/tatianam/ProyectoFinal/Robotics/install/my_service_pkg/include/my_service_pkg/my_service_pkg/srv
[0.913s] -- Up-to-date: /home/tatianam/ProyectoFinal/Robotics/install/my_service_pkg/include/my_service_pkg/my_service_pkg/srv/detail
[0.913s] -- Up-to-date: /home/tatianam/ProyectoFinal/Robotics/install/my_service_pkg/include/my_service_pkg/my_service_pkg/srv/detail/set_trajectory_file__struct.hpp
[0.913s] -- Up-to-date: /home/tatianam/ProyectoFinal/Robotics/install/my_service_pkg/include/my_service_pkg/my_service_pkg/srv/detail/set_trajectory_file__traits.hpp
[0.913s] -- Up-to-date: /home/tatianam/ProyectoFinal/Robotics/install/my_service_pkg/include/my_service_pkg/my_service_pkg/srv/detail/set_trajectory_file__builder.hpp
[0.913s] -- Up-to-date: /home/tatianam/ProyectoFinal/Robotics/install/my_service_pkg/include/my_service_pkg/my_service_pkg/srv/set_trajectory_file.hpp
[0.913s] -- Up-to-date: /home/tatianam/ProyectoFinal/Robotics/install/my_service_pkg/include/my_service_pkg/my_service_pkg
[0.913s] -- Up-to-date: /home/tatianam/ProyectoFinal/Robotics/install/my_service_pkg/include/my_service_pkg/my_service_pkg/srv
[0.914s] -- Up-to-date: /home/tatianam/ProyectoFinal/Robotics/install/my_service_pkg/include/my_service_pkg/my_service_pkg/srv/detail
[0.914s] -- Up-to-date: /home/tatianam/ProyectoFinal/Robotics/install/my_service_pkg/include/my_service_pkg/my_service_pkg/srv/detail/set_trajectory_file__rosidl_typesupport_fastrtps_cpp.hpp
[0.914s] -- Up-to-date: /home/tatianam/ProyectoFinal/Robotics/install/my_service_pkg/include/my_service_pkg/my_service_pkg/srv/detail/dds_fastrtps
[0.914s] -- Up-to-date: /home/tatianam/ProyectoFinal/Robotics/install/my_service_pkg/include/my_service_pkg/my_service_pkg/msg
[0.914s] -- Up-to-date: /home/tatianam/ProyectoFinal/Robotics/install/my_service_pkg/include/my_service_pkg/my_service_pkg/msg/rosidl_typesupport_fastrtps_cpp__visibility_control.h
[0.914s] -- Up-to-date: /home/tatianam/ProyectoFinal/Robotics/install/my_service_pkg/lib/libmy_service_pkg__rosidl_typesupport_fastrtps_cpp.so
[0.915s] -- Up-to-date: /home/tatianam/ProyectoFinal/Robotics/install/my_service_pkg/include/my_service_pkg/my_service_pkg
[0.915s] -- Up-to-date: /home/tatianam/ProyectoFinal/Robotics/install/my_service_pkg/include/my_service_pkg/my_service_pkg/srv
[0.915s] -- Up-to-date: /home/tatianam/ProyectoFinal/Robotics/install/my_service_pkg/include/my_service_pkg/my_service_pkg/srv/detail
[0.915s] -- Up-to-date: /home/tatianam/ProyectoFinal/Robotics/install/my_service_pkg/include/my_service_pkg/my_service_pkg/srv/detail/set_trajectory_file__type_support.cpp
[0.915s] -- Up-to-date: /home/tatianam/ProyectoFinal/Robotics/install/my_service_pkg/include/my_service_pkg/my_service_pkg/srv/detail/set_trajectory_file__rosidl_typesupport_introspection_cpp.hpp
[0.915s] -- Up-to-date: /home/tatianam/ProyectoFinal/Robotics/install/my_service_pkg/lib/libmy_service_pkg__rosidl_typesupport_introspection_cpp.so
[0.915s] -- Up-to-date: /home/tatianam/ProyectoFinal/Robotics/install/my_service_pkg/lib/libmy_service_pkg__rosidl_typesupport_cpp.so
[0.915s] -- Up-to-date: /home/tatianam/ProyectoFinal/Robotics/install/my_service_pkg/share/my_service_pkg/environment/pythonpath.sh
[0.915s] -- Up-to-date: /home/tatianam/ProyectoFinal/Robotics/install/my_service_pkg/share/my_service_pkg/environment/pythonpath.dsv
[0.915s] -- Up-to-date: /home/tatianam/ProyectoFinal/Robotics/install/my_service_pkg/local/lib/python3.10/dist-packages/my_service_pkg-0.0.0-py3.10.egg-info
[0.916s] -- Installing: /home/tatianam/ProyectoFinal/Robotics/install/my_service_pkg/local/lib/python3.10/dist-packages/my_service_pkg-0.0.0-py3.10.egg-info/PKG-INFO
[0.916s] -- Installing: /home/tatianam/ProyectoFinal/Robotics/install/my_service_pkg/local/lib/python3.10/dist-packages/my_service_pkg-0.0.0-py3.10.egg-info/dependency_links.txt
[0.916s] -- Installing: /home/tatianam/ProyectoFinal/Robotics/install/my_service_pkg/local/lib/python3.10/dist-packages/my_service_pkg-0.0.0-py3.10.egg-info/top_level.txt
[0.916s] -- Installing: /home/tatianam/ProyectoFinal/Robotics/install/my_service_pkg/local/lib/python3.10/dist-packages/my_service_pkg-0.0.0-py3.10.egg-info/SOURCES.txt
[0.916s] -- Up-to-date: /home/tatianam/ProyectoFinal/Robotics/install/my_service_pkg/local/lib/python3.10/dist-packages/my_service_pkg
[0.916s] -- Up-to-date: /home/tatianam/ProyectoFinal/Robotics/install/my_service_pkg/local/lib/python3.10/dist-packages/my_service_pkg/my_service_pkg_s__rosidl_typesupport_c.cpython-310-x86_64-linux-gnu.so
[0.916s] -- Up-to-date: /home/tatianam/ProyectoFinal/Robotics/install/my_service_pkg/local/lib/python3.10/dist-packages/my_service_pkg/libmy_service_pkg__rosidl_generator_py.so
[0.916s] -- Up-to-date: /home/tatianam/ProyectoFinal/Robotics/install/my_service_pkg/local/lib/python3.10/dist-packages/my_service_pkg/_my_service_pkg_s.ep.rosidl_typesupport_introspection_c.c
[0.916s] -- Up-to-date: /home/tatianam/ProyectoFinal/Robotics/install/my_service_pkg/local/lib/python3.10/dist-packages/my_service_pkg/__init__.py
[0.916s] -- Up-to-date: /home/tatianam/ProyectoFinal/Robotics/install/my_service_pkg/local/lib/python3.10/dist-packages/my_service_pkg/my_service_pkg_s__rosidl_typesupport_fastrtps_c.cpython-310-x86_64-linux-gnu.so
[0.917s] -- Up-to-date: /home/tatianam/ProyectoFinal/Robotics/install/my_service_pkg/local/lib/python3.10/dist-packages/my_service_pkg/_my_service_pkg_s.ep.rosidl_typesupport_fastrtps_c.c
[0.917s] -- Up-to-date: /home/tatianam/ProyectoFinal/Robotics/install/my_service_pkg/local/lib/python3.10/dist-packages/my_service_pkg/_my_service_pkg_s.ep.rosidl_typesupport_c.c
[0.917s] -- Up-to-date: /home/tatianam/ProyectoFinal/Robotics/install/my_service_pkg/local/lib/python3.10/dist-packages/my_service_pkg/srv
[0.917s] -- Up-to-date: /home/tatianam/ProyectoFinal/Robotics/install/my_service_pkg/local/lib/python3.10/dist-packages/my_service_pkg/srv/__init__.py
[0.917s] -- Up-to-date: /home/tatianam/ProyectoFinal/Robotics/install/my_service_pkg/local/lib/python3.10/dist-packages/my_service_pkg/srv/_set_trajectory_file_s.c
[0.917s] -- Up-to-date: /home/tatianam/ProyectoFinal/Robotics/install/my_service_pkg/local/lib/python3.10/dist-packages/my_service_pkg/srv/_set_trajectory_file.py
[0.917s] -- Up-to-date: /home/tatianam/ProyectoFinal/Robotics/install/my_service_pkg/local/lib/python3.10/dist-packages/my_service_pkg/my_service_pkg_s__rosidl_typesupport_introspection_c.cpython-310-x86_64-linux-gnu.so
[0.965s] Listing '/home/tatianam/ProyectoFinal/Robotics/install/my_service_pkg/local/lib/python3.10/dist-packages/my_service_pkg'...
[0.965s] Listing '/home/tatianam/ProyectoFinal/Robotics/install/my_service_pkg/local/lib/python3.10/dist-packages/my_service_pkg/srv'...
[0.972s] -- Up-to-date: /home/tatianam/ProyectoFinal/Robotics/install/my_service_pkg/local/lib/python3.10/dist-packages/my_service_pkg/my_service_pkg_s__rosidl_typesupport_fastrtps_c.cpython-310-x86_64-linux-gnu.so
[0.972s] -- Up-to-date: /home/tatianam/ProyectoFinal/Robotics/install/my_service_pkg/local/lib/python3.10/dist-packages/my_service_pkg/my_service_pkg_s__rosidl_typesupport_introspection_c.cpython-310-x86_64-linux-gnu.so
[0.973s] -- Up-to-date: /home/tatianam/ProyectoFinal/Robotics/install/my_service_pkg/local/lib/python3.10/dist-packages/my_service_pkg/my_service_pkg_s__rosidl_typesupport_c.cpython-310-x86_64-linux-gnu.so
[0.973s] -- Up-to-date: /home/tatianam/ProyectoFinal/Robotics/install/my_service_pkg/lib/libmy_service_pkg__rosidl_generator_py.so
[0.973s] -- Up-to-date: /home/tatianam/ProyectoFinal/Robotics/install/my_service_pkg/share/my_service_pkg/srv/SetTrajectoryFile.idl
[0.973s] -- Up-to-date: /home/tatianam/ProyectoFinal/Robotics/install/my_service_pkg/share/my_service_pkg/srv/SetTrajectoryFile.srv
[0.974s] -- Up-to-date: /home/tatianam/ProyectoFinal/Robotics/install/my_service_pkg/share/my_service_pkg/srv/SetTrajectoryFile_Request.msg
[0.974s] -- Up-to-date: /home/tatianam/ProyectoFinal/Robotics/install/my_service_pkg/share/my_service_pkg/srv/SetTrajectoryFile_Response.msg
[0.974s] -- Up-to-date: /home/tatianam/ProyectoFinal/Robotics/install/my_service_pkg/share/ament_index/resource_index/package_run_dependencies/my_service_pkg
[0.974s] -- Up-to-date: /home/tatianam/ProyectoFinal/Robotics/install/my_service_pkg/share/ament_index/resource_index/parent_prefix_path/my_service_pkg
[0.974s] -- Up-to-date: /home/tatianam/ProyectoFinal/Robotics/install/my_service_pkg/share/my_service_pkg/environment/ament_prefix_path.sh
[0.974s] -- Up-to-date: /home/tatianam/ProyectoFinal/Robotics/install/my_service_pkg/share/my_service_pkg/environment/ament_prefix_path.dsv
[0.974s] -- Up-to-date: /home/tatianam/ProyectoFinal/Robotics/install/my_service_pkg/share/my_service_pkg/environment/path.sh
[0.974s] -- Up-to-date: /home/tatianam/ProyectoFinal/Robotics/install/my_service_pkg/share/my_service_pkg/environment/path.dsv
[0.975s] -- Up-to-date: /home/tatianam/ProyectoFinal/Robotics/install/my_service_pkg/share/my_service_pkg/local_setup.bash
[0.975s] -- Up-to-date: /home/tatianam/ProyectoFinal/Robotics/install/my_service_pkg/share/my_service_pkg/local_setup.sh
[0.975s] -- Up-to-date: /home/tatianam/ProyectoFinal/Robotics/install/my_service_pkg/share/my_service_pkg/local_setup.zsh
[0.975s] -- Up-to-date: /home/tatianam/ProyectoFinal/Robotics/install/my_service_pkg/share/my_service_pkg/local_setup.dsv
[0.975s] -- Installing: /home/tatianam/ProyectoFinal/Robotics/install/my_service_pkg/share/my_service_pkg/package.dsv
[0.975s] -- Up-to-date: /home/tatianam/ProyectoFinal/Robotics/install/my_service_pkg/share/ament_index/resource_index/packages/my_service_pkg
[0.975s] -- Up-to-date: /home/tatianam/ProyectoFinal/Robotics/install/my_service_pkg/share/my_service_pkg/cmake/export_my_service_pkg__rosidl_generator_cExport.cmake
[0.975s] -- Up-to-date: /home/tatianam/ProyectoFinal/Robotics/install/my_service_pkg/share/my_service_pkg/cmake/export_my_service_pkg__rosidl_generator_cExport-noconfig.cmake
[0.976s] -- Up-to-date: /home/tatianam/ProyectoFinal/Robotics/install/my_service_pkg/share/my_service_pkg/cmake/export_my_service_pkg__rosidl_typesupport_fastrtps_cExport.cmake
[0.976s] -- Up-to-date: /home/tatianam/ProyectoFinal/Robotics/install/my_service_pkg/share/my_service_pkg/cmake/export_my_service_pkg__rosidl_typesupport_fastrtps_cExport-noconfig.cmake
[0.976s] -- Up-to-date: /home/tatianam/ProyectoFinal/Robotics/install/my_service_pkg/share/my_service_pkg/cmake/my_service_pkg__rosidl_typesupport_introspection_cExport.cmake
[0.976s] -- Up-to-date: /home/tatianam/ProyectoFinal/Robotics/install/my_service_pkg/share/my_service_pkg/cmake/my_service_pkg__rosidl_typesupport_introspection_cExport-noconfig.cmake
[0.976s] -- Up-to-date: /home/tatianam/ProyectoFinal/Robotics/install/my_service_pkg/share/my_service_pkg/cmake/my_service_pkg__rosidl_typesupport_cExport.cmake
[0.976s] -- Up-to-date: /home/tatianam/ProyectoFinal/Robotics/install/my_service_pkg/share/my_service_pkg/cmake/my_service_pkg__rosidl_typesupport_cExport-noconfig.cmake
[0.976s] -- Up-to-date: /home/tatianam/ProyectoFinal/Robotics/install/my_service_pkg/share/my_service_pkg/cmake/export_my_service_pkg__rosidl_generator_cppExport.cmake
[0.977s] -- Up-to-date: /home/tatianam/ProyectoFinal/Robotics/install/my_service_pkg/share/my_service_pkg/cmake/export_my_service_pkg__rosidl_typesupport_fastrtps_cppExport.cmake
[0.977s] -- Up-to-date: /home/tatianam/ProyectoFinal/Robotics/install/my_service_pkg/share/my_service_pkg/cmake/export_my_service_pkg__rosidl_typesupport_fastrtps_cppExport-noconfig.cmake
[0.977s] -- Up-to-date: /home/tatianam/ProyectoFinal/Robotics/install/my_service_pkg/share/my_service_pkg/cmake/my_service_pkg__rosidl_typesupport_introspection_cppExport.cmake
[0.977s] -- Up-to-date: /home/tatianam/ProyectoFinal/Robotics/install/my_service_pkg/share/my_service_pkg/cmake/my_service_pkg__rosidl_typesupport_introspection_cppExport-noconfig.cmake
[0.977s] -- Up-to-date: /home/tatianam/ProyectoFinal/Robotics/install/my_service_pkg/share/my_service_pkg/cmake/my_service_pkg__rosidl_typesupport_cppExport.cmake
[0.977s] -- Up-to-date: /home/tatianam/ProyectoFinal/Robotics/install/my_service_pkg/share/my_service_pkg/cmake/my_service_pkg__rosidl_typesupport_cppExport-noconfig.cmake
[0.977s] -- Up-to-date: /home/tatianam/ProyectoFinal/Robotics/install/my_service_pkg/share/my_service_pkg/cmake/export_my_service_pkg__rosidl_generator_pyExport.cmake
[0.977s] -- Up-to-date: /home/tatianam/ProyectoFinal/Robotics/install/my_service_pkg/share/my_service_pkg/cmake/export_my_service_pkg__rosidl_generator_pyExport-noconfig.cmake
[0.977s] -- Up-to-date: /home/tatianam/ProyectoFinal/Robotics/install/my_service_pkg/share/my_service_pkg/cmake/rosidl_cmake-extras.cmake
[0.978s] -- Up-to-date: /home/tatianam/ProyectoFinal/Robotics/install/my_service_pkg/share/my_service_pkg/cmake/ament_cmake_export_include_directories-extras.cmake
[0.978s] -- Up-to-date: /home/tatianam/ProyectoFinal/Robotics/install/my_service_pkg/share/my_service_pkg/cmake/ament_cmake_export_libraries-extras.cmake
[0.978s] -- Up-to-date: /home/tatianam/ProyectoFinal/Robotics/install/my_service_pkg/share/my_service_pkg/cmake/ament_cmake_export_targets-extras.cmake
[0.978s] -- Up-to-date: /home/tatianam/ProyectoFinal/Robotics/install/my_service_pkg/share/my_service_pkg/cmake/rosidl_cmake_export_typesupport_targets-extras.cmake
[0.978s] -- Up-to-date: /home/tatianam/ProyectoFinal/Robotics/install/my_service_pkg/share/my_service_pkg/cmake/ament_cmake_export_dependencies-extras.cmake
[0.978s] -- Up-to-date: /home/tatianam/ProyectoFinal/Robotics/install/my_service_pkg/share/my_service_pkg/cmake/rosidl_cmake_export_typesupport_libraries-extras.cmake
[0.978s] -- Up-to-date: /home/tatianam/ProyectoFinal/Robotics/install/my_service_pkg/share/my_service_pkg/cmake/my_service_pkgConfig.cmake
[0.978s] -- Up-to-date: /home/tatianam/ProyectoFinal/Robotics/install/my_service_pkg/share/my_service_pkg/cmake/my_service_pkgConfig-version.cmake
[0.978s] -- Up-to-date: /home/tatianam/ProyectoFinal/Robotics/install/my_service_pkg/share/my_service_pkg/package.xml
[0.981s] Invoked command in '/home/tatianam/ProyectoFinal/Robotics/build/my_service_pkg' returned '0': CMAKE_PREFIX_PATH=${CMAKE_PREFIX_PATH}:/home/tatianam/ProyectoFinal/Robotics/install/robot_movement:/home/tatianam/ProyectoFinal/Robotics/install/robot_manipulator:/opt/ros/humble /usr/bin/cmake --install /home/tatianam/ProyectoFinal/Robotics/build/my_service_pkg
