[0.941s] DEBUG:colcon:Command line arguments: ['/usr/bin/colcon', 'build']
[0.941s] DEBUG:colcon:Parsed command line arguments: Namespace(log_base=None, log_level=None, verb_name='build', build_base='build', install_base='install', merge_install=False, symlink_install=False, test_result_base=None, continue_on_error=False, executor='parallel', parallel_workers=12, event_handlers=None, ignore_user_meta=False, metas=['./colcon.meta'], base_paths=['.'], packages_ignore=None, packages_ignore_regex=None, paths=None, packages_up_to=None, packages_up_to_regex=None, packages_above=None, packages_above_and_dependencies=None, packages_above_depth=None, packages_select_by_dep=None, packages_skip_by_dep=None, packages_skip_up_to=None, packages_select_build_failed=False, packages_skip_build_finished=False, packages_select_test_failures=False, packages_skip_test_passed=False, packages_select=None, packages_skip=None, packages_select_regex=None, packages_skip_regex=None, packages_start=None, packages_end=None, allow_overriding=[], cmake_args=None, cmake_target=None, cmake_target_skip_unavailable=False, cmake_clean_cache=False, cmake_clean_first=False, cmake_force_configure=False, ament_cmake_args=None, catkin_cmake_args=None, catkin_skip_building_tests=False, verb_parser=<colcon_defaults.argument_parser.defaults.DefaultArgumentsDecorator object at 0x7fbacabbe080>, verb_extension=<colcon_core.verb.build.BuildVerb object at 0x7fbacb4378e0>, main=<bound method BuildVerb.main of <colcon_core.verb.build.BuildVerb object at 0x7fbacb4378e0>>)
[1.119s] Level 1:colcon.colcon_core.package_discovery:discover_packages(colcon_meta) check parameters
[1.120s] Level 1:colcon.colcon_core.package_discovery:discover_packages(recursive) check parameters
[1.120s] Level 1:colcon.colcon_core.package_discovery:discover_packages(ignore) check parameters
[1.120s] Level 1:colcon.colcon_core.package_discovery:discover_packages(path) check parameters
[1.120s] Level 1:colcon.colcon_core.package_discovery:discover_packages(colcon_meta) discover
[1.120s] Level 1:colcon.colcon_core.package_discovery:discover_packages(recursive) discover
[1.120s] INFO:colcon.colcon_core.package_discovery:Crawling recursively for packages in '/home/yesopi/ProyectoFinal/Robotics'
[1.121s] Level 1:colcon.colcon_core.package_identification:_identify(.) by extensions ['ignore', 'ignore_ament_install']
[1.121s] Level 1:colcon.colcon_core.package_identification:_identify(.) by extension 'ignore'
[1.121s] Level 1:colcon.colcon_core.package_identification:_identify(.) by extension 'ignore_ament_install'
[1.122s] Level 1:colcon.colcon_core.package_identification:_identify(.) by extensions ['colcon_pkg']
[1.122s] Level 1:colcon.colcon_core.package_identification:_identify(.) by extension 'colcon_pkg'
[1.122s] Level 1:colcon.colcon_core.package_identification:_identify(.) by extensions ['colcon_meta']
[1.122s] Level 1:colcon.colcon_core.package_identification:_identify(.) by extension 'colcon_meta'
[1.122s] Level 1:colcon.colcon_core.package_identification:_identify(.) by extensions ['ros']
[1.122s] Level 1:colcon.colcon_core.package_identification:_identify(.) by extension 'ros'
[1.186s] Level 1:colcon.colcon_core.package_identification:_identify(.) by extensions ['cmake', 'python']
[1.186s] Level 1:colcon.colcon_core.package_identification:_identify(.) by extension 'cmake'
[1.186s] Level 1:colcon.colcon_core.package_identification:_identify(.) by extension 'python'
[1.187s] Level 1:colcon.colcon_core.package_identification:_identify(.) by extensions ['python_setup_py']
[1.187s] Level 1:colcon.colcon_core.package_identification:_identify(.) by extension 'python_setup_py'
[1.187s] Level 1:colcon.colcon_core.package_identification:_identify(Imagenes_interfaz_brazo) by extensions ['ignore', 'ignore_ament_install']
[1.187s] Level 1:colcon.colcon_core.package_identification:_identify(Imagenes_interfaz_brazo) by extension 'ignore'
[1.187s] Level 1:colcon.colcon_core.package_identification:_identify(Imagenes_interfaz_brazo) by extension 'ignore_ament_install'
[1.188s] Level 1:colcon.colcon_core.package_identification:_identify(Imagenes_interfaz_brazo) by extensions ['colcon_pkg']
[1.188s] Level 1:colcon.colcon_core.package_identification:_identify(Imagenes_interfaz_brazo) by extension 'colcon_pkg'
[1.188s] Level 1:colcon.colcon_core.package_identification:_identify(Imagenes_interfaz_brazo) by extensions ['colcon_meta']
[1.188s] Level 1:colcon.colcon_core.package_identification:_identify(Imagenes_interfaz_brazo) by extension 'colcon_meta'
[1.188s] Level 1:colcon.colcon_core.package_identification:_identify(Imagenes_interfaz_brazo) by extensions ['ros']
[1.188s] Level 1:colcon.colcon_core.package_identification:_identify(Imagenes_interfaz_brazo) by extension 'ros'
[1.188s] Level 1:colcon.colcon_core.package_identification:_identify(Imagenes_interfaz_brazo) by extensions ['cmake', 'python']
[1.188s] Level 1:colcon.colcon_core.package_identification:_identify(Imagenes_interfaz_brazo) by extension 'cmake'
[1.189s] Level 1:colcon.colcon_core.package_identification:_identify(Imagenes_interfaz_brazo) by extension 'python'
[1.189s] Level 1:colcon.colcon_core.package_identification:_identify(Imagenes_interfaz_brazo) by extensions ['python_setup_py']
[1.189s] Level 1:colcon.colcon_core.package_identification:_identify(Imagenes_interfaz_brazo) by extension 'python_setup_py'
[1.189s] Level 1:colcon.colcon_core.package_identification:_identify(build) by extensions ['ignore', 'ignore_ament_install']
[1.189s] Level 1:colcon.colcon_core.package_identification:_identify(build) by extension 'ignore'
[1.189s] Level 1:colcon.colcon_core.package_identification:_identify(build) ignored
[1.190s] Level 1:colcon.colcon_core.package_identification:_identify(install) by extensions ['ignore', 'ignore_ament_install']
[1.190s] Level 1:colcon.colcon_core.package_identification:_identify(install) by extension 'ignore'
[1.190s] Level 1:colcon.colcon_core.package_identification:_identify(install) ignored
[1.190s] Level 1:colcon.colcon_core.package_identification:_identify(log) by extensions ['ignore', 'ignore_ament_install']
[1.191s] Level 1:colcon.colcon_core.package_identification:_identify(log) by extension 'ignore'
[1.191s] Level 1:colcon.colcon_core.package_identification:_identify(log) ignored
[1.191s] Level 1:colcon.colcon_core.package_identification:_identify(src) by extensions ['ignore', 'ignore_ament_install']
[1.191s] Level 1:colcon.colcon_core.package_identification:_identify(src) by extension 'ignore'
[1.191s] Level 1:colcon.colcon_core.package_identification:_identify(src) by extension 'ignore_ament_install'
[1.191s] Level 1:colcon.colcon_core.package_identification:_identify(src) by extensions ['colcon_pkg']
[1.192s] Level 1:colcon.colcon_core.package_identification:_identify(src) by extension 'colcon_pkg'
[1.192s] Level 1:colcon.colcon_core.package_identification:_identify(src) by extensions ['colcon_meta']
[1.192s] Level 1:colcon.colcon_core.package_identification:_identify(src) by extension 'colcon_meta'
[1.192s] Level 1:colcon.colcon_core.package_identification:_identify(src) by extensions ['ros']
[1.192s] Level 1:colcon.colcon_core.package_identification:_identify(src) by extension 'ros'
[1.192s] Level 1:colcon.colcon_core.package_identification:_identify(src) by extensions ['cmake', 'python']
[1.192s] Level 1:colcon.colcon_core.package_identification:_identify(src) by extension 'cmake'
[1.192s] Level 1:colcon.colcon_core.package_identification:_identify(src) by extension 'python'
[1.193s] Level 1:colcon.colcon_core.package_identification:_identify(src) by extensions ['python_setup_py']
[1.193s] Level 1:colcon.colcon_core.package_identification:_identify(src) by extension 'python_setup_py'
[1.193s] Level 1:colcon.colcon_core.package_identification:_identify(src/my_service_pkg) by extensions ['ignore', 'ignore_ament_install']
[1.193s] Level 1:colcon.colcon_core.package_identification:_identify(src/my_service_pkg) by extension 'ignore'
[1.193s] Level 1:colcon.colcon_core.package_identification:_identify(src/my_service_pkg) by extension 'ignore_ament_install'
[1.193s] Level 1:colcon.colcon_core.package_identification:_identify(src/my_service_pkg) by extensions ['colcon_pkg']
[1.193s] Level 1:colcon.colcon_core.package_identification:_identify(src/my_service_pkg) by extension 'colcon_pkg'
[1.194s] Level 1:colcon.colcon_core.package_identification:_identify(src/my_service_pkg) by extensions ['colcon_meta']
[1.194s] Level 1:colcon.colcon_core.package_identification:_identify(src/my_service_pkg) by extension 'colcon_meta'
[1.194s] Level 1:colcon.colcon_core.package_identification:_identify(src/my_service_pkg) by extensions ['ros']
[1.194s] Level 1:colcon.colcon_core.package_identification:_identify(src/my_service_pkg) by extension 'ros'
[1.221s] DEBUG:colcon.colcon_core.package_identification:Package 'src/my_service_pkg' with type 'ros.ament_cmake' and name 'my_service_pkg'
[1.222s] Level 1:colcon.colcon_core.package_identification:_identify(src/robot_manipulator) by extensions ['ignore', 'ignore_ament_install']
[1.222s] Level 1:colcon.colcon_core.package_identification:_identify(src/robot_manipulator) by extension 'ignore'
[1.222s] Level 1:colcon.colcon_core.package_identification:_identify(src/robot_manipulator) by extension 'ignore_ament_install'
[1.223s] Level 1:colcon.colcon_core.package_identification:_identify(src/robot_manipulator) by extensions ['colcon_pkg']
[1.223s] Level 1:colcon.colcon_core.package_identification:_identify(src/robot_manipulator) by extension 'colcon_pkg'
[1.223s] Level 1:colcon.colcon_core.package_identification:_identify(src/robot_manipulator) by extensions ['colcon_meta']
[1.223s] Level 1:colcon.colcon_core.package_identification:_identify(src/robot_manipulator) by extension 'colcon_meta'
[1.223s] Level 1:colcon.colcon_core.package_identification:_identify(src/robot_manipulator) by extensions ['ros']
[1.223s] Level 1:colcon.colcon_core.package_identification:_identify(src/robot_manipulator) by extension 'ros'
[1.225s] DEBUG:colcon.colcon_core.package_identification:Package 'src/robot_manipulator' with type 'ros.ament_python' and name 'robot_manipulator'
[1.225s] Level 1:colcon.colcon_core.package_identification:_identify(src/robot_movement) by extensions ['ignore', 'ignore_ament_install']
[1.226s] Level 1:colcon.colcon_core.package_identification:_identify(src/robot_movement) by extension 'ignore'
[1.226s] Level 1:colcon.colcon_core.package_identification:_identify(src/robot_movement) by extension 'ignore_ament_install'
[1.226s] Level 1:colcon.colcon_core.package_identification:_identify(src/robot_movement) by extensions ['colcon_pkg']
[1.226s] Level 1:colcon.colcon_core.package_identification:_identify(src/robot_movement) by extension 'colcon_pkg'
[1.227s] Level 1:colcon.colcon_core.package_identification:_identify(src/robot_movement) by extensions ['colcon_meta']
[1.227s] Level 1:colcon.colcon_core.package_identification:_identify(src/robot_movement) by extension 'colcon_meta'
[1.227s] Level 1:colcon.colcon_core.package_identification:_identify(src/robot_movement) by extensions ['ros']
[1.227s] Level 1:colcon.colcon_core.package_identification:_identify(src/robot_movement) by extension 'ros'
[1.229s] DEBUG:colcon.colcon_core.package_identification:Package 'src/robot_movement' with type 'ros.ament_python' and name 'robot_movement'
[1.229s] Level 1:colcon.colcon_core.package_discovery:discover_packages(recursive) using defaults
[1.229s] Level 1:colcon.colcon_core.package_discovery:discover_packages(ignore) discover
[1.229s] Level 1:colcon.colcon_core.package_discovery:discover_packages(ignore) using defaults
[1.229s] Level 1:colcon.colcon_core.package_discovery:discover_packages(path) discover
[1.229s] Level 1:colcon.colcon_core.package_discovery:discover_packages(path) using defaults
[1.287s] Level 1:colcon.colcon_core.package_discovery:discover_packages(prefix_path) check parameters
[1.288s] Level 1:colcon.colcon_core.package_discovery:discover_packages(prefix_path) discover
[1.292s] DEBUG:colcon.colcon_installed_package_information.package_discovery:Found 270 installed packages in /opt/ros/humble
[1.294s] Level 1:colcon.colcon_core.package_discovery:discover_packages(prefix_path) using defaults
[1.368s] Level 5:colcon.colcon_core.verb:set package 'my_service_pkg' build argument 'cmake_args' from command line to 'None'
[1.368s] Level 5:colcon.colcon_core.verb:set package 'my_service_pkg' build argument 'cmake_target' from command line to 'None'
[1.368s] Level 5:colcon.colcon_core.verb:set package 'my_service_pkg' build argument 'cmake_target_skip_unavailable' from command line to 'False'
[1.368s] Level 5:colcon.colcon_core.verb:set package 'my_service_pkg' build argument 'cmake_clean_cache' from command line to 'False'
[1.368s] Level 5:colcon.colcon_core.verb:set package 'my_service_pkg' build argument 'cmake_clean_first' from command line to 'False'
[1.368s] Level 5:colcon.colcon_core.verb:set package 'my_service_pkg' build argument 'cmake_force_configure' from command line to 'False'
[1.368s] Level 5:colcon.colcon_core.verb:set package 'my_service_pkg' build argument 'ament_cmake_args' from command line to 'None'
[1.368s] Level 5:colcon.colcon_core.verb:set package 'my_service_pkg' build argument 'catkin_cmake_args' from command line to 'None'
[1.368s] Level 5:colcon.colcon_core.verb:set package 'my_service_pkg' build argument 'catkin_skip_building_tests' from command line to 'False'
[1.368s] DEBUG:colcon.colcon_core.verb:Building package 'my_service_pkg' with the following arguments: {'ament_cmake_args': None, 'build_base': '/home/yesopi/ProyectoFinal/Robotics/build/my_service_pkg', 'catkin_cmake_args': None, 'catkin_skip_building_tests': False, 'cmake_args': None, 'cmake_clean_cache': False, 'cmake_clean_first': False, 'cmake_force_configure': False, 'cmake_target': None, 'cmake_target_skip_unavailable': False, 'install_base': '/home/yesopi/ProyectoFinal/Robotics/install/my_service_pkg', 'merge_install': False, 'path': '/home/yesopi/ProyectoFinal/Robotics/src/my_service_pkg', 'symlink_install': False, 'test_result_base': None}
[1.370s] Level 5:colcon.colcon_core.verb:set package 'robot_manipulator' build argument 'cmake_args' from command line to 'None'
[1.370s] Level 5:colcon.colcon_core.verb:set package 'robot_manipulator' build argument 'cmake_target' from command line to 'None'
[1.370s] Level 5:colcon.colcon_core.verb:set package 'robot_manipulator' build argument 'cmake_target_skip_unavailable' from command line to 'False'
[1.370s] Level 5:colcon.colcon_core.verb:set package 'robot_manipulator' build argument 'cmake_clean_cache' from command line to 'False'
[1.370s] Level 5:colcon.colcon_core.verb:set package 'robot_manipulator' build argument 'cmake_clean_first' from command line to 'False'
[1.370s] Level 5:colcon.colcon_core.verb:set package 'robot_manipulator' build argument 'cmake_force_configure' from command line to 'False'
[1.370s] Level 5:colcon.colcon_core.verb:set package 'robot_manipulator' build argument 'ament_cmake_args' from command line to 'None'
[1.370s] Level 5:colcon.colcon_core.verb:set package 'robot_manipulator' build argument 'catkin_cmake_args' from command line to 'None'
[1.370s] Level 5:colcon.colcon_core.verb:set package 'robot_manipulator' build argument 'catkin_skip_building_tests' from command line to 'False'
[1.370s] DEBUG:colcon.colcon_core.verb:Building package 'robot_manipulator' with the following arguments: {'ament_cmake_args': None, 'build_base': '/home/yesopi/ProyectoFinal/Robotics/build/robot_manipulator', 'catkin_cmake_args': None, 'catkin_skip_building_tests': False, 'cmake_args': None, 'cmake_clean_cache': False, 'cmake_clean_first': False, 'cmake_force_configure': False, 'cmake_target': None, 'cmake_target_skip_unavailable': False, 'install_base': '/home/yesopi/ProyectoFinal/Robotics/install/robot_manipulator', 'merge_install': False, 'path': '/home/yesopi/ProyectoFinal/Robotics/src/robot_manipulator', 'symlink_install': False, 'test_result_base': None}
[1.371s] Level 5:colcon.colcon_core.verb:set package 'robot_movement' build argument 'cmake_args' from command line to 'None'
[1.371s] Level 5:colcon.colcon_core.verb:set package 'robot_movement' build argument 'cmake_target' from command line to 'None'
[1.371s] Level 5:colcon.colcon_core.verb:set package 'robot_movement' build argument 'cmake_target_skip_unavailable' from command line to 'False'
[1.371s] Level 5:colcon.colcon_core.verb:set package 'robot_movement' build argument 'cmake_clean_cache' from command line to 'False'
[1.371s] Level 5:colcon.colcon_core.verb:set package 'robot_movement' build argument 'cmake_clean_first' from command line to 'False'
[1.371s] Level 5:colcon.colcon_core.verb:set package 'robot_movement' build argument 'cmake_force_configure' from command line to 'False'
[1.371s] Level 5:colcon.colcon_core.verb:set package 'robot_movement' build argument 'ament_cmake_args' from command line to 'None'
[1.371s] Level 5:colcon.colcon_core.verb:set package 'robot_movement' build argument 'catkin_cmake_args' from command line to 'None'
[1.371s] Level 5:colcon.colcon_core.verb:set package 'robot_movement' build argument 'catkin_skip_building_tests' from command line to 'False'
[1.371s] DEBUG:colcon.colcon_core.verb:Building package 'robot_movement' with the following arguments: {'ament_cmake_args': None, 'build_base': '/home/yesopi/ProyectoFinal/Robotics/build/robot_movement', 'catkin_cmake_args': None, 'catkin_skip_building_tests': False, 'cmake_args': None, 'cmake_clean_cache': False, 'cmake_clean_first': False, 'cmake_force_configure': False, 'cmake_target': None, 'cmake_target_skip_unavailable': False, 'install_base': '/home/yesopi/ProyectoFinal/Robotics/install/robot_movement', 'merge_install': False, 'path': '/home/yesopi/ProyectoFinal/Robotics/src/robot_movement', 'symlink_install': False, 'test_result_base': None}
[1.372s] INFO:colcon.colcon_core.executor:Executing jobs using 'parallel' executor
[1.376s] DEBUG:colcon.colcon_parallel_executor.executor.parallel:run_until_complete
[1.376s] INFO:colcon.colcon_ros.task.ament_cmake.build:Building ROS package in '/home/yesopi/ProyectoFinal/Robotics/src/my_service_pkg' with build type 'ament_cmake'
[1.376s] INFO:colcon.colcon_cmake.task.cmake.build:Building CMake package in '/home/yesopi/ProyectoFinal/Robotics/src/my_service_pkg'
[1.414s] INFO:colcon.colcon_core.plugin_system:Skipping extension 'colcon_core.shell.bat': Not used on non-Windows systems
[1.415s] INFO:colcon.colcon_core.shell:Skip shell extension 'powershell' for command environment: Not usable outside of PowerShell
[1.415s] DEBUG:colcon.colcon_core.shell:Skip shell extension 'dsv' for command environment
[1.425s] INFO:colcon.colcon_ros.task.ament_python.build:Building ROS package in '/home/yesopi/ProyectoFinal/Robotics/src/robot_manipulator' with build type 'ament_python'
[1.426s] Level 1:colcon.colcon_core.shell:create_environment_hook('robot_manipulator', 'ament_prefix_path')
[1.429s] INFO:colcon.colcon_core.shell:Creating environment hook '/home/yesopi/ProyectoFinal/Robotics/install/robot_manipulator/share/robot_manipulator/hook/ament_prefix_path.ps1'
[1.430s] INFO:colcon.colcon_core.shell:Creating environment descriptor '/home/yesopi/ProyectoFinal/Robotics/install/robot_manipulator/share/robot_manipulator/hook/ament_prefix_path.dsv'
[1.431s] INFO:colcon.colcon_core.shell:Creating environment hook '/home/yesopi/ProyectoFinal/Robotics/install/robot_manipulator/share/robot_manipulator/hook/ament_prefix_path.sh'
[1.434s] INFO:colcon.colcon_core.shell:Skip shell extension 'powershell' for command environment: Not usable outside of PowerShell
[1.434s] DEBUG:colcon.colcon_core.shell:Skip shell extension 'dsv' for command environment
[1.438s] INFO:colcon.colcon_ros.task.ament_python.build:Building ROS package in '/home/yesopi/ProyectoFinal/Robotics/src/robot_movement' with build type 'ament_python'
[1.439s] Level 1:colcon.colcon_core.shell:create_environment_hook('robot_movement', 'ament_prefix_path')
[1.441s] INFO:colcon.colcon_core.shell:Creating environment hook '/home/yesopi/ProyectoFinal/Robotics/install/robot_movement/share/robot_movement/hook/ament_prefix_path.ps1'
[1.441s] INFO:colcon.colcon_core.shell:Creating environment descriptor '/home/yesopi/ProyectoFinal/Robotics/install/robot_movement/share/robot_movement/hook/ament_prefix_path.dsv'
[1.442s] INFO:colcon.colcon_core.shell:Creating environment hook '/home/yesopi/ProyectoFinal/Robotics/install/robot_movement/share/robot_movement/hook/ament_prefix_path.sh'
[1.444s] INFO:colcon.colcon_core.shell:Skip shell extension 'powershell' for command environment: Not usable outside of PowerShell
[1.444s] DEBUG:colcon.colcon_core.shell:Skip shell extension 'dsv' for command environment
[1.512s] DEBUG:colcon.colcon_core.event_handler.log_command:Invoking command in '/home/yesopi/ProyectoFinal/Robotics/build/my_service_pkg': CMAKE_PREFIX_PATH=/opt/ros/humble /usr/bin/cmake --build /home/yesopi/ProyectoFinal/Robotics/build/my_service_pkg -- -j12 -l12
[1.904s] INFO:colcon.colcon_core.task.python.build:Building Python package in '/home/yesopi/ProyectoFinal/Robotics/src/robot_manipulator'
[1.906s] INFO:colcon.colcon_core.shell:Skip shell extension 'powershell' for command environment: Not usable outside of PowerShell
[1.906s] DEBUG:colcon.colcon_core.shell:Skip shell extension 'dsv' for command environment
[2.202s] INFO:colcon.colcon_core.task.python.build:Building Python package in '/home/yesopi/ProyectoFinal/Robotics/src/robot_movement'
[2.204s] INFO:colcon.colcon_core.shell:Skip shell extension 'powershell' for command environment: Not usable outside of PowerShell
[2.204s] DEBUG:colcon.colcon_core.shell:Skip shell extension 'dsv' for command environment
[2.970s] DEBUG:colcon.colcon_core.event_handler.log_command:Invoking command in '/home/yesopi/ProyectoFinal/Robotics/src/robot_manipulator': PYTHONPATH=/home/yesopi/ProyectoFinal/Robotics/build/robot_manipulator/prefix_override:/home/yesopi/ProyectoFinal/Robotics/install/robot_manipulator/lib/python3.10/site-packages:${PYTHONPATH} /usr/bin/python3 setup.py egg_info --egg-base ../../build/robot_manipulator build --build-base /home/yesopi/ProyectoFinal/Robotics/build/robot_manipulator/build install --record /home/yesopi/ProyectoFinal/Robotics/build/robot_manipulator/install.log --single-version-externally-managed
[2.977s] DEBUG:colcon.colcon_core.event_handler.log_command:Invoking command in '/home/yesopi/ProyectoFinal/Robotics/src/robot_movement': PYTHONPATH=/home/yesopi/ProyectoFinal/Robotics/build/robot_movement/prefix_override:/home/yesopi/ProyectoFinal/Robotics/install/robot_movement/lib/python3.10/site-packages:${PYTHONPATH} /usr/bin/python3 setup.py egg_info --egg-base ../../build/robot_movement build --build-base /home/yesopi/ProyectoFinal/Robotics/build/robot_movement/build install --record /home/yesopi/ProyectoFinal/Robotics/build/robot_movement/install.log --single-version-externally-managed
[3.340s] DEBUG:colcon.colcon_core.event_handler.log_command:Invoked command in '/home/yesopi/ProyectoFinal/Robotics/src/robot_manipulator' returned '0': PYTHONPATH=/home/yesopi/ProyectoFinal/Robotics/build/robot_manipulator/prefix_override:/home/yesopi/ProyectoFinal/Robotics/install/robot_manipulator/lib/python3.10/site-packages:${PYTHONPATH} /usr/bin/python3 setup.py egg_info --egg-base ../../build/robot_manipulator build --build-base /home/yesopi/ProyectoFinal/Robotics/build/robot_manipulator/build install --record /home/yesopi/ProyectoFinal/Robotics/build/robot_manipulator/install.log --single-version-externally-managed
[3.346s] Level 1:colcon.colcon_core.environment:checking '/home/yesopi/ProyectoFinal/Robotics/install/robot_manipulator' for CMake module files
[3.347s] Level 1:colcon.colcon_core.environment:checking '/home/yesopi/ProyectoFinal/Robotics/install/robot_manipulator' for CMake config files
[3.348s] Level 1:colcon.colcon_core.environment:checking '/home/yesopi/ProyectoFinal/Robotics/install/robot_manipulator/lib'
[3.348s] Level 1:colcon.colcon_core.environment:checking '/home/yesopi/ProyectoFinal/Robotics/install/robot_manipulator/bin'
[3.348s] Level 1:colcon.colcon_core.environment:checking '/home/yesopi/ProyectoFinal/Robotics/install/robot_manipulator/lib/pkgconfig/robot_manipulator.pc'
[3.348s] Level 1:colcon.colcon_core.environment:checking '/home/yesopi/ProyectoFinal/Robotics/install/robot_manipulator/lib/python3.10/site-packages'
[3.349s] Level 1:colcon.colcon_core.shell:create_environment_hook('robot_manipulator', 'pythonpath')
[3.350s] INFO:colcon.colcon_core.shell:Creating environment hook '/home/yesopi/ProyectoFinal/Robotics/install/robot_manipulator/share/robot_manipulator/hook/pythonpath.ps1'
[3.351s] INFO:colcon.colcon_core.shell:Creating environment descriptor '/home/yesopi/ProyectoFinal/Robotics/install/robot_manipulator/share/robot_manipulator/hook/pythonpath.dsv'
[3.351s] INFO:colcon.colcon_core.shell:Creating environment hook '/home/yesopi/ProyectoFinal/Robotics/install/robot_manipulator/share/robot_manipulator/hook/pythonpath.sh'
[3.352s] Level 1:colcon.colcon_core.environment:checking '/home/yesopi/ProyectoFinal/Robotics/install/robot_manipulator/bin'
[3.352s] Level 1:colcon.colcon_core.environment:create_environment_scripts_only(robot_manipulator)
[3.354s] INFO:colcon.colcon_core.shell:Creating package script '/home/yesopi/ProyectoFinal/Robotics/install/robot_manipulator/share/robot_manipulator/package.ps1'
[3.355s] INFO:colcon.colcon_core.shell:Creating package descriptor '/home/yesopi/ProyectoFinal/Robotics/install/robot_manipulator/share/robot_manipulator/package.dsv'
[3.356s] INFO:colcon.colcon_core.shell:Creating package script '/home/yesopi/ProyectoFinal/Robotics/install/robot_manipulator/share/robot_manipulator/package.sh'
[3.357s] INFO:colcon.colcon_core.shell:Creating package script '/home/yesopi/ProyectoFinal/Robotics/install/robot_manipulator/share/robot_manipulator/package.bash'
[3.377s] INFO:colcon.colcon_core.shell:Creating package script '/home/yesopi/ProyectoFinal/Robotics/install/robot_manipulator/share/robot_manipulator/package.zsh'
[3.380s] Level 1:colcon.colcon_core.environment:create_file_with_runtime_dependencies(/home/yesopi/ProyectoFinal/Robotics/install/robot_manipulator/share/colcon-core/packages/robot_manipulator)
[3.390s] Level 1:colcon.colcon_core.environment:checking '/home/yesopi/ProyectoFinal/Robotics/install/robot_movement' for CMake module files
[3.392s] DEBUG:colcon.colcon_core.event_handler.log_command:Invoked command in '/home/yesopi/ProyectoFinal/Robotics/src/robot_movement' returned '0': PYTHONPATH=/home/yesopi/ProyectoFinal/Robotics/build/robot_movement/prefix_override:/home/yesopi/ProyectoFinal/Robotics/install/robot_movement/lib/python3.10/site-packages:${PYTHONPATH} /usr/bin/python3 setup.py egg_info --egg-base ../../build/robot_movement build --build-base /home/yesopi/ProyectoFinal/Robotics/build/robot_movement/build install --record /home/yesopi/ProyectoFinal/Robotics/build/robot_movement/install.log --single-version-externally-managed
[3.393s] Level 1:colcon.colcon_core.environment:checking '/home/yesopi/ProyectoFinal/Robotics/install/robot_movement' for CMake config files
[3.395s] Level 1:colcon.colcon_core.environment:checking '/home/yesopi/ProyectoFinal/Robotics/install/robot_movement/lib'
[3.395s] Level 1:colcon.colcon_core.environment:checking '/home/yesopi/ProyectoFinal/Robotics/install/robot_movement/bin'
[3.396s] Level 1:colcon.colcon_core.environment:checking '/home/yesopi/ProyectoFinal/Robotics/install/robot_movement/lib/pkgconfig/robot_movement.pc'
[3.397s] Level 1:colcon.colcon_core.environment:checking '/home/yesopi/ProyectoFinal/Robotics/install/robot_movement/lib/python3.10/site-packages'
[3.397s] Level 1:colcon.colcon_core.shell:create_environment_hook('robot_movement', 'pythonpath')
[3.401s] INFO:colcon.colcon_core.shell:Creating environment hook '/home/yesopi/ProyectoFinal/Robotics/install/robot_movement/share/robot_movement/hook/pythonpath.ps1'
[3.402s] INFO:colcon.colcon_core.shell:Creating environment descriptor '/home/yesopi/ProyectoFinal/Robotics/install/robot_movement/share/robot_movement/hook/pythonpath.dsv'
[3.403s] INFO:colcon.colcon_core.shell:Creating environment hook '/home/yesopi/ProyectoFinal/Robotics/install/robot_movement/share/robot_movement/hook/pythonpath.sh'
[3.404s] Level 1:colcon.colcon_core.environment:checking '/home/yesopi/ProyectoFinal/Robotics/install/robot_movement/bin'
[3.404s] Level 1:colcon.colcon_core.environment:create_environment_scripts_only(robot_movement)
[3.407s] INFO:colcon.colcon_core.shell:Creating package script '/home/yesopi/ProyectoFinal/Robotics/install/robot_movement/share/robot_movement/package.ps1'
[3.408s] INFO:colcon.colcon_core.shell:Creating package descriptor '/home/yesopi/ProyectoFinal/Robotics/install/robot_movement/share/robot_movement/package.dsv'
[3.409s] INFO:colcon.colcon_core.shell:Creating package script '/home/yesopi/ProyectoFinal/Robotics/install/robot_movement/share/robot_movement/package.sh'
[3.410s] INFO:colcon.colcon_core.shell:Creating package script '/home/yesopi/ProyectoFinal/Robotics/install/robot_movement/share/robot_movement/package.bash'
[3.410s] INFO:colcon.colcon_core.shell:Creating package script '/home/yesopi/ProyectoFinal/Robotics/install/robot_movement/share/robot_movement/package.zsh'
[3.411s] Level 1:colcon.colcon_core.environment:create_file_with_runtime_dependencies(/home/yesopi/ProyectoFinal/Robotics/install/robot_movement/share/colcon-core/packages/robot_movement)
[10.667s] DEBUG:colcon.colcon_core.event_handler.log_command:Invoked command in '/home/yesopi/ProyectoFinal/Robotics/build/my_service_pkg' returned '0': CMAKE_PREFIX_PATH=/opt/ros/humble /usr/bin/cmake --build /home/yesopi/ProyectoFinal/Robotics/build/my_service_pkg -- -j12 -l12
[10.721s] DEBUG:colcon.colcon_core.event_handler.log_command:Invoking command in '/home/yesopi/ProyectoFinal/Robotics/build/my_service_pkg': CMAKE_PREFIX_PATH=/opt/ros/humble /usr/bin/cmake --install /home/yesopi/ProyectoFinal/Robotics/build/my_service_pkg
[10.842s] Level 1:colcon.colcon_core.environment:create_environment_scripts_only(my_service_pkg)
[10.844s] Level 1:colcon.colcon_core.environment:checking '/home/yesopi/ProyectoFinal/Robotics/install/my_service_pkg' for CMake module files
[10.845s] DEBUG:colcon.colcon_core.event_handler.log_command:Invoked command in '/home/yesopi/ProyectoFinal/Robotics/build/my_service_pkg' returned '0': CMAKE_PREFIX_PATH=/opt/ros/humble /usr/bin/cmake --install /home/yesopi/ProyectoFinal/Robotics/build/my_service_pkg
[10.846s] Level 1:colcon.colcon_core.environment:checking '/home/yesopi/ProyectoFinal/Robotics/install/my_service_pkg' for CMake config files
[10.846s] Level 1:colcon.colcon_core.shell:create_environment_hook('my_service_pkg', 'cmake_prefix_path')
[10.847s] INFO:colcon.colcon_core.shell:Creating environment hook '/home/yesopi/ProyectoFinal/Robotics/install/my_service_pkg/share/my_service_pkg/hook/cmake_prefix_path.ps1'
[10.848s] INFO:colcon.colcon_core.shell:Creating environment descriptor '/home/yesopi/ProyectoFinal/Robotics/install/my_service_pkg/share/my_service_pkg/hook/cmake_prefix_path.dsv'
[10.848s] INFO:colcon.colcon_core.shell:Creating environment hook '/home/yesopi/ProyectoFinal/Robotics/install/my_service_pkg/share/my_service_pkg/hook/cmake_prefix_path.sh'
[10.849s] Level 1:colcon.colcon_core.environment:checking '/home/yesopi/ProyectoFinal/Robotics/install/my_service_pkg/lib'
[10.849s] Level 1:colcon.colcon_core.shell:create_environment_hook('my_service_pkg', 'ld_library_path_lib')
[10.851s] INFO:colcon.colcon_core.shell:Creating environment hook '/home/yesopi/ProyectoFinal/Robotics/install/my_service_pkg/share/my_service_pkg/hook/ld_library_path_lib.ps1'
[10.852s] INFO:colcon.colcon_core.shell:Creating environment descriptor '/home/yesopi/ProyectoFinal/Robotics/install/my_service_pkg/share/my_service_pkg/hook/ld_library_path_lib.dsv'
[10.852s] INFO:colcon.colcon_core.shell:Creating environment hook '/home/yesopi/ProyectoFinal/Robotics/install/my_service_pkg/share/my_service_pkg/hook/ld_library_path_lib.sh'
[10.853s] Level 1:colcon.colcon_core.environment:checking '/home/yesopi/ProyectoFinal/Robotics/install/my_service_pkg/bin'
[10.853s] Level 1:colcon.colcon_core.environment:checking '/home/yesopi/ProyectoFinal/Robotics/install/my_service_pkg/lib/pkgconfig/my_service_pkg.pc'
[10.853s] Level 1:colcon.colcon_core.environment:checking '/home/yesopi/ProyectoFinal/Robotics/install/my_service_pkg/lib/python3.10/site-packages'
[10.854s] Level 1:colcon.colcon_core.environment:checking '/home/yesopi/ProyectoFinal/Robotics/install/my_service_pkg/bin'
[10.855s] INFO:colcon.colcon_core.shell:Creating package script '/home/yesopi/ProyectoFinal/Robotics/install/my_service_pkg/share/my_service_pkg/package.ps1'
[10.856s] INFO:colcon.colcon_core.shell:Creating package descriptor '/home/yesopi/ProyectoFinal/Robotics/install/my_service_pkg/share/my_service_pkg/package.dsv'
[10.856s] INFO:colcon.colcon_core.shell:Creating package script '/home/yesopi/ProyectoFinal/Robotics/install/my_service_pkg/share/my_service_pkg/package.sh'
[10.857s] INFO:colcon.colcon_core.shell:Creating package script '/home/yesopi/ProyectoFinal/Robotics/install/my_service_pkg/share/my_service_pkg/package.bash'
[10.857s] INFO:colcon.colcon_core.shell:Creating package script '/home/yesopi/ProyectoFinal/Robotics/install/my_service_pkg/share/my_service_pkg/package.zsh'
[10.858s] Level 1:colcon.colcon_core.environment:create_file_with_runtime_dependencies(/home/yesopi/ProyectoFinal/Robotics/install/my_service_pkg/share/colcon-core/packages/my_service_pkg)
[10.905s] Level 1:colcon.colcon_core.environment:create_environment_scripts_only(my_service_pkg)
[10.908s] Level 1:colcon.colcon_core.environment:checking '/home/yesopi/ProyectoFinal/Robotics/install/my_service_pkg' for CMake module files
[10.908s] Level 1:colcon.colcon_core.environment:checking '/home/yesopi/ProyectoFinal/Robotics/install/my_service_pkg' for CMake config files
[10.908s] Level 1:colcon.colcon_core.shell:create_environment_hook('my_service_pkg', 'cmake_prefix_path')
[10.910s] INFO:colcon.colcon_core.shell:Creating environment hook '/home/yesopi/ProyectoFinal/Robotics/install/my_service_pkg/share/my_service_pkg/hook/cmake_prefix_path.ps1'
[10.910s] INFO:colcon.colcon_core.shell:Creating environment descriptor '/home/yesopi/ProyectoFinal/Robotics/install/my_service_pkg/share/my_service_pkg/hook/cmake_prefix_path.dsv'
[10.911s] INFO:colcon.colcon_core.shell:Creating environment hook '/home/yesopi/ProyectoFinal/Robotics/install/my_service_pkg/share/my_service_pkg/hook/cmake_prefix_path.sh'
[10.911s] Level 1:colcon.colcon_core.environment:checking '/home/yesopi/ProyectoFinal/Robotics/install/my_service_pkg/lib'
[10.911s] Level 1:colcon.colcon_core.shell:create_environment_hook('my_service_pkg', 'ld_library_path_lib')
[10.913s] INFO:colcon.colcon_core.shell:Creating environment hook '/home/yesopi/ProyectoFinal/Robotics/install/my_service_pkg/share/my_service_pkg/hook/ld_library_path_lib.ps1'
[10.913s] INFO:colcon.colcon_core.shell:Creating environment descriptor '/home/yesopi/ProyectoFinal/Robotics/install/my_service_pkg/share/my_service_pkg/hook/ld_library_path_lib.dsv'
[10.914s] INFO:colcon.colcon_core.shell:Creating environment hook '/home/yesopi/ProyectoFinal/Robotics/install/my_service_pkg/share/my_service_pkg/hook/ld_library_path_lib.sh'
[10.914s] Level 1:colcon.colcon_core.environment:checking '/home/yesopi/ProyectoFinal/Robotics/install/my_service_pkg/bin'
[10.914s] Level 1:colcon.colcon_core.environment:checking '/home/yesopi/ProyectoFinal/Robotics/install/my_service_pkg/lib/pkgconfig/my_service_pkg.pc'
[10.914s] Level 1:colcon.colcon_core.environment:checking '/home/yesopi/ProyectoFinal/Robotics/install/my_service_pkg/lib/python3.10/site-packages'
[10.915s] Level 1:colcon.colcon_core.environment:checking '/home/yesopi/ProyectoFinal/Robotics/install/my_service_pkg/bin'
[10.916s] INFO:colcon.colcon_core.shell:Creating package script '/home/yesopi/ProyectoFinal/Robotics/install/my_service_pkg/share/my_service_pkg/package.ps1'
[10.917s] INFO:colcon.colcon_core.shell:Creating package descriptor '/home/yesopi/ProyectoFinal/Robotics/install/my_service_pkg/share/my_service_pkg/package.dsv'
[10.917s] INFO:colcon.colcon_core.shell:Creating package script '/home/yesopi/ProyectoFinal/Robotics/install/my_service_pkg/share/my_service_pkg/package.sh'
[10.918s] INFO:colcon.colcon_core.shell:Creating package script '/home/yesopi/ProyectoFinal/Robotics/install/my_service_pkg/share/my_service_pkg/package.bash'
[10.919s] INFO:colcon.colcon_core.shell:Creating package script '/home/yesopi/ProyectoFinal/Robotics/install/my_service_pkg/share/my_service_pkg/package.zsh'
[10.919s] Level 1:colcon.colcon_core.environment:create_file_with_runtime_dependencies(/home/yesopi/ProyectoFinal/Robotics/install/my_service_pkg/share/colcon-core/packages/my_service_pkg)
[10.919s] DEBUG:colcon.colcon_parallel_executor.executor.parallel:closing loop
[10.920s] DEBUG:colcon.colcon_parallel_executor.executor.parallel:loop closed
[10.920s] DEBUG:colcon.colcon_parallel_executor.executor.parallel:run_until_complete finished with '0'
[10.920s] DEBUG:colcon.colcon_core.event_reactor:joining thread
[10.989s] INFO:colcon.colcon_core.plugin_system:Skipping extension 'colcon_notification.desktop_notification.terminal_notifier': Not used on non-Darwin systems
[10.989s] INFO:colcon.colcon_core.plugin_system:Skipping extension 'colcon_notification.desktop_notification.win32': Not used on non-Windows systems
[10.989s] INFO:colcon.colcon_notification.desktop_notification:Sending desktop notification using 'notify2'
[11.027s] DEBUG:colcon.colcon_core.event_reactor:joined thread
[11.031s] INFO:colcon.colcon_core.shell:Creating prefix script '/home/yesopi/ProyectoFinal/Robotics/install/local_setup.ps1'
[11.074s] INFO:colcon.colcon_core.shell:Creating prefix util module '/home/yesopi/ProyectoFinal/Robotics/install/_local_setup_util_ps1.py'
[11.094s] INFO:colcon.colcon_core.shell:Creating prefix chain script '/home/yesopi/ProyectoFinal/Robotics/install/setup.ps1'
[11.108s] INFO:colcon.colcon_core.shell:Creating prefix script '/home/yesopi/ProyectoFinal/Robotics/install/local_setup.sh'
[11.124s] INFO:colcon.colcon_core.shell:Creating prefix util module '/home/yesopi/ProyectoFinal/Robotics/install/_local_setup_util_sh.py'
[11.125s] INFO:colcon.colcon_core.shell:Creating prefix chain script '/home/yesopi/ProyectoFinal/Robotics/install/setup.sh'
[11.130s] INFO:colcon.colcon_core.shell:Creating prefix script '/home/yesopi/ProyectoFinal/Robotics/install/local_setup.bash'
[11.137s] INFO:colcon.colcon_core.shell:Creating prefix chain script '/home/yesopi/ProyectoFinal/Robotics/install/setup.bash'
[11.141s] INFO:colcon.colcon_core.shell:Creating prefix script '/home/yesopi/ProyectoFinal/Robotics/install/local_setup.zsh'
[11.153s] INFO:colcon.colcon_core.shell:Creating prefix chain script '/home/yesopi/ProyectoFinal/Robotics/install/setup.zsh'
