[1.041s] Invoking command in '/home/yesopi/ProyectoFinal/Robotics/src/robot_manipulator': PYTHONPATH=/home/yesopi/ProyectoFinal/Robotics/build/robot_manipulator/prefix_override:/home/yesopi/ProyectoFinal/Robotics/install/robot_manipulator/lib/python3.10/site-packages:${PYTHONPATH} /usr/bin/python3 setup.py egg_info --egg-base ../../build/robot_manipulator build --build-base /home/yesopi/ProyectoFinal/Robotics/build/robot_manipulator/build install --record /home/yesopi/ProyectoFinal/Robotics/build/robot_manipulator/install.log --single-version-externally-managed
[1.323s] running egg_info
[1.323s] writing ../../build/robot_manipulator/robot_manipulator.egg-info/PKG-INFO
[1.324s] writing dependency_links to ../../build/robot_manipulator/robot_manipulator.egg-info/dependency_links.txt
[1.324s] writing entry points to ../../build/robot_manipulator/robot_manipulator.egg-info/entry_points.txt
[1.324s] writing requirements to ../../build/robot_manipulator/robot_manipulator.egg-info/requires.txt
[1.324s] writing top-level names to ../../build/robot_manipulator/robot_manipulator.egg-info/top_level.txt
[1.326s] reading manifest file '../../build/robot_manipulator/robot_manipulator.egg-info/SOURCES.txt'
[1.327s] writing manifest file '../../build/robot_manipulator/robot_manipulator.egg-info/SOURCES.txt'
[1.327s] running build
[1.327s] running build_py
[1.328s] running install
[1.328s] /usr/lib/python3/dist-packages/setuptools/command/install.py:34: SetuptoolsDeprecationWarning: setup.py install is deprecated. Use build and pip and other standards-based tools.
[1.328s]   warnings.warn(
[1.328s] running install_lib
[1.329s] running install_data
[1.330s] running install_egg_info
[1.332s] removing '/home/yesopi/ProyectoFinal/Robotics/install/robot_manipulator/lib/python3.10/site-packages/robot_manipulator-0.0.0-py3.10.egg-info' (and everything under it)
[1.332s] Copying ../../build/robot_manipulator/robot_manipulator.egg-info to /home/yesopi/ProyectoFinal/Robotics/install/robot_manipulator/lib/python3.10/site-packages/robot_manipulator-0.0.0-py3.10.egg-info
[1.333s] running install_scripts
[1.357s] Installing interfaz_brazo script to /home/yesopi/ProyectoFinal/Robotics/install/robot_manipulator/lib/robot_manipulator
[1.357s] Installing pub script to /home/yesopi/ProyectoFinal/Robotics/install/robot_manipulator/lib/robot_manipulator
[1.357s] writing list of installed files to '/home/yesopi/ProyectoFinal/Robotics/build/robot_manipulator/install.log'
[1.385s] Invoked command in '/home/yesopi/ProyectoFinal/Robotics/src/robot_manipulator' returned '0': PYTHONPATH=/home/yesopi/ProyectoFinal/Robotics/build/robot_manipulator/prefix_override:/home/yesopi/ProyectoFinal/Robotics/install/robot_manipulator/lib/python3.10/site-packages:${PYTHONPATH} /usr/bin/python3 setup.py egg_info --egg-base ../../build/robot_manipulator build --build-base /home/yesopi/ProyectoFinal/Robotics/build/robot_manipulator/build install --record /home/yesopi/ProyectoFinal/Robotics/build/robot_manipulator/install.log --single-version-externally-managed
