[  3%] Built target my_service_pkg__cpp
[ 12%] Built target my_service_pkg__rosidl_generator_c
[ 12%] Built target ament_cmake_python_copy_my_service_pkg
[ 22%] Built target my_service_pkg__rosidl_typesupport_introspection_cpp
[ 32%] Built target my_service_pkg__rosidl_typesupport_cpp
[ 41%] Built target my_service_pkg__rosidl_typesupport_fastrtps_cpp
[ 51%] Built target my_service_pkg__rosidl_typesupport_fastrtps_c
[ 70%] Built target my_service_pkg__rosidl_typesupport_introspection_c
[ 70%] Built target my_service_pkg__rosidl_typesupport_c
[ 70%] Built target my_service_pkg
[ 74%] Built target my_service_pkg__py
[ 80%] Built target my_service_pkg__rosidl_generator_py
[ 87%] Built target my_service_pkg__rosidl_typesupport_introspection_c__pyext
[ 93%] Built target my_service_pkg__rosidl_typesupport_fastrtps_c__pyext
[100%] Built target my_service_pkg__rosidl_typesupport_c__pyext
running egg_info
writing my_service_pkg.egg-info/PKG-INFO
writing dependency_links to my_service_pkg.egg-info/dependency_links.txt
writing top-level names to my_service_pkg.egg-info/top_level.txt
reading manifest file 'my_service_pkg.egg-info/SOURCES.txt'
writing manifest file 'my_service_pkg.egg-info/SOURCES.txt'
[100%] Built target ament_cmake_python_build_my_service_pkg_egg
-- Install configuration: ""
-- Up-to-date: /home/tatianam/ProyectoFinal/Robotics/install/my_service_pkg/share/ament_index/resource_index/rosidl_interfaces/my_service_pkg
-- Up-to-date: /home/tatianam/ProyectoFinal/Robotics/install/my_service_pkg/include/my_service_pkg/my_service_pkg
-- Up-to-date: /home/tatianam/ProyectoFinal/Robotics/install/my_service_pkg/include/my_service_pkg/my_service_pkg/srv
-- Up-to-date: /home/tatianam/ProyectoFinal/Robotics/install/my_service_pkg/include/my_service_pkg/my_service_pkg/srv/set_trajectory_file.h
-- Up-to-date: /home/tatianam/ProyectoFinal/Robotics/install/my_service_pkg/include/my_service_pkg/my_service_pkg/srv/detail
-- Up-to-date: /home/tatianam/ProyectoFinal/Robotics/install/my_service_pkg/include/my_service_pkg/my_service_pkg/srv/detail/set_trajectory_file__struct.h
-- Up-to-date: /home/tatianam/ProyectoFinal/Robotics/install/my_service_pkg/include/my_service_pkg/my_service_pkg/srv/detail/set_trajectory_file__type_support.h
-- Up-to-date: /home/tatianam/ProyectoFinal/Robotics/install/my_service_pkg/include/my_service_pkg/my_service_pkg/srv/detail/set_trajectory_file__functions.c
-- Up-to-date: /home/tatianam/ProyectoFinal/Robotics/install/my_service_pkg/include/my_service_pkg/my_service_pkg/srv/detail/set_trajectory_file__functions.h
-- Up-to-date: /home/tatianam/ProyectoFinal/Robotics/install/my_service_pkg/include/my_service_pkg/my_service_pkg/msg
-- Up-to-date: /home/tatianam/ProyectoFinal/Robotics/install/my_service_pkg/include/my_service_pkg/my_service_pkg/msg/rosidl_generator_c__visibility_control.h
-- Up-to-date: /home/tatianam/ProyectoFinal/Robotics/install/my_service_pkg/share/my_service_pkg/environment/library_path.sh
-- Up-to-date: /home/tatianam/ProyectoFinal/Robotics/install/my_service_pkg/share/my_service_pkg/environment/library_path.dsv
-- Up-to-date: /home/tatianam/ProyectoFinal/Robotics/install/my_service_pkg/lib/libmy_service_pkg__rosidl_generator_c.so
-- Up-to-date: /home/tatianam/ProyectoFinal/Robotics/install/my_service_pkg/include/my_service_pkg/my_service_pkg
-- Up-to-date: /home/tatianam/ProyectoFinal/Robotics/install/my_service_pkg/include/my_service_pkg/my_service_pkg/srv
-- Up-to-date: /home/tatianam/ProyectoFinal/Robotics/install/my_service_pkg/include/my_service_pkg/my_service_pkg/srv/detail
-- Up-to-date: /home/tatianam/ProyectoFinal/Robotics/install/my_service_pkg/include/my_service_pkg/my_service_pkg/srv/detail/set_trajectory_file__rosidl_typesupport_fastrtps_c.h
-- Up-to-date: /home/tatianam/ProyectoFinal/Robotics/install/my_service_pkg/include/my_service_pkg/my_service_pkg/msg
-- Up-to-date: /home/tatianam/ProyectoFinal/Robotics/install/my_service_pkg/include/my_service_pkg/my_service_pkg/msg/rosidl_typesupport_fastrtps_c__visibility_control.h
-- Up-to-date: /home/tatianam/ProyectoFinal/Robotics/install/my_service_pkg/lib/libmy_service_pkg__rosidl_typesupport_fastrtps_c.so
-- Up-to-date: /home/tatianam/ProyectoFinal/Robotics/install/my_service_pkg/include/my_service_pkg/my_service_pkg
-- Up-to-date: /home/tatianam/ProyectoFinal/Robotics/install/my_service_pkg/include/my_service_pkg/my_service_pkg/srv
-- Up-to-date: /home/tatianam/ProyectoFinal/Robotics/install/my_service_pkg/include/my_service_pkg/my_service_pkg/srv/detail
-- Up-to-date: /home/tatianam/ProyectoFinal/Robotics/install/my_service_pkg/include/my_service_pkg/my_service_pkg/srv/detail/set_trajectory_file__type_support.c
-- Up-to-date: /home/tatianam/ProyectoFinal/Robotics/install/my_service_pkg/include/my_service_pkg/my_service_pkg/srv/detail/set_trajectory_file__rosidl_typesupport_introspection_c.h
-- Up-to-date: /home/tatianam/ProyectoFinal/Robotics/install/my_service_pkg/include/my_service_pkg/my_service_pkg/msg
-- Up-to-date: /home/tatianam/ProyectoFinal/Robotics/install/my_service_pkg/include/my_service_pkg/my_service_pkg/msg/rosidl_typesupport_introspection_c__visibility_control.h
-- Up-to-date: /home/tatianam/ProyectoFinal/Robotics/install/my_service_pkg/lib/libmy_service_pkg__rosidl_typesupport_introspection_c.so
-- Up-to-date: /home/tatianam/ProyectoFinal/Robotics/install/my_service_pkg/lib/libmy_service_pkg__rosidl_typesupport_c.so
-- Up-to-date: /home/tatianam/ProyectoFinal/Robotics/install/my_service_pkg/include/my_service_pkg/my_service_pkg
-- Up-to-date: /home/tatianam/ProyectoFinal/Robotics/install/my_service_pkg/include/my_service_pkg/my_service_pkg/srv
-- Up-to-date: /home/tatianam/ProyectoFinal/Robotics/install/my_service_pkg/include/my_service_pkg/my_service_pkg/srv/detail
-- Up-to-date: /home/tatianam/ProyectoFinal/Robotics/install/my_service_pkg/include/my_service_pkg/my_service_pkg/srv/detail/set_trajectory_file__struct.hpp
-- Up-to-date: /home/tatianam/ProyectoFinal/Robotics/install/my_service_pkg/include/my_service_pkg/my_service_pkg/srv/detail/set_trajectory_file__traits.hpp
-- Up-to-date: /home/tatianam/ProyectoFinal/Robotics/install/my_service_pkg/include/my_service_pkg/my_service_pkg/srv/detail/set_trajectory_file__builder.hpp
-- Up-to-date: /home/tatianam/ProyectoFinal/Robotics/install/my_service_pkg/include/my_service_pkg/my_service_pkg/srv/set_trajectory_file.hpp
-- Up-to-date: /home/tatianam/ProyectoFinal/Robotics/install/my_service_pkg/include/my_service_pkg/my_service_pkg
-- Up-to-date: /home/tatianam/ProyectoFinal/Robotics/install/my_service_pkg/include/my_service_pkg/my_service_pkg/srv
-- Up-to-date: /home/tatianam/ProyectoFinal/Robotics/install/my_service_pkg/include/my_service_pkg/my_service_pkg/srv/detail
-- Up-to-date: /home/tatianam/ProyectoFinal/Robotics/install/my_service_pkg/include/my_service_pkg/my_service_pkg/srv/detail/set_trajectory_file__rosidl_typesupport_fastrtps_cpp.hpp
-- Up-to-date: /home/tatianam/ProyectoFinal/Robotics/install/my_service_pkg/include/my_service_pkg/my_service_pkg/srv/detail/dds_fastrtps
-- Up-to-date: /home/tatianam/ProyectoFinal/Robotics/install/my_service_pkg/include/my_service_pkg/my_service_pkg/msg
-- Up-to-date: /home/tatianam/ProyectoFinal/Robotics/install/my_service_pkg/include/my_service_pkg/my_service_pkg/msg/rosidl_typesupport_fastrtps_cpp__visibility_control.h
-- Up-to-date: /home/tatianam/ProyectoFinal/Robotics/install/my_service_pkg/lib/libmy_service_pkg__rosidl_typesupport_fastrtps_cpp.so
-- Up-to-date: /home/tatianam/ProyectoFinal/Robotics/install/my_service_pkg/include/my_service_pkg/my_service_pkg
-- Up-to-date: /home/tatianam/ProyectoFinal/Robotics/install/my_service_pkg/include/my_service_pkg/my_service_pkg/srv
-- Up-to-date: /home/tatianam/ProyectoFinal/Robotics/install/my_service_pkg/include/my_service_pkg/my_service_pkg/srv/detail
-- Up-to-date: /home/tatianam/ProyectoFinal/Robotics/install/my_service_pkg/include/my_service_pkg/my_service_pkg/srv/detail/set_trajectory_file__type_support.cpp
-- Up-to-date: /home/tatianam/ProyectoFinal/Robotics/install/my_service_pkg/include/my_service_pkg/my_service_pkg/srv/detail/set_trajectory_file__rosidl_typesupport_introspection_cpp.hpp
-- Up-to-date: /home/tatianam/ProyectoFinal/Robotics/install/my_service_pkg/lib/libmy_service_pkg__rosidl_typesupport_introspection_cpp.so
-- Up-to-date: /home/tatianam/ProyectoFinal/Robotics/install/my_service_pkg/lib/libmy_service_pkg__rosidl_typesupport_cpp.so
-- Up-to-date: /home/tatianam/ProyectoFinal/Robotics/install/my_service_pkg/share/my_service_pkg/environment/pythonpath.sh
-- Up-to-date: /home/tatianam/ProyectoFinal/Robotics/install/my_service_pkg/share/my_service_pkg/environment/pythonpath.dsv
-- Up-to-date: /home/tatianam/ProyectoFinal/Robotics/install/my_service_pkg/local/lib/python3.10/dist-packages/my_service_pkg-0.0.0-py3.10.egg-info
-- Installing: /home/tatianam/ProyectoFinal/Robotics/install/my_service_pkg/local/lib/python3.10/dist-packages/my_service_pkg-0.0.0-py3.10.egg-info/PKG-INFO
-- Installing: /home/tatianam/ProyectoFinal/Robotics/install/my_service_pkg/local/lib/python3.10/dist-packages/my_service_pkg-0.0.0-py3.10.egg-info/dependency_links.txt
-- Installing: /home/tatianam/ProyectoFinal/Robotics/install/my_service_pkg/local/lib/python3.10/dist-packages/my_service_pkg-0.0.0-py3.10.egg-info/top_level.txt
-- Installing: /home/tatianam/ProyectoFinal/Robotics/install/my_service_pkg/local/lib/python3.10/dist-packages/my_service_pkg-0.0.0-py3.10.egg-info/SOURCES.txt
-- Up-to-date: /home/tatianam/ProyectoFinal/Robotics/install/my_service_pkg/local/lib/python3.10/dist-packages/my_service_pkg
-- Up-to-date: /home/tatianam/ProyectoFinal/Robotics/install/my_service_pkg/local/lib/python3.10/dist-packages/my_service_pkg/my_service_pkg_s__rosidl_typesupport_c.cpython-310-x86_64-linux-gnu.so
-- Up-to-date: /home/tatianam/ProyectoFinal/Robotics/install/my_service_pkg/local/lib/python3.10/dist-packages/my_service_pkg/libmy_service_pkg__rosidl_generator_py.so
-- Up-to-date: /home/tatianam/ProyectoFinal/Robotics/install/my_service_pkg/local/lib/python3.10/dist-packages/my_service_pkg/_my_service_pkg_s.ep.rosidl_typesupport_introspection_c.c
-- Up-to-date: /home/tatianam/ProyectoFinal/Robotics/install/my_service_pkg/local/lib/python3.10/dist-packages/my_service_pkg/__init__.py
-- Up-to-date: /home/tatianam/ProyectoFinal/Robotics/install/my_service_pkg/local/lib/python3.10/dist-packages/my_service_pkg/my_service_pkg_s__rosidl_typesupport_fastrtps_c.cpython-310-x86_64-linux-gnu.so
-- Up-to-date: /home/tatianam/ProyectoFinal/Robotics/install/my_service_pkg/local/lib/python3.10/dist-packages/my_service_pkg/_my_service_pkg_s.ep.rosidl_typesupport_fastrtps_c.c
-- Up-to-date: /home/tatianam/ProyectoFinal/Robotics/install/my_service_pkg/local/lib/python3.10/dist-packages/my_service_pkg/_my_service_pkg_s.ep.rosidl_typesupport_c.c
-- Up-to-date: /home/tatianam/ProyectoFinal/Robotics/install/my_service_pkg/local/lib/python3.10/dist-packages/my_service_pkg/srv
-- Up-to-date: /home/tatianam/ProyectoFinal/Robotics/install/my_service_pkg/local/lib/python3.10/dist-packages/my_service_pkg/srv/__init__.py
-- Up-to-date: /home/tatianam/ProyectoFinal/Robotics/install/my_service_pkg/local/lib/python3.10/dist-packages/my_service_pkg/srv/_set_trajectory_file_s.c
-- Up-to-date: /home/tatianam/ProyectoFinal/Robotics/install/my_service_pkg/local/lib/python3.10/dist-packages/my_service_pkg/srv/_set_trajectory_file.py
-- Up-to-date: /home/tatianam/ProyectoFinal/Robotics/install/my_service_pkg/local/lib/python3.10/dist-packages/my_service_pkg/my_service_pkg_s__rosidl_typesupport_introspection_c.cpython-310-x86_64-linux-gnu.so
Listing '/home/tatianam/ProyectoFinal/Robotics/install/my_service_pkg/local/lib/python3.10/dist-packages/my_service_pkg'...
Listing '/home/tatianam/ProyectoFinal/Robotics/install/my_service_pkg/local/lib/python3.10/dist-packages/my_service_pkg/srv'...
-- Up-to-date: /home/tatianam/ProyectoFinal/Robotics/install/my_service_pkg/local/lib/python3.10/dist-packages/my_service_pkg/my_service_pkg_s__rosidl_typesupport_fastrtps_c.cpython-310-x86_64-linux-gnu.so
-- Up-to-date: /home/tatianam/ProyectoFinal/Robotics/install/my_service_pkg/local/lib/python3.10/dist-packages/my_service_pkg/my_service_pkg_s__rosidl_typesupport_introspection_c.cpython-310-x86_64-linux-gnu.so
-- Up-to-date: /home/tatianam/ProyectoFinal/Robotics/install/my_service_pkg/local/lib/python3.10/dist-packages/my_service_pkg/my_service_pkg_s__rosidl_typesupport_c.cpython-310-x86_64-linux-gnu.so
-- Up-to-date: /home/tatianam/ProyectoFinal/Robotics/install/my_service_pkg/lib/libmy_service_pkg__rosidl_generator_py.so
-- Up-to-date: /home/tatianam/ProyectoFinal/Robotics/install/my_service_pkg/share/my_service_pkg/srv/SetTrajectoryFile.idl
-- Up-to-date: /home/tatianam/ProyectoFinal/Robotics/install/my_service_pkg/share/my_service_pkg/srv/SetTrajectoryFile.srv
-- Up-to-date: /home/tatianam/ProyectoFinal/Robotics/install/my_service_pkg/share/my_service_pkg/srv/SetTrajectoryFile_Request.msg
-- Up-to-date: /home/tatianam/ProyectoFinal/Robotics/install/my_service_pkg/share/my_service_pkg/srv/SetTrajectoryFile_Response.msg
-- Up-to-date: /home/tatianam/ProyectoFinal/Robotics/install/my_service_pkg/share/ament_index/resource_index/package_run_dependencies/my_service_pkg
-- Up-to-date: /home/tatianam/ProyectoFinal/Robotics/install/my_service_pkg/share/ament_index/resource_index/parent_prefix_path/my_service_pkg
-- Up-to-date: /home/tatianam/ProyectoFinal/Robotics/install/my_service_pkg/share/my_service_pkg/environment/ament_prefix_path.sh
-- Up-to-date: /home/tatianam/ProyectoFinal/Robotics/install/my_service_pkg/share/my_service_pkg/environment/ament_prefix_path.dsv
-- Up-to-date: /home/tatianam/ProyectoFinal/Robotics/install/my_service_pkg/share/my_service_pkg/environment/path.sh
-- Up-to-date: /home/tatianam/ProyectoFinal/Robotics/install/my_service_pkg/share/my_service_pkg/environment/path.dsv
-- Up-to-date: /home/tatianam/ProyectoFinal/Robotics/install/my_service_pkg/share/my_service_pkg/local_setup.bash
-- Up-to-date: /home/tatianam/ProyectoFinal/Robotics/install/my_service_pkg/share/my_service_pkg/local_setup.sh
-- Up-to-date: /home/tatianam/ProyectoFinal/Robotics/install/my_service_pkg/share/my_service_pkg/local_setup.zsh
-- Up-to-date: /home/tatianam/ProyectoFinal/Robotics/install/my_service_pkg/share/my_service_pkg/local_setup.dsv
-- Installing: /home/tatianam/ProyectoFinal/Robotics/install/my_service_pkg/share/my_service_pkg/package.dsv
-- Up-to-date: /home/tatianam/ProyectoFinal/Robotics/install/my_service_pkg/share/ament_index/resource_index/packages/my_service_pkg
-- Up-to-date: /home/tatianam/ProyectoFinal/Robotics/install/my_service_pkg/share/my_service_pkg/cmake/export_my_service_pkg__rosidl_generator_cExport.cmake
-- Up-to-date: /home/tatianam/ProyectoFinal/Robotics/install/my_service_pkg/share/my_service_pkg/cmake/export_my_service_pkg__rosidl_generator_cExport-noconfig.cmake
-- Up-to-date: /home/tatianam/ProyectoFinal/Robotics/install/my_service_pkg/share/my_service_pkg/cmake/export_my_service_pkg__rosidl_typesupport_fastrtps_cExport.cmake
-- Up-to-date: /home/tatianam/ProyectoFinal/Robotics/install/my_service_pkg/share/my_service_pkg/cmake/export_my_service_pkg__rosidl_typesupport_fastrtps_cExport-noconfig.cmake
-- Up-to-date: /home/tatianam/ProyectoFinal/Robotics/install/my_service_pkg/share/my_service_pkg/cmake/my_service_pkg__rosidl_typesupport_introspection_cExport.cmake
-- Up-to-date: /home/tatianam/ProyectoFinal/Robotics/install/my_service_pkg/share/my_service_pkg/cmake/my_service_pkg__rosidl_typesupport_introspection_cExport-noconfig.cmake
-- Up-to-date: /home/tatianam/ProyectoFinal/Robotics/install/my_service_pkg/share/my_service_pkg/cmake/my_service_pkg__rosidl_typesupport_cExport.cmake
-- Up-to-date: /home/tatianam/ProyectoFinal/Robotics/install/my_service_pkg/share/my_service_pkg/cmake/my_service_pkg__rosidl_typesupport_cExport-noconfig.cmake
-- Up-to-date: /home/tatianam/ProyectoFinal/Robotics/install/my_service_pkg/share/my_service_pkg/cmake/export_my_service_pkg__rosidl_generator_cppExport.cmake
-- Up-to-date: /home/tatianam/ProyectoFinal/Robotics/install/my_service_pkg/share/my_service_pkg/cmake/export_my_service_pkg__rosidl_typesupport_fastrtps_cppExport.cmake
-- Up-to-date: /home/tatianam/ProyectoFinal/Robotics/install/my_service_pkg/share/my_service_pkg/cmake/export_my_service_pkg__rosidl_typesupport_fastrtps_cppExport-noconfig.cmake
-- Up-to-date: /home/tatianam/ProyectoFinal/Robotics/install/my_service_pkg/share/my_service_pkg/cmake/my_service_pkg__rosidl_typesupport_introspection_cppExport.cmake
-- Up-to-date: /home/tatianam/ProyectoFinal/Robotics/install/my_service_pkg/share/my_service_pkg/cmake/my_service_pkg__rosidl_typesupport_introspection_cppExport-noconfig.cmake
-- Up-to-date: /home/tatianam/ProyectoFinal/Robotics/install/my_service_pkg/share/my_service_pkg/cmake/my_service_pkg__rosidl_typesupport_cppExport.cmake
-- Up-to-date: /home/tatianam/ProyectoFinal/Robotics/install/my_service_pkg/share/my_service_pkg/cmake/my_service_pkg__rosidl_typesupport_cppExport-noconfig.cmake
-- Up-to-date: /home/tatianam/ProyectoFinal/Robotics/install/my_service_pkg/share/my_service_pkg/cmake/export_my_service_pkg__rosidl_generator_pyExport.cmake
-- Up-to-date: /home/tatianam/ProyectoFinal/Robotics/install/my_service_pkg/share/my_service_pkg/cmake/export_my_service_pkg__rosidl_generator_pyExport-noconfig.cmake
-- Up-to-date: /home/tatianam/ProyectoFinal/Robotics/install/my_service_pkg/share/my_service_pkg/cmake/rosidl_cmake-extras.cmake
-- Up-to-date: /home/tatianam/ProyectoFinal/Robotics/install/my_service_pkg/share/my_service_pkg/cmake/ament_cmake_export_include_directories-extras.cmake
-- Up-to-date: /home/tatianam/ProyectoFinal/Robotics/install/my_service_pkg/share/my_service_pkg/cmake/ament_cmake_export_libraries-extras.cmake
-- Up-to-date: /home/tatianam/ProyectoFinal/Robotics/install/my_service_pkg/share/my_service_pkg/cmake/ament_cmake_export_targets-extras.cmake
-- Up-to-date: /home/tatianam/ProyectoFinal/Robotics/install/my_service_pkg/share/my_service_pkg/cmake/rosidl_cmake_export_typesupport_targets-extras.cmake
-- Up-to-date: /home/tatianam/ProyectoFinal/Robotics/install/my_service_pkg/share/my_service_pkg/cmake/ament_cmake_export_dependencies-extras.cmake
-- Up-to-date: /home/tatianam/ProyectoFinal/Robotics/install/my_service_pkg/share/my_service_pkg/cmake/rosidl_cmake_export_typesupport_libraries-extras.cmake
-- Up-to-date: /home/tatianam/ProyectoFinal/Robotics/install/my_service_pkg/share/my_service_pkg/cmake/my_service_pkgConfig.cmake
-- Up-to-date: /home/tatianam/ProyectoFinal/Robotics/install/my_service_pkg/share/my_service_pkg/cmake/my_service_pkgConfig-version.cmake
-- Up-to-date: /home/tatianam/ProyectoFinal/Robotics/install/my_service_pkg/share/my_service_pkg/package.xml
