[1.270s] Invoking command in '/home/tatianam/ProyectoFinal/Robotics/src/robot_manipulator': PYTHONPATH=/home/tatianam/ProyectoFinal/Robotics/build/robot_manipulator/prefix_override:/home/tatianam/ProyectoFinal/Robotics/install/robot_manipulator/lib/python3.10/site-packages:${PYTHONPATH} /usr/bin/python3 setup.py egg_info --egg-base ../../build/robot_manipulator build --build-base /home/tatianam/ProyectoFinal/Robotics/build/robot_manipulator/build install --record /home/tatianam/ProyectoFinal/Robotics/build/robot_manipulator/install.log --single-version-externally-managed
[1.568s] running egg_info
[1.570s] writing ../../build/robot_manipulator/robot_manipulator.egg-info/PKG-INFO
[1.571s] writing dependency_links to ../../build/robot_manipulator/robot_manipulator.egg-info/dependency_links.txt
[1.573s] writing entry points to ../../build/robot_manipulator/robot_manipulator.egg-info/entry_points.txt
[1.574s] writing requirements to ../../build/robot_manipulator/robot_manipulator.egg-info/requires.txt
[1.575s] writing top-level names to ../../build/robot_manipulator/robot_manipulator.egg-info/top_level.txt
[1.577s] reading manifest file '../../build/robot_manipulator/robot_manipulator.egg-info/SOURCES.txt'
[1.578s] writing manifest file '../../build/robot_manipulator/robot_manipulator.egg-info/SOURCES.txt'
[1.579s] running build
[1.579s] running build_py
[1.579s] copying robot_manipulator/serial_manipulator_node.py -> /home/tatianam/ProyectoFinal/Robotics/build/robot_manipulator/build/lib/robot_manipulator
[1.580s] running install
[1.580s] /usr/lib/python3/dist-packages/setuptools/command/install.py:34: SetuptoolsDeprecationWarning: setup.py install is deprecated. Use build and pip and other standards-based tools.
[1.580s]   warnings.warn(
[1.580s] running install_lib
[1.582s] copying /home/tatianam/ProyectoFinal/Robotics/build/robot_manipulator/build/lib/robot_manipulator/serial_manipulator_node.py -> /home/tatianam/ProyectoFinal/Robotics/install/robot_manipulator/lib/python3.10/site-packages/robot_manipulator
[1.583s] byte-compiling /home/tatianam/ProyectoFinal/Robotics/install/robot_manipulator/lib/python3.10/site-packages/robot_manipulator/serial_manipulator_node.py to serial_manipulator_node.cpython-310.pyc
[1.584s] running install_data
[1.585s] running install_egg_info
[1.587s] removing '/home/tatianam/ProyectoFinal/Robotics/install/robot_manipulator/lib/python3.10/site-packages/robot_manipulator-0.0.0-py3.10.egg-info' (and everything under it)
[1.593s] Copying ../../build/robot_manipulator/robot_manipulator.egg-info to /home/tatianam/ProyectoFinal/Robotics/install/robot_manipulator/lib/python3.10/site-packages/robot_manipulator-0.0.0-py3.10.egg-info
[1.596s] running install_scripts
[1.627s] Installing interfaz_brazo script to /home/tatianam/ProyectoFinal/Robotics/install/robot_manipulator/lib/robot_manipulator
[1.627s] Installing pub script to /home/tatianam/ProyectoFinal/Robotics/install/robot_manipulator/lib/robot_manipulator
[1.627s] Installing teclado_brazo =robot_manipulator.manipulator:mainserial_brazo script to /home/tatianam/ProyectoFinal/Robotics/install/robot_manipulator/lib/robot_manipulator
[1.628s] writing list of installed files to '/home/tatianam/ProyectoFinal/Robotics/build/robot_manipulator/install.log'
[1.669s] Invoked command in '/home/tatianam/ProyectoFinal/Robotics/src/robot_manipulator' returned '0': PYTHONPATH=/home/tatianam/ProyectoFinal/Robotics/build/robot_manipulator/prefix_override:/home/tatianam/ProyectoFinal/Robotics/install/robot_manipulator/lib/python3.10/site-packages:${PYTHONPATH} /usr/bin/python3 setup.py egg_info --egg-base ../../build/robot_manipulator build --build-base /home/tatianam/ProyectoFinal/Robotics/build/robot_manipulator/build install --record /home/tatianam/ProyectoFinal/Robotics/build/robot_manipulator/install.log --single-version-externally-managed
