[0.264s] DEBUG:colcon:Command line arguments: ['/usr/bin/colcon', 'build']
[0.264s] DEBUG:colcon:Parsed command line arguments: Namespace(log_base=None, log_level=None, verb_name='build', build_base='build', install_base='install', merge_install=False, symlink_install=False, test_result_base=None, continue_on_error=False, executor='parallel', parallel_workers=8, event_handlers=None, ignore_user_meta=False, metas=['./colcon.meta'], base_paths=['.'], packages_ignore=None, packages_ignore_regex=None, paths=None, packages_up_to=None, packages_up_to_regex=None, packages_above=None, packages_above_and_dependencies=None, packages_above_depth=None, packages_select_by_dep=None, packages_skip_by_dep=None, packages_skip_up_to=None, packages_select_build_failed=False, packages_skip_build_finished=False, packages_select_test_failures=False, packages_skip_test_passed=False, packages_select=None, packages_skip=None, packages_select_regex=None, packages_skip_regex=None, packages_start=None, packages_end=None, allow_overriding=[], cmake_args=None, cmake_target=None, cmake_target_skip_unavailable=False, cmake_clean_cache=False, cmake_clean_first=False, cmake_force_configure=False, ament_cmake_args=None, catkin_cmake_args=None, catkin_skip_building_tests=False, verb_parser=<colcon_defaults.argument_parser.defaults.DefaultArgumentsDecorator object at 0x7f6df93d5990>, verb_extension=<colcon_core.verb.build.BuildVerb object at 0x7f6df99e3820>, main=<bound method BuildVerb.main of <colcon_core.verb.build.BuildVerb object at 0x7f6df99e3820>>)
[0.290s] Level 1:colcon.colcon_core.package_discovery:discover_packages(colcon_meta) check parameters
[0.290s] Level 1:colcon.colcon_core.package_discovery:discover_packages(recursive) check parameters
[0.290s] Level 1:colcon.colcon_core.package_discovery:discover_packages(ignore) check parameters
[0.290s] Level 1:colcon.colcon_core.package_discovery:discover_packages(path) check parameters
[0.290s] Level 1:colcon.colcon_core.package_discovery:discover_packages(colcon_meta) discover
[0.290s] Level 1:colcon.colcon_core.package_discovery:discover_packages(recursive) discover
[0.290s] INFO:colcon.colcon_core.package_discovery:Crawling recursively for packages in '/home/daniel/ProyectoFinal/Vision/vision_rasp'
[0.290s] Level 1:colcon.colcon_core.package_identification:_identify(.) by extensions ['ignore', 'ignore_ament_install']
[0.290s] Level 1:colcon.colcon_core.package_identification:_identify(.) by extension 'ignore'
[0.290s] Level 1:colcon.colcon_core.package_identification:_identify(.) by extension 'ignore_ament_install'
[0.290s] Level 1:colcon.colcon_core.package_identification:_identify(.) by extensions ['colcon_pkg']
[0.290s] Level 1:colcon.colcon_core.package_identification:_identify(.) by extension 'colcon_pkg'
[0.290s] Level 1:colcon.colcon_core.package_identification:_identify(.) by extensions ['colcon_meta']
[0.290s] Level 1:colcon.colcon_core.package_identification:_identify(.) by extension 'colcon_meta'
[0.290s] Level 1:colcon.colcon_core.package_identification:_identify(.) by extensions ['ros']
[0.290s] Level 1:colcon.colcon_core.package_identification:_identify(.) by extension 'ros'
[0.300s] Level 1:colcon.colcon_core.package_identification:_identify(.) by extensions ['cmake', 'python']
[0.300s] Level 1:colcon.colcon_core.package_identification:_identify(.) by extension 'cmake'
[0.300s] Level 1:colcon.colcon_core.package_identification:_identify(.) by extension 'python'
[0.300s] Level 1:colcon.colcon_core.package_identification:_identify(.) by extensions ['python_setup_py']
[0.300s] Level 1:colcon.colcon_core.package_identification:_identify(.) by extension 'python_setup_py'
[0.300s] Level 1:colcon.colcon_core.package_identification:_identify(build) by extensions ['ignore', 'ignore_ament_install']
[0.300s] Level 1:colcon.colcon_core.package_identification:_identify(build) by extension 'ignore'
[0.300s] Level 1:colcon.colcon_core.package_identification:_identify(build) ignored
[0.300s] Level 1:colcon.colcon_core.package_identification:_identify(install) by extensions ['ignore', 'ignore_ament_install']
[0.300s] Level 1:colcon.colcon_core.package_identification:_identify(install) by extension 'ignore'
[0.300s] Level 1:colcon.colcon_core.package_identification:_identify(install) ignored
[0.301s] Level 1:colcon.colcon_core.package_identification:_identify(log) by extensions ['ignore', 'ignore_ament_install']
[0.301s] Level 1:colcon.colcon_core.package_identification:_identify(log) by extension 'ignore'
[0.301s] Level 1:colcon.colcon_core.package_identification:_identify(log) ignored
[0.301s] Level 1:colcon.colcon_core.package_identification:_identify(src) by extensions ['ignore', 'ignore_ament_install']
[0.301s] Level 1:colcon.colcon_core.package_identification:_identify(src) by extension 'ignore'
[0.301s] Level 1:colcon.colcon_core.package_identification:_identify(src) by extension 'ignore_ament_install'
[0.301s] Level 1:colcon.colcon_core.package_identification:_identify(src) by extensions ['colcon_pkg']
[0.301s] Level 1:colcon.colcon_core.package_identification:_identify(src) by extension 'colcon_pkg'
[0.301s] Level 1:colcon.colcon_core.package_identification:_identify(src) by extensions ['colcon_meta']
[0.301s] Level 1:colcon.colcon_core.package_identification:_identify(src) by extension 'colcon_meta'
[0.301s] Level 1:colcon.colcon_core.package_identification:_identify(src) by extensions ['ros']
[0.301s] Level 1:colcon.colcon_core.package_identification:_identify(src) by extension 'ros'
[0.301s] Level 1:colcon.colcon_core.package_identification:_identify(src) by extensions ['cmake', 'python']
[0.301s] Level 1:colcon.colcon_core.package_identification:_identify(src) by extension 'cmake'
[0.301s] Level 1:colcon.colcon_core.package_identification:_identify(src) by extension 'python'
[0.301s] Level 1:colcon.colcon_core.package_identification:_identify(src) by extensions ['python_setup_py']
[0.301s] Level 1:colcon.colcon_core.package_identification:_identify(src) by extension 'python_setup_py'
[0.301s] Level 1:colcon.colcon_core.package_identification:_identify(src/pkg_cuadrar_rectangulos) by extensions ['ignore', 'ignore_ament_install']
[0.301s] Level 1:colcon.colcon_core.package_identification:_identify(src/pkg_cuadrar_rectangulos) by extension 'ignore'
[0.301s] Level 1:colcon.colcon_core.package_identification:_identify(src/pkg_cuadrar_rectangulos) by extension 'ignore_ament_install'
[0.301s] Level 1:colcon.colcon_core.package_identification:_identify(src/pkg_cuadrar_rectangulos) by extensions ['colcon_pkg']
[0.302s] Level 1:colcon.colcon_core.package_identification:_identify(src/pkg_cuadrar_rectangulos) by extension 'colcon_pkg'
[0.302s] Level 1:colcon.colcon_core.package_identification:_identify(src/pkg_cuadrar_rectangulos) by extensions ['colcon_meta']
[0.302s] Level 1:colcon.colcon_core.package_identification:_identify(src/pkg_cuadrar_rectangulos) by extension 'colcon_meta'
[0.302s] Level 1:colcon.colcon_core.package_identification:_identify(src/pkg_cuadrar_rectangulos) by extensions ['ros']
[0.302s] Level 1:colcon.colcon_core.package_identification:_identify(src/pkg_cuadrar_rectangulos) by extension 'ros'
[0.304s] DEBUG:colcon.colcon_core.package_identification:Package 'src/pkg_cuadrar_rectangulos' with type 'ros.ament_python' and name 'pkg_cuadrar_rectangulos'
[0.304s] Level 1:colcon.colcon_core.package_identification:_identify(src/pkg_vision_rasp) by extensions ['ignore', 'ignore_ament_install']
[0.304s] Level 1:colcon.colcon_core.package_identification:_identify(src/pkg_vision_rasp) by extension 'ignore'
[0.304s] Level 1:colcon.colcon_core.package_identification:_identify(src/pkg_vision_rasp) by extension 'ignore_ament_install'
[0.304s] Level 1:colcon.colcon_core.package_identification:_identify(src/pkg_vision_rasp) by extensions ['colcon_pkg']
[0.304s] Level 1:colcon.colcon_core.package_identification:_identify(src/pkg_vision_rasp) by extension 'colcon_pkg'
[0.304s] Level 1:colcon.colcon_core.package_identification:_identify(src/pkg_vision_rasp) by extensions ['colcon_meta']
[0.304s] Level 1:colcon.colcon_core.package_identification:_identify(src/pkg_vision_rasp) by extension 'colcon_meta'
[0.304s] Level 1:colcon.colcon_core.package_identification:_identify(src/pkg_vision_rasp) by extensions ['ros']
[0.304s] Level 1:colcon.colcon_core.package_identification:_identify(src/pkg_vision_rasp) by extension 'ros'
[0.304s] DEBUG:colcon.colcon_core.package_identification:Package 'src/pkg_vision_rasp' with type 'ros.ament_python' and name 'pkg_vision_rasp'
[0.305s] Level 1:colcon.colcon_core.package_identification:_identify(src/pkg_vision_visualizador) by extensions ['ignore', 'ignore_ament_install']
[0.305s] Level 1:colcon.colcon_core.package_identification:_identify(src/pkg_vision_visualizador) by extension 'ignore'
[0.305s] Level 1:colcon.colcon_core.package_identification:_identify(src/pkg_vision_visualizador) by extension 'ignore_ament_install'
[0.305s] Level 1:colcon.colcon_core.package_identification:_identify(src/pkg_vision_visualizador) by extensions ['colcon_pkg']
[0.305s] Level 1:colcon.colcon_core.package_identification:_identify(src/pkg_vision_visualizador) by extension 'colcon_pkg'
[0.305s] Level 1:colcon.colcon_core.package_identification:_identify(src/pkg_vision_visualizador) by extensions ['colcon_meta']
[0.305s] Level 1:colcon.colcon_core.package_identification:_identify(src/pkg_vision_visualizador) by extension 'colcon_meta'
[0.305s] Level 1:colcon.colcon_core.package_identification:_identify(src/pkg_vision_visualizador) by extensions ['ros']
[0.305s] Level 1:colcon.colcon_core.package_identification:_identify(src/pkg_vision_visualizador) by extension 'ros'
[0.305s] DEBUG:colcon.colcon_core.package_identification:Package 'src/pkg_vision_visualizador' with type 'ros.ament_python' and name 'pkg_vision_visualizador'
[0.305s] Level 1:colcon.colcon_core.package_discovery:discover_packages(recursive) using defaults
[0.305s] Level 1:colcon.colcon_core.package_discovery:discover_packages(ignore) discover
[0.305s] Level 1:colcon.colcon_core.package_discovery:discover_packages(ignore) using defaults
[0.305s] Level 1:colcon.colcon_core.package_discovery:discover_packages(path) discover
[0.305s] Level 1:colcon.colcon_core.package_discovery:discover_packages(path) using defaults
[0.326s] Level 1:colcon.colcon_core.package_discovery:discover_packages(prefix_path) check parameters
[0.326s] Level 1:colcon.colcon_core.package_discovery:discover_packages(prefix_path) discover
[0.328s] DEBUG:colcon.colcon_installed_package_information.package_discovery:Found 3 installed packages in /home/daniel/ProyectoFinal/Vision/vision_rasp/install
[0.329s] DEBUG:colcon.colcon_installed_package_information.package_discovery:Found 284 installed packages in /opt/ros/humble
[0.330s] Level 1:colcon.colcon_core.package_discovery:discover_packages(prefix_path) using defaults
[0.383s] Level 5:colcon.colcon_core.verb:set package 'pkg_cuadrar_rectangulos' build argument 'cmake_args' from command line to 'None'
[0.383s] Level 5:colcon.colcon_core.verb:set package 'pkg_cuadrar_rectangulos' build argument 'cmake_target' from command line to 'None'
[0.383s] Level 5:colcon.colcon_core.verb:set package 'pkg_cuadrar_rectangulos' build argument 'cmake_target_skip_unavailable' from command line to 'False'
[0.383s] Level 5:colcon.colcon_core.verb:set package 'pkg_cuadrar_rectangulos' build argument 'cmake_clean_cache' from command line to 'False'
[0.383s] Level 5:colcon.colcon_core.verb:set package 'pkg_cuadrar_rectangulos' build argument 'cmake_clean_first' from command line to 'False'
[0.383s] Level 5:colcon.colcon_core.verb:set package 'pkg_cuadrar_rectangulos' build argument 'cmake_force_configure' from command line to 'False'
[0.383s] Level 5:colcon.colcon_core.verb:set package 'pkg_cuadrar_rectangulos' build argument 'ament_cmake_args' from command line to 'None'
[0.383s] Level 5:colcon.colcon_core.verb:set package 'pkg_cuadrar_rectangulos' build argument 'catkin_cmake_args' from command line to 'None'
[0.383s] Level 5:colcon.colcon_core.verb:set package 'pkg_cuadrar_rectangulos' build argument 'catkin_skip_building_tests' from command line to 'False'
[0.383s] DEBUG:colcon.colcon_core.verb:Building package 'pkg_cuadrar_rectangulos' with the following arguments: {'ament_cmake_args': None, 'build_base': '/home/daniel/ProyectoFinal/Vision/vision_rasp/build/pkg_cuadrar_rectangulos', 'catkin_cmake_args': None, 'catkin_skip_building_tests': False, 'cmake_args': None, 'cmake_clean_cache': False, 'cmake_clean_first': False, 'cmake_force_configure': False, 'cmake_target': None, 'cmake_target_skip_unavailable': False, 'install_base': '/home/daniel/ProyectoFinal/Vision/vision_rasp/install/pkg_cuadrar_rectangulos', 'merge_install': False, 'path': '/home/daniel/ProyectoFinal/Vision/vision_rasp/src/pkg_cuadrar_rectangulos', 'symlink_install': False, 'test_result_base': None}
[0.384s] Level 5:colcon.colcon_core.verb:set package 'pkg_vision_rasp' build argument 'cmake_args' from command line to 'None'
[0.384s] Level 5:colcon.colcon_core.verb:set package 'pkg_vision_rasp' build argument 'cmake_target' from command line to 'None'
[0.384s] Level 5:colcon.colcon_core.verb:set package 'pkg_vision_rasp' build argument 'cmake_target_skip_unavailable' from command line to 'False'
[0.384s] Level 5:colcon.colcon_core.verb:set package 'pkg_vision_rasp' build argument 'cmake_clean_cache' from command line to 'False'
[0.384s] Level 5:colcon.colcon_core.verb:set package 'pkg_vision_rasp' build argument 'cmake_clean_first' from command line to 'False'
[0.384s] Level 5:colcon.colcon_core.verb:set package 'pkg_vision_rasp' build argument 'cmake_force_configure' from command line to 'False'
[0.384s] Level 5:colcon.colcon_core.verb:set package 'pkg_vision_rasp' build argument 'ament_cmake_args' from command line to 'None'
[0.384s] Level 5:colcon.colcon_core.verb:set package 'pkg_vision_rasp' build argument 'catkin_cmake_args' from command line to 'None'
[0.385s] Level 5:colcon.colcon_core.verb:set package 'pkg_vision_rasp' build argument 'catkin_skip_building_tests' from command line to 'False'
[0.385s] DEBUG:colcon.colcon_core.verb:Building package 'pkg_vision_rasp' with the following arguments: {'ament_cmake_args': None, 'build_base': '/home/daniel/ProyectoFinal/Vision/vision_rasp/build/pkg_vision_rasp', 'catkin_cmake_args': None, 'catkin_skip_building_tests': False, 'cmake_args': None, 'cmake_clean_cache': False, 'cmake_clean_first': False, 'cmake_force_configure': False, 'cmake_target': None, 'cmake_target_skip_unavailable': False, 'install_base': '/home/daniel/ProyectoFinal/Vision/vision_rasp/install/pkg_vision_rasp', 'merge_install': False, 'path': '/home/daniel/ProyectoFinal/Vision/vision_rasp/src/pkg_vision_rasp', 'symlink_install': False, 'test_result_base': None}
[0.385s] Level 5:colcon.colcon_core.verb:set package 'pkg_vision_visualizador' build argument 'cmake_args' from command line to 'None'
[0.385s] Level 5:colcon.colcon_core.verb:set package 'pkg_vision_visualizador' build argument 'cmake_target' from command line to 'None'
[0.385s] Level 5:colcon.colcon_core.verb:set package 'pkg_vision_visualizador' build argument 'cmake_target_skip_unavailable' from command line to 'False'
[0.385s] Level 5:colcon.colcon_core.verb:set package 'pkg_vision_visualizador' build argument 'cmake_clean_cache' from command line to 'False'
[0.385s] Level 5:colcon.colcon_core.verb:set package 'pkg_vision_visualizador' build argument 'cmake_clean_first' from command line to 'False'
[0.385s] Level 5:colcon.colcon_core.verb:set package 'pkg_vision_visualizador' build argument 'cmake_force_configure' from command line to 'False'
[0.385s] Level 5:colcon.colcon_core.verb:set package 'pkg_vision_visualizador' build argument 'ament_cmake_args' from command line to 'None'
[0.385s] Level 5:colcon.colcon_core.verb:set package 'pkg_vision_visualizador' build argument 'catkin_cmake_args' from command line to 'None'
[0.385s] Level 5:colcon.colcon_core.verb:set package 'pkg_vision_visualizador' build argument 'catkin_skip_building_tests' from command line to 'False'
[0.386s] DEBUG:colcon.colcon_core.verb:Building package 'pkg_vision_visualizador' with the following arguments: {'ament_cmake_args': None, 'build_base': '/home/daniel/ProyectoFinal/Vision/vision_rasp/build/pkg_vision_visualizador', 'catkin_cmake_args': None, 'catkin_skip_building_tests': False, 'cmake_args': None, 'cmake_clean_cache': False, 'cmake_clean_first': False, 'cmake_force_configure': False, 'cmake_target': None, 'cmake_target_skip_unavailable': False, 'install_base': '/home/daniel/ProyectoFinal/Vision/vision_rasp/install/pkg_vision_visualizador', 'merge_install': False, 'path': '/home/daniel/ProyectoFinal/Vision/vision_rasp/src/pkg_vision_visualizador', 'symlink_install': False, 'test_result_base': None}
[0.386s] INFO:colcon.colcon_core.executor:Executing jobs using 'parallel' executor
[0.389s] DEBUG:colcon.colcon_parallel_executor.executor.parallel:run_until_complete
[0.389s] INFO:colcon.colcon_ros.task.ament_python.build:Building ROS package in '/home/daniel/ProyectoFinal/Vision/vision_rasp/src/pkg_cuadrar_rectangulos' with build type 'ament_python'
[0.389s] Level 1:colcon.colcon_core.shell:create_environment_hook('pkg_cuadrar_rectangulos', 'ament_prefix_path')
[0.393s] INFO:colcon.colcon_core.plugin_system:Skipping extension 'colcon_core.shell.bat': Not used on non-Windows systems
[0.393s] INFO:colcon.colcon_core.shell:Creating environment hook '/home/daniel/ProyectoFinal/Vision/vision_rasp/install/pkg_cuadrar_rectangulos/share/pkg_cuadrar_rectangulos/hook/ament_prefix_path.ps1'
[0.393s] INFO:colcon.colcon_core.shell:Creating environment descriptor '/home/daniel/ProyectoFinal/Vision/vision_rasp/install/pkg_cuadrar_rectangulos/share/pkg_cuadrar_rectangulos/hook/ament_prefix_path.dsv'
[0.394s] INFO:colcon.colcon_core.shell:Creating environment hook '/home/daniel/ProyectoFinal/Vision/vision_rasp/install/pkg_cuadrar_rectangulos/share/pkg_cuadrar_rectangulos/hook/ament_prefix_path.sh'
[0.395s] INFO:colcon.colcon_core.shell:Skip shell extension 'powershell' for command environment: Not usable outside of PowerShell
[0.395s] DEBUG:colcon.colcon_core.shell:Skip shell extension 'dsv' for command environment
[0.398s] INFO:colcon.colcon_ros.task.ament_python.build:Building ROS package in '/home/daniel/ProyectoFinal/Vision/vision_rasp/src/pkg_vision_rasp' with build type 'ament_python'
[0.399s] Level 1:colcon.colcon_core.shell:create_environment_hook('pkg_vision_rasp', 'ament_prefix_path')
[0.400s] INFO:colcon.colcon_core.shell:Creating environment hook '/home/daniel/ProyectoFinal/Vision/vision_rasp/install/pkg_vision_rasp/share/pkg_vision_rasp/hook/ament_prefix_path.ps1'
[0.400s] INFO:colcon.colcon_core.shell:Creating environment descriptor '/home/daniel/ProyectoFinal/Vision/vision_rasp/install/pkg_vision_rasp/share/pkg_vision_rasp/hook/ament_prefix_path.dsv'
[0.400s] INFO:colcon.colcon_core.shell:Creating environment hook '/home/daniel/ProyectoFinal/Vision/vision_rasp/install/pkg_vision_rasp/share/pkg_vision_rasp/hook/ament_prefix_path.sh'
[0.402s] INFO:colcon.colcon_core.shell:Skip shell extension 'powershell' for command environment: Not usable outside of PowerShell
[0.402s] DEBUG:colcon.colcon_core.shell:Skip shell extension 'dsv' for command environment
[0.406s] INFO:colcon.colcon_ros.task.ament_python.build:Building ROS package in '/home/daniel/ProyectoFinal/Vision/vision_rasp/src/pkg_vision_visualizador' with build type 'ament_python'
[0.406s] Level 1:colcon.colcon_core.shell:create_environment_hook('pkg_vision_visualizador', 'ament_prefix_path')
[0.407s] INFO:colcon.colcon_core.shell:Creating environment hook '/home/daniel/ProyectoFinal/Vision/vision_rasp/install/pkg_vision_visualizador/share/pkg_vision_visualizador/hook/ament_prefix_path.ps1'
[0.408s] INFO:colcon.colcon_core.shell:Creating environment descriptor '/home/daniel/ProyectoFinal/Vision/vision_rasp/install/pkg_vision_visualizador/share/pkg_vision_visualizador/hook/ament_prefix_path.dsv'
[0.408s] INFO:colcon.colcon_core.shell:Creating environment hook '/home/daniel/ProyectoFinal/Vision/vision_rasp/install/pkg_vision_visualizador/share/pkg_vision_visualizador/hook/ament_prefix_path.sh'
[0.410s] INFO:colcon.colcon_core.shell:Skip shell extension 'powershell' for command environment: Not usable outside of PowerShell
[0.410s] DEBUG:colcon.colcon_core.shell:Skip shell extension 'dsv' for command environment
[0.624s] INFO:colcon.colcon_core.task.python.build:Building Python package in '/home/daniel/ProyectoFinal/Vision/vision_rasp/src/pkg_cuadrar_rectangulos'
[0.625s] INFO:colcon.colcon_core.shell:Skip shell extension 'powershell' for command environment: Not usable outside of PowerShell
[0.625s] DEBUG:colcon.colcon_core.shell:Skip shell extension 'dsv' for command environment
[0.838s] INFO:colcon.colcon_core.task.python.build:Building Python package in '/home/daniel/ProyectoFinal/Vision/vision_rasp/src/pkg_vision_rasp'
[0.840s] INFO:colcon.colcon_core.shell:Skip shell extension 'powershell' for command environment: Not usable outside of PowerShell
[0.840s] DEBUG:colcon.colcon_core.shell:Skip shell extension 'dsv' for command environment
[1.051s] INFO:colcon.colcon_core.task.python.build:Building Python package in '/home/daniel/ProyectoFinal/Vision/vision_rasp/src/pkg_vision_visualizador'
[1.052s] INFO:colcon.colcon_core.shell:Skip shell extension 'powershell' for command environment: Not usable outside of PowerShell
[1.052s] DEBUG:colcon.colcon_core.shell:Skip shell extension 'dsv' for command environment
[1.358s] DEBUG:colcon.colcon_core.event_handler.log_command:Invoking command in '/home/daniel/ProyectoFinal/Vision/vision_rasp/src/pkg_cuadrar_rectangulos': PYTHONPATH=/home/daniel/ProyectoFinal/Vision/vision_rasp/build/pkg_cuadrar_rectangulos/prefix_override:/home/daniel/ProyectoFinal/Vision/vision_rasp/install/pkg_cuadrar_rectangulos/lib/python3.10/site-packages:${PYTHONPATH} /usr/bin/python3 setup.py egg_info --egg-base ../../build/pkg_cuadrar_rectangulos build --build-base /home/daniel/ProyectoFinal/Vision/vision_rasp/build/pkg_cuadrar_rectangulos/build install --record /home/daniel/ProyectoFinal/Vision/vision_rasp/build/pkg_cuadrar_rectangulos/install.log --single-version-externally-managed
[1.363s] DEBUG:colcon.colcon_core.event_handler.log_command:Invoking command in '/home/daniel/ProyectoFinal/Vision/vision_rasp/src/pkg_vision_visualizador': PYTHONPATH=/home/daniel/ProyectoFinal/Vision/vision_rasp/build/pkg_vision_visualizador/prefix_override:/home/daniel/ProyectoFinal/Vision/vision_rasp/install/pkg_vision_visualizador/lib/python3.10/site-packages:${PYTHONPATH} /usr/bin/python3 setup.py egg_info --egg-base ../../build/pkg_vision_visualizador build --build-base /home/daniel/ProyectoFinal/Vision/vision_rasp/build/pkg_vision_visualizador/build install --record /home/daniel/ProyectoFinal/Vision/vision_rasp/build/pkg_vision_visualizador/install.log --single-version-externally-managed
[1.364s] DEBUG:colcon.colcon_core.event_handler.log_command:Invoking command in '/home/daniel/ProyectoFinal/Vision/vision_rasp/src/pkg_vision_rasp': PYTHONPATH=/home/daniel/ProyectoFinal/Vision/vision_rasp/build/pkg_vision_rasp/prefix_override:/home/daniel/ProyectoFinal/Vision/vision_rasp/install/pkg_vision_rasp/lib/python3.10/site-packages:${PYTHONPATH} /usr/bin/python3 setup.py egg_info --egg-base ../../build/pkg_vision_rasp build --build-base /home/daniel/ProyectoFinal/Vision/vision_rasp/build/pkg_vision_rasp/build install --record /home/daniel/ProyectoFinal/Vision/vision_rasp/build/pkg_vision_rasp/install.log --single-version-externally-managed
[1.631s] DEBUG:colcon.colcon_core.event_handler.log_command:Invoked command in '/home/daniel/ProyectoFinal/Vision/vision_rasp/src/pkg_cuadrar_rectangulos' returned '0': PYTHONPATH=/home/daniel/ProyectoFinal/Vision/vision_rasp/build/pkg_cuadrar_rectangulos/prefix_override:/home/daniel/ProyectoFinal/Vision/vision_rasp/install/pkg_cuadrar_rectangulos/lib/python3.10/site-packages:${PYTHONPATH} /usr/bin/python3 setup.py egg_info --egg-base ../../build/pkg_cuadrar_rectangulos build --build-base /home/daniel/ProyectoFinal/Vision/vision_rasp/build/pkg_cuadrar_rectangulos/build install --record /home/daniel/ProyectoFinal/Vision/vision_rasp/build/pkg_cuadrar_rectangulos/install.log --single-version-externally-managed
[1.635s] Level 1:colcon.colcon_core.environment:checking '/home/daniel/ProyectoFinal/Vision/vision_rasp/install/pkg_cuadrar_rectangulos' for CMake module files
[1.635s] Level 1:colcon.colcon_core.environment:checking '/home/daniel/ProyectoFinal/Vision/vision_rasp/install/pkg_cuadrar_rectangulos' for CMake config files
[1.636s] Level 1:colcon.colcon_core.environment:checking '/home/daniel/ProyectoFinal/Vision/vision_rasp/install/pkg_cuadrar_rectangulos/lib'
[1.636s] Level 1:colcon.colcon_core.environment:checking '/home/daniel/ProyectoFinal/Vision/vision_rasp/install/pkg_cuadrar_rectangulos/bin'
[1.636s] Level 1:colcon.colcon_core.environment:checking '/home/daniel/ProyectoFinal/Vision/vision_rasp/install/pkg_cuadrar_rectangulos/lib/pkgconfig/pkg_cuadrar_rectangulos.pc'
[1.637s] Level 1:colcon.colcon_core.environment:checking '/home/daniel/ProyectoFinal/Vision/vision_rasp/install/pkg_cuadrar_rectangulos/lib/python3.10/site-packages'
[1.637s] Level 1:colcon.colcon_core.shell:create_environment_hook('pkg_cuadrar_rectangulos', 'pythonpath')
[1.638s] INFO:colcon.colcon_core.shell:Creating environment hook '/home/daniel/ProyectoFinal/Vision/vision_rasp/install/pkg_cuadrar_rectangulos/share/pkg_cuadrar_rectangulos/hook/pythonpath.ps1'
[1.638s] INFO:colcon.colcon_core.shell:Creating environment descriptor '/home/daniel/ProyectoFinal/Vision/vision_rasp/install/pkg_cuadrar_rectangulos/share/pkg_cuadrar_rectangulos/hook/pythonpath.dsv'
[1.639s] INFO:colcon.colcon_core.shell:Creating environment hook '/home/daniel/ProyectoFinal/Vision/vision_rasp/install/pkg_cuadrar_rectangulos/share/pkg_cuadrar_rectangulos/hook/pythonpath.sh'
[1.639s] Level 1:colcon.colcon_core.environment:checking '/home/daniel/ProyectoFinal/Vision/vision_rasp/install/pkg_cuadrar_rectangulos/bin'
[1.639s] Level 1:colcon.colcon_core.environment:create_environment_scripts_only(pkg_cuadrar_rectangulos)
[1.640s] INFO:colcon.colcon_core.shell:Creating package script '/home/daniel/ProyectoFinal/Vision/vision_rasp/install/pkg_cuadrar_rectangulos/share/pkg_cuadrar_rectangulos/package.ps1'
[1.641s] INFO:colcon.colcon_core.shell:Creating package descriptor '/home/daniel/ProyectoFinal/Vision/vision_rasp/install/pkg_cuadrar_rectangulos/share/pkg_cuadrar_rectangulos/package.dsv'
[1.642s] INFO:colcon.colcon_core.shell:Creating package script '/home/daniel/ProyectoFinal/Vision/vision_rasp/install/pkg_cuadrar_rectangulos/share/pkg_cuadrar_rectangulos/package.sh'
[1.642s] INFO:colcon.colcon_core.shell:Creating package script '/home/daniel/ProyectoFinal/Vision/vision_rasp/install/pkg_cuadrar_rectangulos/share/pkg_cuadrar_rectangulos/package.bash'
[1.643s] INFO:colcon.colcon_core.shell:Creating package script '/home/daniel/ProyectoFinal/Vision/vision_rasp/install/pkg_cuadrar_rectangulos/share/pkg_cuadrar_rectangulos/package.zsh'
[1.644s] Level 1:colcon.colcon_core.environment:create_file_with_runtime_dependencies(/home/daniel/ProyectoFinal/Vision/vision_rasp/install/pkg_cuadrar_rectangulos/share/colcon-core/packages/pkg_cuadrar_rectangulos)
[1.646s] Level 1:colcon.colcon_core.environment:checking '/home/daniel/ProyectoFinal/Vision/vision_rasp/install/pkg_vision_rasp' for CMake module files
[1.647s] DEBUG:colcon.colcon_core.event_handler.log_command:Invoked command in '/home/daniel/ProyectoFinal/Vision/vision_rasp/src/pkg_vision_rasp' returned '0': PYTHONPATH=/home/daniel/ProyectoFinal/Vision/vision_rasp/build/pkg_vision_rasp/prefix_override:/home/daniel/ProyectoFinal/Vision/vision_rasp/install/pkg_vision_rasp/lib/python3.10/site-packages:${PYTHONPATH} /usr/bin/python3 setup.py egg_info --egg-base ../../build/pkg_vision_rasp build --build-base /home/daniel/ProyectoFinal/Vision/vision_rasp/build/pkg_vision_rasp/build install --record /home/daniel/ProyectoFinal/Vision/vision_rasp/build/pkg_vision_rasp/install.log --single-version-externally-managed
[1.647s] Level 1:colcon.colcon_core.environment:checking '/home/daniel/ProyectoFinal/Vision/vision_rasp/install/pkg_vision_rasp' for CMake config files
[1.647s] Level 1:colcon.colcon_core.environment:checking '/home/daniel/ProyectoFinal/Vision/vision_rasp/install/pkg_vision_rasp/lib'
[1.648s] Level 1:colcon.colcon_core.environment:checking '/home/daniel/ProyectoFinal/Vision/vision_rasp/install/pkg_vision_rasp/bin'
[1.648s] Level 1:colcon.colcon_core.environment:checking '/home/daniel/ProyectoFinal/Vision/vision_rasp/install/pkg_vision_rasp/lib/pkgconfig/pkg_vision_rasp.pc'
[1.648s] Level 1:colcon.colcon_core.environment:checking '/home/daniel/ProyectoFinal/Vision/vision_rasp/install/pkg_vision_rasp/lib/python3.10/site-packages'
[1.648s] Level 1:colcon.colcon_core.shell:create_environment_hook('pkg_vision_rasp', 'pythonpath')
[1.649s] INFO:colcon.colcon_core.shell:Creating environment hook '/home/daniel/ProyectoFinal/Vision/vision_rasp/install/pkg_vision_rasp/share/pkg_vision_rasp/hook/pythonpath.ps1'
[1.649s] INFO:colcon.colcon_core.shell:Creating environment descriptor '/home/daniel/ProyectoFinal/Vision/vision_rasp/install/pkg_vision_rasp/share/pkg_vision_rasp/hook/pythonpath.dsv'
[1.650s] INFO:colcon.colcon_core.shell:Creating environment hook '/home/daniel/ProyectoFinal/Vision/vision_rasp/install/pkg_vision_rasp/share/pkg_vision_rasp/hook/pythonpath.sh'
[1.650s] Level 1:colcon.colcon_core.environment:checking '/home/daniel/ProyectoFinal/Vision/vision_rasp/install/pkg_vision_rasp/bin'
[1.650s] Level 1:colcon.colcon_core.environment:create_environment_scripts_only(pkg_vision_rasp)
[1.651s] INFO:colcon.colcon_core.shell:Creating package script '/home/daniel/ProyectoFinal/Vision/vision_rasp/install/pkg_vision_rasp/share/pkg_vision_rasp/package.ps1'
[1.651s] INFO:colcon.colcon_core.shell:Creating package descriptor '/home/daniel/ProyectoFinal/Vision/vision_rasp/install/pkg_vision_rasp/share/pkg_vision_rasp/package.dsv'
[1.652s] INFO:colcon.colcon_core.shell:Creating package script '/home/daniel/ProyectoFinal/Vision/vision_rasp/install/pkg_vision_rasp/share/pkg_vision_rasp/package.sh'
[1.652s] INFO:colcon.colcon_core.shell:Creating package script '/home/daniel/ProyectoFinal/Vision/vision_rasp/install/pkg_vision_rasp/share/pkg_vision_rasp/package.bash'
[1.652s] INFO:colcon.colcon_core.shell:Creating package script '/home/daniel/ProyectoFinal/Vision/vision_rasp/install/pkg_vision_rasp/share/pkg_vision_rasp/package.zsh'
[1.653s] Level 1:colcon.colcon_core.environment:create_file_with_runtime_dependencies(/home/daniel/ProyectoFinal/Vision/vision_rasp/install/pkg_vision_rasp/share/colcon-core/packages/pkg_vision_rasp)
[1.654s] Level 1:colcon.colcon_core.environment:checking '/home/daniel/ProyectoFinal/Vision/vision_rasp/install/pkg_vision_visualizador' for CMake module files
[1.655s] Level 1:colcon.colcon_core.environment:checking '/home/daniel/ProyectoFinal/Vision/vision_rasp/install/pkg_vision_visualizador' for CMake config files
[1.655s] DEBUG:colcon.colcon_core.event_handler.log_command:Invoked command in '/home/daniel/ProyectoFinal/Vision/vision_rasp/src/pkg_vision_visualizador' returned '0': PYTHONPATH=/home/daniel/ProyectoFinal/Vision/vision_rasp/build/pkg_vision_visualizador/prefix_override:/home/daniel/ProyectoFinal/Vision/vision_rasp/install/pkg_vision_visualizador/lib/python3.10/site-packages:${PYTHONPATH} /usr/bin/python3 setup.py egg_info --egg-base ../../build/pkg_vision_visualizador build --build-base /home/daniel/ProyectoFinal/Vision/vision_rasp/build/pkg_vision_visualizador/build install --record /home/daniel/ProyectoFinal/Vision/vision_rasp/build/pkg_vision_visualizador/install.log --single-version-externally-managed
[1.656s] Level 1:colcon.colcon_core.environment:checking '/home/daniel/ProyectoFinal/Vision/vision_rasp/install/pkg_vision_visualizador/lib'
[1.656s] Level 1:colcon.colcon_core.environment:checking '/home/daniel/ProyectoFinal/Vision/vision_rasp/install/pkg_vision_visualizador/bin'
[1.656s] Level 1:colcon.colcon_core.environment:checking '/home/daniel/ProyectoFinal/Vision/vision_rasp/install/pkg_vision_visualizador/lib/pkgconfig/pkg_vision_visualizador.pc'
[1.656s] Level 1:colcon.colcon_core.environment:checking '/home/daniel/ProyectoFinal/Vision/vision_rasp/install/pkg_vision_visualizador/lib/python3.10/site-packages'
[1.656s] Level 1:colcon.colcon_core.shell:create_environment_hook('pkg_vision_visualizador', 'pythonpath')
[1.657s] INFO:colcon.colcon_core.shell:Creating environment hook '/home/daniel/ProyectoFinal/Vision/vision_rasp/install/pkg_vision_visualizador/share/pkg_vision_visualizador/hook/pythonpath.ps1'
[1.657s] INFO:colcon.colcon_core.shell:Creating environment descriptor '/home/daniel/ProyectoFinal/Vision/vision_rasp/install/pkg_vision_visualizador/share/pkg_vision_visualizador/hook/pythonpath.dsv'
[1.657s] INFO:colcon.colcon_core.shell:Creating environment hook '/home/daniel/ProyectoFinal/Vision/vision_rasp/install/pkg_vision_visualizador/share/pkg_vision_visualizador/hook/pythonpath.sh'
[1.658s] Level 1:colcon.colcon_core.environment:checking '/home/daniel/ProyectoFinal/Vision/vision_rasp/install/pkg_vision_visualizador/bin'
[1.658s] Level 1:colcon.colcon_core.environment:create_environment_scripts_only(pkg_vision_visualizador)
[1.659s] INFO:colcon.colcon_core.shell:Creating package script '/home/daniel/ProyectoFinal/Vision/vision_rasp/install/pkg_vision_visualizador/share/pkg_vision_visualizador/package.ps1'
[1.659s] INFO:colcon.colcon_core.shell:Creating package descriptor '/home/daniel/ProyectoFinal/Vision/vision_rasp/install/pkg_vision_visualizador/share/pkg_vision_visualizador/package.dsv'
[1.660s] INFO:colcon.colcon_core.shell:Creating package script '/home/daniel/ProyectoFinal/Vision/vision_rasp/install/pkg_vision_visualizador/share/pkg_vision_visualizador/package.sh'
[1.660s] INFO:colcon.colcon_core.shell:Creating package script '/home/daniel/ProyectoFinal/Vision/vision_rasp/install/pkg_vision_visualizador/share/pkg_vision_visualizador/package.bash'
[1.660s] INFO:colcon.colcon_core.shell:Creating package script '/home/daniel/ProyectoFinal/Vision/vision_rasp/install/pkg_vision_visualizador/share/pkg_vision_visualizador/package.zsh'
[1.660s] Level 1:colcon.colcon_core.environment:create_file_with_runtime_dependencies(/home/daniel/ProyectoFinal/Vision/vision_rasp/install/pkg_vision_visualizador/share/colcon-core/packages/pkg_vision_visualizador)
[1.661s] DEBUG:colcon.colcon_parallel_executor.executor.parallel:closing loop
[1.661s] DEBUG:colcon.colcon_parallel_executor.executor.parallel:loop closed
[1.661s] DEBUG:colcon.colcon_parallel_executor.executor.parallel:run_until_complete finished with '0'
[1.661s] DEBUG:colcon.colcon_core.event_reactor:joining thread
[1.665s] INFO:colcon.colcon_core.plugin_system:Skipping extension 'colcon_notification.desktop_notification.terminal_notifier': Not used on non-Darwin systems
[1.665s] INFO:colcon.colcon_core.plugin_system:Skipping extension 'colcon_notification.desktop_notification.win32': Not used on non-Windows systems
[1.665s] INFO:colcon.colcon_notification.desktop_notification:Sending desktop notification using 'notify2'
[1.673s] DEBUG:colcon.colcon_core.event_reactor:joined thread
[1.675s] INFO:colcon.colcon_core.shell:Creating prefix script '/home/daniel/ProyectoFinal/Vision/vision_rasp/install/local_setup.ps1'
[1.675s] INFO:colcon.colcon_core.shell:Creating prefix util module '/home/daniel/ProyectoFinal/Vision/vision_rasp/install/_local_setup_util_ps1.py'
[1.676s] INFO:colcon.colcon_core.shell:Creating prefix chain script '/home/daniel/ProyectoFinal/Vision/vision_rasp/install/setup.ps1'
[1.677s] INFO:colcon.colcon_core.shell:Creating prefix script '/home/daniel/ProyectoFinal/Vision/vision_rasp/install/local_setup.sh'
[1.678s] INFO:colcon.colcon_core.shell:Creating prefix util module '/home/daniel/ProyectoFinal/Vision/vision_rasp/install/_local_setup_util_sh.py'
[1.678s] INFO:colcon.colcon_core.shell:Creating prefix chain script '/home/daniel/ProyectoFinal/Vision/vision_rasp/install/setup.sh'
[1.679s] INFO:colcon.colcon_core.shell:Creating prefix script '/home/daniel/ProyectoFinal/Vision/vision_rasp/install/local_setup.bash'
[1.679s] INFO:colcon.colcon_core.shell:Creating prefix chain script '/home/daniel/ProyectoFinal/Vision/vision_rasp/install/setup.bash'
[1.681s] INFO:colcon.colcon_core.shell:Creating prefix script '/home/daniel/ProyectoFinal/Vision/vision_rasp/install/local_setup.zsh'
[1.681s] INFO:colcon.colcon_core.shell:Creating prefix chain script '/home/daniel/ProyectoFinal/Vision/vision_rasp/install/setup.zsh'
