[1.160s] Invoking command in '/home/yesopi/Robotics/src/robot_movement': PYTHONPATH=/home/yesopi/Robotics/build/robot_movement/prefix_override:/home/yesopi/Robotics/install/robot_movement/lib/python3.10/site-packages:${PYTHONPATH} /usr/bin/python3 setup.py egg_info --egg-base ../../build/robot_movement build --build-base /home/yesopi/Robotics/build/robot_movement/build install --record /home/yesopi/Robotics/build/robot_movement/install.log --single-version-externally-managed
[1.441s] running egg_info
[1.442s] writing ../../build/robot_movement/robot_movement.egg-info/PKG-INFO
[1.442s] writing dependency_links to ../../build/robot_movement/robot_movement.egg-info/dependency_links.txt
[1.443s] writing entry points to ../../build/robot_movement/robot_movement.egg-info/entry_points.txt
[1.443s] writing requirements to ../../build/robot_movement/robot_movement.egg-info/requires.txt
[1.520s] writing top-level names to ../../build/robot_movement/robot_movement.egg-info/top_level.txt
[1.523s] reading manifest file '../../build/robot_movement/robot_movement.egg-info/SOURCES.txt'
[1.524s] writing manifest file '../../build/robot_movement/robot_movement.egg-info/SOURCES.txt'
[1.524s] running build
[1.524s] running build_py
[1.524s] running install
[1.524s] /usr/lib/python3/dist-packages/setuptools/command/install.py:34: SetuptoolsDeprecationWarning: setup.py install is deprecated. Use build and pip and other standards-based tools.
[1.525s]   warnings.warn(
[1.525s] running install_lib
[1.526s] running install_data
[1.527s] running install_egg_info
[1.529s] removing '/home/yesopi/Robotics/install/robot_movement/lib/python3.10/site-packages/robot_movement-0.0.0-py3.10.egg-info' (and everything under it)
[1.529s] Copying ../../build/robot_movement/robot_movement.egg-info to /home/yesopi/Robotics/install/robot_movement/lib/python3.10/site-packages/robot_movement-0.0.0-py3.10.egg-info
[1.530s] running install_scripts
[1.554s] Installing esp32 script to /home/yesopi/Robotics/install/robot_movement/lib/robot_movement
[1.554s] Installing interfaz script to /home/yesopi/Robotics/install/robot_movement/lib/robot_movement
[1.555s] Installing player script to /home/yesopi/Robotics/install/robot_movement/lib/robot_movement
[1.555s] Installing serial script to /home/yesopi/Robotics/install/robot_movement/lib/robot_movement
[1.555s] Installing teclado script to /home/yesopi/Robotics/install/robot_movement/lib/robot_movement
[1.555s] writing list of installed files to '/home/yesopi/Robotics/build/robot_movement/install.log'
[1.593s] Invoked command in '/home/yesopi/Robotics/src/robot_movement' returned '0': PYTHONPATH=/home/yesopi/Robotics/build/robot_movement/prefix_override:/home/yesopi/Robotics/install/robot_movement/lib/python3.10/site-packages:${PYTHONPATH} /usr/bin/python3 setup.py egg_info --egg-base ../../build/robot_movement build --build-base /home/yesopi/Robotics/build/robot_movement/build install --record /home/yesopi/Robotics/build/robot_movement/install.log --single-version-externally-managed
