running egg_info
writing ../../build/pkg_cuadrar_rectangulos/pkg_cuadrar_rectangulos.egg-info/PKG-INFO
writing dependency_links to ../../build/pkg_cuadrar_rectangulos/pkg_cuadrar_rectangulos.egg-info/dependency_links.txt
writing entry points to ../../build/pkg_cuadrar_rectangulos/pkg_cuadrar_rectangulos.egg-info/entry_points.txt
writing requirements to ../../build/pkg_cuadrar_rectangulos/pkg_cuadrar_rectangulos.egg-info/requires.txt
writing top-level names to ../../build/pkg_cuadrar_rectangulos/pkg_cuadrar_rectangulos.egg-info/top_level.txt
reading manifest file '../../build/pkg_cuadrar_rectangulos/pkg_cuadrar_rectangulos.egg-info/SOURCES.txt'
writing manifest file '../../build/pkg_cuadrar_rectangulos/pkg_cuadrar_rectangulos.egg-info/SOURCES.txt'
running build
running build_py
copying pkg_cuadrar_rectangulos/Cuadrar_rectangulos.py -> /home/daniel/ProyectoFinal/Vision/vision_rasp/build/pkg_cuadrar_rectangulos/build/lib/pkg_cuadrar_rectangulos
running install
/usr/lib/python3/dist-packages/setuptools/command/install.py:34: SetuptoolsDeprecationWarning: setup.py install is deprecated. Use build and pip and other standards-based tools.
  warnings.warn(
running install_lib
copying /home/daniel/ProyectoFinal/Vision/vision_rasp/build/pkg_cuadrar_rectangulos/build/lib/pkg_cuadrar_rectangulos/Cuadrar_rectangulos.py -> /home/daniel/ProyectoFinal/Vision/vision_rasp/install/pkg_cuadrar_rectangulos/lib/python3.10/site-packages/pkg_cuadrar_rectangulos
byte-compiling /home/daniel/ProyectoFinal/Vision/vision_rasp/install/pkg_cuadrar_rectangulos/lib/python3.10/site-packages/pkg_cuadrar_rectangulos/Cuadrar_rectangulos.py to Cuadrar_rectangulos.cpython-310.pyc
running install_data
running install_egg_info
removing '/home/daniel/ProyectoFinal/Vision/vision_rasp/install/pkg_cuadrar_rectangulos/lib/python3.10/site-packages/pkg_cuadrar_rectangulos-0.0.0-py3.10.egg-info' (and everything under it)
Copying ../../build/pkg_cuadrar_rectangulos/pkg_cuadrar_rectangulos.egg-info to /home/daniel/ProyectoFinal/Vision/vision_rasp/install/pkg_cuadrar_rectangulos/lib/python3.10/site-packages/pkg_cuadrar_rectangulos-0.0.0-py3.10.egg-info
running install_scripts
Installing vision_cuadrar_rectangulos script to /home/daniel/ProyectoFinal/Vision/vision_rasp/install/pkg_cuadrar_rectangulos/lib/pkg_cuadrar_rectangulos
writing list of installed files to '/home/daniel/ProyectoFinal/Vision/vision_rasp/build/pkg_cuadrar_rectangulos/install.log'
