running egg_info
creating ../../build/pkg_vision_rasp/pkg_vision_rasp.egg-info
writing ../../build/pkg_vision_rasp/pkg_vision_rasp.egg-info/PKG-INFO
writing dependency_links to ../../build/pkg_vision_rasp/pkg_vision_rasp.egg-info/dependency_links.txt
writing entry points to ../../build/pkg_vision_rasp/pkg_vision_rasp.egg-info/entry_points.txt
writing requirements to ../../build/pkg_vision_rasp/pkg_vision_rasp.egg-info/requires.txt
writing top-level names to ../../build/pkg_vision_rasp/pkg_vision_rasp.egg-info/top_level.txt
writing manifest file '../../build/pkg_vision_rasp/pkg_vision_rasp.egg-info/SOURCES.txt'
reading manifest file '../../build/pkg_vision_rasp/pkg_vision_rasp.egg-info/SOURCES.txt'
writing manifest file '../../build/pkg_vision_rasp/pkg_vision_rasp.egg-info/SOURCES.txt'
running build
running build_py
creating /home/daniel/ProyectoFinal/Vision/vision_rasp/build/pkg_vision_rasp/build
creating /home/daniel/ProyectoFinal/Vision/vision_rasp/build/pkg_vision_rasp/build/lib
creating /home/daniel/ProyectoFinal/Vision/vision_rasp/build/pkg_vision_rasp/build/lib/pkg_vision_rasp
copying pkg_vision_rasp/__init__.py -> /home/daniel/ProyectoFinal/Vision/vision_rasp/build/pkg_vision_rasp/build/lib/pkg_vision_rasp
copying pkg_vision_rasp/vision_rasp.py -> /home/daniel/ProyectoFinal/Vision/vision_rasp/build/pkg_vision_rasp/build/lib/pkg_vision_rasp
running install
/usr/lib/python3/dist-packages/setuptools/command/install.py:34: SetuptoolsDeprecationWarning: setup.py install is deprecated. Use build and pip and other standards-based tools.
  warnings.warn(
running install_lib
creating /home/daniel/ProyectoFinal/Vision/vision_rasp/install/pkg_vision_rasp/lib/python3.10/site-packages/pkg_vision_rasp
copying /home/daniel/ProyectoFinal/Vision/vision_rasp/build/pkg_vision_rasp/build/lib/pkg_vision_rasp/__init__.py -> /home/daniel/ProyectoFinal/Vision/vision_rasp/install/pkg_vision_rasp/lib/python3.10/site-packages/pkg_vision_rasp
copying /home/daniel/ProyectoFinal/Vision/vision_rasp/build/pkg_vision_rasp/build/lib/pkg_vision_rasp/vision_rasp.py -> /home/daniel/ProyectoFinal/Vision/vision_rasp/install/pkg_vision_rasp/lib/python3.10/site-packages/pkg_vision_rasp
byte-compiling /home/daniel/ProyectoFinal/Vision/vision_rasp/install/pkg_vision_rasp/lib/python3.10/site-packages/pkg_vision_rasp/__init__.py to __init__.cpython-310.pyc
byte-compiling /home/daniel/ProyectoFinal/Vision/vision_rasp/install/pkg_vision_rasp/lib/python3.10/site-packages/pkg_vision_rasp/vision_rasp.py to vision_rasp.cpython-310.pyc
running install_data
creating /home/daniel/ProyectoFinal/Vision/vision_rasp/install/pkg_vision_rasp/share/ament_index
creating /home/daniel/ProyectoFinal/Vision/vision_rasp/install/pkg_vision_rasp/share/ament_index/resource_index
creating /home/daniel/ProyectoFinal/Vision/vision_rasp/install/pkg_vision_rasp/share/ament_index/resource_index/packages
copying resource/pkg_vision_rasp -> /home/daniel/ProyectoFinal/Vision/vision_rasp/install/pkg_vision_rasp/share/ament_index/resource_index/packages
copying package.xml -> /home/daniel/ProyectoFinal/Vision/vision_rasp/install/pkg_vision_rasp/share/pkg_vision_rasp
running install_egg_info
Copying ../../build/pkg_vision_rasp/pkg_vision_rasp.egg-info to /home/daniel/ProyectoFinal/Vision/vision_rasp/install/pkg_vision_rasp/lib/python3.10/site-packages/pkg_vision_rasp-0.0.0-py3.10.egg-info
running install_scripts
Installing vision_rasp script to /home/daniel/ProyectoFinal/Vision/vision_rasp/install/pkg_vision_rasp/lib/pkg_vision_rasp
writing list of installed files to '/home/daniel/ProyectoFinal/Vision/vision_rasp/build/pkg_vision_rasp/install.log'
