[1.611s] Invoking command in '/home/daniel/ProyectoFinal/Vision/vision_rasp/src/pkg_cuadrar_rectangulos': PYTHONPATH=/home/daniel/ProyectoFinal/Vision/vision_rasp/build/pkg_cuadrar_rectangulos/prefix_override:/home/daniel/ProyectoFinal/Vision/vision_rasp/install/pkg_cuadrar_rectangulos/lib/python3.10/site-packages:${PYTHONPATH} /usr/bin/python3 setup.py egg_info --egg-base ../../build/pkg_cuadrar_rectangulos build --build-base /home/daniel/ProyectoFinal/Vision/vision_rasp/build/pkg_cuadrar_rectangulos/build install --record /home/daniel/ProyectoFinal/Vision/vision_rasp/build/pkg_cuadrar_rectangulos/install.log --single-version-externally-managed
[1.947s] running egg_info
[1.949s] writing ../../build/pkg_cuadrar_rectangulos/pkg_cuadrar_rectangulos.egg-info/PKG-INFO
[1.949s] writing dependency_links to ../../build/pkg_cuadrar_rectangulos/pkg_cuadrar_rectangulos.egg-info/dependency_links.txt
[1.949s] writing entry points to ../../build/pkg_cuadrar_rectangulos/pkg_cuadrar_rectangulos.egg-info/entry_points.txt
[1.949s] writing requirements to ../../build/pkg_cuadrar_rectangulos/pkg_cuadrar_rectangulos.egg-info/requires.txt
[1.949s] writing top-level names to ../../build/pkg_cuadrar_rectangulos/pkg_cuadrar_rectangulos.egg-info/top_level.txt
[1.955s] reading manifest file '../../build/pkg_cuadrar_rectangulos/pkg_cuadrar_rectangulos.egg-info/SOURCES.txt'
[1.957s] writing manifest file '../../build/pkg_cuadrar_rectangulos/pkg_cuadrar_rectangulos.egg-info/SOURCES.txt'
[1.958s] running build
[1.958s] running build_py
[1.958s] running install
[1.958s] /usr/lib/python3/dist-packages/setuptools/command/install.py:34: SetuptoolsDeprecationWarning: setup.py install is deprecated. Use build and pip and other standards-based tools.
[1.958s]   warnings.warn(
[1.959s] running install_lib
[1.961s] running install_data
[1.962s] running install_egg_info
[1.965s] removing '/home/daniel/ProyectoFinal/Vision/vision_rasp/install/pkg_cuadrar_rectangulos/lib/python3.10/site-packages/pkg_cuadrar_rectangulos-0.0.0-py3.10.egg-info' (and everything under it)
[1.965s] Copying ../../build/pkg_cuadrar_rectangulos/pkg_cuadrar_rectangulos.egg-info to /home/daniel/ProyectoFinal/Vision/vision_rasp/install/pkg_cuadrar_rectangulos/lib/python3.10/site-packages/pkg_cuadrar_rectangulos-0.0.0-py3.10.egg-info
[1.967s] running install_scripts
[2.010s] Installing vision_cuadrar_rectangulos script to /home/daniel/ProyectoFinal/Vision/vision_rasp/install/pkg_cuadrar_rectangulos/lib/pkg_cuadrar_rectangulos
[2.010s] writing list of installed files to '/home/daniel/ProyectoFinal/Vision/vision_rasp/build/pkg_cuadrar_rectangulos/install.log'
[2.053s] Invoked command in '/home/daniel/ProyectoFinal/Vision/vision_rasp/src/pkg_cuadrar_rectangulos' returned '0': PYTHONPATH=/home/daniel/ProyectoFinal/Vision/vision_rasp/build/pkg_cuadrar_rectangulos/prefix_override:/home/daniel/ProyectoFinal/Vision/vision_rasp/install/pkg_cuadrar_rectangulos/lib/python3.10/site-packages:${PYTHONPATH} /usr/bin/python3 setup.py egg_info --egg-base ../../build/pkg_cuadrar_rectangulos build --build-base /home/daniel/ProyectoFinal/Vision/vision_rasp/build/pkg_cuadrar_rectangulos/build install --record /home/daniel/ProyectoFinal/Vision/vision_rasp/build/pkg_cuadrar_rectangulos/install.log --single-version-externally-managed
