running egg_info
writing ../../build/pkg_vision_visualizador/pkg_vision_visualizador.egg-info/PKG-INFO
writing dependency_links to ../../build/pkg_vision_visualizador/pkg_vision_visualizador.egg-info/dependency_links.txt
writing entry points to ../../build/pkg_vision_visualizador/pkg_vision_visualizador.egg-info/entry_points.txt
writing requirements to ../../build/pkg_vision_visualizador/pkg_vision_visualizador.egg-info/requires.txt
writing top-level names to ../../build/pkg_vision_visualizador/pkg_vision_visualizador.egg-info/top_level.txt
reading manifest file '../../build/pkg_vision_visualizador/pkg_vision_visualizador.egg-info/SOURCES.txt'
writing manifest file '../../build/pkg_vision_visualizador/pkg_vision_visualizador.egg-info/SOURCES.txt'
running build
running build_py
copying pkg_vision_visualizador/visualizador_camara.py -> /home/daniel/ProyectoFinal/Vision/vision_rasp/build/pkg_vision_visualizador/build/lib/pkg_vision_visualizador
running install
/usr/lib/python3/dist-packages/setuptools/command/install.py:34: SetuptoolsDeprecationWarning: setup.py install is deprecated. Use build and pip and other standards-based tools.
  warnings.warn(
running install_lib
copying /home/daniel/ProyectoFinal/Vision/vision_rasp/build/pkg_vision_visualizador/build/lib/pkg_vision_visualizador/visualizador_camara.py -> /home/daniel/ProyectoFinal/Vision/vision_rasp/install/pkg_vision_visualizador/lib/python3.10/site-packages/pkg_vision_visualizador
byte-compiling /home/daniel/ProyectoFinal/Vision/vision_rasp/install/pkg_vision_visualizador/lib/python3.10/site-packages/pkg_vision_visualizador/visualizador_camara.py to visualizador_camara.cpython-310.pyc
running install_data
running install_egg_info
removing '/home/daniel/ProyectoFinal/Vision/vision_rasp/install/pkg_vision_visualizador/lib/python3.10/site-packages/pkg_vision_visualizador-0.0.0-py3.10.egg-info' (and everything under it)
Copying ../../build/pkg_vision_visualizador/pkg_vision_visualizador.egg-info to /home/daniel/ProyectoFinal/Vision/vision_rasp/install/pkg_vision_visualizador/lib/python3.10/site-packages/pkg_vision_visualizador-0.0.0-py3.10.egg-info
running install_scripts
Installing visualizador_camara script to /home/daniel/ProyectoFinal/Vision/vision_rasp/install/pkg_vision_visualizador/lib/pkg_vision_visualizador
writing list of installed files to '/home/daniel/ProyectoFinal/Vision/vision_rasp/build/pkg_vision_visualizador/install.log'
