[1.176s] Invoking command in '/home/tatianam/ProyectoFinal/Robotics/src/robot_movement': PYTHONPATH=/home/tatianam/ProyectoFinal/Robotics/build/robot_movement/prefix_override:/home/tatianam/ProyectoFinal/Robotics/install/robot_movement/lib/python3.10/site-packages:${PYTHONPATH} /usr/bin/python3 setup.py egg_info --egg-base ../../build/robot_movement build --build-base /home/tatianam/ProyectoFinal/Robotics/build/robot_movement/build install --record /home/tatianam/ProyectoFinal/Robotics/build/robot_movement/install.log --single-version-externally-managed
[1.426s] running egg_info
[1.426s] writing ../../build/robot_movement/robot_movement.egg-info/PKG-INFO
[1.427s] writing dependency_links to ../../build/robot_movement/robot_movement.egg-info/dependency_links.txt
[1.427s] writing entry points to ../../build/robot_movement/robot_movement.egg-info/entry_points.txt
[1.427s] writing requirements to ../../build/robot_movement/robot_movement.egg-info/requires.txt
[1.427s] writing top-level names to ../../build/robot_movement/robot_movement.egg-info/top_level.txt
[1.429s] reading manifest file '../../build/robot_movement/robot_movement.egg-info/SOURCES.txt'
[1.430s] writing manifest file '../../build/robot_movement/robot_movement.egg-info/SOURCES.txt'
[1.430s] running build
[1.431s] running build_py
[1.431s] running install
[1.431s] /usr/lib/python3/dist-packages/setuptools/command/install.py:34: SetuptoolsDeprecationWarning: setup.py install is deprecated. Use build and pip and other standards-based tools.
[1.431s]   warnings.warn(
[1.432s] running install_lib
[1.433s] running install_data
[1.434s] running install_egg_info
[1.435s] removing '/home/tatianam/ProyectoFinal/Robotics/install/robot_movement/lib/python3.10/site-packages/robot_movement-0.0.0-py3.10.egg-info' (and everything under it)
[1.436s] Copying ../../build/robot_movement/robot_movement.egg-info to /home/tatianam/ProyectoFinal/Robotics/install/robot_movement/lib/python3.10/site-packages/robot_movement-0.0.0-py3.10.egg-info
[1.437s] running install_scripts
[1.460s] Installing esp32 script to /home/tatianam/ProyectoFinal/Robotics/install/robot_movement/lib/robot_movement
[1.460s] Installing interfaz script to /home/tatianam/ProyectoFinal/Robotics/install/robot_movement/lib/robot_movement
[1.460s] Installing player script to /home/tatianam/ProyectoFinal/Robotics/install/robot_movement/lib/robot_movement
[1.460s] Installing serial script to /home/tatianam/ProyectoFinal/Robotics/install/robot_movement/lib/robot_movement
[1.460s] Installing teclado script to /home/tatianam/ProyectoFinal/Robotics/install/robot_movement/lib/robot_movement
[1.461s] writing list of installed files to '/home/tatianam/ProyectoFinal/Robotics/build/robot_movement/install.log'
[1.493s] Invoked command in '/home/tatianam/ProyectoFinal/Robotics/src/robot_movement' returned '0': PYTHONPATH=/home/tatianam/ProyectoFinal/Robotics/build/robot_movement/prefix_override:/home/tatianam/ProyectoFinal/Robotics/install/robot_movement/lib/python3.10/site-packages:${PYTHONPATH} /usr/bin/python3 setup.py egg_info --egg-base ../../build/robot_movement build --build-base /home/tatianam/ProyectoFinal/Robotics/build/robot_movement/build install --record /home/tatianam/ProyectoFinal/Robotics/build/robot_movement/install.log --single-version-externally-managed
