[1.155s] Invoking command in '/home/tatianam/ProyectoFinal/Robotics/src/robot_movement': PYTHONPATH=/home/tatianam/ProyectoFinal/Robotics/build/robot_movement/prefix_override:/home/tatianam/ProyectoFinal/Robotics/install/robot_movement/lib/python3.10/site-packages:${PYTHONPATH} /usr/bin/python3 setup.py egg_info --egg-base ../../build/robot_movement build --build-base /home/tatianam/ProyectoFinal/Robotics/build/robot_movement/build install --record /home/tatianam/ProyectoFinal/Robotics/build/robot_movement/install.log --single-version-externally-managed
[1.404s] running egg_info
[1.405s] writing ../../build/robot_movement/robot_movement.egg-info/PKG-INFO
[1.405s] writing dependency_links to ../../build/robot_movement/robot_movement.egg-info/dependency_links.txt
[1.405s] writing entry points to ../../build/robot_movement/robot_movement.egg-info/entry_points.txt
[1.405s] writing requirements to ../../build/robot_movement/robot_movement.egg-info/requires.txt
[1.406s] writing top-level names to ../../build/robot_movement/robot_movement.egg-info/top_level.txt
[1.408s] reading manifest file '../../build/robot_movement/robot_movement.egg-info/SOURCES.txt'
[1.408s] writing manifest file '../../build/robot_movement/robot_movement.egg-info/SOURCES.txt'
[1.409s] running build
[1.409s] running build_py
[1.409s] running install
[1.409s] /usr/lib/python3/dist-packages/setuptools/command/install.py:34: SetuptoolsDeprecationWarning: setup.py install is deprecated. Use build and pip and other standards-based tools.
[1.410s]   warnings.warn(
[1.410s] running install_lib
[1.412s] running install_data
[1.414s] running install_egg_info
[1.416s] removing '/home/tatianam/ProyectoFinal/Robotics/install/robot_movement/lib/python3.10/site-packages/robot_movement-0.0.0-py3.10.egg-info' (and everything under it)
[1.416s] Copying ../../build/robot_movement/robot_movement.egg-info to /home/tatianam/ProyectoFinal/Robotics/install/robot_movement/lib/python3.10/site-packages/robot_movement-0.0.0-py3.10.egg-info
[1.417s] running install_scripts
[1.444s] Installing esp32 script to /home/tatianam/ProyectoFinal/Robotics/install/robot_movement/lib/robot_movement
[1.444s] Installing interfaz script to /home/tatianam/ProyectoFinal/Robotics/install/robot_movement/lib/robot_movement
[1.444s] Installing player script to /home/tatianam/ProyectoFinal/Robotics/install/robot_movement/lib/robot_movement
[1.444s] Installing serial script to /home/tatianam/ProyectoFinal/Robotics/install/robot_movement/lib/robot_movement
[1.444s] Installing teclado script to /home/tatianam/ProyectoFinal/Robotics/install/robot_movement/lib/robot_movement
[1.445s] writing list of installed files to '/home/tatianam/ProyectoFinal/Robotics/build/robot_movement/install.log'
[1.481s] Invoked command in '/home/tatianam/ProyectoFinal/Robotics/src/robot_movement' returned '0': PYTHONPATH=/home/tatianam/ProyectoFinal/Robotics/build/robot_movement/prefix_override:/home/tatianam/ProyectoFinal/Robotics/install/robot_movement/lib/python3.10/site-packages:${PYTHONPATH} /usr/bin/python3 setup.py egg_info --egg-base ../../build/robot_movement build --build-base /home/tatianam/ProyectoFinal/Robotics/build/robot_movement/build install --record /home/tatianam/ProyectoFinal/Robotics/build/robot_movement/install.log --single-version-externally-managed
