[0.675s] Invoking command in '/home/yesopi/Robotics/src/tesla': AMENT_PREFIX_PATH=/home/yesopi/Robotics/install/my_service_pkg:${AMENT_PREFIX_PATH} CMAKE_PREFIX_PATH=/home/yesopi/Robotics/install/my_service_pkg LD_LIBRARY_PATH=/home/yesopi/Robotics/install/my_service_pkg/lib:${LD_LIBRARY_PATH} PYTHONPATH=/home/yesopi/Robotics/build/tesla/prefix_override:/home/yesopi/Robotics/install/tesla/lib/python3.10/site-packages:/home/yesopi/Robotics/install/my_service_pkg/local/lib/python3.10/dist-packages:${PYTHONPATH} /usr/bin/python3 setup.py egg_info --egg-base ../../build/tesla build --build-base /home/yesopi/Robotics/build/tesla/build install --record /home/yesopi/Robotics/build/tesla/install.log --single-version-externally-managed
[0.955s] running egg_info
[0.955s] creating ../../build/tesla/tesla.egg-info
[0.955s] writing ../../build/tesla/tesla.egg-info/PKG-INFO
[0.956s] writing dependency_links to ../../build/tesla/tesla.egg-info/dependency_links.txt
[0.956s] writing entry points to ../../build/tesla/tesla.egg-info/entry_points.txt
[0.956s] writing requirements to ../../build/tesla/tesla.egg-info/requires.txt
[0.956s] writing top-level names to ../../build/tesla/tesla.egg-info/top_level.txt
[0.956s] writing manifest file '../../build/tesla/tesla.egg-info/SOURCES.txt'
[0.958s] reading manifest file '../../build/tesla/tesla.egg-info/SOURCES.txt'
[0.959s] writing manifest file '../../build/tesla/tesla.egg-info/SOURCES.txt'
[0.959s] running build
[0.959s] running build_py
[0.959s] creating /home/yesopi/Robotics/build/tesla/build
[0.960s] creating /home/yesopi/Robotics/build/tesla/build/lib
[0.960s] creating /home/yesopi/Robotics/build/tesla/build/lib/tesla
[0.960s] copying tesla/__init__.py -> /home/yesopi/Robotics/build/tesla/build/lib/tesla
[0.960s] running install
[0.960s] /usr/lib/python3/dist-packages/setuptools/command/install.py:34: SetuptoolsDeprecationWarning: setup.py install is deprecated. Use build and pip and other standards-based tools.
[0.960s]   warnings.warn(
[0.960s] running install_lib
[0.961s] creating /home/yesopi/Robotics/install/tesla/lib/python3.10/site-packages/tesla
[0.961s] copying /home/yesopi/Robotics/build/tesla/build/lib/tesla/__init__.py -> /home/yesopi/Robotics/install/tesla/lib/python3.10/site-packages/tesla
[0.961s] byte-compiling /home/yesopi/Robotics/install/tesla/lib/python3.10/site-packages/tesla/__init__.py to __init__.cpython-310.pyc
[0.962s] running install_data
[0.962s] creating /home/yesopi/Robotics/install/tesla/share/ament_index
[0.962s] creating /home/yesopi/Robotics/install/tesla/share/ament_index/resource_index
[0.962s] creating /home/yesopi/Robotics/install/tesla/share/ament_index/resource_index/packages
[0.962s] copying resource/tesla -> /home/yesopi/Robotics/install/tesla/share/ament_index/resource_index/packages
[0.963s] copying package.xml -> /home/yesopi/Robotics/install/tesla/share/tesla
[0.963s] running install_egg_info
[0.964s] Copying ../../build/tesla/tesla.egg-info to /home/yesopi/Robotics/install/tesla/lib/python3.10/site-packages/tesla-0.0.0-py3.10.egg-info
[0.965s] running install_scripts
[0.989s] Installing esp32 script to /home/yesopi/Robotics/install/tesla/lib/tesla
[0.989s] Installing interfaz script to /home/yesopi/Robotics/install/tesla/lib/tesla
[0.989s] Installing player script to /home/yesopi/Robotics/install/tesla/lib/tesla
[0.989s] Installing serial script to /home/yesopi/Robotics/install/tesla/lib/tesla
[0.989s] Installing teclado script to /home/yesopi/Robotics/install/tesla/lib/tesla
[0.989s] writing list of installed files to '/home/yesopi/Robotics/build/tesla/install.log'
[1.015s] Invoked command in '/home/yesopi/Robotics/src/tesla' returned '0': AMENT_PREFIX_PATH=/home/yesopi/Robotics/install/my_service_pkg:${AMENT_PREFIX_PATH} CMAKE_PREFIX_PATH=/home/yesopi/Robotics/install/my_service_pkg LD_LIBRARY_PATH=/home/yesopi/Robotics/install/my_service_pkg/lib:${LD_LIBRARY_PATH} PYTHONPATH=/home/yesopi/Robotics/build/tesla/prefix_override:/home/yesopi/Robotics/install/tesla/lib/python3.10/site-packages:/home/yesopi/Robotics/install/my_service_pkg/local/lib/python3.10/dist-packages:${PYTHONPATH} /usr/bin/python3 setup.py egg_info --egg-base ../../build/tesla build --build-base /home/yesopi/Robotics/build/tesla/build install --record /home/yesopi/Robotics/build/tesla/install.log --single-version-externally-managed
