-- Found ament_cmake: 1.3.3 (/opt/ros/humble/share/ament_cmake/cmake)
-- Found rosidl_default_generators: 1.2.0 (/opt/ros/humble/share/rosidl_default_generators/cmake)
-- Using all available rosidl_typesupport_c: rosidl_typesupport_fastrtps_c;rosidl_typesupport_introspection_c
-- Found rosidl_adapter: 3.1.4 (/opt/ros/humble/share/rosidl_adapter/cmake)
-- Using all available rosidl_typesupport_cpp: rosidl_typesupport_fastrtps_cpp;rosidl_typesupport_introspection_cpp
-- Found ament_cmake_ros: 0.10.0 (/opt/ros/humble/share/ament_cmake_ros/cmake)
-- Using all available rosidl_typesupport_c: rosidl_typesupport_fastrtps_c;rosidl_typesupport_introspection_c
-- Using all available rosidl_typesupport_cpp: rosidl_typesupport_fastrtps_cpp;rosidl_typesupport_introspection_cpp
-- Found python_cmake_module: 0.10.0 (/opt/ros/humble/share/python_cmake_module/cmake)
-- Using PYTHON_EXECUTABLE: /usr/bin/python3
-- Using PYTHON_INCLUDE_DIRS: /usr/include/python3.10
-- Using PYTHON_LIBRARIES: /usr/lib/x86_64-linux-gnu/libpython3.10.so
-- Found ament_lint_auto: 0.12.5 (/opt/ros/humble/share/ament_lint_auto/cmake)
-- Added test 'lint_cmake' to check CMake code style
-- Added test 'xmllint' to check XML markup files
-- Configuring done
-- Generating done
-- Build files have been written to: /home/yesopi/ProyectoFinal/Robotics/build/my_service_pkg
[35m[1mConsolidate compiler generated dependencies of target my_service_pkg__rosidl_generator_c[0m
[  3%] Built target my_service_pkg__cpp
[35m[1mConsolidate compiler generated dependencies of target my_service_pkg__rosidl_typesupport_cpp[0m
[35m[1mConsolidate compiler generated dependencies of target my_service_pkg__rosidl_typesupport_introspection_cpp[0m
[35m[1mConsolidate compiler generated dependencies of target my_service_pkg__rosidl_typesupport_fastrtps_cpp[0m
[ 12%] Built target my_service_pkg__rosidl_generator_c
[35m[1mConsolidate compiler generated dependencies of target my_service_pkg__rosidl_typesupport_c[0m
[35m[1mConsolidate compiler generated dependencies of target my_service_pkg__rosidl_typesupport_introspection_c[0m
[35m[1mConsolidate compiler generated dependencies of target my_service_pkg__rosidl_typesupport_fastrtps_c[0m
[ 19%] [32mBuilding CXX object CMakeFiles/my_service_pkg__rosidl_typesupport_c.dir/rosidl_typesupport_c/my_service_pkg/srv/set_trajectory_file__type_support.cpp.o[0m
[ 19%] [32mBuilding C object CMakeFiles/my_service_pkg__rosidl_typesupport_introspection_c.dir/rosidl_typesupport_introspection_c/my_service_pkg/srv/detail/set_trajectory_file__type_support.c.o[0m
[ 19%] Built target ament_cmake_python_copy_my_service_pkg
[ 22%] [32mBuilding CXX object CMakeFiles/my_service_pkg__rosidl_typesupport_cpp.dir/rosidl_typesupport_cpp/my_service_pkg/srv/set_trajectory_file__type_support.cpp.o[0m
[ 25%] [32mBuilding CXX object CMakeFiles/my_service_pkg__rosidl_typesupport_introspection_cpp.dir/rosidl_typesupport_introspection_cpp/my_service_pkg/srv/detail/set_trajectory_file__type_support.cpp.o[0m
[ 32%] [32mBuilding CXX object CMakeFiles/my_service_pkg__rosidl_typesupport_fastrtps_c.dir/rosidl_typesupport_fastrtps_c/my_service_pkg/srv/detail/set_trajectory_file__type_support_c.cpp.o[0m
[ 32%] [32mBuilding CXX object CMakeFiles/my_service_pkg__rosidl_typesupport_fastrtps_cpp.dir/rosidl_typesupport_fastrtps_cpp/my_service_pkg/srv/detail/dds_fastrtps/set_trajectory_file__type_support.cpp.o[0m
running egg_info
writing my_service_pkg.egg-info/PKG-INFO
writing dependency_links to my_service_pkg.egg-info/dependency_links.txt
writing top-level names to my_service_pkg.egg-info/top_level.txt
reading manifest file 'my_service_pkg.egg-info/SOURCES.txt'
writing manifest file 'my_service_pkg.egg-info/SOURCES.txt'
[ 32%] Built target ament_cmake_python_build_my_service_pkg_egg
[ 35%] [32m[1mLinking CXX shared library libmy_service_pkg__rosidl_typesupport_c.so[0m
[ 38%] [32m[1mLinking C shared library libmy_service_pkg__rosidl_typesupport_introspection_c.so[0m
[ 41%] [32m[1mLinking CXX shared library libmy_service_pkg__rosidl_typesupport_cpp.so[0m
[ 45%] [32m[1mLinking CXX shared library libmy_service_pkg__rosidl_typesupport_introspection_cpp.so[0m
[ 51%] Built target my_service_pkg__rosidl_typesupport_introspection_c
[ 51%] Built target my_service_pkg__rosidl_typesupport_c
[ 54%] Built target my_service_pkg__rosidl_typesupport_cpp
[ 58%] Built target my_service_pkg__rosidl_typesupport_introspection_cpp
[ 61%] [32m[1mLinking CXX shared library libmy_service_pkg__rosidl_typesupport_fastrtps_c.so[0m
[ 64%] [32m[1mLinking CXX shared library libmy_service_pkg__rosidl_typesupport_fastrtps_cpp.so[0m
[ 67%] Built target my_service_pkg__rosidl_typesupport_fastrtps_c
[ 70%] Built target my_service_pkg__rosidl_typesupport_fastrtps_cpp
[ 70%] Built target my_service_pkg
[ 74%] Built target my_service_pkg__py
[35m[1mConsolidate compiler generated dependencies of target my_service_pkg__rosidl_generator_py[0m
[ 77%] [32m[1mLinking C shared library rosidl_generator_py/my_service_pkg/libmy_service_pkg__rosidl_generator_py.so[0m
[ 80%] Built target my_service_pkg__rosidl_generator_py
[35m[1mConsolidate compiler generated dependencies of target my_service_pkg__rosidl_typesupport_fastrtps_c__pyext[0m
[35m[1mConsolidate compiler generated dependencies of target my_service_pkg__rosidl_typesupport_introspection_c__pyext[0m
[35m[1mConsolidate compiler generated dependencies of target my_service_pkg__rosidl_typesupport_c__pyext[0m
[ 90%] [32mBuilding C object CMakeFiles/my_service_pkg__rosidl_typesupport_introspection_c__pyext.dir/rosidl_generator_py/my_service_pkg/_my_service_pkg_s.ep.rosidl_typesupport_introspection_c.c.o[0m
[ 90%] [32mBuilding C object CMakeFiles/my_service_pkg__rosidl_typesupport_fastrtps_c__pyext.dir/rosidl_generator_py/my_service_pkg/_my_service_pkg_s.ep.rosidl_typesupport_fastrtps_c.c.o[0m
[ 90%] [32mBuilding C object CMakeFiles/my_service_pkg__rosidl_typesupport_c__pyext.dir/rosidl_generator_py/my_service_pkg/_my_service_pkg_s.ep.rosidl_typesupport_c.c.o[0m
[100%] [32m[1mLinking C shared library rosidl_generator_py/my_service_pkg/my_service_pkg_s__rosidl_typesupport_c.cpython-310-x86_64-linux-gnu.so[0m
[100%] [32m[1mLinking C shared library rosidl_generator_py/my_service_pkg/my_service_pkg_s__rosidl_typesupport_introspection_c.cpython-310-x86_64-linux-gnu.so[0m
[100%] [32m[1mLinking C shared library rosidl_generator_py/my_service_pkg/my_service_pkg_s__rosidl_typesupport_fastrtps_c.cpython-310-x86_64-linux-gnu.so[0m
[100%] Built target my_service_pkg__rosidl_typesupport_c__pyext
[100%] Built target my_service_pkg__rosidl_typesupport_introspection_c__pyext
[100%] Built target my_service_pkg__rosidl_typesupport_fastrtps_c__pyext
-- Install configuration: ""
-- Up-to-date: /home/yesopi/ProyectoFinal/Robotics/install/my_service_pkg/share/ament_index/resource_index/rosidl_interfaces/my_service_pkg
-- Up-to-date: /home/yesopi/ProyectoFinal/Robotics/install/my_service_pkg/include/my_service_pkg/my_service_pkg
-- Up-to-date: /home/yesopi/ProyectoFinal/Robotics/install/my_service_pkg/include/my_service_pkg/my_service_pkg/srv
-- Up-to-date: /home/yesopi/ProyectoFinal/Robotics/install/my_service_pkg/include/my_service_pkg/my_service_pkg/srv/detail
-- Up-to-date: /home/yesopi/ProyectoFinal/Robotics/install/my_service_pkg/include/my_service_pkg/my_service_pkg/srv/detail/set_trajectory_file__functions.c
-- Up-to-date: /home/yesopi/ProyectoFinal/Robotics/install/my_service_pkg/include/my_service_pkg/my_service_pkg/srv/detail/set_trajectory_file__functions.h
-- Up-to-date: /home/yesopi/ProyectoFinal/Robotics/install/my_service_pkg/include/my_service_pkg/my_service_pkg/srv/detail/set_trajectory_file__struct.h
-- Up-to-date: /home/yesopi/ProyectoFinal/Robotics/install/my_service_pkg/include/my_service_pkg/my_service_pkg/srv/detail/set_trajectory_file__type_support.h
-- Up-to-date: /home/yesopi/ProyectoFinal/Robotics/install/my_service_pkg/include/my_service_pkg/my_service_pkg/srv/set_trajectory_file.h
-- Up-to-date: /home/yesopi/ProyectoFinal/Robotics/install/my_service_pkg/include/my_service_pkg/my_service_pkg/msg
-- Up-to-date: /home/yesopi/ProyectoFinal/Robotics/install/my_service_pkg/include/my_service_pkg/my_service_pkg/msg/rosidl_generator_c__visibility_control.h
-- Up-to-date: /home/yesopi/ProyectoFinal/Robotics/install/my_service_pkg/share/my_service_pkg/environment/library_path.sh
-- Installing: /home/yesopi/ProyectoFinal/Robotics/install/my_service_pkg/share/my_service_pkg/environment/library_path.dsv
-- Up-to-date: /home/yesopi/ProyectoFinal/Robotics/install/my_service_pkg/lib/libmy_service_pkg__rosidl_generator_c.so
-- Up-to-date: /home/yesopi/ProyectoFinal/Robotics/install/my_service_pkg/include/my_service_pkg/my_service_pkg
-- Up-to-date: /home/yesopi/ProyectoFinal/Robotics/install/my_service_pkg/include/my_service_pkg/my_service_pkg/srv
-- Up-to-date: /home/yesopi/ProyectoFinal/Robotics/install/my_service_pkg/include/my_service_pkg/my_service_pkg/srv/detail
-- Up-to-date: /home/yesopi/ProyectoFinal/Robotics/install/my_service_pkg/include/my_service_pkg/my_service_pkg/srv/detail/set_trajectory_file__rosidl_typesupport_fastrtps_c.h
-- Up-to-date: /home/yesopi/ProyectoFinal/Robotics/install/my_service_pkg/include/my_service_pkg/my_service_pkg/msg
-- Up-to-date: /home/yesopi/ProyectoFinal/Robotics/install/my_service_pkg/include/my_service_pkg/my_service_pkg/msg/rosidl_typesupport_fastrtps_c__visibility_control.h
-- Installing: /home/yesopi/ProyectoFinal/Robotics/install/my_service_pkg/lib/libmy_service_pkg__rosidl_typesupport_fastrtps_c.so
-- Set runtime path of "/home/yesopi/ProyectoFinal/Robotics/install/my_service_pkg/lib/libmy_service_pkg__rosidl_typesupport_fastrtps_c.so" to ""
-- Up-to-date: /home/yesopi/ProyectoFinal/Robotics/install/my_service_pkg/include/my_service_pkg/my_service_pkg
-- Up-to-date: /home/yesopi/ProyectoFinal/Robotics/install/my_service_pkg/include/my_service_pkg/my_service_pkg/srv
-- Up-to-date: /home/yesopi/ProyectoFinal/Robotics/install/my_service_pkg/include/my_service_pkg/my_service_pkg/srv/detail
-- Up-to-date: /home/yesopi/ProyectoFinal/Robotics/install/my_service_pkg/include/my_service_pkg/my_service_pkg/srv/detail/set_trajectory_file__rosidl_typesupport_introspection_c.h
-- Up-to-date: /home/yesopi/ProyectoFinal/Robotics/install/my_service_pkg/include/my_service_pkg/my_service_pkg/srv/detail/set_trajectory_file__type_support.c
-- Up-to-date: /home/yesopi/ProyectoFinal/Robotics/install/my_service_pkg/include/my_service_pkg/my_service_pkg/msg
-- Up-to-date: /home/yesopi/ProyectoFinal/Robotics/install/my_service_pkg/include/my_service_pkg/my_service_pkg/msg/rosidl_typesupport_introspection_c__visibility_control.h
-- Installing: /home/yesopi/ProyectoFinal/Robotics/install/my_service_pkg/lib/libmy_service_pkg__rosidl_typesupport_introspection_c.so
-- Set runtime path of "/home/yesopi/ProyectoFinal/Robotics/install/my_service_pkg/lib/libmy_service_pkg__rosidl_typesupport_introspection_c.so" to ""
-- Installing: /home/yesopi/ProyectoFinal/Robotics/install/my_service_pkg/lib/libmy_service_pkg__rosidl_typesupport_c.so
-- Set runtime path of "/home/yesopi/ProyectoFinal/Robotics/install/my_service_pkg/lib/libmy_service_pkg__rosidl_typesupport_c.so" to ""
-- Up-to-date: /home/yesopi/ProyectoFinal/Robotics/install/my_service_pkg/include/my_service_pkg/my_service_pkg
-- Up-to-date: /home/yesopi/ProyectoFinal/Robotics/install/my_service_pkg/include/my_service_pkg/my_service_pkg/srv
-- Up-to-date: /home/yesopi/ProyectoFinal/Robotics/install/my_service_pkg/include/my_service_pkg/my_service_pkg/srv/detail
-- Up-to-date: /home/yesopi/ProyectoFinal/Robotics/install/my_service_pkg/include/my_service_pkg/my_service_pkg/srv/detail/set_trajectory_file__builder.hpp
-- Up-to-date: /home/yesopi/ProyectoFinal/Robotics/install/my_service_pkg/include/my_service_pkg/my_service_pkg/srv/detail/set_trajectory_file__struct.hpp
-- Up-to-date: /home/yesopi/ProyectoFinal/Robotics/install/my_service_pkg/include/my_service_pkg/my_service_pkg/srv/detail/set_trajectory_file__traits.hpp
-- Up-to-date: /home/yesopi/ProyectoFinal/Robotics/install/my_service_pkg/include/my_service_pkg/my_service_pkg/srv/set_trajectory_file.hpp
-- Up-to-date: /home/yesopi/ProyectoFinal/Robotics/install/my_service_pkg/include/my_service_pkg/my_service_pkg
-- Up-to-date: /home/yesopi/ProyectoFinal/Robotics/install/my_service_pkg/include/my_service_pkg/my_service_pkg/srv
-- Up-to-date: /home/yesopi/ProyectoFinal/Robotics/install/my_service_pkg/include/my_service_pkg/my_service_pkg/srv/detail
-- Up-to-date: /home/yesopi/ProyectoFinal/Robotics/install/my_service_pkg/include/my_service_pkg/my_service_pkg/srv/detail/dds_fastrtps
-- Up-to-date: /home/yesopi/ProyectoFinal/Robotics/install/my_service_pkg/include/my_service_pkg/my_service_pkg/srv/detail/set_trajectory_file__rosidl_typesupport_fastrtps_cpp.hpp
-- Up-to-date: /home/yesopi/ProyectoFinal/Robotics/install/my_service_pkg/include/my_service_pkg/my_service_pkg/msg
-- Up-to-date: /home/yesopi/ProyectoFinal/Robotics/install/my_service_pkg/include/my_service_pkg/my_service_pkg/msg/rosidl_typesupport_fastrtps_cpp__visibility_control.h
-- Installing: /home/yesopi/ProyectoFinal/Robotics/install/my_service_pkg/lib/libmy_service_pkg__rosidl_typesupport_fastrtps_cpp.so
-- Set runtime path of "/home/yesopi/ProyectoFinal/Robotics/install/my_service_pkg/lib/libmy_service_pkg__rosidl_typesupport_fastrtps_cpp.so" to ""
-- Up-to-date: /home/yesopi/ProyectoFinal/Robotics/install/my_service_pkg/include/my_service_pkg/my_service_pkg
-- Up-to-date: /home/yesopi/ProyectoFinal/Robotics/install/my_service_pkg/include/my_service_pkg/my_service_pkg/srv
-- Up-to-date: /home/yesopi/ProyectoFinal/Robotics/install/my_service_pkg/include/my_service_pkg/my_service_pkg/srv/detail
-- Up-to-date: /home/yesopi/ProyectoFinal/Robotics/install/my_service_pkg/include/my_service_pkg/my_service_pkg/srv/detail/set_trajectory_file__type_support.cpp
-- Up-to-date: /home/yesopi/ProyectoFinal/Robotics/install/my_service_pkg/include/my_service_pkg/my_service_pkg/srv/detail/set_trajectory_file__rosidl_typesupport_introspection_cpp.hpp
-- Installing: /home/yesopi/ProyectoFinal/Robotics/install/my_service_pkg/lib/libmy_service_pkg__rosidl_typesupport_introspection_cpp.so
-- Set runtime path of "/home/yesopi/ProyectoFinal/Robotics/install/my_service_pkg/lib/libmy_service_pkg__rosidl_typesupport_introspection_cpp.so" to ""
-- Installing: /home/yesopi/ProyectoFinal/Robotics/install/my_service_pkg/lib/libmy_service_pkg__rosidl_typesupport_cpp.so
-- Set runtime path of "/home/yesopi/ProyectoFinal/Robotics/install/my_service_pkg/lib/libmy_service_pkg__rosidl_typesupport_cpp.so" to ""
-- Up-to-date: /home/yesopi/ProyectoFinal/Robotics/install/my_service_pkg/share/my_service_pkg/environment/pythonpath.sh
-- Installing: /home/yesopi/ProyectoFinal/Robotics/install/my_service_pkg/share/my_service_pkg/environment/pythonpath.dsv
-- Up-to-date: /home/yesopi/ProyectoFinal/Robotics/install/my_service_pkg/local/lib/python3.10/dist-packages/my_service_pkg-0.0.0-py3.10.egg-info
-- Installing: /home/yesopi/ProyectoFinal/Robotics/install/my_service_pkg/local/lib/python3.10/dist-packages/my_service_pkg-0.0.0-py3.10.egg-info/top_level.txt
-- Installing: /home/yesopi/ProyectoFinal/Robotics/install/my_service_pkg/local/lib/python3.10/dist-packages/my_service_pkg-0.0.0-py3.10.egg-info/dependency_links.txt
-- Installing: /home/yesopi/ProyectoFinal/Robotics/install/my_service_pkg/local/lib/python3.10/dist-packages/my_service_pkg-0.0.0-py3.10.egg-info/PKG-INFO
-- Installing: /home/yesopi/ProyectoFinal/Robotics/install/my_service_pkg/local/lib/python3.10/dist-packages/my_service_pkg-0.0.0-py3.10.egg-info/SOURCES.txt
-- Up-to-date: /home/yesopi/ProyectoFinal/Robotics/install/my_service_pkg/local/lib/python3.10/dist-packages/my_service_pkg
-- Up-to-date: /home/yesopi/ProyectoFinal/Robotics/install/my_service_pkg/local/lib/python3.10/dist-packages/my_service_pkg/_my_service_pkg_s.ep.rosidl_typesupport_fastrtps_c.c
-- Installing: /home/yesopi/ProyectoFinal/Robotics/install/my_service_pkg/local/lib/python3.10/dist-packages/my_service_pkg/my_service_pkg_s__rosidl_typesupport_c.cpython-310-x86_64-linux-gnu.so
-- Installing: /home/yesopi/ProyectoFinal/Robotics/install/my_service_pkg/local/lib/python3.10/dist-packages/my_service_pkg/__init__.py
-- Up-to-date: /home/yesopi/ProyectoFinal/Robotics/install/my_service_pkg/local/lib/python3.10/dist-packages/my_service_pkg/srv
-- Up-to-date: /home/yesopi/ProyectoFinal/Robotics/install/my_service_pkg/local/lib/python3.10/dist-packages/my_service_pkg/srv/__init__.py
-- Up-to-date: /home/yesopi/ProyectoFinal/Robotics/install/my_service_pkg/local/lib/python3.10/dist-packages/my_service_pkg/srv/_set_trajectory_file_s.c
-- Up-to-date: /home/yesopi/ProyectoFinal/Robotics/install/my_service_pkg/local/lib/python3.10/dist-packages/my_service_pkg/srv/_set_trajectory_file.py
-- Installing: /home/yesopi/ProyectoFinal/Robotics/install/my_service_pkg/local/lib/python3.10/dist-packages/my_service_pkg/my_service_pkg_s__rosidl_typesupport_fastrtps_c.cpython-310-x86_64-linux-gnu.so
-- Up-to-date: /home/yesopi/ProyectoFinal/Robotics/install/my_service_pkg/local/lib/python3.10/dist-packages/my_service_pkg/_my_service_pkg_s.ep.rosidl_typesupport_c.c
-- Up-to-date: /home/yesopi/ProyectoFinal/Robotics/install/my_service_pkg/local/lib/python3.10/dist-packages/my_service_pkg/_my_service_pkg_s.ep.rosidl_typesupport_introspection_c.c
-- Installing: /home/yesopi/ProyectoFinal/Robotics/install/my_service_pkg/local/lib/python3.10/dist-packages/my_service_pkg/my_service_pkg_s__rosidl_typesupport_introspection_c.cpython-310-x86_64-linux-gnu.so
-- Installing: /home/yesopi/ProyectoFinal/Robotics/install/my_service_pkg/local/lib/python3.10/dist-packages/my_service_pkg/libmy_service_pkg__rosidl_generator_py.so
Listing '/home/yesopi/ProyectoFinal/Robotics/install/my_service_pkg/local/lib/python3.10/dist-packages/my_service_pkg'...
Compiling '/home/yesopi/ProyectoFinal/Robotics/install/my_service_pkg/local/lib/python3.10/dist-packages/my_service_pkg/__init__.py'...
Listing '/home/yesopi/ProyectoFinal/Robotics/install/my_service_pkg/local/lib/python3.10/dist-packages/my_service_pkg/srv'...
-- Installing: /home/yesopi/ProyectoFinal/Robotics/install/my_service_pkg/local/lib/python3.10/dist-packages/my_service_pkg/my_service_pkg_s__rosidl_typesupport_fastrtps_c.cpython-310-x86_64-linux-gnu.so
-- Set runtime path of "/home/yesopi/ProyectoFinal/Robotics/install/my_service_pkg/local/lib/python3.10/dist-packages/my_service_pkg/my_service_pkg_s__rosidl_typesupport_fastrtps_c.cpython-310-x86_64-linux-gnu.so" to ""
-- Installing: /home/yesopi/ProyectoFinal/Robotics/install/my_service_pkg/local/lib/python3.10/dist-packages/my_service_pkg/my_service_pkg_s__rosidl_typesupport_introspection_c.cpython-310-x86_64-linux-gnu.so
-- Set runtime path of "/home/yesopi/ProyectoFinal/Robotics/install/my_service_pkg/local/lib/python3.10/dist-packages/my_service_pkg/my_service_pkg_s__rosidl_typesupport_introspection_c.cpython-310-x86_64-linux-gnu.so" to ""
-- Installing: /home/yesopi/ProyectoFinal/Robotics/install/my_service_pkg/local/lib/python3.10/dist-packages/my_service_pkg/my_service_pkg_s__rosidl_typesupport_c.cpython-310-x86_64-linux-gnu.so
-- Set runtime path of "/home/yesopi/ProyectoFinal/Robotics/install/my_service_pkg/local/lib/python3.10/dist-packages/my_service_pkg/my_service_pkg_s__rosidl_typesupport_c.cpython-310-x86_64-linux-gnu.so" to ""
-- Installing: /home/yesopi/ProyectoFinal/Robotics/install/my_service_pkg/lib/libmy_service_pkg__rosidl_generator_py.so
-- Set runtime path of "/home/yesopi/ProyectoFinal/Robotics/install/my_service_pkg/lib/libmy_service_pkg__rosidl_generator_py.so" to ""
-- Up-to-date: /home/yesopi/ProyectoFinal/Robotics/install/my_service_pkg/share/my_service_pkg/srv/SetTrajectoryFile.idl
-- Up-to-date: /home/yesopi/ProyectoFinal/Robotics/install/my_service_pkg/share/my_service_pkg/srv/SetTrajectoryFile.srv
-- Up-to-date: /home/yesopi/ProyectoFinal/Robotics/install/my_service_pkg/share/my_service_pkg/srv/SetTrajectoryFile_Request.msg
-- Up-to-date: /home/yesopi/ProyectoFinal/Robotics/install/my_service_pkg/share/my_service_pkg/srv/SetTrajectoryFile_Response.msg
-- Up-to-date: /home/yesopi/ProyectoFinal/Robotics/install/my_service_pkg/share/ament_index/resource_index/package_run_dependencies/my_service_pkg
-- Installing: /home/yesopi/ProyectoFinal/Robotics/install/my_service_pkg/share/ament_index/resource_index/parent_prefix_path/my_service_pkg
-- Up-to-date: /home/yesopi/ProyectoFinal/Robotics/install/my_service_pkg/share/my_service_pkg/environment/ament_prefix_path.sh
-- Installing: /home/yesopi/ProyectoFinal/Robotics/install/my_service_pkg/share/my_service_pkg/environment/ament_prefix_path.dsv
-- Up-to-date: /home/yesopi/ProyectoFinal/Robotics/install/my_service_pkg/share/my_service_pkg/environment/path.sh
-- Installing: /home/yesopi/ProyectoFinal/Robotics/install/my_service_pkg/share/my_service_pkg/environment/path.dsv
-- Up-to-date: /home/yesopi/ProyectoFinal/Robotics/install/my_service_pkg/share/my_service_pkg/local_setup.bash
-- Up-to-date: /home/yesopi/ProyectoFinal/Robotics/install/my_service_pkg/share/my_service_pkg/local_setup.sh
-- Up-to-date: /home/yesopi/ProyectoFinal/Robotics/install/my_service_pkg/share/my_service_pkg/local_setup.zsh
-- Installing: /home/yesopi/ProyectoFinal/Robotics/install/my_service_pkg/share/my_service_pkg/local_setup.dsv
-- Installing: /home/yesopi/ProyectoFinal/Robotics/install/my_service_pkg/share/my_service_pkg/package.dsv
-- Up-to-date: /home/yesopi/ProyectoFinal/Robotics/install/my_service_pkg/share/ament_index/resource_index/packages/my_service_pkg
-- Up-to-date: /home/yesopi/ProyectoFinal/Robotics/install/my_service_pkg/share/my_service_pkg/cmake/export_my_service_pkg__rosidl_generator_cExport.cmake
-- Up-to-date: /home/yesopi/ProyectoFinal/Robotics/install/my_service_pkg/share/my_service_pkg/cmake/export_my_service_pkg__rosidl_generator_cExport-noconfig.cmake
-- Up-to-date: /home/yesopi/ProyectoFinal/Robotics/install/my_service_pkg/share/my_service_pkg/cmake/export_my_service_pkg__rosidl_typesupport_fastrtps_cExport.cmake
-- Up-to-date: /home/yesopi/ProyectoFinal/Robotics/install/my_service_pkg/share/my_service_pkg/cmake/export_my_service_pkg__rosidl_typesupport_fastrtps_cExport-noconfig.cmake
-- Up-to-date: /home/yesopi/ProyectoFinal/Robotics/install/my_service_pkg/share/my_service_pkg/cmake/my_service_pkg__rosidl_typesupport_introspection_cExport.cmake
-- Up-to-date: /home/yesopi/ProyectoFinal/Robotics/install/my_service_pkg/share/my_service_pkg/cmake/my_service_pkg__rosidl_typesupport_introspection_cExport-noconfig.cmake
-- Up-to-date: /home/yesopi/ProyectoFinal/Robotics/install/my_service_pkg/share/my_service_pkg/cmake/my_service_pkg__rosidl_typesupport_cExport.cmake
-- Up-to-date: /home/yesopi/ProyectoFinal/Robotics/install/my_service_pkg/share/my_service_pkg/cmake/my_service_pkg__rosidl_typesupport_cExport-noconfig.cmake
-- Up-to-date: /home/yesopi/ProyectoFinal/Robotics/install/my_service_pkg/share/my_service_pkg/cmake/export_my_service_pkg__rosidl_generator_cppExport.cmake
-- Up-to-date: /home/yesopi/ProyectoFinal/Robotics/install/my_service_pkg/share/my_service_pkg/cmake/export_my_service_pkg__rosidl_typesupport_fastrtps_cppExport.cmake
-- Up-to-date: /home/yesopi/ProyectoFinal/Robotics/install/my_service_pkg/share/my_service_pkg/cmake/export_my_service_pkg__rosidl_typesupport_fastrtps_cppExport-noconfig.cmake
-- Up-to-date: /home/yesopi/ProyectoFinal/Robotics/install/my_service_pkg/share/my_service_pkg/cmake/my_service_pkg__rosidl_typesupport_introspection_cppExport.cmake
-- Up-to-date: /home/yesopi/ProyectoFinal/Robotics/install/my_service_pkg/share/my_service_pkg/cmake/my_service_pkg__rosidl_typesupport_introspection_cppExport-noconfig.cmake
-- Up-to-date: /home/yesopi/ProyectoFinal/Robotics/install/my_service_pkg/share/my_service_pkg/cmake/my_service_pkg__rosidl_typesupport_cppExport.cmake
-- Up-to-date: /home/yesopi/ProyectoFinal/Robotics/install/my_service_pkg/share/my_service_pkg/cmake/my_service_pkg__rosidl_typesupport_cppExport-noconfig.cmake
-- Up-to-date: /home/yesopi/ProyectoFinal/Robotics/install/my_service_pkg/share/my_service_pkg/cmake/export_my_service_pkg__rosidl_generator_pyExport.cmake
-- Up-to-date: /home/yesopi/ProyectoFinal/Robotics/install/my_service_pkg/share/my_service_pkg/cmake/export_my_service_pkg__rosidl_generator_pyExport-noconfig.cmake
-- Up-to-date: /home/yesopi/ProyectoFinal/Robotics/install/my_service_pkg/share/my_service_pkg/cmake/rosidl_cmake-extras.cmake
-- Up-to-date: /home/yesopi/ProyectoFinal/Robotics/install/my_service_pkg/share/my_service_pkg/cmake/ament_cmake_export_include_directories-extras.cmake
-- Up-to-date: /home/yesopi/ProyectoFinal/Robotics/install/my_service_pkg/share/my_service_pkg/cmake/ament_cmake_export_libraries-extras.cmake
-- Up-to-date: /home/yesopi/ProyectoFinal/Robotics/install/my_service_pkg/share/my_service_pkg/cmake/ament_cmake_export_targets-extras.cmake
-- Up-to-date: /home/yesopi/ProyectoFinal/Robotics/install/my_service_pkg/share/my_service_pkg/cmake/rosidl_cmake_export_typesupport_targets-extras.cmake
-- Up-to-date: /home/yesopi/ProyectoFinal/Robotics/install/my_service_pkg/share/my_service_pkg/cmake/ament_cmake_export_dependencies-extras.cmake
-- Up-to-date: /home/yesopi/ProyectoFinal/Robotics/install/my_service_pkg/share/my_service_pkg/cmake/rosidl_cmake_export_typesupport_libraries-extras.cmake
-- Up-to-date: /home/yesopi/ProyectoFinal/Robotics/install/my_service_pkg/share/my_service_pkg/cmake/my_service_pkgConfig.cmake
-- Up-to-date: /home/yesopi/ProyectoFinal/Robotics/install/my_service_pkg/share/my_service_pkg/cmake/my_service_pkgConfig-version.cmake
-- Up-to-date: /home/yesopi/ProyectoFinal/Robotics/install/my_service_pkg/share/my_service_pkg/package.xml
