[0.134s] Invoking command in '/home/yesopi/ProyectoFinal/Robotics/build/my_service_pkg': CMAKE_PREFIX_PATH=/opt/ros/humble /usr/bin/cmake --build /home/yesopi/ProyectoFinal/Robotics/build/my_service_pkg -- -j12 -l12
[0.839s] -- Found ament_cmake: 1.3.3 (/opt/ros/humble/share/ament_cmake/cmake)
[1.312s] -- Found rosidl_default_generators: 1.2.0 (/opt/ros/humble/share/rosidl_default_generators/cmake)
[1.347s] -- Using all available rosidl_typesupport_c: rosidl_typesupport_fastrtps_c;rosidl_typesupport_introspection_c
[1.406s] -- Found rosidl_adapter: 3.1.4 (/opt/ros/humble/share/rosidl_adapter/cmake)
[1.629s] -- Using all available rosidl_typesupport_cpp: rosidl_typesupport_fastrtps_cpp;rosidl_typesupport_introspection_cpp
[2.168s] -- Found ament_cmake_ros: 0.10.0 (/opt/ros/humble/share/ament_cmake_ros/cmake)
[2.535s] -- Using all available rosidl_typesupport_c: rosidl_typesupport_fastrtps_c;rosidl_typesupport_introspection_c
[2.828s] -- Using all available rosidl_typesupport_cpp: rosidl_typesupport_fastrtps_cpp;rosidl_typesupport_introspection_cpp
[2.877s] -- Found python_cmake_module: 0.10.0 (/opt/ros/humble/share/python_cmake_module/cmake)
[2.963s] -- Using PYTHON_EXECUTABLE: /usr/bin/python3
[2.963s] -- Using PYTHON_INCLUDE_DIRS: /usr/include/python3.10
[2.964s] -- Using PYTHON_LIBRARIES: /usr/lib/x86_64-linux-gnu/libpython3.10.so
[3.037s] -- Found ament_lint_auto: 0.12.5 (/opt/ros/humble/share/ament_lint_auto/cmake)
[3.114s] -- Added test 'lint_cmake' to check CMake code style
[3.115s] -- Added test 'xmllint' to check XML markup files
[3.118s] -- Configuring done
[3.309s] -- Generating done
[3.314s] -- Build files have been written to: /home/yesopi/ProyectoFinal/Robotics/build/my_service_pkg
[3.335s] [35m[1mConsolidate compiler generated dependencies of target my_service_pkg__rosidl_generator_c[0m
[3.343s] [  3%] Built target my_service_pkg__cpp
[3.353s] [35m[1mConsolidate compiler generated dependencies of target my_service_pkg__rosidl_typesupport_cpp[0m
[3.353s] [35m[1mConsolidate compiler generated dependencies of target my_service_pkg__rosidl_typesupport_introspection_cpp[0m
[3.353s] [35m[1mConsolidate compiler generated dependencies of target my_service_pkg__rosidl_typesupport_fastrtps_cpp[0m
[3.448s] [ 12%] Built target my_service_pkg__rosidl_generator_c
[3.457s] [35m[1mConsolidate compiler generated dependencies of target my_service_pkg__rosidl_typesupport_c[0m
[3.457s] [35m[1mConsolidate compiler generated dependencies of target my_service_pkg__rosidl_typesupport_introspection_c[0m
[3.458s] [35m[1mConsolidate compiler generated dependencies of target my_service_pkg__rosidl_typesupport_fastrtps_c[0m
[3.492s] [ 19%] [32mBuilding CXX object CMakeFiles/my_service_pkg__rosidl_typesupport_c.dir/rosidl_typesupport_c/my_service_pkg/srv/set_trajectory_file__type_support.cpp.o[0m
[3.492s] [ 19%] [32mBuilding C object CMakeFiles/my_service_pkg__rosidl_typesupport_introspection_c.dir/rosidl_typesupport_introspection_c/my_service_pkg/srv/detail/set_trajectory_file__type_support.c.o[0m
[3.519s] [ 19%] Built target ament_cmake_python_copy_my_service_pkg
[3.736s] [ 22%] [32mBuilding CXX object CMakeFiles/my_service_pkg__rosidl_typesupport_cpp.dir/rosidl_typesupport_cpp/my_service_pkg/srv/set_trajectory_file__type_support.cpp.o[0m
[3.737s] [ 25%] [32mBuilding CXX object CMakeFiles/my_service_pkg__rosidl_typesupport_introspection_cpp.dir/rosidl_typesupport_introspection_cpp/my_service_pkg/srv/detail/set_trajectory_file__type_support.cpp.o[0m
[3.770s] [ 32%] [32mBuilding CXX object CMakeFiles/my_service_pkg__rosidl_typesupport_fastrtps_c.dir/rosidl_typesupport_fastrtps_c/my_service_pkg/srv/detail/set_trajectory_file__type_support_c.cpp.o[0m
[3.770s] [ 32%] [32mBuilding CXX object CMakeFiles/my_service_pkg__rosidl_typesupport_fastrtps_cpp.dir/rosidl_typesupport_fastrtps_cpp/my_service_pkg/srv/detail/dds_fastrtps/set_trajectory_file__type_support.cpp.o[0m
[3.837s] running egg_info
[3.838s] writing my_service_pkg.egg-info/PKG-INFO
[3.838s] writing dependency_links to my_service_pkg.egg-info/dependency_links.txt
[3.838s] writing top-level names to my_service_pkg.egg-info/top_level.txt
[3.841s] reading manifest file 'my_service_pkg.egg-info/SOURCES.txt'
[3.845s] writing manifest file 'my_service_pkg.egg-info/SOURCES.txt'
[3.870s] [ 32%] Built target ament_cmake_python_build_my_service_pkg_egg
[7.094s] [ 35%] [32m[1mLinking CXX shared library libmy_service_pkg__rosidl_typesupport_c.so[0m
[7.094s] [ 38%] [32m[1mLinking C shared library libmy_service_pkg__rosidl_typesupport_introspection_c.so[0m
[7.457s] [ 41%] [32m[1mLinking CXX shared library libmy_service_pkg__rosidl_typesupport_cpp.so[0m
[7.777s] [ 45%] [32m[1mLinking CXX shared library libmy_service_pkg__rosidl_typesupport_introspection_cpp.so[0m
[7.812s] [ 51%] Built target my_service_pkg__rosidl_typesupport_introspection_c
[7.812s] [ 51%] Built target my_service_pkg__rosidl_typesupport_c
[7.813s] [ 54%] Built target my_service_pkg__rosidl_typesupport_cpp
[7.852s] [ 58%] Built target my_service_pkg__rosidl_typesupport_introspection_cpp
[8.128s] [ 61%] [32m[1mLinking CXX shared library libmy_service_pkg__rosidl_typesupport_fastrtps_c.so[0m
[8.183s] [ 64%] [32m[1mLinking CXX shared library libmy_service_pkg__rosidl_typesupport_fastrtps_cpp.so[0m
[8.235s] [ 67%] Built target my_service_pkg__rosidl_typesupport_fastrtps_c
[8.256s] [ 70%] Built target my_service_pkg__rosidl_typesupport_fastrtps_cpp
[8.284s] [ 70%] Built target my_service_pkg
[8.466s] [ 74%] Built target my_service_pkg__py
[8.490s] [35m[1mConsolidate compiler generated dependencies of target my_service_pkg__rosidl_generator_py[0m
[8.843s] [ 77%] [32m[1mLinking C shared library rosidl_generator_py/my_service_pkg/libmy_service_pkg__rosidl_generator_py.so[0m
[8.902s] [ 80%] Built target my_service_pkg__rosidl_generator_py
[8.914s] [35m[1mConsolidate compiler generated dependencies of target my_service_pkg__rosidl_typesupport_fastrtps_c__pyext[0m
[8.914s] [35m[1mConsolidate compiler generated dependencies of target my_service_pkg__rosidl_typesupport_introspection_c__pyext[0m
[8.914s] [35m[1mConsolidate compiler generated dependencies of target my_service_pkg__rosidl_typesupport_c__pyext[0m
[8.927s] [ 90%] [32mBuilding C object CMakeFiles/my_service_pkg__rosidl_typesupport_introspection_c__pyext.dir/rosidl_generator_py/my_service_pkg/_my_service_pkg_s.ep.rosidl_typesupport_introspection_c.c.o[0m
[8.927s] [ 90%] [32mBuilding C object CMakeFiles/my_service_pkg__rosidl_typesupport_fastrtps_c__pyext.dir/rosidl_generator_py/my_service_pkg/_my_service_pkg_s.ep.rosidl_typesupport_fastrtps_c.c.o[0m
[8.927s] [ 90%] [32mBuilding C object CMakeFiles/my_service_pkg__rosidl_typesupport_c__pyext.dir/rosidl_generator_py/my_service_pkg/_my_service_pkg_s.ep.rosidl_typesupport_c.c.o[0m
[9.248s] [100%] [32m[1mLinking C shared library rosidl_generator_py/my_service_pkg/my_service_pkg_s__rosidl_typesupport_c.cpython-310-x86_64-linux-gnu.so[0m
[9.248s] [100%] [32m[1mLinking C shared library rosidl_generator_py/my_service_pkg/my_service_pkg_s__rosidl_typesupport_introspection_c.cpython-310-x86_64-linux-gnu.so[0m
[9.248s] [100%] [32m[1mLinking C shared library rosidl_generator_py/my_service_pkg/my_service_pkg_s__rosidl_typesupport_fastrtps_c.cpython-310-x86_64-linux-gnu.so[0m
[9.279s] [100%] Built target my_service_pkg__rosidl_typesupport_c__pyext
[9.279s] [100%] Built target my_service_pkg__rosidl_typesupport_introspection_c__pyext
[9.279s] [100%] Built target my_service_pkg__rosidl_typesupport_fastrtps_c__pyext
[9.290s] Invoked command in '/home/yesopi/ProyectoFinal/Robotics/build/my_service_pkg' returned '0': CMAKE_PREFIX_PATH=/opt/ros/humble /usr/bin/cmake --build /home/yesopi/ProyectoFinal/Robotics/build/my_service_pkg -- -j12 -l12
[9.344s] Invoking command in '/home/yesopi/ProyectoFinal/Robotics/build/my_service_pkg': CMAKE_PREFIX_PATH=/opt/ros/humble /usr/bin/cmake --install /home/yesopi/ProyectoFinal/Robotics/build/my_service_pkg
[9.351s] -- Install configuration: ""
[9.351s] -- Up-to-date: /home/yesopi/ProyectoFinal/Robotics/install/my_service_pkg/share/ament_index/resource_index/rosidl_interfaces/my_service_pkg
[9.352s] -- Up-to-date: /home/yesopi/ProyectoFinal/Robotics/install/my_service_pkg/include/my_service_pkg/my_service_pkg
[9.352s] -- Up-to-date: /home/yesopi/ProyectoFinal/Robotics/install/my_service_pkg/include/my_service_pkg/my_service_pkg/srv
[9.352s] -- Up-to-date: /home/yesopi/ProyectoFinal/Robotics/install/my_service_pkg/include/my_service_pkg/my_service_pkg/srv/detail
[9.352s] -- Up-to-date: /home/yesopi/ProyectoFinal/Robotics/install/my_service_pkg/include/my_service_pkg/my_service_pkg/srv/detail/set_trajectory_file__functions.c
[9.352s] -- Up-to-date: /home/yesopi/ProyectoFinal/Robotics/install/my_service_pkg/include/my_service_pkg/my_service_pkg/srv/detail/set_trajectory_file__functions.h
[9.352s] -- Up-to-date: /home/yesopi/ProyectoFinal/Robotics/install/my_service_pkg/include/my_service_pkg/my_service_pkg/srv/detail/set_trajectory_file__struct.h
[9.352s] -- Up-to-date: /home/yesopi/ProyectoFinal/Robotics/install/my_service_pkg/include/my_service_pkg/my_service_pkg/srv/detail/set_trajectory_file__type_support.h
[9.352s] -- Up-to-date: /home/yesopi/ProyectoFinal/Robotics/install/my_service_pkg/include/my_service_pkg/my_service_pkg/srv/set_trajectory_file.h
[9.352s] -- Up-to-date: /home/yesopi/ProyectoFinal/Robotics/install/my_service_pkg/include/my_service_pkg/my_service_pkg/msg
[9.352s] -- Up-to-date: /home/yesopi/ProyectoFinal/Robotics/install/my_service_pkg/include/my_service_pkg/my_service_pkg/msg/rosidl_generator_c__visibility_control.h
[9.353s] -- Up-to-date: /home/yesopi/ProyectoFinal/Robotics/install/my_service_pkg/share/my_service_pkg/environment/library_path.sh
[9.353s] -- Installing: /home/yesopi/ProyectoFinal/Robotics/install/my_service_pkg/share/my_service_pkg/environment/library_path.dsv
[9.353s] -- Up-to-date: /home/yesopi/ProyectoFinal/Robotics/install/my_service_pkg/lib/libmy_service_pkg__rosidl_generator_c.so
[9.353s] -- Up-to-date: /home/yesopi/ProyectoFinal/Robotics/install/my_service_pkg/include/my_service_pkg/my_service_pkg
[9.353s] -- Up-to-date: /home/yesopi/ProyectoFinal/Robotics/install/my_service_pkg/include/my_service_pkg/my_service_pkg/srv
[9.353s] -- Up-to-date: /home/yesopi/ProyectoFinal/Robotics/install/my_service_pkg/include/my_service_pkg/my_service_pkg/srv/detail
[9.353s] -- Up-to-date: /home/yesopi/ProyectoFinal/Robotics/install/my_service_pkg/include/my_service_pkg/my_service_pkg/srv/detail/set_trajectory_file__rosidl_typesupport_fastrtps_c.h
[9.353s] -- Up-to-date: /home/yesopi/ProyectoFinal/Robotics/install/my_service_pkg/include/my_service_pkg/my_service_pkg/msg
[9.353s] -- Up-to-date: /home/yesopi/ProyectoFinal/Robotics/install/my_service_pkg/include/my_service_pkg/my_service_pkg/msg/rosidl_typesupport_fastrtps_c__visibility_control.h
[9.353s] -- Installing: /home/yesopi/ProyectoFinal/Robotics/install/my_service_pkg/lib/libmy_service_pkg__rosidl_typesupport_fastrtps_c.so
[9.353s] -- Set runtime path of "/home/yesopi/ProyectoFinal/Robotics/install/my_service_pkg/lib/libmy_service_pkg__rosidl_typesupport_fastrtps_c.so" to ""
[9.354s] -- Up-to-date: /home/yesopi/ProyectoFinal/Robotics/install/my_service_pkg/include/my_service_pkg/my_service_pkg
[9.354s] -- Up-to-date: /home/yesopi/ProyectoFinal/Robotics/install/my_service_pkg/include/my_service_pkg/my_service_pkg/srv
[9.354s] -- Up-to-date: /home/yesopi/ProyectoFinal/Robotics/install/my_service_pkg/include/my_service_pkg/my_service_pkg/srv/detail
[9.354s] -- Up-to-date: /home/yesopi/ProyectoFinal/Robotics/install/my_service_pkg/include/my_service_pkg/my_service_pkg/srv/detail/set_trajectory_file__rosidl_typesupport_introspection_c.h
[9.354s] -- Up-to-date: /home/yesopi/ProyectoFinal/Robotics/install/my_service_pkg/include/my_service_pkg/my_service_pkg/srv/detail/set_trajectory_file__type_support.c
[9.354s] -- Up-to-date: /home/yesopi/ProyectoFinal/Robotics/install/my_service_pkg/include/my_service_pkg/my_service_pkg/msg
[9.354s] -- Up-to-date: /home/yesopi/ProyectoFinal/Robotics/install/my_service_pkg/include/my_service_pkg/my_service_pkg/msg/rosidl_typesupport_introspection_c__visibility_control.h
[9.354s] -- Installing: /home/yesopi/ProyectoFinal/Robotics/install/my_service_pkg/lib/libmy_service_pkg__rosidl_typesupport_introspection_c.so
[9.354s] -- Set runtime path of "/home/yesopi/ProyectoFinal/Robotics/install/my_service_pkg/lib/libmy_service_pkg__rosidl_typesupport_introspection_c.so" to ""
[9.354s] -- Installing: /home/yesopi/ProyectoFinal/Robotics/install/my_service_pkg/lib/libmy_service_pkg__rosidl_typesupport_c.so
[9.355s] -- Set runtime path of "/home/yesopi/ProyectoFinal/Robotics/install/my_service_pkg/lib/libmy_service_pkg__rosidl_typesupport_c.so" to ""
[9.355s] -- Up-to-date: /home/yesopi/ProyectoFinal/Robotics/install/my_service_pkg/include/my_service_pkg/my_service_pkg
[9.355s] -- Up-to-date: /home/yesopi/ProyectoFinal/Robotics/install/my_service_pkg/include/my_service_pkg/my_service_pkg/srv
[9.355s] -- Up-to-date: /home/yesopi/ProyectoFinal/Robotics/install/my_service_pkg/include/my_service_pkg/my_service_pkg/srv/detail
[9.355s] -- Up-to-date: /home/yesopi/ProyectoFinal/Robotics/install/my_service_pkg/include/my_service_pkg/my_service_pkg/srv/detail/set_trajectory_file__builder.hpp
[9.355s] -- Up-to-date: /home/yesopi/ProyectoFinal/Robotics/install/my_service_pkg/include/my_service_pkg/my_service_pkg/srv/detail/set_trajectory_file__struct.hpp
[9.355s] -- Up-to-date: /home/yesopi/ProyectoFinal/Robotics/install/my_service_pkg/include/my_service_pkg/my_service_pkg/srv/detail/set_trajectory_file__traits.hpp
[9.355s] -- Up-to-date: /home/yesopi/ProyectoFinal/Robotics/install/my_service_pkg/include/my_service_pkg/my_service_pkg/srv/set_trajectory_file.hpp
[9.355s] -- Up-to-date: /home/yesopi/ProyectoFinal/Robotics/install/my_service_pkg/include/my_service_pkg/my_service_pkg
[9.355s] -- Up-to-date: /home/yesopi/ProyectoFinal/Robotics/install/my_service_pkg/include/my_service_pkg/my_service_pkg/srv
[9.355s] -- Up-to-date: /home/yesopi/ProyectoFinal/Robotics/install/my_service_pkg/include/my_service_pkg/my_service_pkg/srv/detail
[9.355s] -- Up-to-date: /home/yesopi/ProyectoFinal/Robotics/install/my_service_pkg/include/my_service_pkg/my_service_pkg/srv/detail/dds_fastrtps
[9.356s] -- Up-to-date: /home/yesopi/ProyectoFinal/Robotics/install/my_service_pkg/include/my_service_pkg/my_service_pkg/srv/detail/set_trajectory_file__rosidl_typesupport_fastrtps_cpp.hpp
[9.356s] -- Up-to-date: /home/yesopi/ProyectoFinal/Robotics/install/my_service_pkg/include/my_service_pkg/my_service_pkg/msg
[9.356s] -- Up-to-date: /home/yesopi/ProyectoFinal/Robotics/install/my_service_pkg/include/my_service_pkg/my_service_pkg/msg/rosidl_typesupport_fastrtps_cpp__visibility_control.h
[9.378s] -- Installing: /home/yesopi/ProyectoFinal/Robotics/install/my_service_pkg/lib/libmy_service_pkg__rosidl_typesupport_fastrtps_cpp.so
[9.379s] -- Set runtime path of "/home/yesopi/ProyectoFinal/Robotics/install/my_service_pkg/lib/libmy_service_pkg__rosidl_typesupport_fastrtps_cpp.so" to ""
[9.379s] -- Up-to-date: /home/yesopi/ProyectoFinal/Robotics/install/my_service_pkg/include/my_service_pkg/my_service_pkg
[9.379s] -- Up-to-date: /home/yesopi/ProyectoFinal/Robotics/install/my_service_pkg/include/my_service_pkg/my_service_pkg/srv
[9.379s] -- Up-to-date: /home/yesopi/ProyectoFinal/Robotics/install/my_service_pkg/include/my_service_pkg/my_service_pkg/srv/detail
[9.380s] -- Up-to-date: /home/yesopi/ProyectoFinal/Robotics/install/my_service_pkg/include/my_service_pkg/my_service_pkg/srv/detail/set_trajectory_file__type_support.cpp
[9.380s] -- Up-to-date: /home/yesopi/ProyectoFinal/Robotics/install/my_service_pkg/include/my_service_pkg/my_service_pkg/srv/detail/set_trajectory_file__rosidl_typesupport_introspection_cpp.hpp
[9.380s] -- Installing: /home/yesopi/ProyectoFinal/Robotics/install/my_service_pkg/lib/libmy_service_pkg__rosidl_typesupport_introspection_cpp.so
[9.381s] -- Set runtime path of "/home/yesopi/ProyectoFinal/Robotics/install/my_service_pkg/lib/libmy_service_pkg__rosidl_typesupport_introspection_cpp.so" to ""
[9.381s] -- Installing: /home/yesopi/ProyectoFinal/Robotics/install/my_service_pkg/lib/libmy_service_pkg__rosidl_typesupport_cpp.so
[9.381s] -- Set runtime path of "/home/yesopi/ProyectoFinal/Robotics/install/my_service_pkg/lib/libmy_service_pkg__rosidl_typesupport_cpp.so" to ""
[9.381s] -- Up-to-date: /home/yesopi/ProyectoFinal/Robotics/install/my_service_pkg/share/my_service_pkg/environment/pythonpath.sh
[9.382s] -- Installing: /home/yesopi/ProyectoFinal/Robotics/install/my_service_pkg/share/my_service_pkg/environment/pythonpath.dsv
[9.382s] -- Up-to-date: /home/yesopi/ProyectoFinal/Robotics/install/my_service_pkg/local/lib/python3.10/dist-packages/my_service_pkg-0.0.0-py3.10.egg-info
[9.382s] -- Installing: /home/yesopi/ProyectoFinal/Robotics/install/my_service_pkg/local/lib/python3.10/dist-packages/my_service_pkg-0.0.0-py3.10.egg-info/top_level.txt
[9.382s] -- Installing: /home/yesopi/ProyectoFinal/Robotics/install/my_service_pkg/local/lib/python3.10/dist-packages/my_service_pkg-0.0.0-py3.10.egg-info/dependency_links.txt
[9.382s] -- Installing: /home/yesopi/ProyectoFinal/Robotics/install/my_service_pkg/local/lib/python3.10/dist-packages/my_service_pkg-0.0.0-py3.10.egg-info/PKG-INFO
[9.382s] -- Installing: /home/yesopi/ProyectoFinal/Robotics/install/my_service_pkg/local/lib/python3.10/dist-packages/my_service_pkg-0.0.0-py3.10.egg-info/SOURCES.txt
[9.382s] -- Up-to-date: /home/yesopi/ProyectoFinal/Robotics/install/my_service_pkg/local/lib/python3.10/dist-packages/my_service_pkg
[9.382s] -- Up-to-date: /home/yesopi/ProyectoFinal/Robotics/install/my_service_pkg/local/lib/python3.10/dist-packages/my_service_pkg/_my_service_pkg_s.ep.rosidl_typesupport_fastrtps_c.c
[9.382s] -- Installing: /home/yesopi/ProyectoFinal/Robotics/install/my_service_pkg/local/lib/python3.10/dist-packages/my_service_pkg/my_service_pkg_s__rosidl_typesupport_c.cpython-310-x86_64-linux-gnu.so
[9.383s] -- Installing: /home/yesopi/ProyectoFinal/Robotics/install/my_service_pkg/local/lib/python3.10/dist-packages/my_service_pkg/__init__.py
[9.383s] -- Up-to-date: /home/yesopi/ProyectoFinal/Robotics/install/my_service_pkg/local/lib/python3.10/dist-packages/my_service_pkg/srv
[9.383s] -- Up-to-date: /home/yesopi/ProyectoFinal/Robotics/install/my_service_pkg/local/lib/python3.10/dist-packages/my_service_pkg/srv/__init__.py
[9.383s] -- Up-to-date: /home/yesopi/ProyectoFinal/Robotics/install/my_service_pkg/local/lib/python3.10/dist-packages/my_service_pkg/srv/_set_trajectory_file_s.c
[9.383s] -- Up-to-date: /home/yesopi/ProyectoFinal/Robotics/install/my_service_pkg/local/lib/python3.10/dist-packages/my_service_pkg/srv/_set_trajectory_file.py
[9.383s] -- Installing: /home/yesopi/ProyectoFinal/Robotics/install/my_service_pkg/local/lib/python3.10/dist-packages/my_service_pkg/my_service_pkg_s__rosidl_typesupport_fastrtps_c.cpython-310-x86_64-linux-gnu.so
[9.383s] -- Up-to-date: /home/yesopi/ProyectoFinal/Robotics/install/my_service_pkg/local/lib/python3.10/dist-packages/my_service_pkg/_my_service_pkg_s.ep.rosidl_typesupport_c.c
[9.383s] -- Up-to-date: /home/yesopi/ProyectoFinal/Robotics/install/my_service_pkg/local/lib/python3.10/dist-packages/my_service_pkg/_my_service_pkg_s.ep.rosidl_typesupport_introspection_c.c
[9.383s] -- Installing: /home/yesopi/ProyectoFinal/Robotics/install/my_service_pkg/local/lib/python3.10/dist-packages/my_service_pkg/my_service_pkg_s__rosidl_typesupport_introspection_c.cpython-310-x86_64-linux-gnu.so
[9.383s] -- Installing: /home/yesopi/ProyectoFinal/Robotics/install/my_service_pkg/local/lib/python3.10/dist-packages/my_service_pkg/libmy_service_pkg__rosidl_generator_py.so
[9.419s] Listing '/home/yesopi/ProyectoFinal/Robotics/install/my_service_pkg/local/lib/python3.10/dist-packages/my_service_pkg'...
[9.420s] Compiling '/home/yesopi/ProyectoFinal/Robotics/install/my_service_pkg/local/lib/python3.10/dist-packages/my_service_pkg/__init__.py'...
[9.420s] Listing '/home/yesopi/ProyectoFinal/Robotics/install/my_service_pkg/local/lib/python3.10/dist-packages/my_service_pkg/srv'...
[9.424s] -- Installing: /home/yesopi/ProyectoFinal/Robotics/install/my_service_pkg/local/lib/python3.10/dist-packages/my_service_pkg/my_service_pkg_s__rosidl_typesupport_fastrtps_c.cpython-310-x86_64-linux-gnu.so
[9.425s] -- Set runtime path of "/home/yesopi/ProyectoFinal/Robotics/install/my_service_pkg/local/lib/python3.10/dist-packages/my_service_pkg/my_service_pkg_s__rosidl_typesupport_fastrtps_c.cpython-310-x86_64-linux-gnu.so" to ""
[9.425s] -- Installing: /home/yesopi/ProyectoFinal/Robotics/install/my_service_pkg/local/lib/python3.10/dist-packages/my_service_pkg/my_service_pkg_s__rosidl_typesupport_introspection_c.cpython-310-x86_64-linux-gnu.so
[9.425s] -- Set runtime path of "/home/yesopi/ProyectoFinal/Robotics/install/my_service_pkg/local/lib/python3.10/dist-packages/my_service_pkg/my_service_pkg_s__rosidl_typesupport_introspection_c.cpython-310-x86_64-linux-gnu.so" to ""
[9.426s] -- Installing: /home/yesopi/ProyectoFinal/Robotics/install/my_service_pkg/local/lib/python3.10/dist-packages/my_service_pkg/my_service_pkg_s__rosidl_typesupport_c.cpython-310-x86_64-linux-gnu.so
[9.426s] -- Set runtime path of "/home/yesopi/ProyectoFinal/Robotics/install/my_service_pkg/local/lib/python3.10/dist-packages/my_service_pkg/my_service_pkg_s__rosidl_typesupport_c.cpython-310-x86_64-linux-gnu.so" to ""
[9.426s] -- Installing: /home/yesopi/ProyectoFinal/Robotics/install/my_service_pkg/lib/libmy_service_pkg__rosidl_generator_py.so
[9.426s] -- Set runtime path of "/home/yesopi/ProyectoFinal/Robotics/install/my_service_pkg/lib/libmy_service_pkg__rosidl_generator_py.so" to ""
[9.427s] -- Up-to-date: /home/yesopi/ProyectoFinal/Robotics/install/my_service_pkg/share/my_service_pkg/srv/SetTrajectoryFile.idl
[9.427s] -- Up-to-date: /home/yesopi/ProyectoFinal/Robotics/install/my_service_pkg/share/my_service_pkg/srv/SetTrajectoryFile.srv
[9.427s] -- Up-to-date: /home/yesopi/ProyectoFinal/Robotics/install/my_service_pkg/share/my_service_pkg/srv/SetTrajectoryFile_Request.msg
[9.427s] -- Up-to-date: /home/yesopi/ProyectoFinal/Robotics/install/my_service_pkg/share/my_service_pkg/srv/SetTrajectoryFile_Response.msg
[9.427s] -- Up-to-date: /home/yesopi/ProyectoFinal/Robotics/install/my_service_pkg/share/ament_index/resource_index/package_run_dependencies/my_service_pkg
[9.427s] -- Installing: /home/yesopi/ProyectoFinal/Robotics/install/my_service_pkg/share/ament_index/resource_index/parent_prefix_path/my_service_pkg
[9.427s] -- Up-to-date: /home/yesopi/ProyectoFinal/Robotics/install/my_service_pkg/share/my_service_pkg/environment/ament_prefix_path.sh
[9.427s] -- Installing: /home/yesopi/ProyectoFinal/Robotics/install/my_service_pkg/share/my_service_pkg/environment/ament_prefix_path.dsv
[9.427s] -- Up-to-date: /home/yesopi/ProyectoFinal/Robotics/install/my_service_pkg/share/my_service_pkg/environment/path.sh
[9.427s] -- Installing: /home/yesopi/ProyectoFinal/Robotics/install/my_service_pkg/share/my_service_pkg/environment/path.dsv
[9.428s] -- Up-to-date: /home/yesopi/ProyectoFinal/Robotics/install/my_service_pkg/share/my_service_pkg/local_setup.bash
[9.428s] -- Up-to-date: /home/yesopi/ProyectoFinal/Robotics/install/my_service_pkg/share/my_service_pkg/local_setup.sh
[9.428s] -- Up-to-date: /home/yesopi/ProyectoFinal/Robotics/install/my_service_pkg/share/my_service_pkg/local_setup.zsh
[9.428s] -- Installing: /home/yesopi/ProyectoFinal/Robotics/install/my_service_pkg/share/my_service_pkg/local_setup.dsv
[9.428s] -- Installing: /home/yesopi/ProyectoFinal/Robotics/install/my_service_pkg/share/my_service_pkg/package.dsv
[9.428s] -- Up-to-date: /home/yesopi/ProyectoFinal/Robotics/install/my_service_pkg/share/ament_index/resource_index/packages/my_service_pkg
[9.447s] -- Up-to-date: /home/yesopi/ProyectoFinal/Robotics/install/my_service_pkg/share/my_service_pkg/cmake/export_my_service_pkg__rosidl_generator_cExport.cmake
[9.447s] -- Up-to-date: /home/yesopi/ProyectoFinal/Robotics/install/my_service_pkg/share/my_service_pkg/cmake/export_my_service_pkg__rosidl_generator_cExport-noconfig.cmake
[9.447s] -- Up-to-date: /home/yesopi/ProyectoFinal/Robotics/install/my_service_pkg/share/my_service_pkg/cmake/export_my_service_pkg__rosidl_typesupport_fastrtps_cExport.cmake
[9.447s] -- Up-to-date: /home/yesopi/ProyectoFinal/Robotics/install/my_service_pkg/share/my_service_pkg/cmake/export_my_service_pkg__rosidl_typesupport_fastrtps_cExport-noconfig.cmake
[9.447s] -- Up-to-date: /home/yesopi/ProyectoFinal/Robotics/install/my_service_pkg/share/my_service_pkg/cmake/my_service_pkg__rosidl_typesupport_introspection_cExport.cmake
[9.447s] -- Up-to-date: /home/yesopi/ProyectoFinal/Robotics/install/my_service_pkg/share/my_service_pkg/cmake/my_service_pkg__rosidl_typesupport_introspection_cExport-noconfig.cmake
[9.447s] -- Up-to-date: /home/yesopi/ProyectoFinal/Robotics/install/my_service_pkg/share/my_service_pkg/cmake/my_service_pkg__rosidl_typesupport_cExport.cmake
[9.448s] -- Up-to-date: /home/yesopi/ProyectoFinal/Robotics/install/my_service_pkg/share/my_service_pkg/cmake/my_service_pkg__rosidl_typesupport_cExport-noconfig.cmake
[9.448s] -- Up-to-date: /home/yesopi/ProyectoFinal/Robotics/install/my_service_pkg/share/my_service_pkg/cmake/export_my_service_pkg__rosidl_generator_cppExport.cmake
[9.448s] -- Up-to-date: /home/yesopi/ProyectoFinal/Robotics/install/my_service_pkg/share/my_service_pkg/cmake/export_my_service_pkg__rosidl_typesupport_fastrtps_cppExport.cmake
[9.448s] -- Up-to-date: /home/yesopi/ProyectoFinal/Robotics/install/my_service_pkg/share/my_service_pkg/cmake/export_my_service_pkg__rosidl_typesupport_fastrtps_cppExport-noconfig.cmake
[9.462s] -- Up-to-date: /home/yesopi/ProyectoFinal/Robotics/install/my_service_pkg/share/my_service_pkg/cmake/my_service_pkg__rosidl_typesupport_introspection_cppExport.cmake
[9.462s] -- Up-to-date: /home/yesopi/ProyectoFinal/Robotics/install/my_service_pkg/share/my_service_pkg/cmake/my_service_pkg__rosidl_typesupport_introspection_cppExport-noconfig.cmake
[9.462s] -- Up-to-date: /home/yesopi/ProyectoFinal/Robotics/install/my_service_pkg/share/my_service_pkg/cmake/my_service_pkg__rosidl_typesupport_cppExport.cmake
[9.462s] -- Up-to-date: /home/yesopi/ProyectoFinal/Robotics/install/my_service_pkg/share/my_service_pkg/cmake/my_service_pkg__rosidl_typesupport_cppExport-noconfig.cmake
[9.463s] -- Up-to-date: /home/yesopi/ProyectoFinal/Robotics/install/my_service_pkg/share/my_service_pkg/cmake/export_my_service_pkg__rosidl_generator_pyExport.cmake
[9.463s] -- Up-to-date: /home/yesopi/ProyectoFinal/Robotics/install/my_service_pkg/share/my_service_pkg/cmake/export_my_service_pkg__rosidl_generator_pyExport-noconfig.cmake
[9.463s] -- Up-to-date: /home/yesopi/ProyectoFinal/Robotics/install/my_service_pkg/share/my_service_pkg/cmake/rosidl_cmake-extras.cmake
[9.463s] -- Up-to-date: /home/yesopi/ProyectoFinal/Robotics/install/my_service_pkg/share/my_service_pkg/cmake/ament_cmake_export_include_directories-extras.cmake
[9.463s] -- Up-to-date: /home/yesopi/ProyectoFinal/Robotics/install/my_service_pkg/share/my_service_pkg/cmake/ament_cmake_export_libraries-extras.cmake
[9.463s] -- Up-to-date: /home/yesopi/ProyectoFinal/Robotics/install/my_service_pkg/share/my_service_pkg/cmake/ament_cmake_export_targets-extras.cmake
[9.463s] -- Up-to-date: /home/yesopi/ProyectoFinal/Robotics/install/my_service_pkg/share/my_service_pkg/cmake/rosidl_cmake_export_typesupport_targets-extras.cmake
[9.463s] -- Up-to-date: /home/yesopi/ProyectoFinal/Robotics/install/my_service_pkg/share/my_service_pkg/cmake/ament_cmake_export_dependencies-extras.cmake
[9.463s] -- Up-to-date: /home/yesopi/ProyectoFinal/Robotics/install/my_service_pkg/share/my_service_pkg/cmake/rosidl_cmake_export_typesupport_libraries-extras.cmake
[9.464s] -- Up-to-date: /home/yesopi/ProyectoFinal/Robotics/install/my_service_pkg/share/my_service_pkg/cmake/my_service_pkgConfig.cmake
[9.464s] -- Up-to-date: /home/yesopi/ProyectoFinal/Robotics/install/my_service_pkg/share/my_service_pkg/cmake/my_service_pkgConfig-version.cmake
[9.464s] -- Up-to-date: /home/yesopi/ProyectoFinal/Robotics/install/my_service_pkg/share/my_service_pkg/package.xml
[9.468s] Invoked command in '/home/yesopi/ProyectoFinal/Robotics/build/my_service_pkg' returned '0': CMAKE_PREFIX_PATH=/opt/ros/humble /usr/bin/cmake --install /home/yesopi/ProyectoFinal/Robotics/build/my_service_pkg
