[1.579s] Invoking command in '/home/daniel/ProyectoFinal/Vision/vision_rasp/src/pkg_vision_rasp': PYTHONPATH=/home/daniel/ProyectoFinal/Vision/vision_rasp/build/pkg_vision_rasp/prefix_override:/home/daniel/ProyectoFinal/Vision/vision_rasp/install/pkg_vision_rasp/lib/python3.10/site-packages:${PYTHONPATH} /usr/bin/python3 setup.py egg_info --egg-base ../../build/pkg_vision_rasp build --build-base /home/daniel/ProyectoFinal/Vision/vision_rasp/build/pkg_vision_rasp/build install --record /home/daniel/ProyectoFinal/Vision/vision_rasp/build/pkg_vision_rasp/install.log --single-version-externally-managed
[1.926s] running egg_info
[1.928s] writing ../../build/pkg_vision_rasp/pkg_vision_rasp.egg-info/PKG-INFO
[1.928s] writing dependency_links to ../../build/pkg_vision_rasp/pkg_vision_rasp.egg-info/dependency_links.txt
[1.928s] writing entry points to ../../build/pkg_vision_rasp/pkg_vision_rasp.egg-info/entry_points.txt
[1.929s] writing requirements to ../../build/pkg_vision_rasp/pkg_vision_rasp.egg-info/requires.txt
[1.929s] writing top-level names to ../../build/pkg_vision_rasp/pkg_vision_rasp.egg-info/top_level.txt
[1.935s] reading manifest file '../../build/pkg_vision_rasp/pkg_vision_rasp.egg-info/SOURCES.txt'
[1.937s] writing manifest file '../../build/pkg_vision_rasp/pkg_vision_rasp.egg-info/SOURCES.txt'
[1.937s] running build
[1.937s] running build_py
[1.937s] running install
[1.938s] /usr/lib/python3/dist-packages/setuptools/command/install.py:34: SetuptoolsDeprecationWarning: setup.py install is deprecated. Use build and pip and other standards-based tools.
[1.938s]   warnings.warn(
[1.938s] running install_lib
[1.940s] running install_data
[1.941s] running install_egg_info
[1.944s] removing '/home/daniel/ProyectoFinal/Vision/vision_rasp/install/pkg_vision_rasp/lib/python3.10/site-packages/pkg_vision_rasp-0.0.0-py3.10.egg-info' (and everything under it)
[1.944s] Copying ../../build/pkg_vision_rasp/pkg_vision_rasp.egg-info to /home/daniel/ProyectoFinal/Vision/vision_rasp/install/pkg_vision_rasp/lib/python3.10/site-packages/pkg_vision_rasp-0.0.0-py3.10.egg-info
[1.946s] running install_scripts
[1.987s] Installing vision_rasp script to /home/daniel/ProyectoFinal/Vision/vision_rasp/install/pkg_vision_rasp/lib/pkg_vision_rasp
[1.988s] writing list of installed files to '/home/daniel/ProyectoFinal/Vision/vision_rasp/build/pkg_vision_rasp/install.log'
[2.055s] Invoked command in '/home/daniel/ProyectoFinal/Vision/vision_rasp/src/pkg_vision_rasp' returned '0': PYTHONPATH=/home/daniel/ProyectoFinal/Vision/vision_rasp/build/pkg_vision_rasp/prefix_override:/home/daniel/ProyectoFinal/Vision/vision_rasp/install/pkg_vision_rasp/lib/python3.10/site-packages:${PYTHONPATH} /usr/bin/python3 setup.py egg_info --egg-base ../../build/pkg_vision_rasp build --build-base /home/daniel/ProyectoFinal/Vision/vision_rasp/build/pkg_vision_rasp/build install --record /home/daniel/ProyectoFinal/Vision/vision_rasp/build/pkg_vision_rasp/install.log --single-version-externally-managed
