[0.278s] DEBUG:colcon:Command line arguments: ['/usr/bin/colcon', 'build']
[0.278s] DEBUG:colcon:Parsed command line arguments: Namespace(log_base=None, log_level=None, verb_name='build', build_base='build', install_base='install', merge_install=False, symlink_install=False, test_result_base=None, continue_on_error=False, executor='parallel', parallel_workers=8, event_handlers=None, ignore_user_meta=False, metas=['./colcon.meta'], base_paths=['.'], packages_ignore=None, packages_ignore_regex=None, paths=None, packages_up_to=None, packages_up_to_regex=None, packages_above=None, packages_above_and_dependencies=None, packages_above_depth=None, packages_select_by_dep=None, packages_skip_by_dep=None, packages_skip_up_to=None, packages_select_build_failed=False, packages_skip_build_finished=False, packages_select_test_failures=False, packages_skip_test_passed=False, packages_select=None, packages_skip=None, packages_select_regex=None, packages_skip_regex=None, packages_start=None, packages_end=None, allow_overriding=[], cmake_args=None, cmake_target=None, cmake_target_skip_unavailable=False, cmake_clean_cache=False, cmake_clean_first=False, cmake_force_configure=False, ament_cmake_args=None, catkin_cmake_args=None, catkin_skip_building_tests=False, verb_parser=<colcon_defaults.argument_parser.defaults.DefaultArgumentsDecorator object at 0x7fc084ede050>, verb_extension=<colcon_core.verb.build.BuildVerb object at 0x7fc084febf10>, main=<bound method BuildVerb.main of <colcon_core.verb.build.BuildVerb object at 0x7fc084febf10>>)
[0.304s] Level 1:colcon.colcon_core.package_discovery:discover_packages(colcon_meta) check parameters
[0.304s] Level 1:colcon.colcon_core.package_discovery:discover_packages(recursive) check parameters
[0.304s] Level 1:colcon.colcon_core.package_discovery:discover_packages(ignore) check parameters
[0.304s] Level 1:colcon.colcon_core.package_discovery:discover_packages(path) check parameters
[0.305s] Level 1:colcon.colcon_core.package_discovery:discover_packages(colcon_meta) discover
[0.305s] Level 1:colcon.colcon_core.package_discovery:discover_packages(recursive) discover
[0.305s] INFO:colcon.colcon_core.package_discovery:Crawling recursively for packages in '/home/daniel/ProyectoFinal/Vision/vision_rasp'
[0.305s] Level 1:colcon.colcon_core.package_identification:_identify(.) by extensions ['ignore', 'ignore_ament_install']
[0.305s] Level 1:colcon.colcon_core.package_identification:_identify(.) by extension 'ignore'
[0.305s] Level 1:colcon.colcon_core.package_identification:_identify(.) by extension 'ignore_ament_install'
[0.305s] Level 1:colcon.colcon_core.package_identification:_identify(.) by extensions ['colcon_pkg']
[0.305s] Level 1:colcon.colcon_core.package_identification:_identify(.) by extension 'colcon_pkg'
[0.305s] Level 1:colcon.colcon_core.package_identification:_identify(.) by extensions ['colcon_meta']
[0.305s] Level 1:colcon.colcon_core.package_identification:_identify(.) by extension 'colcon_meta'
[0.305s] Level 1:colcon.colcon_core.package_identification:_identify(.) by extensions ['ros']
[0.305s] Level 1:colcon.colcon_core.package_identification:_identify(.) by extension 'ros'
[0.315s] Level 1:colcon.colcon_core.package_identification:_identify(.) by extensions ['cmake', 'python']
[0.315s] Level 1:colcon.colcon_core.package_identification:_identify(.) by extension 'cmake'
[0.315s] Level 1:colcon.colcon_core.package_identification:_identify(.) by extension 'python'
[0.315s] Level 1:colcon.colcon_core.package_identification:_identify(.) by extensions ['python_setup_py']
[0.315s] Level 1:colcon.colcon_core.package_identification:_identify(.) by extension 'python_setup_py'
[0.315s] Level 1:colcon.colcon_core.package_identification:_identify(build) by extensions ['ignore', 'ignore_ament_install']
[0.315s] Level 1:colcon.colcon_core.package_identification:_identify(build) by extension 'ignore'
[0.315s] Level 1:colcon.colcon_core.package_identification:_identify(build) ignored
[0.316s] Level 1:colcon.colcon_core.package_identification:_identify(install) by extensions ['ignore', 'ignore_ament_install']
[0.316s] Level 1:colcon.colcon_core.package_identification:_identify(install) by extension 'ignore'
[0.316s] Level 1:colcon.colcon_core.package_identification:_identify(install) ignored
[0.316s] Level 1:colcon.colcon_core.package_identification:_identify(log) by extensions ['ignore', 'ignore_ament_install']
[0.316s] Level 1:colcon.colcon_core.package_identification:_identify(log) by extension 'ignore'
[0.316s] Level 1:colcon.colcon_core.package_identification:_identify(log) ignored
[0.316s] Level 1:colcon.colcon_core.package_identification:_identify(src) by extensions ['ignore', 'ignore_ament_install']
[0.316s] Level 1:colcon.colcon_core.package_identification:_identify(src) by extension 'ignore'
[0.316s] Level 1:colcon.colcon_core.package_identification:_identify(src) by extension 'ignore_ament_install'
[0.316s] Level 1:colcon.colcon_core.package_identification:_identify(src) by extensions ['colcon_pkg']
[0.316s] Level 1:colcon.colcon_core.package_identification:_identify(src) by extension 'colcon_pkg'
[0.316s] Level 1:colcon.colcon_core.package_identification:_identify(src) by extensions ['colcon_meta']
[0.316s] Level 1:colcon.colcon_core.package_identification:_identify(src) by extension 'colcon_meta'
[0.316s] Level 1:colcon.colcon_core.package_identification:_identify(src) by extensions ['ros']
[0.316s] Level 1:colcon.colcon_core.package_identification:_identify(src) by extension 'ros'
[0.316s] Level 1:colcon.colcon_core.package_identification:_identify(src) by extensions ['cmake', 'python']
[0.316s] Level 1:colcon.colcon_core.package_identification:_identify(src) by extension 'cmake'
[0.316s] Level 1:colcon.colcon_core.package_identification:_identify(src) by extension 'python'
[0.316s] Level 1:colcon.colcon_core.package_identification:_identify(src) by extensions ['python_setup_py']
[0.316s] Level 1:colcon.colcon_core.package_identification:_identify(src) by extension 'python_setup_py'
[0.317s] Level 1:colcon.colcon_core.package_identification:_identify(src/pkg_vision_rasp) by extensions ['ignore', 'ignore_ament_install']
[0.317s] Level 1:colcon.colcon_core.package_identification:_identify(src/pkg_vision_rasp) by extension 'ignore'
[0.317s] Level 1:colcon.colcon_core.package_identification:_identify(src/pkg_vision_rasp) by extension 'ignore_ament_install'
[0.317s] Level 1:colcon.colcon_core.package_identification:_identify(src/pkg_vision_rasp) by extensions ['colcon_pkg']
[0.317s] Level 1:colcon.colcon_core.package_identification:_identify(src/pkg_vision_rasp) by extension 'colcon_pkg'
[0.317s] Level 1:colcon.colcon_core.package_identification:_identify(src/pkg_vision_rasp) by extensions ['colcon_meta']
[0.317s] Level 1:colcon.colcon_core.package_identification:_identify(src/pkg_vision_rasp) by extension 'colcon_meta'
[0.317s] Level 1:colcon.colcon_core.package_identification:_identify(src/pkg_vision_rasp) by extensions ['ros']
[0.317s] Level 1:colcon.colcon_core.package_identification:_identify(src/pkg_vision_rasp) by extension 'ros'
[0.319s] DEBUG:colcon.colcon_core.package_identification:Package 'src/pkg_vision_rasp' with type 'ros.ament_python' and name 'pkg_vision_rasp'
[0.319s] Level 1:colcon.colcon_core.package_identification:_identify(src/pkg_vision_visualizador) by extensions ['ignore', 'ignore_ament_install']
[0.319s] Level 1:colcon.colcon_core.package_identification:_identify(src/pkg_vision_visualizador) by extension 'ignore'
[0.319s] Level 1:colcon.colcon_core.package_identification:_identify(src/pkg_vision_visualizador) by extension 'ignore_ament_install'
[0.319s] Level 1:colcon.colcon_core.package_identification:_identify(src/pkg_vision_visualizador) by extensions ['colcon_pkg']
[0.319s] Level 1:colcon.colcon_core.package_identification:_identify(src/pkg_vision_visualizador) by extension 'colcon_pkg'
[0.319s] Level 1:colcon.colcon_core.package_identification:_identify(src/pkg_vision_visualizador) by extensions ['colcon_meta']
[0.319s] Level 1:colcon.colcon_core.package_identification:_identify(src/pkg_vision_visualizador) by extension 'colcon_meta'
[0.319s] Level 1:colcon.colcon_core.package_identification:_identify(src/pkg_vision_visualizador) by extensions ['ros']
[0.319s] Level 1:colcon.colcon_core.package_identification:_identify(src/pkg_vision_visualizador) by extension 'ros'
[0.319s] DEBUG:colcon.colcon_core.package_identification:Package 'src/pkg_vision_visualizador' with type 'ros.ament_python' and name 'pkg_vision_visualizador'
[0.320s] Level 1:colcon.colcon_core.package_discovery:discover_packages(recursive) using defaults
[0.320s] Level 1:colcon.colcon_core.package_discovery:discover_packages(ignore) discover
[0.320s] Level 1:colcon.colcon_core.package_discovery:discover_packages(ignore) using defaults
[0.320s] Level 1:colcon.colcon_core.package_discovery:discover_packages(path) discover
[0.320s] Level 1:colcon.colcon_core.package_discovery:discover_packages(path) using defaults
[0.340s] Level 1:colcon.colcon_core.package_discovery:discover_packages(prefix_path) check parameters
[0.340s] Level 1:colcon.colcon_core.package_discovery:discover_packages(prefix_path) discover
[0.342s] DEBUG:colcon.colcon_installed_package_information.package_discovery:Found 2 installed packages in /home/daniel/ProyectoFinal/Vision/vision_rasp/install
[0.343s] DEBUG:colcon.colcon_installed_package_information.package_discovery:Found 284 installed packages in /opt/ros/humble
[0.344s] Level 1:colcon.colcon_core.package_discovery:discover_packages(prefix_path) using defaults
[0.399s] Level 5:colcon.colcon_core.verb:set package 'pkg_vision_rasp' build argument 'cmake_args' from command line to 'None'
[0.399s] Level 5:colcon.colcon_core.verb:set package 'pkg_vision_rasp' build argument 'cmake_target' from command line to 'None'
[0.399s] Level 5:colcon.colcon_core.verb:set package 'pkg_vision_rasp' build argument 'cmake_target_skip_unavailable' from command line to 'False'
[0.400s] Level 5:colcon.colcon_core.verb:set package 'pkg_vision_rasp' build argument 'cmake_clean_cache' from command line to 'False'
[0.400s] Level 5:colcon.colcon_core.verb:set package 'pkg_vision_rasp' build argument 'cmake_clean_first' from command line to 'False'
[0.400s] Level 5:colcon.colcon_core.verb:set package 'pkg_vision_rasp' build argument 'cmake_force_configure' from command line to 'False'
[0.400s] Level 5:colcon.colcon_core.verb:set package 'pkg_vision_rasp' build argument 'ament_cmake_args' from command line to 'None'
[0.400s] Level 5:colcon.colcon_core.verb:set package 'pkg_vision_rasp' build argument 'catkin_cmake_args' from command line to 'None'
[0.400s] Level 5:colcon.colcon_core.verb:set package 'pkg_vision_rasp' build argument 'catkin_skip_building_tests' from command line to 'False'
[0.400s] DEBUG:colcon.colcon_core.verb:Building package 'pkg_vision_rasp' with the following arguments: {'ament_cmake_args': None, 'build_base': '/home/daniel/ProyectoFinal/Vision/vision_rasp/build/pkg_vision_rasp', 'catkin_cmake_args': None, 'catkin_skip_building_tests': False, 'cmake_args': None, 'cmake_clean_cache': False, 'cmake_clean_first': False, 'cmake_force_configure': False, 'cmake_target': None, 'cmake_target_skip_unavailable': False, 'install_base': '/home/daniel/ProyectoFinal/Vision/vision_rasp/install/pkg_vision_rasp', 'merge_install': False, 'path': '/home/daniel/ProyectoFinal/Vision/vision_rasp/src/pkg_vision_rasp', 'symlink_install': False, 'test_result_base': None}
[0.400s] Level 5:colcon.colcon_core.verb:set package 'pkg_vision_visualizador' build argument 'cmake_args' from command line to 'None'
[0.401s] Level 5:colcon.colcon_core.verb:set package 'pkg_vision_visualizador' build argument 'cmake_target' from command line to 'None'
[0.401s] Level 5:colcon.colcon_core.verb:set package 'pkg_vision_visualizador' build argument 'cmake_target_skip_unavailable' from command line to 'False'
[0.401s] Level 5:colcon.colcon_core.verb:set package 'pkg_vision_visualizador' build argument 'cmake_clean_cache' from command line to 'False'
[0.401s] Level 5:colcon.colcon_core.verb:set package 'pkg_vision_visualizador' build argument 'cmake_clean_first' from command line to 'False'
[0.401s] Level 5:colcon.colcon_core.verb:set package 'pkg_vision_visualizador' build argument 'cmake_force_configure' from command line to 'False'
[0.401s] Level 5:colcon.colcon_core.verb:set package 'pkg_vision_visualizador' build argument 'ament_cmake_args' from command line to 'None'
[0.401s] Level 5:colcon.colcon_core.verb:set package 'pkg_vision_visualizador' build argument 'catkin_cmake_args' from command line to 'None'
[0.401s] Level 5:colcon.colcon_core.verb:set package 'pkg_vision_visualizador' build argument 'catkin_skip_building_tests' from command line to 'False'
[0.401s] DEBUG:colcon.colcon_core.verb:Building package 'pkg_vision_visualizador' with the following arguments: {'ament_cmake_args': None, 'build_base': '/home/daniel/ProyectoFinal/Vision/vision_rasp/build/pkg_vision_visualizador', 'catkin_cmake_args': None, 'catkin_skip_building_tests': False, 'cmake_args': None, 'cmake_clean_cache': False, 'cmake_clean_first': False, 'cmake_force_configure': False, 'cmake_target': None, 'cmake_target_skip_unavailable': False, 'install_base': '/home/daniel/ProyectoFinal/Vision/vision_rasp/install/pkg_vision_visualizador', 'merge_install': False, 'path': '/home/daniel/ProyectoFinal/Vision/vision_rasp/src/pkg_vision_visualizador', 'symlink_install': False, 'test_result_base': None}
[0.401s] INFO:colcon.colcon_core.executor:Executing jobs using 'parallel' executor
[0.404s] DEBUG:colcon.colcon_parallel_executor.executor.parallel:run_until_complete
[0.404s] INFO:colcon.colcon_ros.task.ament_python.build:Building ROS package in '/home/daniel/ProyectoFinal/Vision/vision_rasp/src/pkg_vision_rasp' with build type 'ament_python'
[0.404s] Level 1:colcon.colcon_core.shell:create_environment_hook('pkg_vision_rasp', 'ament_prefix_path')
[0.407s] INFO:colcon.colcon_core.plugin_system:Skipping extension 'colcon_core.shell.bat': Not used on non-Windows systems
[0.408s] INFO:colcon.colcon_core.shell:Creating environment hook '/home/daniel/ProyectoFinal/Vision/vision_rasp/install/pkg_vision_rasp/share/pkg_vision_rasp/hook/ament_prefix_path.ps1'
[0.408s] INFO:colcon.colcon_core.shell:Creating environment descriptor '/home/daniel/ProyectoFinal/Vision/vision_rasp/install/pkg_vision_rasp/share/pkg_vision_rasp/hook/ament_prefix_path.dsv'
[0.409s] INFO:colcon.colcon_core.shell:Creating environment hook '/home/daniel/ProyectoFinal/Vision/vision_rasp/install/pkg_vision_rasp/share/pkg_vision_rasp/hook/ament_prefix_path.sh'
[0.410s] INFO:colcon.colcon_core.shell:Skip shell extension 'powershell' for command environment: Not usable outside of PowerShell
[0.410s] DEBUG:colcon.colcon_core.shell:Skip shell extension 'dsv' for command environment
[0.414s] INFO:colcon.colcon_ros.task.ament_python.build:Building ROS package in '/home/daniel/ProyectoFinal/Vision/vision_rasp/src/pkg_vision_visualizador' with build type 'ament_python'
[0.414s] Level 1:colcon.colcon_core.shell:create_environment_hook('pkg_vision_visualizador', 'ament_prefix_path')
[0.415s] INFO:colcon.colcon_core.shell:Creating environment hook '/home/daniel/ProyectoFinal/Vision/vision_rasp/install/pkg_vision_visualizador/share/pkg_vision_visualizador/hook/ament_prefix_path.ps1'
[0.415s] INFO:colcon.colcon_core.shell:Creating environment descriptor '/home/daniel/ProyectoFinal/Vision/vision_rasp/install/pkg_vision_visualizador/share/pkg_vision_visualizador/hook/ament_prefix_path.dsv'
[0.416s] INFO:colcon.colcon_core.shell:Creating environment hook '/home/daniel/ProyectoFinal/Vision/vision_rasp/install/pkg_vision_visualizador/share/pkg_vision_visualizador/hook/ament_prefix_path.sh'
[0.417s] INFO:colcon.colcon_core.shell:Skip shell extension 'powershell' for command environment: Not usable outside of PowerShell
[0.417s] DEBUG:colcon.colcon_core.shell:Skip shell extension 'dsv' for command environment
[0.643s] INFO:colcon.colcon_core.task.python.build:Building Python package in '/home/daniel/ProyectoFinal/Vision/vision_rasp/src/pkg_vision_rasp'
[0.645s] INFO:colcon.colcon_core.shell:Skip shell extension 'powershell' for command environment: Not usable outside of PowerShell
[0.645s] DEBUG:colcon.colcon_core.shell:Skip shell extension 'dsv' for command environment
[0.862s] INFO:colcon.colcon_core.task.python.build:Building Python package in '/home/daniel/ProyectoFinal/Vision/vision_rasp/src/pkg_vision_visualizador'
[0.863s] INFO:colcon.colcon_core.shell:Skip shell extension 'powershell' for command environment: Not usable outside of PowerShell
[0.863s] DEBUG:colcon.colcon_core.shell:Skip shell extension 'dsv' for command environment
[1.148s] DEBUG:colcon.colcon_core.event_handler.log_command:Invoking command in '/home/daniel/ProyectoFinal/Vision/vision_rasp/src/pkg_vision_visualizador': PYTHONPATH=/home/daniel/ProyectoFinal/Vision/vision_rasp/build/pkg_vision_visualizador/prefix_override:/home/daniel/ProyectoFinal/Vision/vision_rasp/install/pkg_vision_visualizador/lib/python3.10/site-packages:${PYTHONPATH} /usr/bin/python3 setup.py egg_info --egg-base ../../build/pkg_vision_visualizador build --build-base /home/daniel/ProyectoFinal/Vision/vision_rasp/build/pkg_vision_visualizador/build install --record /home/daniel/ProyectoFinal/Vision/vision_rasp/build/pkg_vision_visualizador/install.log --single-version-externally-managed
[1.154s] DEBUG:colcon.colcon_core.event_handler.log_command:Invoking command in '/home/daniel/ProyectoFinal/Vision/vision_rasp/src/pkg_vision_rasp': PYTHONPATH=/home/daniel/ProyectoFinal/Vision/vision_rasp/build/pkg_vision_rasp/prefix_override:/home/daniel/ProyectoFinal/Vision/vision_rasp/install/pkg_vision_rasp/lib/python3.10/site-packages:${PYTHONPATH} /usr/bin/python3 setup.py egg_info --egg-base ../../build/pkg_vision_rasp build --build-base /home/daniel/ProyectoFinal/Vision/vision_rasp/build/pkg_vision_rasp/build install --record /home/daniel/ProyectoFinal/Vision/vision_rasp/build/pkg_vision_rasp/install.log --single-version-externally-managed
[1.401s] DEBUG:colcon.colcon_core.event_handler.log_command:Invoked command in '/home/daniel/ProyectoFinal/Vision/vision_rasp/src/pkg_vision_visualizador' returned '0': PYTHONPATH=/home/daniel/ProyectoFinal/Vision/vision_rasp/build/pkg_vision_visualizador/prefix_override:/home/daniel/ProyectoFinal/Vision/vision_rasp/install/pkg_vision_visualizador/lib/python3.10/site-packages:${PYTHONPATH} /usr/bin/python3 setup.py egg_info --egg-base ../../build/pkg_vision_visualizador build --build-base /home/daniel/ProyectoFinal/Vision/vision_rasp/build/pkg_vision_visualizador/build install --record /home/daniel/ProyectoFinal/Vision/vision_rasp/build/pkg_vision_visualizador/install.log --single-version-externally-managed
[1.404s] Level 1:colcon.colcon_core.environment:checking '/home/daniel/ProyectoFinal/Vision/vision_rasp/install/pkg_vision_visualizador' for CMake module files
[1.405s] Level 1:colcon.colcon_core.environment:checking '/home/daniel/ProyectoFinal/Vision/vision_rasp/install/pkg_vision_visualizador' for CMake config files
[1.405s] Level 1:colcon.colcon_core.environment:checking '/home/daniel/ProyectoFinal/Vision/vision_rasp/install/pkg_vision_visualizador/lib'
[1.405s] Level 1:colcon.colcon_core.environment:checking '/home/daniel/ProyectoFinal/Vision/vision_rasp/install/pkg_vision_visualizador/bin'
[1.406s] Level 1:colcon.colcon_core.environment:checking '/home/daniel/ProyectoFinal/Vision/vision_rasp/install/pkg_vision_visualizador/lib/pkgconfig/pkg_vision_visualizador.pc'
[1.406s] Level 1:colcon.colcon_core.environment:checking '/home/daniel/ProyectoFinal/Vision/vision_rasp/install/pkg_vision_visualizador/lib/python3.10/site-packages'
[1.406s] Level 1:colcon.colcon_core.shell:create_environment_hook('pkg_vision_visualizador', 'pythonpath')
[1.407s] INFO:colcon.colcon_core.shell:Creating environment hook '/home/daniel/ProyectoFinal/Vision/vision_rasp/install/pkg_vision_visualizador/share/pkg_vision_visualizador/hook/pythonpath.ps1'
[1.407s] INFO:colcon.colcon_core.shell:Creating environment descriptor '/home/daniel/ProyectoFinal/Vision/vision_rasp/install/pkg_vision_visualizador/share/pkg_vision_visualizador/hook/pythonpath.dsv'
[1.408s] INFO:colcon.colcon_core.shell:Creating environment hook '/home/daniel/ProyectoFinal/Vision/vision_rasp/install/pkg_vision_visualizador/share/pkg_vision_visualizador/hook/pythonpath.sh'
[1.408s] Level 1:colcon.colcon_core.environment:checking '/home/daniel/ProyectoFinal/Vision/vision_rasp/install/pkg_vision_visualizador/bin'
[1.408s] Level 1:colcon.colcon_core.environment:create_environment_scripts_only(pkg_vision_visualizador)
[1.409s] INFO:colcon.colcon_core.shell:Creating package script '/home/daniel/ProyectoFinal/Vision/vision_rasp/install/pkg_vision_visualizador/share/pkg_vision_visualizador/package.ps1'
[1.410s] INFO:colcon.colcon_core.shell:Creating package descriptor '/home/daniel/ProyectoFinal/Vision/vision_rasp/install/pkg_vision_visualizador/share/pkg_vision_visualizador/package.dsv'
[1.410s] INFO:colcon.colcon_core.shell:Creating package script '/home/daniel/ProyectoFinal/Vision/vision_rasp/install/pkg_vision_visualizador/share/pkg_vision_visualizador/package.sh'
[1.411s] INFO:colcon.colcon_core.shell:Creating package script '/home/daniel/ProyectoFinal/Vision/vision_rasp/install/pkg_vision_visualizador/share/pkg_vision_visualizador/package.bash'
[1.411s] INFO:colcon.colcon_core.shell:Creating package script '/home/daniel/ProyectoFinal/Vision/vision_rasp/install/pkg_vision_visualizador/share/pkg_vision_visualizador/package.zsh'
[1.412s] Level 1:colcon.colcon_core.environment:create_file_with_runtime_dependencies(/home/daniel/ProyectoFinal/Vision/vision_rasp/install/pkg_vision_visualizador/share/colcon-core/packages/pkg_vision_visualizador)
[1.414s] Level 1:colcon.colcon_core.environment:checking '/home/daniel/ProyectoFinal/Vision/vision_rasp/install/pkg_vision_rasp' for CMake module files
[1.414s] Level 1:colcon.colcon_core.environment:checking '/home/daniel/ProyectoFinal/Vision/vision_rasp/install/pkg_vision_rasp' for CMake config files
[1.414s] DEBUG:colcon.colcon_core.event_handler.log_command:Invoked command in '/home/daniel/ProyectoFinal/Vision/vision_rasp/src/pkg_vision_rasp' returned '0': PYTHONPATH=/home/daniel/ProyectoFinal/Vision/vision_rasp/build/pkg_vision_rasp/prefix_override:/home/daniel/ProyectoFinal/Vision/vision_rasp/install/pkg_vision_rasp/lib/python3.10/site-packages:${PYTHONPATH} /usr/bin/python3 setup.py egg_info --egg-base ../../build/pkg_vision_rasp build --build-base /home/daniel/ProyectoFinal/Vision/vision_rasp/build/pkg_vision_rasp/build install --record /home/daniel/ProyectoFinal/Vision/vision_rasp/build/pkg_vision_rasp/install.log --single-version-externally-managed
[1.415s] Level 1:colcon.colcon_core.environment:checking '/home/daniel/ProyectoFinal/Vision/vision_rasp/install/pkg_vision_rasp/lib'
[1.415s] Level 1:colcon.colcon_core.environment:checking '/home/daniel/ProyectoFinal/Vision/vision_rasp/install/pkg_vision_rasp/bin'
[1.415s] Level 1:colcon.colcon_core.environment:checking '/home/daniel/ProyectoFinal/Vision/vision_rasp/install/pkg_vision_rasp/lib/pkgconfig/pkg_vision_rasp.pc'
[1.415s] Level 1:colcon.colcon_core.environment:checking '/home/daniel/ProyectoFinal/Vision/vision_rasp/install/pkg_vision_rasp/lib/python3.10/site-packages'
[1.415s] Level 1:colcon.colcon_core.shell:create_environment_hook('pkg_vision_rasp', 'pythonpath')
[1.416s] INFO:colcon.colcon_core.shell:Creating environment hook '/home/daniel/ProyectoFinal/Vision/vision_rasp/install/pkg_vision_rasp/share/pkg_vision_rasp/hook/pythonpath.ps1'
[1.416s] INFO:colcon.colcon_core.shell:Creating environment descriptor '/home/daniel/ProyectoFinal/Vision/vision_rasp/install/pkg_vision_rasp/share/pkg_vision_rasp/hook/pythonpath.dsv'
[1.417s] INFO:colcon.colcon_core.shell:Creating environment hook '/home/daniel/ProyectoFinal/Vision/vision_rasp/install/pkg_vision_rasp/share/pkg_vision_rasp/hook/pythonpath.sh'
[1.417s] Level 1:colcon.colcon_core.environment:checking '/home/daniel/ProyectoFinal/Vision/vision_rasp/install/pkg_vision_rasp/bin'
[1.417s] Level 1:colcon.colcon_core.environment:create_environment_scripts_only(pkg_vision_rasp)
[1.418s] INFO:colcon.colcon_core.shell:Creating package script '/home/daniel/ProyectoFinal/Vision/vision_rasp/install/pkg_vision_rasp/share/pkg_vision_rasp/package.ps1'
[1.419s] INFO:colcon.colcon_core.shell:Creating package descriptor '/home/daniel/ProyectoFinal/Vision/vision_rasp/install/pkg_vision_rasp/share/pkg_vision_rasp/package.dsv'
[1.419s] INFO:colcon.colcon_core.shell:Creating package script '/home/daniel/ProyectoFinal/Vision/vision_rasp/install/pkg_vision_rasp/share/pkg_vision_rasp/package.sh'
[1.419s] INFO:colcon.colcon_core.shell:Creating package script '/home/daniel/ProyectoFinal/Vision/vision_rasp/install/pkg_vision_rasp/share/pkg_vision_rasp/package.bash'
[1.420s] INFO:colcon.colcon_core.shell:Creating package script '/home/daniel/ProyectoFinal/Vision/vision_rasp/install/pkg_vision_rasp/share/pkg_vision_rasp/package.zsh'
[1.420s] Level 1:colcon.colcon_core.environment:create_file_with_runtime_dependencies(/home/daniel/ProyectoFinal/Vision/vision_rasp/install/pkg_vision_rasp/share/colcon-core/packages/pkg_vision_rasp)
[1.420s] DEBUG:colcon.colcon_parallel_executor.executor.parallel:closing loop
[1.420s] DEBUG:colcon.colcon_parallel_executor.executor.parallel:loop closed
[1.420s] DEBUG:colcon.colcon_parallel_executor.executor.parallel:run_until_complete finished with '0'
[1.420s] DEBUG:colcon.colcon_core.event_reactor:joining thread
[1.424s] INFO:colcon.colcon_core.plugin_system:Skipping extension 'colcon_notification.desktop_notification.terminal_notifier': Not used on non-Darwin systems
[1.425s] INFO:colcon.colcon_core.plugin_system:Skipping extension 'colcon_notification.desktop_notification.win32': Not used on non-Windows systems
[1.425s] INFO:colcon.colcon_notification.desktop_notification:Sending desktop notification using 'notify2'
[1.432s] DEBUG:colcon.colcon_core.event_reactor:joined thread
[1.434s] INFO:colcon.colcon_core.shell:Creating prefix script '/home/daniel/ProyectoFinal/Vision/vision_rasp/install/local_setup.ps1'
[1.435s] INFO:colcon.colcon_core.shell:Creating prefix util module '/home/daniel/ProyectoFinal/Vision/vision_rasp/install/_local_setup_util_ps1.py'
[1.436s] INFO:colcon.colcon_core.shell:Creating prefix chain script '/home/daniel/ProyectoFinal/Vision/vision_rasp/install/setup.ps1'
[1.437s] INFO:colcon.colcon_core.shell:Creating prefix script '/home/daniel/ProyectoFinal/Vision/vision_rasp/install/local_setup.sh'
[1.437s] INFO:colcon.colcon_core.shell:Creating prefix util module '/home/daniel/ProyectoFinal/Vision/vision_rasp/install/_local_setup_util_sh.py'
[1.438s] INFO:colcon.colcon_core.shell:Creating prefix chain script '/home/daniel/ProyectoFinal/Vision/vision_rasp/install/setup.sh'
[1.439s] INFO:colcon.colcon_core.shell:Creating prefix script '/home/daniel/ProyectoFinal/Vision/vision_rasp/install/local_setup.bash'
[1.440s] INFO:colcon.colcon_core.shell:Creating prefix chain script '/home/daniel/ProyectoFinal/Vision/vision_rasp/install/setup.bash'
[1.441s] INFO:colcon.colcon_core.shell:Creating prefix script '/home/daniel/ProyectoFinal/Vision/vision_rasp/install/local_setup.zsh'
[1.442s] INFO:colcon.colcon_core.shell:Creating prefix chain script '/home/daniel/ProyectoFinal/Vision/vision_rasp/install/setup.zsh'
