[1.501s] Invoking command in '/home/daniel/ProyectoFinal/Vision/vision_rasp/src/pkg_cuadrar_rectangulos': PYTHONPATH=/home/daniel/ProyectoFinal/Vision/vision_rasp/build/pkg_cuadrar_rectangulos/prefix_override:/home/daniel/ProyectoFinal/Vision/vision_rasp/install/pkg_cuadrar_rectangulos/lib/python3.10/site-packages:${PYTHONPATH} /usr/bin/python3 setup.py egg_info --egg-base ../../build/pkg_cuadrar_rectangulos build --build-base /home/daniel/ProyectoFinal/Vision/vision_rasp/build/pkg_cuadrar_rectangulos/build install --record /home/daniel/ProyectoFinal/Vision/vision_rasp/build/pkg_cuadrar_rectangulos/install.log --single-version-externally-managed
[1.832s] running egg_info
[1.833s] writing ../../build/pkg_cuadrar_rectangulos/pkg_cuadrar_rectangulos.egg-info/PKG-INFO
[1.833s] writing dependency_links to ../../build/pkg_cuadrar_rectangulos/pkg_cuadrar_rectangulos.egg-info/dependency_links.txt
[1.834s] writing entry points to ../../build/pkg_cuadrar_rectangulos/pkg_cuadrar_rectangulos.egg-info/entry_points.txt
[1.834s] writing requirements to ../../build/pkg_cuadrar_rectangulos/pkg_cuadrar_rectangulos.egg-info/requires.txt
[1.834s] writing top-level names to ../../build/pkg_cuadrar_rectangulos/pkg_cuadrar_rectangulos.egg-info/top_level.txt
[1.838s] reading manifest file '../../build/pkg_cuadrar_rectangulos/pkg_cuadrar_rectangulos.egg-info/SOURCES.txt'
[1.839s] writing manifest file '../../build/pkg_cuadrar_rectangulos/pkg_cuadrar_rectangulos.egg-info/SOURCES.txt'
[1.840s] running build
[1.840s] running build_py
[1.840s] running install
[1.840s] /usr/lib/python3/dist-packages/setuptools/command/install.py:34: SetuptoolsDeprecationWarning: setup.py install is deprecated. Use build and pip and other standards-based tools.
[1.841s]   warnings.warn(
[1.841s] running install_lib
[1.842s] running install_data
[1.843s] running install_egg_info
[1.845s] removing '/home/daniel/ProyectoFinal/Vision/vision_rasp/install/pkg_cuadrar_rectangulos/lib/python3.10/site-packages/pkg_cuadrar_rectangulos-0.0.0-py3.10.egg-info' (and everything under it)
[1.846s] Copying ../../build/pkg_cuadrar_rectangulos/pkg_cuadrar_rectangulos.egg-info to /home/daniel/ProyectoFinal/Vision/vision_rasp/install/pkg_cuadrar_rectangulos/lib/python3.10/site-packages/pkg_cuadrar_rectangulos-0.0.0-py3.10.egg-info
[1.847s] running install_scripts
[1.874s] Installing vision_cuadrar_rectangulos script to /home/daniel/ProyectoFinal/Vision/vision_rasp/install/pkg_cuadrar_rectangulos/lib/pkg_cuadrar_rectangulos
[1.875s] writing list of installed files to '/home/daniel/ProyectoFinal/Vision/vision_rasp/build/pkg_cuadrar_rectangulos/install.log'
[1.907s] Invoked command in '/home/daniel/ProyectoFinal/Vision/vision_rasp/src/pkg_cuadrar_rectangulos' returned '0': PYTHONPATH=/home/daniel/ProyectoFinal/Vision/vision_rasp/build/pkg_cuadrar_rectangulos/prefix_override:/home/daniel/ProyectoFinal/Vision/vision_rasp/install/pkg_cuadrar_rectangulos/lib/python3.10/site-packages:${PYTHONPATH} /usr/bin/python3 setup.py egg_info --egg-base ../../build/pkg_cuadrar_rectangulos build --build-base /home/daniel/ProyectoFinal/Vision/vision_rasp/build/pkg_cuadrar_rectangulos/build install --record /home/daniel/ProyectoFinal/Vision/vision_rasp/build/pkg_cuadrar_rectangulos/install.log --single-version-externally-managed
