running egg_info
writing ../../build/pkg_vision_rasp/pkg_vision_rasp.egg-info/PKG-INFO
writing dependency_links to ../../build/pkg_vision_rasp/pkg_vision_rasp.egg-info/dependency_links.txt
writing entry points to ../../build/pkg_vision_rasp/pkg_vision_rasp.egg-info/entry_points.txt
writing requirements to ../../build/pkg_vision_rasp/pkg_vision_rasp.egg-info/requires.txt
writing top-level names to ../../build/pkg_vision_rasp/pkg_vision_rasp.egg-info/top_level.txt
reading manifest file '../../build/pkg_vision_rasp/pkg_vision_rasp.egg-info/SOURCES.txt'
writing manifest file '../../build/pkg_vision_rasp/pkg_vision_rasp.egg-info/SOURCES.txt'
running build
running build_py
copying pkg_vision_rasp/vision_rasp.py -> /home/daniel/ProyectoFinal/Vision/vision_rasp/build/pkg_vision_rasp/build/lib/pkg_vision_rasp
running install
running install_lib
copying /home/daniel/ProyectoFinal/Vision/vision_rasp/build/pkg_vision_rasp/build/lib/pkg_vision_rasp/vision_rasp.py -> /home/daniel/ProyectoFinal/Vision/vision_rasp/install/pkg_vision_rasp/lib/python3.10/site-packages/pkg_vision_rasp
byte-compiling /home/daniel/ProyectoFinal/Vision/vision_rasp/install/pkg_vision_rasp/lib/python3.10/site-packages/pkg_vision_rasp/vision_rasp.py to vision_rasp.cpython-310.pyc
running install_data
running install_egg_info
removing '/home/daniel/ProyectoFinal/Vision/vision_rasp/install/pkg_vision_rasp/lib/python3.10/site-packages/pkg_vision_rasp-0.0.0-py3.10.egg-info' (and everything under it)
Copying ../../build/pkg_vision_rasp/pkg_vision_rasp.egg-info to /home/daniel/ProyectoFinal/Vision/vision_rasp/install/pkg_vision_rasp/lib/python3.10/site-packages/pkg_vision_rasp-0.0.0-py3.10.egg-info
running install_scripts
Installing vision_rasp script to /home/daniel/ProyectoFinal/Vision/vision_rasp/install/pkg_vision_rasp/lib/pkg_vision_rasp
writing list of installed files to '/home/daniel/ProyectoFinal/Vision/vision_rasp/build/pkg_vision_rasp/install.log'
