[0.388s] DEBUG:colcon:Command line arguments: ['/usr/bin/colcon', 'build']
[0.388s] DEBUG:colcon:Parsed command line arguments: Namespace(log_base=None, log_level=None, verb_name='build', build_base='build', install_base='install', merge_install=False, symlink_install=False, test_result_base=None, continue_on_error=False, executor='parallel', parallel_workers=12, event_handlers=None, ignore_user_meta=False, metas=['./colcon.meta'], base_paths=['.'], packages_ignore=None, packages_ignore_regex=None, paths=None, packages_up_to=None, packages_up_to_regex=None, packages_above=None, packages_above_and_dependencies=None, packages_above_depth=None, packages_select_by_dep=None, packages_skip_by_dep=None, packages_skip_up_to=None, packages_select_build_failed=False, packages_skip_build_finished=False, packages_select_test_failures=False, packages_skip_test_passed=False, packages_select=None, packages_skip=None, packages_select_regex=None, packages_skip_regex=None, packages_start=None, packages_end=None, allow_overriding=[], cmake_args=None, cmake_target=None, cmake_target_skip_unavailable=False, cmake_clean_cache=False, cmake_clean_first=False, cmake_force_configure=False, ament_cmake_args=None, catkin_cmake_args=None, catkin_skip_building_tests=False, verb_parser=<colcon_defaults.argument_parser.defaults.DefaultArgumentsDecorator object at 0x7fa5ad922260>, verb_extension=<colcon_core.verb.build.BuildVerb object at 0x7fa5ae13c100>, main=<bound method BuildVerb.main of <colcon_core.verb.build.BuildVerb object at 0x7fa5ae13c100>>)
[0.424s] Level 1:colcon.colcon_core.package_discovery:discover_packages(colcon_meta) check parameters
[0.424s] Level 1:colcon.colcon_core.package_discovery:discover_packages(recursive) check parameters
[0.424s] Level 1:colcon.colcon_core.package_discovery:discover_packages(ignore) check parameters
[0.424s] Level 1:colcon.colcon_core.package_discovery:discover_packages(path) check parameters
[0.424s] Level 1:colcon.colcon_core.package_discovery:discover_packages(colcon_meta) discover
[0.424s] Level 1:colcon.colcon_core.package_discovery:discover_packages(recursive) discover
[0.424s] INFO:colcon.colcon_core.package_discovery:Crawling recursively for packages in '/home/yesopi/Robotics'
[0.424s] Level 1:colcon.colcon_core.package_identification:_identify(.) by extensions ['ignore', 'ignore_ament_install']
[0.425s] Level 1:colcon.colcon_core.package_identification:_identify(.) by extension 'ignore'
[0.425s] Level 1:colcon.colcon_core.package_identification:_identify(.) by extension 'ignore_ament_install'
[0.425s] Level 1:colcon.colcon_core.package_identification:_identify(.) by extensions ['colcon_pkg']
[0.425s] Level 1:colcon.colcon_core.package_identification:_identify(.) by extension 'colcon_pkg'
[0.425s] Level 1:colcon.colcon_core.package_identification:_identify(.) by extensions ['colcon_meta']
[0.425s] Level 1:colcon.colcon_core.package_identification:_identify(.) by extension 'colcon_meta'
[0.425s] Level 1:colcon.colcon_core.package_identification:_identify(.) by extensions ['ros']
[0.425s] Level 1:colcon.colcon_core.package_identification:_identify(.) by extension 'ros'
[0.439s] Level 1:colcon.colcon_core.package_identification:_identify(.) by extensions ['cmake', 'python']
[0.439s] Level 1:colcon.colcon_core.package_identification:_identify(.) by extension 'cmake'
[0.439s] Level 1:colcon.colcon_core.package_identification:_identify(.) by extension 'python'
[0.439s] Level 1:colcon.colcon_core.package_identification:_identify(.) by extensions ['python_setup_py']
[0.439s] Level 1:colcon.colcon_core.package_identification:_identify(.) by extension 'python_setup_py'
[0.439s] Level 1:colcon.colcon_core.package_identification:_identify(Imagenes_interfaz_brazo) by extensions ['ignore', 'ignore_ament_install']
[0.439s] Level 1:colcon.colcon_core.package_identification:_identify(Imagenes_interfaz_brazo) by extension 'ignore'
[0.439s] Level 1:colcon.colcon_core.package_identification:_identify(Imagenes_interfaz_brazo) by extension 'ignore_ament_install'
[0.439s] Level 1:colcon.colcon_core.package_identification:_identify(Imagenes_interfaz_brazo) by extensions ['colcon_pkg']
[0.439s] Level 1:colcon.colcon_core.package_identification:_identify(Imagenes_interfaz_brazo) by extension 'colcon_pkg'
[0.439s] Level 1:colcon.colcon_core.package_identification:_identify(Imagenes_interfaz_brazo) by extensions ['colcon_meta']
[0.439s] Level 1:colcon.colcon_core.package_identification:_identify(Imagenes_interfaz_brazo) by extension 'colcon_meta'
[0.439s] Level 1:colcon.colcon_core.package_identification:_identify(Imagenes_interfaz_brazo) by extensions ['ros']
[0.439s] Level 1:colcon.colcon_core.package_identification:_identify(Imagenes_interfaz_brazo) by extension 'ros'
[0.440s] Level 1:colcon.colcon_core.package_identification:_identify(Imagenes_interfaz_brazo) by extensions ['cmake', 'python']
[0.440s] Level 1:colcon.colcon_core.package_identification:_identify(Imagenes_interfaz_brazo) by extension 'cmake'
[0.440s] Level 1:colcon.colcon_core.package_identification:_identify(Imagenes_interfaz_brazo) by extension 'python'
[0.440s] Level 1:colcon.colcon_core.package_identification:_identify(Imagenes_interfaz_brazo) by extensions ['python_setup_py']
[0.440s] Level 1:colcon.colcon_core.package_identification:_identify(Imagenes_interfaz_brazo) by extension 'python_setup_py'
[0.440s] Level 1:colcon.colcon_core.package_identification:_identify(build) by extensions ['ignore', 'ignore_ament_install']
[0.440s] Level 1:colcon.colcon_core.package_identification:_identify(build) by extension 'ignore'
[0.440s] Level 1:colcon.colcon_core.package_identification:_identify(build) ignored
[0.440s] Level 1:colcon.colcon_core.package_identification:_identify(install) by extensions ['ignore', 'ignore_ament_install']
[0.440s] Level 1:colcon.colcon_core.package_identification:_identify(install) by extension 'ignore'
[0.440s] Level 1:colcon.colcon_core.package_identification:_identify(install) ignored
[0.440s] Level 1:colcon.colcon_core.package_identification:_identify(log) by extensions ['ignore', 'ignore_ament_install']
[0.441s] Level 1:colcon.colcon_core.package_identification:_identify(log) by extension 'ignore'
[0.441s] Level 1:colcon.colcon_core.package_identification:_identify(log) ignored
[0.441s] Level 1:colcon.colcon_core.package_identification:_identify(src) by extensions ['ignore', 'ignore_ament_install']
[0.441s] Level 1:colcon.colcon_core.package_identification:_identify(src) by extension 'ignore'
[0.441s] Level 1:colcon.colcon_core.package_identification:_identify(src) by extension 'ignore_ament_install'
[0.441s] Level 1:colcon.colcon_core.package_identification:_identify(src) by extensions ['colcon_pkg']
[0.441s] Level 1:colcon.colcon_core.package_identification:_identify(src) by extension 'colcon_pkg'
[0.441s] Level 1:colcon.colcon_core.package_identification:_identify(src) by extensions ['colcon_meta']
[0.441s] Level 1:colcon.colcon_core.package_identification:_identify(src) by extension 'colcon_meta'
[0.441s] Level 1:colcon.colcon_core.package_identification:_identify(src) by extensions ['ros']
[0.441s] Level 1:colcon.colcon_core.package_identification:_identify(src) by extension 'ros'
[0.441s] Level 1:colcon.colcon_core.package_identification:_identify(src) by extensions ['cmake', 'python']
[0.441s] Level 1:colcon.colcon_core.package_identification:_identify(src) by extension 'cmake'
[0.441s] Level 1:colcon.colcon_core.package_identification:_identify(src) by extension 'python'
[0.441s] Level 1:colcon.colcon_core.package_identification:_identify(src) by extensions ['python_setup_py']
[0.441s] Level 1:colcon.colcon_core.package_identification:_identify(src) by extension 'python_setup_py'
[0.442s] Level 1:colcon.colcon_core.package_identification:_identify(src/my_service_pkg) by extensions ['ignore', 'ignore_ament_install']
[0.442s] Level 1:colcon.colcon_core.package_identification:_identify(src/my_service_pkg) by extension 'ignore'
[0.442s] Level 1:colcon.colcon_core.package_identification:_identify(src/my_service_pkg) by extension 'ignore_ament_install'
[0.442s] Level 1:colcon.colcon_core.package_identification:_identify(src/my_service_pkg) by extensions ['colcon_pkg']
[0.442s] Level 1:colcon.colcon_core.package_identification:_identify(src/my_service_pkg) by extension 'colcon_pkg'
[0.442s] Level 1:colcon.colcon_core.package_identification:_identify(src/my_service_pkg) by extensions ['colcon_meta']
[0.442s] Level 1:colcon.colcon_core.package_identification:_identify(src/my_service_pkg) by extension 'colcon_meta'
[0.442s] Level 1:colcon.colcon_core.package_identification:_identify(src/my_service_pkg) by extensions ['ros']
[0.442s] Level 1:colcon.colcon_core.package_identification:_identify(src/my_service_pkg) by extension 'ros'
[0.445s] DEBUG:colcon.colcon_core.package_identification:Package 'src/my_service_pkg' with type 'ros.ament_cmake' and name 'my_service_pkg'
[0.445s] Level 1:colcon.colcon_core.package_identification:_identify(src/robot_manipulator) by extensions ['ignore', 'ignore_ament_install']
[0.445s] Level 1:colcon.colcon_core.package_identification:_identify(src/robot_manipulator) by extension 'ignore'
[0.445s] Level 1:colcon.colcon_core.package_identification:_identify(src/robot_manipulator) by extension 'ignore_ament_install'
[0.445s] Level 1:colcon.colcon_core.package_identification:_identify(src/robot_manipulator) by extensions ['colcon_pkg']
[0.445s] Level 1:colcon.colcon_core.package_identification:_identify(src/robot_manipulator) by extension 'colcon_pkg'
[0.445s] Level 1:colcon.colcon_core.package_identification:_identify(src/robot_manipulator) by extensions ['colcon_meta']
[0.445s] Level 1:colcon.colcon_core.package_identification:_identify(src/robot_manipulator) by extension 'colcon_meta'
[0.445s] Level 1:colcon.colcon_core.package_identification:_identify(src/robot_manipulator) by extensions ['ros']
[0.445s] Level 1:colcon.colcon_core.package_identification:_identify(src/robot_manipulator) by extension 'ros'
[0.446s] DEBUG:colcon.colcon_core.package_identification:Package 'src/robot_manipulator' with type 'ros.ament_python' and name 'robot_manipulator'
[0.446s] Level 1:colcon.colcon_core.package_identification:_identify(src/robot_movement) by extensions ['ignore', 'ignore_ament_install']
[0.446s] Level 1:colcon.colcon_core.package_identification:_identify(src/robot_movement) by extension 'ignore'
[0.446s] Level 1:colcon.colcon_core.package_identification:_identify(src/robot_movement) by extension 'ignore_ament_install'
[0.446s] Level 1:colcon.colcon_core.package_identification:_identify(src/robot_movement) by extensions ['colcon_pkg']
[0.446s] Level 1:colcon.colcon_core.package_identification:_identify(src/robot_movement) by extension 'colcon_pkg'
[0.446s] Level 1:colcon.colcon_core.package_identification:_identify(src/robot_movement) by extensions ['colcon_meta']
[0.446s] Level 1:colcon.colcon_core.package_identification:_identify(src/robot_movement) by extension 'colcon_meta'
[0.447s] Level 1:colcon.colcon_core.package_identification:_identify(src/robot_movement) by extensions ['ros']
[0.447s] Level 1:colcon.colcon_core.package_identification:_identify(src/robot_movement) by extension 'ros'
[0.447s] DEBUG:colcon.colcon_core.package_identification:Package 'src/robot_movement' with type 'ros.ament_python' and name 'robot_movement'
[0.447s] Level 1:colcon.colcon_core.package_identification:_identify(src/tesla) by extensions ['ignore', 'ignore_ament_install']
[0.447s] Level 1:colcon.colcon_core.package_identification:_identify(src/tesla) by extension 'ignore'
[0.447s] Level 1:colcon.colcon_core.package_identification:_identify(src/tesla) by extension 'ignore_ament_install'
[0.448s] Level 1:colcon.colcon_core.package_identification:_identify(src/tesla) by extensions ['colcon_pkg']
[0.448s] Level 1:colcon.colcon_core.package_identification:_identify(src/tesla) by extension 'colcon_pkg'
[0.448s] Level 1:colcon.colcon_core.package_identification:_identify(src/tesla) by extensions ['colcon_meta']
[0.448s] Level 1:colcon.colcon_core.package_identification:_identify(src/tesla) by extension 'colcon_meta'
[0.448s] Level 1:colcon.colcon_core.package_identification:_identify(src/tesla) by extensions ['ros']
[0.448s] Level 1:colcon.colcon_core.package_identification:_identify(src/tesla) by extension 'ros'
[0.448s] DEBUG:colcon.colcon_core.package_identification:Package 'src/tesla' with type 'ros.ament_python' and name 'tesla'
[0.448s] Level 1:colcon.colcon_core.package_discovery:discover_packages(recursive) using defaults
[0.448s] Level 1:colcon.colcon_core.package_discovery:discover_packages(ignore) discover
[0.449s] Level 1:colcon.colcon_core.package_discovery:discover_packages(ignore) using defaults
[0.449s] Level 1:colcon.colcon_core.package_discovery:discover_packages(path) discover
[0.449s] Level 1:colcon.colcon_core.package_discovery:discover_packages(path) using defaults
[0.477s] Level 1:colcon.colcon_core.package_discovery:discover_packages(prefix_path) check parameters
[0.477s] Level 1:colcon.colcon_core.package_discovery:discover_packages(prefix_path) discover
[0.480s] DEBUG:colcon.colcon_installed_package_information.package_discovery:Found 4 installed packages in /home/yesopi/Robotics/install
[0.482s] DEBUG:colcon.colcon_installed_package_information.package_discovery:Found 270 installed packages in /opt/ros/humble
[0.484s] Level 1:colcon.colcon_core.package_discovery:discover_packages(prefix_path) using defaults
[0.558s] Level 5:colcon.colcon_core.verb:set package 'my_service_pkg' build argument 'cmake_args' from command line to 'None'
[0.558s] Level 5:colcon.colcon_core.verb:set package 'my_service_pkg' build argument 'cmake_target' from command line to 'None'
[0.558s] Level 5:colcon.colcon_core.verb:set package 'my_service_pkg' build argument 'cmake_target_skip_unavailable' from command line to 'False'
[0.558s] Level 5:colcon.colcon_core.verb:set package 'my_service_pkg' build argument 'cmake_clean_cache' from command line to 'False'
[0.558s] Level 5:colcon.colcon_core.verb:set package 'my_service_pkg' build argument 'cmake_clean_first' from command line to 'False'
[0.558s] Level 5:colcon.colcon_core.verb:set package 'my_service_pkg' build argument 'cmake_force_configure' from command line to 'False'
[0.558s] Level 5:colcon.colcon_core.verb:set package 'my_service_pkg' build argument 'ament_cmake_args' from command line to 'None'
[0.558s] Level 5:colcon.colcon_core.verb:set package 'my_service_pkg' build argument 'catkin_cmake_args' from command line to 'None'
[0.558s] Level 5:colcon.colcon_core.verb:set package 'my_service_pkg' build argument 'catkin_skip_building_tests' from command line to 'False'
[0.558s] DEBUG:colcon.colcon_core.verb:Building package 'my_service_pkg' with the following arguments: {'ament_cmake_args': None, 'build_base': '/home/yesopi/Robotics/build/my_service_pkg', 'catkin_cmake_args': None, 'catkin_skip_building_tests': False, 'cmake_args': None, 'cmake_clean_cache': False, 'cmake_clean_first': False, 'cmake_force_configure': False, 'cmake_target': None, 'cmake_target_skip_unavailable': False, 'install_base': '/home/yesopi/Robotics/install/my_service_pkg', 'merge_install': False, 'path': '/home/yesopi/Robotics/src/my_service_pkg', 'symlink_install': False, 'test_result_base': None}
[0.559s] Level 5:colcon.colcon_core.verb:set package 'robot_manipulator' build argument 'cmake_args' from command line to 'None'
[0.559s] Level 5:colcon.colcon_core.verb:set package 'robot_manipulator' build argument 'cmake_target' from command line to 'None'
[0.559s] Level 5:colcon.colcon_core.verb:set package 'robot_manipulator' build argument 'cmake_target_skip_unavailable' from command line to 'False'
[0.560s] Level 5:colcon.colcon_core.verb:set package 'robot_manipulator' build argument 'cmake_clean_cache' from command line to 'False'
[0.560s] Level 5:colcon.colcon_core.verb:set package 'robot_manipulator' build argument 'cmake_clean_first' from command line to 'False'
[0.560s] Level 5:colcon.colcon_core.verb:set package 'robot_manipulator' build argument 'cmake_force_configure' from command line to 'False'
[0.560s] Level 5:colcon.colcon_core.verb:set package 'robot_manipulator' build argument 'ament_cmake_args' from command line to 'None'
[0.560s] Level 5:colcon.colcon_core.verb:set package 'robot_manipulator' build argument 'catkin_cmake_args' from command line to 'None'
[0.560s] Level 5:colcon.colcon_core.verb:set package 'robot_manipulator' build argument 'catkin_skip_building_tests' from command line to 'False'
[0.560s] DEBUG:colcon.colcon_core.verb:Building package 'robot_manipulator' with the following arguments: {'ament_cmake_args': None, 'build_base': '/home/yesopi/Robotics/build/robot_manipulator', 'catkin_cmake_args': None, 'catkin_skip_building_tests': False, 'cmake_args': None, 'cmake_clean_cache': False, 'cmake_clean_first': False, 'cmake_force_configure': False, 'cmake_target': None, 'cmake_target_skip_unavailable': False, 'install_base': '/home/yesopi/Robotics/install/robot_manipulator', 'merge_install': False, 'path': '/home/yesopi/Robotics/src/robot_manipulator', 'symlink_install': False, 'test_result_base': None}
[0.561s] Level 5:colcon.colcon_core.verb:set package 'robot_movement' build argument 'cmake_args' from command line to 'None'
[0.561s] Level 5:colcon.colcon_core.verb:set package 'robot_movement' build argument 'cmake_target' from command line to 'None'
[0.561s] Level 5:colcon.colcon_core.verb:set package 'robot_movement' build argument 'cmake_target_skip_unavailable' from command line to 'False'
[0.561s] Level 5:colcon.colcon_core.verb:set package 'robot_movement' build argument 'cmake_clean_cache' from command line to 'False'
[0.561s] Level 5:colcon.colcon_core.verb:set package 'robot_movement' build argument 'cmake_clean_first' from command line to 'False'
[0.561s] Level 5:colcon.colcon_core.verb:set package 'robot_movement' build argument 'cmake_force_configure' from command line to 'False'
[0.561s] Level 5:colcon.colcon_core.verb:set package 'robot_movement' build argument 'ament_cmake_args' from command line to 'None'
[0.561s] Level 5:colcon.colcon_core.verb:set package 'robot_movement' build argument 'catkin_cmake_args' from command line to 'None'
[0.561s] Level 5:colcon.colcon_core.verb:set package 'robot_movement' build argument 'catkin_skip_building_tests' from command line to 'False'
[0.561s] DEBUG:colcon.colcon_core.verb:Building package 'robot_movement' with the following arguments: {'ament_cmake_args': None, 'build_base': '/home/yesopi/Robotics/build/robot_movement', 'catkin_cmake_args': None, 'catkin_skip_building_tests': False, 'cmake_args': None, 'cmake_clean_cache': False, 'cmake_clean_first': False, 'cmake_force_configure': False, 'cmake_target': None, 'cmake_target_skip_unavailable': False, 'install_base': '/home/yesopi/Robotics/install/robot_movement', 'merge_install': False, 'path': '/home/yesopi/Robotics/src/robot_movement', 'symlink_install': False, 'test_result_base': None}
[0.562s] Level 5:colcon.colcon_core.verb:set package 'tesla' build argument 'cmake_args' from command line to 'None'
[0.562s] Level 5:colcon.colcon_core.verb:set package 'tesla' build argument 'cmake_target' from command line to 'None'
[0.563s] Level 5:colcon.colcon_core.verb:set package 'tesla' build argument 'cmake_target_skip_unavailable' from command line to 'False'
[0.563s] Level 5:colcon.colcon_core.verb:set package 'tesla' build argument 'cmake_clean_cache' from command line to 'False'
[0.563s] Level 5:colcon.colcon_core.verb:set package 'tesla' build argument 'cmake_clean_first' from command line to 'False'
[0.563s] Level 5:colcon.colcon_core.verb:set package 'tesla' build argument 'cmake_force_configure' from command line to 'False'
[0.563s] Level 5:colcon.colcon_core.verb:set package 'tesla' build argument 'ament_cmake_args' from command line to 'None'
[0.563s] Level 5:colcon.colcon_core.verb:set package 'tesla' build argument 'catkin_cmake_args' from command line to 'None'
[0.563s] Level 5:colcon.colcon_core.verb:set package 'tesla' build argument 'catkin_skip_building_tests' from command line to 'False'
[0.563s] DEBUG:colcon.colcon_core.verb:Building package 'tesla' with the following arguments: {'ament_cmake_args': None, 'build_base': '/home/yesopi/Robotics/build/tesla', 'catkin_cmake_args': None, 'catkin_skip_building_tests': False, 'cmake_args': None, 'cmake_clean_cache': False, 'cmake_clean_first': False, 'cmake_force_configure': False, 'cmake_target': None, 'cmake_target_skip_unavailable': False, 'install_base': '/home/yesopi/Robotics/install/tesla', 'merge_install': False, 'path': '/home/yesopi/Robotics/src/tesla', 'symlink_install': False, 'test_result_base': None}
[0.564s] INFO:colcon.colcon_core.executor:Executing jobs using 'parallel' executor
[0.568s] DEBUG:colcon.colcon_parallel_executor.executor.parallel:run_until_complete
[0.568s] INFO:colcon.colcon_ros.task.ament_cmake.build:Building ROS package in '/home/yesopi/Robotics/src/my_service_pkg' with build type 'ament_cmake'
[0.568s] INFO:colcon.colcon_cmake.task.cmake.build:Building CMake package in '/home/yesopi/Robotics/src/my_service_pkg'
[0.573s] INFO:colcon.colcon_core.plugin_system:Skipping extension 'colcon_core.shell.bat': Not used on non-Windows systems
[0.574s] INFO:colcon.colcon_core.shell:Skip shell extension 'powershell' for command environment: Not usable outside of PowerShell
[0.574s] DEBUG:colcon.colcon_core.shell:Skip shell extension 'dsv' for command environment
[0.579s] INFO:colcon.colcon_ros.task.ament_python.build:Building ROS package in '/home/yesopi/Robotics/src/robot_manipulator' with build type 'ament_python'
[0.579s] Level 1:colcon.colcon_core.shell:create_environment_hook('robot_manipulator', 'ament_prefix_path')
[0.580s] INFO:colcon.colcon_core.shell:Creating environment hook '/home/yesopi/Robotics/install/robot_manipulator/share/robot_manipulator/hook/ament_prefix_path.ps1'
[0.581s] INFO:colcon.colcon_core.shell:Creating environment descriptor '/home/yesopi/Robotics/install/robot_manipulator/share/robot_manipulator/hook/ament_prefix_path.dsv'
[0.582s] INFO:colcon.colcon_core.shell:Creating environment hook '/home/yesopi/Robotics/install/robot_manipulator/share/robot_manipulator/hook/ament_prefix_path.sh'
[0.584s] INFO:colcon.colcon_core.shell:Skip shell extension 'powershell' for command environment: Not usable outside of PowerShell
[0.584s] DEBUG:colcon.colcon_core.shell:Skip shell extension 'dsv' for command environment
[0.588s] INFO:colcon.colcon_ros.task.ament_python.build:Building ROS package in '/home/yesopi/Robotics/src/robot_movement' with build type 'ament_python'
[0.588s] Level 1:colcon.colcon_core.shell:create_environment_hook('robot_movement', 'ament_prefix_path')
[0.590s] INFO:colcon.colcon_core.shell:Creating environment hook '/home/yesopi/Robotics/install/robot_movement/share/robot_movement/hook/ament_prefix_path.ps1'
[0.590s] INFO:colcon.colcon_core.shell:Creating environment descriptor '/home/yesopi/Robotics/install/robot_movement/share/robot_movement/hook/ament_prefix_path.dsv'
[0.591s] INFO:colcon.colcon_core.shell:Creating environment hook '/home/yesopi/Robotics/install/robot_movement/share/robot_movement/hook/ament_prefix_path.sh'
[0.593s] INFO:colcon.colcon_core.shell:Skip shell extension 'powershell' for command environment: Not usable outside of PowerShell
[0.593s] DEBUG:colcon.colcon_core.shell:Skip shell extension 'dsv' for command environment
[0.604s] DEBUG:colcon.colcon_core.event_handler.log_command:Invoking command in '/home/yesopi/Robotics/build/my_service_pkg': CMAKE_PREFIX_PATH=${CMAKE_PREFIX_PATH}:/home/yesopi/Robotics/install/tesla:/home/yesopi/Robotics/install/robot_manipulator:/opt/ros/humble /usr/bin/cmake --build /home/yesopi/Robotics/build/my_service_pkg -- -j12 -l12
[0.909s] INFO:colcon.colcon_core.task.python.build:Building Python package in '/home/yesopi/Robotics/src/robot_manipulator'
[0.910s] INFO:colcon.colcon_core.shell:Skip shell extension 'powershell' for command environment: Not usable outside of PowerShell
[0.910s] DEBUG:colcon.colcon_core.shell:Skip shell extension 'dsv' for command environment
[1.220s] INFO:colcon.colcon_core.task.python.build:Building Python package in '/home/yesopi/Robotics/src/robot_movement'
[1.222s] INFO:colcon.colcon_core.shell:Skip shell extension 'powershell' for command environment: Not usable outside of PowerShell
[1.222s] DEBUG:colcon.colcon_core.shell:Skip shell extension 'dsv' for command environment
[1.230s] DEBUG:colcon.colcon_core.event_handler.log_command:Invoked command in '/home/yesopi/Robotics/build/my_service_pkg' returned '0': CMAKE_PREFIX_PATH=${CMAKE_PREFIX_PATH}:/home/yesopi/Robotics/install/tesla:/home/yesopi/Robotics/install/robot_manipulator:/opt/ros/humble /usr/bin/cmake --build /home/yesopi/Robotics/build/my_service_pkg -- -j12 -l12
[1.286s] DEBUG:colcon.colcon_core.event_handler.log_command:Invoking command in '/home/yesopi/Robotics/build/my_service_pkg': CMAKE_PREFIX_PATH=${CMAKE_PREFIX_PATH}:/home/yesopi/Robotics/install/tesla:/home/yesopi/Robotics/install/robot_manipulator:/opt/ros/humble /usr/bin/cmake --install /home/yesopi/Robotics/build/my_service_pkg
[1.344s] Level 1:colcon.colcon_core.environment:create_environment_scripts_only(my_service_pkg)
[1.345s] DEBUG:colcon.colcon_core.event_handler.log_command:Invoked command in '/home/yesopi/Robotics/build/my_service_pkg' returned '0': CMAKE_PREFIX_PATH=${CMAKE_PREFIX_PATH}:/home/yesopi/Robotics/install/tesla:/home/yesopi/Robotics/install/robot_manipulator:/opt/ros/humble /usr/bin/cmake --install /home/yesopi/Robotics/build/my_service_pkg
[1.350s] Level 1:colcon.colcon_core.environment:checking '/home/yesopi/Robotics/install/my_service_pkg' for CMake module files
[1.350s] Level 1:colcon.colcon_core.environment:checking '/home/yesopi/Robotics/install/my_service_pkg' for CMake config files
[1.351s] Level 1:colcon.colcon_core.shell:create_environment_hook('my_service_pkg', 'cmake_prefix_path')
[1.352s] INFO:colcon.colcon_core.shell:Creating environment hook '/home/yesopi/Robotics/install/my_service_pkg/share/my_service_pkg/hook/cmake_prefix_path.ps1'
[1.353s] INFO:colcon.colcon_core.shell:Creating environment descriptor '/home/yesopi/Robotics/install/my_service_pkg/share/my_service_pkg/hook/cmake_prefix_path.dsv'
[1.353s] INFO:colcon.colcon_core.shell:Creating environment hook '/home/yesopi/Robotics/install/my_service_pkg/share/my_service_pkg/hook/cmake_prefix_path.sh'
[1.354s] Level 1:colcon.colcon_core.environment:checking '/home/yesopi/Robotics/install/my_service_pkg/lib'
[1.354s] Level 1:colcon.colcon_core.shell:create_environment_hook('my_service_pkg', 'ld_library_path_lib')
[1.355s] INFO:colcon.colcon_core.shell:Creating environment hook '/home/yesopi/Robotics/install/my_service_pkg/share/my_service_pkg/hook/ld_library_path_lib.ps1'
[1.356s] INFO:colcon.colcon_core.shell:Creating environment descriptor '/home/yesopi/Robotics/install/my_service_pkg/share/my_service_pkg/hook/ld_library_path_lib.dsv'
[1.356s] INFO:colcon.colcon_core.shell:Creating environment hook '/home/yesopi/Robotics/install/my_service_pkg/share/my_service_pkg/hook/ld_library_path_lib.sh'
[1.356s] Level 1:colcon.colcon_core.environment:checking '/home/yesopi/Robotics/install/my_service_pkg/bin'
[1.357s] Level 1:colcon.colcon_core.environment:checking '/home/yesopi/Robotics/install/my_service_pkg/lib/pkgconfig/my_service_pkg.pc'
[1.357s] Level 1:colcon.colcon_core.environment:checking '/home/yesopi/Robotics/install/my_service_pkg/lib/python3.10/site-packages'
[1.357s] Level 1:colcon.colcon_core.environment:checking '/home/yesopi/Robotics/install/my_service_pkg/bin'
[1.359s] INFO:colcon.colcon_core.shell:Creating package script '/home/yesopi/Robotics/install/my_service_pkg/share/my_service_pkg/package.ps1'
[1.360s] INFO:colcon.colcon_core.shell:Creating package descriptor '/home/yesopi/Robotics/install/my_service_pkg/share/my_service_pkg/package.dsv'
[1.360s] INFO:colcon.colcon_core.shell:Creating package script '/home/yesopi/Robotics/install/my_service_pkg/share/my_service_pkg/package.sh'
[1.361s] INFO:colcon.colcon_core.shell:Creating package script '/home/yesopi/Robotics/install/my_service_pkg/share/my_service_pkg/package.bash'
[1.362s] INFO:colcon.colcon_core.shell:Creating package script '/home/yesopi/Robotics/install/my_service_pkg/share/my_service_pkg/package.zsh'
[1.362s] Level 1:colcon.colcon_core.environment:create_file_with_runtime_dependencies(/home/yesopi/Robotics/install/my_service_pkg/share/colcon-core/packages/my_service_pkg)
[1.411s] Level 1:colcon.colcon_core.environment:create_environment_scripts_only(my_service_pkg)
[1.413s] Level 1:colcon.colcon_core.environment:checking '/home/yesopi/Robotics/install/my_service_pkg' for CMake module files
[1.414s] Level 1:colcon.colcon_core.environment:checking '/home/yesopi/Robotics/install/my_service_pkg' for CMake config files
[1.414s] Level 1:colcon.colcon_core.shell:create_environment_hook('my_service_pkg', 'cmake_prefix_path')
[1.416s] INFO:colcon.colcon_core.shell:Creating environment hook '/home/yesopi/Robotics/install/my_service_pkg/share/my_service_pkg/hook/cmake_prefix_path.ps1'
[1.416s] INFO:colcon.colcon_core.shell:Creating environment descriptor '/home/yesopi/Robotics/install/my_service_pkg/share/my_service_pkg/hook/cmake_prefix_path.dsv'
[1.417s] INFO:colcon.colcon_core.shell:Creating environment hook '/home/yesopi/Robotics/install/my_service_pkg/share/my_service_pkg/hook/cmake_prefix_path.sh'
[1.417s] Level 1:colcon.colcon_core.environment:checking '/home/yesopi/Robotics/install/my_service_pkg/lib'
[1.417s] Level 1:colcon.colcon_core.shell:create_environment_hook('my_service_pkg', 'ld_library_path_lib')
[1.419s] INFO:colcon.colcon_core.shell:Creating environment hook '/home/yesopi/Robotics/install/my_service_pkg/share/my_service_pkg/hook/ld_library_path_lib.ps1'
[1.419s] INFO:colcon.colcon_core.shell:Creating environment descriptor '/home/yesopi/Robotics/install/my_service_pkg/share/my_service_pkg/hook/ld_library_path_lib.dsv'
[1.420s] INFO:colcon.colcon_core.shell:Creating environment hook '/home/yesopi/Robotics/install/my_service_pkg/share/my_service_pkg/hook/ld_library_path_lib.sh'
[1.420s] Level 1:colcon.colcon_core.environment:checking '/home/yesopi/Robotics/install/my_service_pkg/bin'
[1.420s] Level 1:colcon.colcon_core.environment:checking '/home/yesopi/Robotics/install/my_service_pkg/lib/pkgconfig/my_service_pkg.pc'
[1.420s] Level 1:colcon.colcon_core.environment:checking '/home/yesopi/Robotics/install/my_service_pkg/lib/python3.10/site-packages'
[1.421s] Level 1:colcon.colcon_core.environment:checking '/home/yesopi/Robotics/install/my_service_pkg/bin'
[1.422s] INFO:colcon.colcon_core.shell:Creating package script '/home/yesopi/Robotics/install/my_service_pkg/share/my_service_pkg/package.ps1'
[1.423s] INFO:colcon.colcon_core.shell:Creating package descriptor '/home/yesopi/Robotics/install/my_service_pkg/share/my_service_pkg/package.dsv'
[1.423s] INFO:colcon.colcon_core.shell:Creating package script '/home/yesopi/Robotics/install/my_service_pkg/share/my_service_pkg/package.sh'
[1.424s] INFO:colcon.colcon_core.shell:Creating package script '/home/yesopi/Robotics/install/my_service_pkg/share/my_service_pkg/package.bash'
[1.424s] INFO:colcon.colcon_core.shell:Creating package script '/home/yesopi/Robotics/install/my_service_pkg/share/my_service_pkg/package.zsh'
[1.425s] Level 1:colcon.colcon_core.environment:create_file_with_runtime_dependencies(/home/yesopi/Robotics/install/my_service_pkg/share/colcon-core/packages/my_service_pkg)
[1.425s] INFO:colcon.colcon_ros.task.ament_python.build:Building ROS package in '/home/yesopi/Robotics/src/tesla' with build type 'ament_python'
[1.425s] Level 1:colcon.colcon_core.shell:create_environment_hook('tesla', 'ament_prefix_path')
[1.427s] INFO:colcon.colcon_core.shell:Creating environment hook '/home/yesopi/Robotics/install/tesla/share/tesla/hook/ament_prefix_path.ps1'
[1.427s] INFO:colcon.colcon_core.shell:Creating environment descriptor '/home/yesopi/Robotics/install/tesla/share/tesla/hook/ament_prefix_path.dsv'
[1.428s] INFO:colcon.colcon_core.shell:Creating environment hook '/home/yesopi/Robotics/install/tesla/share/tesla/hook/ament_prefix_path.sh'
[1.430s] INFO:colcon.colcon_core.shell:Skip shell extension 'powershell' for command environment: Not usable outside of PowerShell
[1.430s] DEBUG:colcon.colcon_core.shell:Skip shell extension 'dsv' for command environment
[1.738s] INFO:colcon.colcon_core.task.python.build:Building Python package in '/home/yesopi/Robotics/src/tesla'
[1.739s] INFO:colcon.colcon_core.shell:Skip shell extension 'powershell' for command environment: Not usable outside of PowerShell
[1.739s] DEBUG:colcon.colcon_core.shell:Skip shell extension 'dsv' for command environment
[1.750s] DEBUG:colcon.colcon_core.event_handler.log_command:Invoking command in '/home/yesopi/Robotics/src/robot_movement': PYTHONPATH=/home/yesopi/Robotics/build/robot_movement/prefix_override:/home/yesopi/Robotics/install/robot_movement/lib/python3.10/site-packages:${PYTHONPATH} /usr/bin/python3 setup.py egg_info --egg-base ../../build/robot_movement build --build-base /home/yesopi/Robotics/build/robot_movement/build install --record /home/yesopi/Robotics/build/robot_movement/install.log --single-version-externally-managed
[1.752s] DEBUG:colcon.colcon_core.event_handler.log_command:Invoking command in '/home/yesopi/Robotics/src/robot_manipulator': PYTHONPATH=/home/yesopi/Robotics/build/robot_manipulator/prefix_override:/home/yesopi/Robotics/install/robot_manipulator/lib/python3.10/site-packages:${PYTHONPATH} /usr/bin/python3 setup.py egg_info --egg-base ../../build/robot_manipulator build --build-base /home/yesopi/Robotics/build/robot_manipulator/build install --record /home/yesopi/Robotics/build/robot_manipulator/install.log --single-version-externally-managed
[2.121s] DEBUG:colcon.colcon_core.event_handler.log_command:Invoking command in '/home/yesopi/Robotics/src/tesla': PYTHONPATH=/home/yesopi/Robotics/build/tesla/prefix_override:/home/yesopi/Robotics/install/tesla/lib/python3.10/site-packages:${PYTHONPATH} /usr/bin/python3 setup.py egg_info --egg-base ../../build/tesla build --build-base /home/yesopi/Robotics/build/tesla/build install --record /home/yesopi/Robotics/build/tesla/install.log --single-version-externally-managed
[2.168s] Level 1:colcon.colcon_core.environment:checking '/home/yesopi/Robotics/install/robot_manipulator' for CMake module files
[2.168s] DEBUG:colcon.colcon_core.event_handler.log_command:Invoked command in '/home/yesopi/Robotics/src/robot_manipulator' returned '0': PYTHONPATH=/home/yesopi/Robotics/build/robot_manipulator/prefix_override:/home/yesopi/Robotics/install/robot_manipulator/lib/python3.10/site-packages:${PYTHONPATH} /usr/bin/python3 setup.py egg_info --egg-base ../../build/robot_manipulator build --build-base /home/yesopi/Robotics/build/robot_manipulator/build install --record /home/yesopi/Robotics/build/robot_manipulator/install.log --single-version-externally-managed
[2.169s] Level 1:colcon.colcon_core.environment:checking '/home/yesopi/Robotics/install/robot_manipulator' for CMake config files
[2.169s] Level 1:colcon.colcon_core.environment:checking '/home/yesopi/Robotics/install/robot_manipulator/lib'
[2.169s] Level 1:colcon.colcon_core.environment:checking '/home/yesopi/Robotics/install/robot_manipulator/bin'
[2.169s] Level 1:colcon.colcon_core.environment:checking '/home/yesopi/Robotics/install/robot_manipulator/lib/pkgconfig/robot_manipulator.pc'
[2.170s] Level 1:colcon.colcon_core.environment:checking '/home/yesopi/Robotics/install/robot_manipulator/lib/python3.10/site-packages'
[2.170s] Level 1:colcon.colcon_core.shell:create_environment_hook('robot_manipulator', 'pythonpath')
[2.171s] INFO:colcon.colcon_core.shell:Creating environment hook '/home/yesopi/Robotics/install/robot_manipulator/share/robot_manipulator/hook/pythonpath.ps1'
[2.172s] INFO:colcon.colcon_core.shell:Creating environment descriptor '/home/yesopi/Robotics/install/robot_manipulator/share/robot_manipulator/hook/pythonpath.dsv'
[2.172s] INFO:colcon.colcon_core.shell:Creating environment hook '/home/yesopi/Robotics/install/robot_manipulator/share/robot_manipulator/hook/pythonpath.sh'
[2.173s] Level 1:colcon.colcon_core.environment:checking '/home/yesopi/Robotics/install/robot_manipulator/bin'
[2.173s] Level 1:colcon.colcon_core.environment:create_environment_scripts_only(robot_manipulator)
[2.175s] INFO:colcon.colcon_core.shell:Creating package script '/home/yesopi/Robotics/install/robot_manipulator/share/robot_manipulator/package.ps1'
[2.175s] INFO:colcon.colcon_core.shell:Creating package descriptor '/home/yesopi/Robotics/install/robot_manipulator/share/robot_manipulator/package.dsv'
[2.176s] INFO:colcon.colcon_core.shell:Creating package script '/home/yesopi/Robotics/install/robot_manipulator/share/robot_manipulator/package.sh'
[2.176s] INFO:colcon.colcon_core.shell:Creating package script '/home/yesopi/Robotics/install/robot_manipulator/share/robot_manipulator/package.bash'
[2.177s] INFO:colcon.colcon_core.shell:Creating package script '/home/yesopi/Robotics/install/robot_manipulator/share/robot_manipulator/package.zsh'
[2.177s] Level 1:colcon.colcon_core.environment:create_file_with_runtime_dependencies(/home/yesopi/Robotics/install/robot_manipulator/share/colcon-core/packages/robot_manipulator)
[2.180s] Level 1:colcon.colcon_core.environment:checking '/home/yesopi/Robotics/install/robot_movement' for CMake module files
[2.181s] Level 1:colcon.colcon_core.environment:checking '/home/yesopi/Robotics/install/robot_movement' for CMake config files
[2.181s] DEBUG:colcon.colcon_core.event_handler.log_command:Invoked command in '/home/yesopi/Robotics/src/robot_movement' returned '0': PYTHONPATH=/home/yesopi/Robotics/build/robot_movement/prefix_override:/home/yesopi/Robotics/install/robot_movement/lib/python3.10/site-packages:${PYTHONPATH} /usr/bin/python3 setup.py egg_info --egg-base ../../build/robot_movement build --build-base /home/yesopi/Robotics/build/robot_movement/build install --record /home/yesopi/Robotics/build/robot_movement/install.log --single-version-externally-managed
[2.182s] Level 1:colcon.colcon_core.environment:checking '/home/yesopi/Robotics/install/robot_movement/lib'
[2.182s] Level 1:colcon.colcon_core.environment:checking '/home/yesopi/Robotics/install/robot_movement/bin'
[2.182s] Level 1:colcon.colcon_core.environment:checking '/home/yesopi/Robotics/install/robot_movement/lib/pkgconfig/robot_movement.pc'
[2.182s] Level 1:colcon.colcon_core.environment:checking '/home/yesopi/Robotics/install/robot_movement/lib/python3.10/site-packages'
[2.182s] Level 1:colcon.colcon_core.shell:create_environment_hook('robot_movement', 'pythonpath')
[2.184s] INFO:colcon.colcon_core.shell:Creating environment hook '/home/yesopi/Robotics/install/robot_movement/share/robot_movement/hook/pythonpath.ps1'
[2.184s] INFO:colcon.colcon_core.shell:Creating environment descriptor '/home/yesopi/Robotics/install/robot_movement/share/robot_movement/hook/pythonpath.dsv'
[2.185s] INFO:colcon.colcon_core.shell:Creating environment hook '/home/yesopi/Robotics/install/robot_movement/share/robot_movement/hook/pythonpath.sh'
[2.185s] Level 1:colcon.colcon_core.environment:checking '/home/yesopi/Robotics/install/robot_movement/bin'
[2.185s] Level 1:colcon.colcon_core.environment:create_environment_scripts_only(robot_movement)
[2.187s] INFO:colcon.colcon_core.shell:Creating package script '/home/yesopi/Robotics/install/robot_movement/share/robot_movement/package.ps1'
[2.187s] INFO:colcon.colcon_core.shell:Creating package descriptor '/home/yesopi/Robotics/install/robot_movement/share/robot_movement/package.dsv'
[2.188s] INFO:colcon.colcon_core.shell:Creating package script '/home/yesopi/Robotics/install/robot_movement/share/robot_movement/package.sh'
[2.188s] INFO:colcon.colcon_core.shell:Creating package script '/home/yesopi/Robotics/install/robot_movement/share/robot_movement/package.bash'
[2.189s] INFO:colcon.colcon_core.shell:Creating package script '/home/yesopi/Robotics/install/robot_movement/share/robot_movement/package.zsh'
[2.189s] Level 1:colcon.colcon_core.environment:create_file_with_runtime_dependencies(/home/yesopi/Robotics/install/robot_movement/share/colcon-core/packages/robot_movement)
[2.454s] Level 1:colcon.colcon_core.environment:checking '/home/yesopi/Robotics/install/tesla' for CMake module files
[2.455s] DEBUG:colcon.colcon_core.event_handler.log_command:Invoked command in '/home/yesopi/Robotics/src/tesla' returned '0': PYTHONPATH=/home/yesopi/Robotics/build/tesla/prefix_override:/home/yesopi/Robotics/install/tesla/lib/python3.10/site-packages:${PYTHONPATH} /usr/bin/python3 setup.py egg_info --egg-base ../../build/tesla build --build-base /home/yesopi/Robotics/build/tesla/build install --record /home/yesopi/Robotics/build/tesla/install.log --single-version-externally-managed
[2.455s] Level 1:colcon.colcon_core.environment:checking '/home/yesopi/Robotics/install/tesla' for CMake config files
[2.456s] Level 1:colcon.colcon_core.environment:checking '/home/yesopi/Robotics/install/tesla/lib'
[2.456s] Level 1:colcon.colcon_core.environment:checking '/home/yesopi/Robotics/install/tesla/bin'
[2.456s] Level 1:colcon.colcon_core.environment:checking '/home/yesopi/Robotics/install/tesla/lib/pkgconfig/tesla.pc'
[2.456s] Level 1:colcon.colcon_core.environment:checking '/home/yesopi/Robotics/install/tesla/lib/python3.10/site-packages'
[2.457s] Level 1:colcon.colcon_core.shell:create_environment_hook('tesla', 'pythonpath')
[2.458s] INFO:colcon.colcon_core.shell:Creating environment hook '/home/yesopi/Robotics/install/tesla/share/tesla/hook/pythonpath.ps1'
[2.500s] INFO:colcon.colcon_core.shell:Creating environment descriptor '/home/yesopi/Robotics/install/tesla/share/tesla/hook/pythonpath.dsv'
[2.501s] INFO:colcon.colcon_core.shell:Creating environment hook '/home/yesopi/Robotics/install/tesla/share/tesla/hook/pythonpath.sh'
[2.503s] Level 1:colcon.colcon_core.environment:checking '/home/yesopi/Robotics/install/tesla/bin'
[2.504s] Level 1:colcon.colcon_core.environment:create_environment_scripts_only(tesla)
[2.509s] INFO:colcon.colcon_core.shell:Creating package script '/home/yesopi/Robotics/install/tesla/share/tesla/package.ps1'
[2.510s] INFO:colcon.colcon_core.shell:Creating package descriptor '/home/yesopi/Robotics/install/tesla/share/tesla/package.dsv'
[2.511s] INFO:colcon.colcon_core.shell:Creating package script '/home/yesopi/Robotics/install/tesla/share/tesla/package.sh'
[2.512s] INFO:colcon.colcon_core.shell:Creating package script '/home/yesopi/Robotics/install/tesla/share/tesla/package.bash'
[2.513s] INFO:colcon.colcon_core.shell:Creating package script '/home/yesopi/Robotics/install/tesla/share/tesla/package.zsh'
[2.514s] Level 1:colcon.colcon_core.environment:create_file_with_runtime_dependencies(/home/yesopi/Robotics/install/tesla/share/colcon-core/packages/tesla)
[2.515s] DEBUG:colcon.colcon_parallel_executor.executor.parallel:closing loop
[2.516s] DEBUG:colcon.colcon_parallel_executor.executor.parallel:loop closed
[2.516s] DEBUG:colcon.colcon_parallel_executor.executor.parallel:run_until_complete finished with '0'
[2.516s] DEBUG:colcon.colcon_core.event_reactor:joining thread
[2.526s] INFO:colcon.colcon_core.plugin_system:Skipping extension 'colcon_notification.desktop_notification.terminal_notifier': Not used on non-Darwin systems
[2.526s] INFO:colcon.colcon_core.plugin_system:Skipping extension 'colcon_notification.desktop_notification.win32': Not used on non-Windows systems
[2.526s] INFO:colcon.colcon_notification.desktop_notification:Sending desktop notification using 'notify2'
[2.541s] DEBUG:colcon.colcon_core.event_reactor:joined thread
[2.542s] INFO:colcon.colcon_core.shell:Creating prefix script '/home/yesopi/Robotics/install/local_setup.ps1'
[2.544s] INFO:colcon.colcon_core.shell:Creating prefix util module '/home/yesopi/Robotics/install/_local_setup_util_ps1.py'
[2.546s] INFO:colcon.colcon_core.shell:Creating prefix chain script '/home/yesopi/Robotics/install/setup.ps1'
[2.549s] INFO:colcon.colcon_core.shell:Creating prefix script '/home/yesopi/Robotics/install/local_setup.sh'
[2.550s] INFO:colcon.colcon_core.shell:Creating prefix util module '/home/yesopi/Robotics/install/_local_setup_util_sh.py'
[2.551s] INFO:colcon.colcon_core.shell:Creating prefix chain script '/home/yesopi/Robotics/install/setup.sh'
[2.553s] INFO:colcon.colcon_core.shell:Creating prefix script '/home/yesopi/Robotics/install/local_setup.bash'
[2.553s] INFO:colcon.colcon_core.shell:Creating prefix chain script '/home/yesopi/Robotics/install/setup.bash'
[2.555s] INFO:colcon.colcon_core.shell:Creating prefix script '/home/yesopi/Robotics/install/local_setup.zsh'
[2.556s] INFO:colcon.colcon_core.shell:Creating prefix chain script '/home/yesopi/Robotics/install/setup.zsh'
