[0.314s] DEBUG:colcon:Command line arguments: ['/usr/bin/colcon', 'build']
[0.314s] DEBUG:colcon:Parsed command line arguments: Namespace(log_base=None, log_level=None, verb_name='build', build_base='build', install_base='install', merge_install=False, symlink_install=False, test_result_base=None, continue_on_error=False, executor='parallel', parallel_workers=4, event_handlers=None, ignore_user_meta=False, metas=['./colcon.meta'], base_paths=['.'], packages_ignore=None, packages_ignore_regex=None, paths=None, packages_up_to=None, packages_up_to_regex=None, packages_above=None, packages_above_and_dependencies=None, packages_above_depth=None, packages_select_by_dep=None, packages_skip_by_dep=None, packages_skip_up_to=None, packages_select_build_failed=False, packages_skip_build_finished=False, packages_select_test_failures=False, packages_skip_test_passed=False, packages_select=None, packages_skip=None, packages_select_regex=None, packages_skip_regex=None, packages_start=None, packages_end=None, allow_overriding=[], cmake_args=None, cmake_target=None, cmake_target_skip_unavailable=False, cmake_clean_cache=False, cmake_clean_first=False, cmake_force_configure=False, ament_cmake_args=None, catkin_cmake_args=None, catkin_skip_building_tests=False, verb_parser=<colcon_defaults.argument_parser.defaults.DefaultArgumentsDecorator object at 0x7f6099a51540>, verb_extension=<colcon_core.verb.build.BuildVerb object at 0x7f609a255a80>, main=<bound method BuildVerb.main of <colcon_core.verb.build.BuildVerb object at 0x7f609a255a80>>)
[0.348s] Level 1:colcon.colcon_core.package_discovery:discover_packages(colcon_meta) check parameters
[0.348s] Level 1:colcon.colcon_core.package_discovery:discover_packages(recursive) check parameters
[0.348s] Level 1:colcon.colcon_core.package_discovery:discover_packages(ignore) check parameters
[0.348s] Level 1:colcon.colcon_core.package_discovery:discover_packages(path) check parameters
[0.348s] Level 1:colcon.colcon_core.package_discovery:discover_packages(colcon_meta) discover
[0.348s] Level 1:colcon.colcon_core.package_discovery:discover_packages(recursive) discover
[0.348s] INFO:colcon.colcon_core.package_discovery:Crawling recursively for packages in '/home/tatianam/ProyectoFinal/Robotics'
[0.348s] Level 1:colcon.colcon_core.package_identification:_identify(.) by extensions ['ignore', 'ignore_ament_install']
[0.348s] Level 1:colcon.colcon_core.package_identification:_identify(.) by extension 'ignore'
[0.348s] Level 1:colcon.colcon_core.package_identification:_identify(.) by extension 'ignore_ament_install'
[0.349s] Level 1:colcon.colcon_core.package_identification:_identify(.) by extensions ['colcon_pkg']
[0.349s] Level 1:colcon.colcon_core.package_identification:_identify(.) by extension 'colcon_pkg'
[0.349s] Level 1:colcon.colcon_core.package_identification:_identify(.) by extensions ['colcon_meta']
[0.349s] Level 1:colcon.colcon_core.package_identification:_identify(.) by extension 'colcon_meta'
[0.349s] Level 1:colcon.colcon_core.package_identification:_identify(.) by extensions ['ros']
[0.349s] Level 1:colcon.colcon_core.package_identification:_identify(.) by extension 'ros'
[0.361s] Level 1:colcon.colcon_core.package_identification:_identify(.) by extensions ['cmake', 'python']
[0.361s] Level 1:colcon.colcon_core.package_identification:_identify(.) by extension 'cmake'
[0.361s] Level 1:colcon.colcon_core.package_identification:_identify(.) by extension 'python'
[0.361s] Level 1:colcon.colcon_core.package_identification:_identify(.) by extensions ['python_setup_py']
[0.361s] Level 1:colcon.colcon_core.package_identification:_identify(.) by extension 'python_setup_py'
[0.361s] Level 1:colcon.colcon_core.package_identification:_identify(build) by extensions ['ignore', 'ignore_ament_install']
[0.361s] Level 1:colcon.colcon_core.package_identification:_identify(build) by extension 'ignore'
[0.361s] Level 1:colcon.colcon_core.package_identification:_identify(build) ignored
[0.361s] Level 1:colcon.colcon_core.package_identification:_identify(install) by extensions ['ignore', 'ignore_ament_install']
[0.361s] Level 1:colcon.colcon_core.package_identification:_identify(install) by extension 'ignore'
[0.361s] Level 1:colcon.colcon_core.package_identification:_identify(install) ignored
[0.362s] Level 1:colcon.colcon_core.package_identification:_identify(log) by extensions ['ignore', 'ignore_ament_install']
[0.362s] Level 1:colcon.colcon_core.package_identification:_identify(log) by extension 'ignore'
[0.362s] Level 1:colcon.colcon_core.package_identification:_identify(log) ignored
[0.362s] Level 1:colcon.colcon_core.package_identification:_identify(src) by extensions ['ignore', 'ignore_ament_install']
[0.362s] Level 1:colcon.colcon_core.package_identification:_identify(src) by extension 'ignore'
[0.362s] Level 1:colcon.colcon_core.package_identification:_identify(src) by extension 'ignore_ament_install'
[0.362s] Level 1:colcon.colcon_core.package_identification:_identify(src) by extensions ['colcon_pkg']
[0.362s] Level 1:colcon.colcon_core.package_identification:_identify(src) by extension 'colcon_pkg'
[0.362s] Level 1:colcon.colcon_core.package_identification:_identify(src) by extensions ['colcon_meta']
[0.362s] Level 1:colcon.colcon_core.package_identification:_identify(src) by extension 'colcon_meta'
[0.362s] Level 1:colcon.colcon_core.package_identification:_identify(src) by extensions ['ros']
[0.362s] Level 1:colcon.colcon_core.package_identification:_identify(src) by extension 'ros'
[0.362s] Level 1:colcon.colcon_core.package_identification:_identify(src) by extensions ['cmake', 'python']
[0.362s] Level 1:colcon.colcon_core.package_identification:_identify(src) by extension 'cmake'
[0.362s] Level 1:colcon.colcon_core.package_identification:_identify(src) by extension 'python'
[0.362s] Level 1:colcon.colcon_core.package_identification:_identify(src) by extensions ['python_setup_py']
[0.362s] Level 1:colcon.colcon_core.package_identification:_identify(src) by extension 'python_setup_py'
[0.362s] Level 1:colcon.colcon_core.package_identification:_identify(src/my_service_pkg) by extensions ['ignore', 'ignore_ament_install']
[0.363s] Level 1:colcon.colcon_core.package_identification:_identify(src/my_service_pkg) by extension 'ignore'
[0.363s] Level 1:colcon.colcon_core.package_identification:_identify(src/my_service_pkg) by extension 'ignore_ament_install'
[0.363s] Level 1:colcon.colcon_core.package_identification:_identify(src/my_service_pkg) by extensions ['colcon_pkg']
[0.363s] Level 1:colcon.colcon_core.package_identification:_identify(src/my_service_pkg) by extension 'colcon_pkg'
[0.363s] Level 1:colcon.colcon_core.package_identification:_identify(src/my_service_pkg) by extensions ['colcon_meta']
[0.363s] Level 1:colcon.colcon_core.package_identification:_identify(src/my_service_pkg) by extension 'colcon_meta'
[0.363s] Level 1:colcon.colcon_core.package_identification:_identify(src/my_service_pkg) by extensions ['ros']
[0.363s] Level 1:colcon.colcon_core.package_identification:_identify(src/my_service_pkg) by extension 'ros'
[0.365s] DEBUG:colcon.colcon_core.package_identification:Package 'src/my_service_pkg' with type 'ros.ament_cmake' and name 'my_service_pkg'
[0.365s] Level 1:colcon.colcon_core.package_identification:_identify(src/robot_manipulator) by extensions ['ignore', 'ignore_ament_install']
[0.365s] Level 1:colcon.colcon_core.package_identification:_identify(src/robot_manipulator) by extension 'ignore'
[0.365s] Level 1:colcon.colcon_core.package_identification:_identify(src/robot_manipulator) by extension 'ignore_ament_install'
[0.365s] Level 1:colcon.colcon_core.package_identification:_identify(src/robot_manipulator) by extensions ['colcon_pkg']
[0.365s] Level 1:colcon.colcon_core.package_identification:_identify(src/robot_manipulator) by extension 'colcon_pkg'
[0.366s] Level 1:colcon.colcon_core.package_identification:_identify(src/robot_manipulator) by extensions ['colcon_meta']
[0.366s] Level 1:colcon.colcon_core.package_identification:_identify(src/robot_manipulator) by extension 'colcon_meta'
[0.366s] Level 1:colcon.colcon_core.package_identification:_identify(src/robot_manipulator) by extensions ['ros']
[0.366s] Level 1:colcon.colcon_core.package_identification:_identify(src/robot_manipulator) by extension 'ros'
[0.366s] DEBUG:colcon.colcon_core.package_identification:Package 'src/robot_manipulator' with type 'ros.ament_python' and name 'robot_manipulator'
[0.366s] Level 1:colcon.colcon_core.package_identification:_identify(src/robot_movement) by extensions ['ignore', 'ignore_ament_install']
[0.366s] Level 1:colcon.colcon_core.package_identification:_identify(src/robot_movement) by extension 'ignore'
[0.366s] Level 1:colcon.colcon_core.package_identification:_identify(src/robot_movement) by extension 'ignore_ament_install'
[0.367s] Level 1:colcon.colcon_core.package_identification:_identify(src/robot_movement) by extensions ['colcon_pkg']
[0.367s] Level 1:colcon.colcon_core.package_identification:_identify(src/robot_movement) by extension 'colcon_pkg'
[0.367s] Level 1:colcon.colcon_core.package_identification:_identify(src/robot_movement) by extensions ['colcon_meta']
[0.367s] Level 1:colcon.colcon_core.package_identification:_identify(src/robot_movement) by extension 'colcon_meta'
[0.367s] Level 1:colcon.colcon_core.package_identification:_identify(src/robot_movement) by extensions ['ros']
[0.367s] Level 1:colcon.colcon_core.package_identification:_identify(src/robot_movement) by extension 'ros'
[0.367s] DEBUG:colcon.colcon_core.package_identification:Package 'src/robot_movement' with type 'ros.ament_python' and name 'robot_movement'
[0.367s] Level 1:colcon.colcon_core.package_discovery:discover_packages(recursive) using defaults
[0.367s] Level 1:colcon.colcon_core.package_discovery:discover_packages(ignore) discover
[0.367s] Level 1:colcon.colcon_core.package_discovery:discover_packages(ignore) using defaults
[0.367s] Level 1:colcon.colcon_core.package_discovery:discover_packages(path) discover
[0.367s] Level 1:colcon.colcon_core.package_discovery:discover_packages(path) using defaults
[0.392s] Level 1:colcon.colcon_core.package_discovery:discover_packages(prefix_path) check parameters
[0.392s] Level 1:colcon.colcon_core.package_discovery:discover_packages(prefix_path) discover
[0.394s] DEBUG:colcon.colcon_installed_package_information.package_discovery:Found 3 installed packages in /home/tatianam/ProyectoFinal/Robotics/install
[0.396s] DEBUG:colcon.colcon_installed_package_information.package_discovery:Found 284 installed packages in /opt/ros/humble
[0.397s] Level 1:colcon.colcon_core.package_discovery:discover_packages(prefix_path) using defaults
[0.461s] Level 5:colcon.colcon_core.verb:set package 'my_service_pkg' build argument 'cmake_args' from command line to 'None'
[0.461s] Level 5:colcon.colcon_core.verb:set package 'my_service_pkg' build argument 'cmake_target' from command line to 'None'
[0.461s] Level 5:colcon.colcon_core.verb:set package 'my_service_pkg' build argument 'cmake_target_skip_unavailable' from command line to 'False'
[0.461s] Level 5:colcon.colcon_core.verb:set package 'my_service_pkg' build argument 'cmake_clean_cache' from command line to 'False'
[0.461s] Level 5:colcon.colcon_core.verb:set package 'my_service_pkg' build argument 'cmake_clean_first' from command line to 'False'
[0.461s] Level 5:colcon.colcon_core.verb:set package 'my_service_pkg' build argument 'cmake_force_configure' from command line to 'False'
[0.461s] Level 5:colcon.colcon_core.verb:set package 'my_service_pkg' build argument 'ament_cmake_args' from command line to 'None'
[0.461s] Level 5:colcon.colcon_core.verb:set package 'my_service_pkg' build argument 'catkin_cmake_args' from command line to 'None'
[0.461s] Level 5:colcon.colcon_core.verb:set package 'my_service_pkg' build argument 'catkin_skip_building_tests' from command line to 'False'
[0.461s] DEBUG:colcon.colcon_core.verb:Building package 'my_service_pkg' with the following arguments: {'ament_cmake_args': None, 'build_base': '/home/tatianam/ProyectoFinal/Robotics/build/my_service_pkg', 'catkin_cmake_args': None, 'catkin_skip_building_tests': False, 'cmake_args': None, 'cmake_clean_cache': False, 'cmake_clean_first': False, 'cmake_force_configure': False, 'cmake_target': None, 'cmake_target_skip_unavailable': False, 'install_base': '/home/tatianam/ProyectoFinal/Robotics/install/my_service_pkg', 'merge_install': False, 'path': '/home/tatianam/ProyectoFinal/Robotics/src/my_service_pkg', 'symlink_install': False, 'test_result_base': None}
[0.462s] Level 5:colcon.colcon_core.verb:set package 'robot_manipulator' build argument 'cmake_args' from command line to 'None'
[0.462s] Level 5:colcon.colcon_core.verb:set package 'robot_manipulator' build argument 'cmake_target' from command line to 'None'
[0.462s] Level 5:colcon.colcon_core.verb:set package 'robot_manipulator' build argument 'cmake_target_skip_unavailable' from command line to 'False'
[0.462s] Level 5:colcon.colcon_core.verb:set package 'robot_manipulator' build argument 'cmake_clean_cache' from command line to 'False'
[0.462s] Level 5:colcon.colcon_core.verb:set package 'robot_manipulator' build argument 'cmake_clean_first' from command line to 'False'
[0.462s] Level 5:colcon.colcon_core.verb:set package 'robot_manipulator' build argument 'cmake_force_configure' from command line to 'False'
[0.462s] Level 5:colcon.colcon_core.verb:set package 'robot_manipulator' build argument 'ament_cmake_args' from command line to 'None'
[0.462s] Level 5:colcon.colcon_core.verb:set package 'robot_manipulator' build argument 'catkin_cmake_args' from command line to 'None'
[0.462s] Level 5:colcon.colcon_core.verb:set package 'robot_manipulator' build argument 'catkin_skip_building_tests' from command line to 'False'
[0.462s] DEBUG:colcon.colcon_core.verb:Building package 'robot_manipulator' with the following arguments: {'ament_cmake_args': None, 'build_base': '/home/tatianam/ProyectoFinal/Robotics/build/robot_manipulator', 'catkin_cmake_args': None, 'catkin_skip_building_tests': False, 'cmake_args': None, 'cmake_clean_cache': False, 'cmake_clean_first': False, 'cmake_force_configure': False, 'cmake_target': None, 'cmake_target_skip_unavailable': False, 'install_base': '/home/tatianam/ProyectoFinal/Robotics/install/robot_manipulator', 'merge_install': False, 'path': '/home/tatianam/ProyectoFinal/Robotics/src/robot_manipulator', 'symlink_install': False, 'test_result_base': None}
[0.463s] Level 5:colcon.colcon_core.verb:set package 'robot_movement' build argument 'cmake_args' from command line to 'None'
[0.463s] Level 5:colcon.colcon_core.verb:set package 'robot_movement' build argument 'cmake_target' from command line to 'None'
[0.463s] Level 5:colcon.colcon_core.verb:set package 'robot_movement' build argument 'cmake_target_skip_unavailable' from command line to 'False'
[0.463s] Level 5:colcon.colcon_core.verb:set package 'robot_movement' build argument 'cmake_clean_cache' from command line to 'False'
[0.463s] Level 5:colcon.colcon_core.verb:set package 'robot_movement' build argument 'cmake_clean_first' from command line to 'False'
[0.464s] Level 5:colcon.colcon_core.verb:set package 'robot_movement' build argument 'cmake_force_configure' from command line to 'False'
[0.464s] Level 5:colcon.colcon_core.verb:set package 'robot_movement' build argument 'ament_cmake_args' from command line to 'None'
[0.464s] Level 5:colcon.colcon_core.verb:set package 'robot_movement' build argument 'catkin_cmake_args' from command line to 'None'
[0.464s] Level 5:colcon.colcon_core.verb:set package 'robot_movement' build argument 'catkin_skip_building_tests' from command line to 'False'
[0.464s] DEBUG:colcon.colcon_core.verb:Building package 'robot_movement' with the following arguments: {'ament_cmake_args': None, 'build_base': '/home/tatianam/ProyectoFinal/Robotics/build/robot_movement', 'catkin_cmake_args': None, 'catkin_skip_building_tests': False, 'cmake_args': None, 'cmake_clean_cache': False, 'cmake_clean_first': False, 'cmake_force_configure': False, 'cmake_target': None, 'cmake_target_skip_unavailable': False, 'install_base': '/home/tatianam/ProyectoFinal/Robotics/install/robot_movement', 'merge_install': False, 'path': '/home/tatianam/ProyectoFinal/Robotics/src/robot_movement', 'symlink_install': False, 'test_result_base': None}
[0.464s] INFO:colcon.colcon_core.executor:Executing jobs using 'parallel' executor
[0.468s] DEBUG:colcon.colcon_parallel_executor.executor.parallel:run_until_complete
[0.468s] INFO:colcon.colcon_ros.task.ament_cmake.build:Building ROS package in '/home/tatianam/ProyectoFinal/Robotics/src/my_service_pkg' with build type 'ament_cmake'
[0.468s] INFO:colcon.colcon_cmake.task.cmake.build:Building CMake package in '/home/tatianam/ProyectoFinal/Robotics/src/my_service_pkg'
[0.472s] INFO:colcon.colcon_core.plugin_system:Skipping extension 'colcon_core.shell.bat': Not used on non-Windows systems
[0.472s] INFO:colcon.colcon_core.shell:Skip shell extension 'powershell' for command environment: Not usable outside of PowerShell
[0.472s] DEBUG:colcon.colcon_core.shell:Skip shell extension 'dsv' for command environment
[0.477s] INFO:colcon.colcon_ros.task.ament_python.build:Building ROS package in '/home/tatianam/ProyectoFinal/Robotics/src/robot_manipulator' with build type 'ament_python'
[0.477s] Level 1:colcon.colcon_core.shell:create_environment_hook('robot_manipulator', 'ament_prefix_path')
[0.478s] INFO:colcon.colcon_core.shell:Creating environment hook '/home/tatianam/ProyectoFinal/Robotics/install/robot_manipulator/share/robot_manipulator/hook/ament_prefix_path.ps1'
[0.479s] INFO:colcon.colcon_core.shell:Creating environment descriptor '/home/tatianam/ProyectoFinal/Robotics/install/robot_manipulator/share/robot_manipulator/hook/ament_prefix_path.dsv'
[0.480s] INFO:colcon.colcon_core.shell:Creating environment hook '/home/tatianam/ProyectoFinal/Robotics/install/robot_manipulator/share/robot_manipulator/hook/ament_prefix_path.sh'
[0.482s] INFO:colcon.colcon_core.shell:Skip shell extension 'powershell' for command environment: Not usable outside of PowerShell
[0.482s] DEBUG:colcon.colcon_core.shell:Skip shell extension 'dsv' for command environment
[0.486s] INFO:colcon.colcon_ros.task.ament_python.build:Building ROS package in '/home/tatianam/ProyectoFinal/Robotics/src/robot_movement' with build type 'ament_python'
[0.486s] Level 1:colcon.colcon_core.shell:create_environment_hook('robot_movement', 'ament_prefix_path')
[0.487s] INFO:colcon.colcon_core.shell:Creating environment hook '/home/tatianam/ProyectoFinal/Robotics/install/robot_movement/share/robot_movement/hook/ament_prefix_path.ps1'
[0.488s] INFO:colcon.colcon_core.shell:Creating environment descriptor '/home/tatianam/ProyectoFinal/Robotics/install/robot_movement/share/robot_movement/hook/ament_prefix_path.dsv'
[0.488s] INFO:colcon.colcon_core.shell:Creating environment hook '/home/tatianam/ProyectoFinal/Robotics/install/robot_movement/share/robot_movement/hook/ament_prefix_path.sh'
[0.490s] INFO:colcon.colcon_core.shell:Skip shell extension 'powershell' for command environment: Not usable outside of PowerShell
[0.490s] DEBUG:colcon.colcon_core.shell:Skip shell extension 'dsv' for command environment
[0.501s] DEBUG:colcon.colcon_core.event_handler.log_command:Invoking command in '/home/tatianam/ProyectoFinal/Robotics/build/my_service_pkg': CMAKE_PREFIX_PATH=${CMAKE_PREFIX_PATH}:/home/tatianam/ProyectoFinal/Robotics/install/robot_movement:/home/tatianam/ProyectoFinal/Robotics/install/robot_manipulator:/opt/ros/humble /usr/bin/cmake --build /home/tatianam/ProyectoFinal/Robotics/build/my_service_pkg -- -j4 -l4
[0.859s] INFO:colcon.colcon_core.task.python.build:Building Python package in '/home/tatianam/ProyectoFinal/Robotics/src/robot_manipulator'
[0.861s] INFO:colcon.colcon_core.shell:Skip shell extension 'powershell' for command environment: Not usable outside of PowerShell
[0.861s] DEBUG:colcon.colcon_core.shell:Skip shell extension 'dsv' for command environment
[1.179s] INFO:colcon.colcon_core.task.python.build:Building Python package in '/home/tatianam/ProyectoFinal/Robotics/src/robot_movement'
[1.181s] INFO:colcon.colcon_core.shell:Skip shell extension 'powershell' for command environment: Not usable outside of PowerShell
[1.181s] DEBUG:colcon.colcon_core.shell:Skip shell extension 'dsv' for command environment
[1.189s] DEBUG:colcon.colcon_core.event_handler.log_command:Invoked command in '/home/tatianam/ProyectoFinal/Robotics/build/my_service_pkg' returned '0': CMAKE_PREFIX_PATH=${CMAKE_PREFIX_PATH}:/home/tatianam/ProyectoFinal/Robotics/install/robot_movement:/home/tatianam/ProyectoFinal/Robotics/install/robot_manipulator:/opt/ros/humble /usr/bin/cmake --build /home/tatianam/ProyectoFinal/Robotics/build/my_service_pkg -- -j4 -l4
[1.273s] DEBUG:colcon.colcon_core.event_handler.log_command:Invoking command in '/home/tatianam/ProyectoFinal/Robotics/build/my_service_pkg': CMAKE_PREFIX_PATH=${CMAKE_PREFIX_PATH}:/home/tatianam/ProyectoFinal/Robotics/install/robot_movement:/home/tatianam/ProyectoFinal/Robotics/install/robot_manipulator:/opt/ros/humble /usr/bin/cmake --install /home/tatianam/ProyectoFinal/Robotics/build/my_service_pkg
[1.353s] Level 1:colcon.colcon_core.environment:create_environment_scripts_only(my_service_pkg)
[1.360s] Level 1:colcon.colcon_core.environment:checking '/home/tatianam/ProyectoFinal/Robotics/install/my_service_pkg' for CMake module files
[1.361s] Level 1:colcon.colcon_core.environment:checking '/home/tatianam/ProyectoFinal/Robotics/install/my_service_pkg' for CMake config files
[1.362s] Level 1:colcon.colcon_core.shell:create_environment_hook('my_service_pkg', 'cmake_prefix_path')
[1.365s] INFO:colcon.colcon_core.shell:Creating environment hook '/home/tatianam/ProyectoFinal/Robotics/install/my_service_pkg/share/my_service_pkg/hook/cmake_prefix_path.ps1'
[1.365s] INFO:colcon.colcon_core.shell:Creating environment descriptor '/home/tatianam/ProyectoFinal/Robotics/install/my_service_pkg/share/my_service_pkg/hook/cmake_prefix_path.dsv'
[1.366s] INFO:colcon.colcon_core.shell:Creating environment hook '/home/tatianam/ProyectoFinal/Robotics/install/my_service_pkg/share/my_service_pkg/hook/cmake_prefix_path.sh'
[1.360s] DEBUG:colcon.colcon_core.event_handler.log_command:Invoked command in '/home/tatianam/ProyectoFinal/Robotics/build/my_service_pkg' returned '0': CMAKE_PREFIX_PATH=${CMAKE_PREFIX_PATH}:/home/tatianam/ProyectoFinal/Robotics/install/robot_movement:/home/tatianam/ProyectoFinal/Robotics/install/robot_manipulator:/opt/ros/humble /usr/bin/cmake --install /home/tatianam/ProyectoFinal/Robotics/build/my_service_pkg
[1.367s] Level 1:colcon.colcon_core.environment:checking '/home/tatianam/ProyectoFinal/Robotics/install/my_service_pkg/lib'
[1.367s] Level 1:colcon.colcon_core.shell:create_environment_hook('my_service_pkg', 'ld_library_path_lib')
[1.369s] INFO:colcon.colcon_core.shell:Creating environment hook '/home/tatianam/ProyectoFinal/Robotics/install/my_service_pkg/share/my_service_pkg/hook/ld_library_path_lib.ps1'
[1.370s] INFO:colcon.colcon_core.shell:Creating environment descriptor '/home/tatianam/ProyectoFinal/Robotics/install/my_service_pkg/share/my_service_pkg/hook/ld_library_path_lib.dsv'
[1.371s] INFO:colcon.colcon_core.shell:Creating environment hook '/home/tatianam/ProyectoFinal/Robotics/install/my_service_pkg/share/my_service_pkg/hook/ld_library_path_lib.sh'
[1.371s] Level 1:colcon.colcon_core.environment:checking '/home/tatianam/ProyectoFinal/Robotics/install/my_service_pkg/bin'
[1.371s] Level 1:colcon.colcon_core.environment:checking '/home/tatianam/ProyectoFinal/Robotics/install/my_service_pkg/lib/pkgconfig/my_service_pkg.pc'
[1.372s] Level 1:colcon.colcon_core.environment:checking '/home/tatianam/ProyectoFinal/Robotics/install/my_service_pkg/lib/python3.10/site-packages'
[1.372s] Level 1:colcon.colcon_core.environment:checking '/home/tatianam/ProyectoFinal/Robotics/install/my_service_pkg/bin'
[1.375s] INFO:colcon.colcon_core.shell:Creating package script '/home/tatianam/ProyectoFinal/Robotics/install/my_service_pkg/share/my_service_pkg/package.ps1'
[1.376s] INFO:colcon.colcon_core.shell:Creating package descriptor '/home/tatianam/ProyectoFinal/Robotics/install/my_service_pkg/share/my_service_pkg/package.dsv'
[1.377s] INFO:colcon.colcon_core.shell:Creating package script '/home/tatianam/ProyectoFinal/Robotics/install/my_service_pkg/share/my_service_pkg/package.sh'
[1.378s] INFO:colcon.colcon_core.shell:Creating package script '/home/tatianam/ProyectoFinal/Robotics/install/my_service_pkg/share/my_service_pkg/package.bash'
[1.379s] INFO:colcon.colcon_core.shell:Creating package script '/home/tatianam/ProyectoFinal/Robotics/install/my_service_pkg/share/my_service_pkg/package.zsh'
[1.381s] Level 1:colcon.colcon_core.environment:create_file_with_runtime_dependencies(/home/tatianam/ProyectoFinal/Robotics/install/my_service_pkg/share/colcon-core/packages/my_service_pkg)
[1.456s] Level 1:colcon.colcon_core.environment:create_environment_scripts_only(my_service_pkg)
[1.459s] Level 1:colcon.colcon_core.environment:checking '/home/tatianam/ProyectoFinal/Robotics/install/my_service_pkg' for CMake module files
[1.461s] Level 1:colcon.colcon_core.environment:checking '/home/tatianam/ProyectoFinal/Robotics/install/my_service_pkg' for CMake config files
[1.461s] Level 1:colcon.colcon_core.shell:create_environment_hook('my_service_pkg', 'cmake_prefix_path')
[1.464s] INFO:colcon.colcon_core.shell:Creating environment hook '/home/tatianam/ProyectoFinal/Robotics/install/my_service_pkg/share/my_service_pkg/hook/cmake_prefix_path.ps1'
[1.464s] INFO:colcon.colcon_core.shell:Creating environment descriptor '/home/tatianam/ProyectoFinal/Robotics/install/my_service_pkg/share/my_service_pkg/hook/cmake_prefix_path.dsv'
[1.465s] INFO:colcon.colcon_core.shell:Creating environment hook '/home/tatianam/ProyectoFinal/Robotics/install/my_service_pkg/share/my_service_pkg/hook/cmake_prefix_path.sh'
[1.466s] Level 1:colcon.colcon_core.environment:checking '/home/tatianam/ProyectoFinal/Robotics/install/my_service_pkg/lib'
[1.466s] Level 1:colcon.colcon_core.shell:create_environment_hook('my_service_pkg', 'ld_library_path_lib')
[1.468s] INFO:colcon.colcon_core.shell:Creating environment hook '/home/tatianam/ProyectoFinal/Robotics/install/my_service_pkg/share/my_service_pkg/hook/ld_library_path_lib.ps1'
[1.469s] INFO:colcon.colcon_core.shell:Creating environment descriptor '/home/tatianam/ProyectoFinal/Robotics/install/my_service_pkg/share/my_service_pkg/hook/ld_library_path_lib.dsv'
[1.469s] INFO:colcon.colcon_core.shell:Creating environment hook '/home/tatianam/ProyectoFinal/Robotics/install/my_service_pkg/share/my_service_pkg/hook/ld_library_path_lib.sh'
[1.470s] Level 1:colcon.colcon_core.environment:checking '/home/tatianam/ProyectoFinal/Robotics/install/my_service_pkg/bin'
[1.470s] Level 1:colcon.colcon_core.environment:checking '/home/tatianam/ProyectoFinal/Robotics/install/my_service_pkg/lib/pkgconfig/my_service_pkg.pc'
[1.470s] Level 1:colcon.colcon_core.environment:checking '/home/tatianam/ProyectoFinal/Robotics/install/my_service_pkg/lib/python3.10/site-packages'
[1.471s] Level 1:colcon.colcon_core.environment:checking '/home/tatianam/ProyectoFinal/Robotics/install/my_service_pkg/bin'
[1.473s] INFO:colcon.colcon_core.shell:Creating package script '/home/tatianam/ProyectoFinal/Robotics/install/my_service_pkg/share/my_service_pkg/package.ps1'
[1.474s] INFO:colcon.colcon_core.shell:Creating package descriptor '/home/tatianam/ProyectoFinal/Robotics/install/my_service_pkg/share/my_service_pkg/package.dsv'
[1.475s] INFO:colcon.colcon_core.shell:Creating package script '/home/tatianam/ProyectoFinal/Robotics/install/my_service_pkg/share/my_service_pkg/package.sh'
[1.475s] INFO:colcon.colcon_core.shell:Creating package script '/home/tatianam/ProyectoFinal/Robotics/install/my_service_pkg/share/my_service_pkg/package.bash'
[1.476s] INFO:colcon.colcon_core.shell:Creating package script '/home/tatianam/ProyectoFinal/Robotics/install/my_service_pkg/share/my_service_pkg/package.zsh'
[1.477s] Level 1:colcon.colcon_core.environment:create_file_with_runtime_dependencies(/home/tatianam/ProyectoFinal/Robotics/install/my_service_pkg/share/colcon-core/packages/my_service_pkg)
[1.621s] DEBUG:colcon.colcon_core.event_handler.log_command:Invoking command in '/home/tatianam/ProyectoFinal/Robotics/src/robot_movement': PYTHONPATH=/home/tatianam/ProyectoFinal/Robotics/build/robot_movement/prefix_override:/home/tatianam/ProyectoFinal/Robotics/install/robot_movement/lib/python3.10/site-packages:${PYTHONPATH} /usr/bin/python3 setup.py egg_info --egg-base ../../build/robot_movement build --build-base /home/tatianam/ProyectoFinal/Robotics/build/robot_movement/build install --record /home/tatianam/ProyectoFinal/Robotics/build/robot_movement/install.log --single-version-externally-managed
[1.646s] DEBUG:colcon.colcon_core.event_handler.log_command:Invoking command in '/home/tatianam/ProyectoFinal/Robotics/src/robot_manipulator': PYTHONPATH=/home/tatianam/ProyectoFinal/Robotics/build/robot_manipulator/prefix_override:/home/tatianam/ProyectoFinal/Robotics/install/robot_manipulator/lib/python3.10/site-packages:${PYTHONPATH} /usr/bin/python3 setup.py egg_info --egg-base ../../build/robot_manipulator build --build-base /home/tatianam/ProyectoFinal/Robotics/build/robot_manipulator/build install --record /home/tatianam/ProyectoFinal/Robotics/build/robot_manipulator/install.log --single-version-externally-managed
[1.943s] Level 1:colcon.colcon_core.environment:checking '/home/tatianam/ProyectoFinal/Robotics/install/robot_movement' for CMake module files
[1.944s] DEBUG:colcon.colcon_core.event_handler.log_command:Invoked command in '/home/tatianam/ProyectoFinal/Robotics/src/robot_movement' returned '0': PYTHONPATH=/home/tatianam/ProyectoFinal/Robotics/build/robot_movement/prefix_override:/home/tatianam/ProyectoFinal/Robotics/install/robot_movement/lib/python3.10/site-packages:${PYTHONPATH} /usr/bin/python3 setup.py egg_info --egg-base ../../build/robot_movement build --build-base /home/tatianam/ProyectoFinal/Robotics/build/robot_movement/build install --record /home/tatianam/ProyectoFinal/Robotics/build/robot_movement/install.log --single-version-externally-managed
[1.944s] Level 1:colcon.colcon_core.environment:checking '/home/tatianam/ProyectoFinal/Robotics/install/robot_movement' for CMake config files
[1.946s] Level 1:colcon.colcon_core.environment:checking '/home/tatianam/ProyectoFinal/Robotics/install/robot_movement/lib'
[1.946s] Level 1:colcon.colcon_core.environment:checking '/home/tatianam/ProyectoFinal/Robotics/install/robot_movement/bin'
[1.946s] Level 1:colcon.colcon_core.environment:checking '/home/tatianam/ProyectoFinal/Robotics/install/robot_movement/lib/pkgconfig/robot_movement.pc'
[1.946s] Level 1:colcon.colcon_core.environment:checking '/home/tatianam/ProyectoFinal/Robotics/install/robot_movement/lib/python3.10/site-packages'
[1.946s] Level 1:colcon.colcon_core.shell:create_environment_hook('robot_movement', 'pythonpath')
[1.948s] INFO:colcon.colcon_core.shell:Creating environment hook '/home/tatianam/ProyectoFinal/Robotics/install/robot_movement/share/robot_movement/hook/pythonpath.ps1'
[1.949s] INFO:colcon.colcon_core.shell:Creating environment descriptor '/home/tatianam/ProyectoFinal/Robotics/install/robot_movement/share/robot_movement/hook/pythonpath.dsv'
[1.950s] INFO:colcon.colcon_core.shell:Creating environment hook '/home/tatianam/ProyectoFinal/Robotics/install/robot_movement/share/robot_movement/hook/pythonpath.sh'
[1.950s] Level 1:colcon.colcon_core.environment:checking '/home/tatianam/ProyectoFinal/Robotics/install/robot_movement/bin'
[1.950s] Level 1:colcon.colcon_core.environment:create_environment_scripts_only(robot_movement)
[1.953s] INFO:colcon.colcon_core.shell:Creating package script '/home/tatianam/ProyectoFinal/Robotics/install/robot_movement/share/robot_movement/package.ps1'
[1.954s] INFO:colcon.colcon_core.shell:Creating package descriptor '/home/tatianam/ProyectoFinal/Robotics/install/robot_movement/share/robot_movement/package.dsv'
[1.954s] INFO:colcon.colcon_core.shell:Creating package script '/home/tatianam/ProyectoFinal/Robotics/install/robot_movement/share/robot_movement/package.sh'
[1.955s] INFO:colcon.colcon_core.shell:Creating package script '/home/tatianam/ProyectoFinal/Robotics/install/robot_movement/share/robot_movement/package.bash'
[1.955s] INFO:colcon.colcon_core.shell:Creating package script '/home/tatianam/ProyectoFinal/Robotics/install/robot_movement/share/robot_movement/package.zsh'
[1.956s] Level 1:colcon.colcon_core.environment:create_file_with_runtime_dependencies(/home/tatianam/ProyectoFinal/Robotics/install/robot_movement/share/colcon-core/packages/robot_movement)
[1.976s] Level 1:colcon.colcon_core.environment:checking '/home/tatianam/ProyectoFinal/Robotics/install/robot_manipulator' for CMake module files
[1.976s] DEBUG:colcon.colcon_core.event_handler.log_command:Invoked command in '/home/tatianam/ProyectoFinal/Robotics/src/robot_manipulator' returned '0': PYTHONPATH=/home/tatianam/ProyectoFinal/Robotics/build/robot_manipulator/prefix_override:/home/tatianam/ProyectoFinal/Robotics/install/robot_manipulator/lib/python3.10/site-packages:${PYTHONPATH} /usr/bin/python3 setup.py egg_info --egg-base ../../build/robot_manipulator build --build-base /home/tatianam/ProyectoFinal/Robotics/build/robot_manipulator/build install --record /home/tatianam/ProyectoFinal/Robotics/build/robot_manipulator/install.log --single-version-externally-managed
[1.977s] Level 1:colcon.colcon_core.environment:checking '/home/tatianam/ProyectoFinal/Robotics/install/robot_manipulator' for CMake config files
[1.977s] Level 1:colcon.colcon_core.environment:checking '/home/tatianam/ProyectoFinal/Robotics/install/robot_manipulator/lib'
[1.977s] Level 1:colcon.colcon_core.environment:checking '/home/tatianam/ProyectoFinal/Robotics/install/robot_manipulator/bin'
[1.977s] Level 1:colcon.colcon_core.environment:checking '/home/tatianam/ProyectoFinal/Robotics/install/robot_manipulator/lib/pkgconfig/robot_manipulator.pc'
[1.978s] Level 1:colcon.colcon_core.environment:checking '/home/tatianam/ProyectoFinal/Robotics/install/robot_manipulator/lib/python3.10/site-packages'
[1.978s] Level 1:colcon.colcon_core.shell:create_environment_hook('robot_manipulator', 'pythonpath')
[1.980s] INFO:colcon.colcon_core.shell:Creating environment hook '/home/tatianam/ProyectoFinal/Robotics/install/robot_manipulator/share/robot_manipulator/hook/pythonpath.ps1'
[1.980s] INFO:colcon.colcon_core.shell:Creating environment descriptor '/home/tatianam/ProyectoFinal/Robotics/install/robot_manipulator/share/robot_manipulator/hook/pythonpath.dsv'
[1.980s] INFO:colcon.colcon_core.shell:Creating environment hook '/home/tatianam/ProyectoFinal/Robotics/install/robot_manipulator/share/robot_manipulator/hook/pythonpath.sh'
[1.981s] Level 1:colcon.colcon_core.environment:checking '/home/tatianam/ProyectoFinal/Robotics/install/robot_manipulator/bin'
[1.981s] Level 1:colcon.colcon_core.environment:create_environment_scripts_only(robot_manipulator)
[1.982s] INFO:colcon.colcon_core.shell:Creating package script '/home/tatianam/ProyectoFinal/Robotics/install/robot_manipulator/share/robot_manipulator/package.ps1'
[1.983s] INFO:colcon.colcon_core.shell:Creating package descriptor '/home/tatianam/ProyectoFinal/Robotics/install/robot_manipulator/share/robot_manipulator/package.dsv'
[1.983s] INFO:colcon.colcon_core.shell:Creating package script '/home/tatianam/ProyectoFinal/Robotics/install/robot_manipulator/share/robot_manipulator/package.sh'
[1.984s] INFO:colcon.colcon_core.shell:Creating package script '/home/tatianam/ProyectoFinal/Robotics/install/robot_manipulator/share/robot_manipulator/package.bash'
[1.984s] INFO:colcon.colcon_core.shell:Creating package script '/home/tatianam/ProyectoFinal/Robotics/install/robot_manipulator/share/robot_manipulator/package.zsh'
[1.985s] Level 1:colcon.colcon_core.environment:create_file_with_runtime_dependencies(/home/tatianam/ProyectoFinal/Robotics/install/robot_manipulator/share/colcon-core/packages/robot_manipulator)
[1.985s] DEBUG:colcon.colcon_parallel_executor.executor.parallel:closing loop
[1.985s] DEBUG:colcon.colcon_parallel_executor.executor.parallel:loop closed
[1.986s] DEBUG:colcon.colcon_parallel_executor.executor.parallel:run_until_complete finished with '0'
[1.986s] DEBUG:colcon.colcon_core.event_reactor:joining thread
[1.991s] INFO:colcon.colcon_core.plugin_system:Skipping extension 'colcon_notification.desktop_notification.terminal_notifier': Not used on non-Darwin systems
[1.991s] INFO:colcon.colcon_core.plugin_system:Skipping extension 'colcon_notification.desktop_notification.win32': Not used on non-Windows systems
[1.991s] INFO:colcon.colcon_notification.desktop_notification:Sending desktop notification using 'notify2'
[2.001s] DEBUG:colcon.colcon_core.event_reactor:joined thread
[2.003s] INFO:colcon.colcon_core.shell:Creating prefix script '/home/tatianam/ProyectoFinal/Robotics/install/local_setup.ps1'
[2.004s] INFO:colcon.colcon_core.shell:Creating prefix util module '/home/tatianam/ProyectoFinal/Robotics/install/_local_setup_util_ps1.py'
[2.006s] INFO:colcon.colcon_core.shell:Creating prefix chain script '/home/tatianam/ProyectoFinal/Robotics/install/setup.ps1'
[2.008s] INFO:colcon.colcon_core.shell:Creating prefix script '/home/tatianam/ProyectoFinal/Robotics/install/local_setup.sh'
[2.008s] INFO:colcon.colcon_core.shell:Creating prefix util module '/home/tatianam/ProyectoFinal/Robotics/install/_local_setup_util_sh.py'
[2.009s] INFO:colcon.colcon_core.shell:Creating prefix chain script '/home/tatianam/ProyectoFinal/Robotics/install/setup.sh'
[2.010s] INFO:colcon.colcon_core.shell:Creating prefix script '/home/tatianam/ProyectoFinal/Robotics/install/local_setup.bash'
[2.011s] INFO:colcon.colcon_core.shell:Creating prefix chain script '/home/tatianam/ProyectoFinal/Robotics/install/setup.bash'
[2.012s] INFO:colcon.colcon_core.shell:Creating prefix script '/home/tatianam/ProyectoFinal/Robotics/install/local_setup.zsh'
[2.013s] INFO:colcon.colcon_core.shell:Creating prefix chain script '/home/tatianam/ProyectoFinal/Robotics/install/setup.zsh'
