[0.654s] Invoking command in '/home/yesopi/ProyectoFinal/Robotics/src/robot_manipulator': PYTHONPATH=/home/yesopi/ProyectoFinal/Robotics/build/robot_manipulator/prefix_override:/home/yesopi/ProyectoFinal/Robotics/install/robot_manipulator/lib/python3.10/site-packages:${PYTHONPATH} /usr/bin/python3 setup.py egg_info --egg-base ../../build/robot_manipulator build --build-base /home/yesopi/ProyectoFinal/Robotics/build/robot_manipulator/build install --record /home/yesopi/ProyectoFinal/Robotics/build/robot_manipulator/install.log --single-version-externally-managed
[0.822s] running egg_info
[0.822s] writing ../../build/robot_manipulator/robot_manipulator.egg-info/PKG-INFO
[0.822s] writing dependency_links to ../../build/robot_manipulator/robot_manipulator.egg-info/dependency_links.txt
[0.823s] writing entry points to ../../build/robot_manipulator/robot_manipulator.egg-info/entry_points.txt
[0.823s] writing requirements to ../../build/robot_manipulator/robot_manipulator.egg-info/requires.txt
[0.823s] writing top-level names to ../../build/robot_manipulator/robot_manipulator.egg-info/top_level.txt
[0.824s] reading manifest file '../../build/robot_manipulator/robot_manipulator.egg-info/SOURCES.txt'
[0.825s] writing manifest file '../../build/robot_manipulator/robot_manipulator.egg-info/SOURCES.txt'
[0.825s] running build
[0.825s] running build_py
[0.825s] running install
[0.825s] /usr/lib/python3/dist-packages/setuptools/command/install.py:34: SetuptoolsDeprecationWarning: setup.py install is deprecated. Use build and pip and other standards-based tools.
[0.825s]   warnings.warn(
[0.825s] running install_lib
[0.826s] running install_data
[0.826s] running install_egg_info
[0.828s] removing '/home/yesopi/ProyectoFinal/Robotics/install/robot_manipulator/lib/python3.10/site-packages/robot_manipulator-0.0.0-py3.10.egg-info' (and everything under it)
[0.828s] Copying ../../build/robot_manipulator/robot_manipulator.egg-info to /home/yesopi/ProyectoFinal/Robotics/install/robot_manipulator/lib/python3.10/site-packages/robot_manipulator-0.0.0-py3.10.egg-info
[0.828s] running install_scripts
[0.843s] Installing interfaz_brazo script to /home/yesopi/ProyectoFinal/Robotics/install/robot_manipulator/lib/robot_manipulator
[0.868s] Installing pub script to /home/yesopi/ProyectoFinal/Robotics/install/robot_manipulator/lib/robot_manipulator
[0.869s] writing list of installed files to '/home/yesopi/ProyectoFinal/Robotics/build/robot_manipulator/install.log'
[0.900s] Invoked command in '/home/yesopi/ProyectoFinal/Robotics/src/robot_manipulator' returned '0': PYTHONPATH=/home/yesopi/ProyectoFinal/Robotics/build/robot_manipulator/prefix_override:/home/yesopi/ProyectoFinal/Robotics/install/robot_manipulator/lib/python3.10/site-packages:${PYTHONPATH} /usr/bin/python3 setup.py egg_info --egg-base ../../build/robot_manipulator build --build-base /home/yesopi/ProyectoFinal/Robotics/build/robot_manipulator/build install --record /home/yesopi/ProyectoFinal/Robotics/build/robot_manipulator/install.log --single-version-externally-managed
