[1.658s] Invoking command in '/home/daniel/ProyectoFinal/Vision/vision_rasp/src/pkg_cuadrar_rectangulos': PYTHONPATH=/home/daniel/ProyectoFinal/Vision/vision_rasp/build/pkg_cuadrar_rectangulos/prefix_override:/home/daniel/ProyectoFinal/Vision/vision_rasp/install/pkg_cuadrar_rectangulos/lib/python3.10/site-packages:${PYTHONPATH} /usr/bin/python3 setup.py egg_info --egg-base ../../build/pkg_cuadrar_rectangulos build --build-base /home/daniel/ProyectoFinal/Vision/vision_rasp/build/pkg_cuadrar_rectangulos/build install --record /home/daniel/ProyectoFinal/Vision/vision_rasp/build/pkg_cuadrar_rectangulos/install.log --single-version-externally-managed
[2.018s] running egg_info
[2.018s] writing ../../build/pkg_cuadrar_rectangulos/pkg_cuadrar_rectangulos.egg-info/PKG-INFO
[2.018s] writing dependency_links to ../../build/pkg_cuadrar_rectangulos/pkg_cuadrar_rectangulos.egg-info/dependency_links.txt
[2.018s] writing entry points to ../../build/pkg_cuadrar_rectangulos/pkg_cuadrar_rectangulos.egg-info/entry_points.txt
[2.018s] writing requirements to ../../build/pkg_cuadrar_rectangulos/pkg_cuadrar_rectangulos.egg-info/requires.txt
[2.019s] writing top-level names to ../../build/pkg_cuadrar_rectangulos/pkg_cuadrar_rectangulos.egg-info/top_level.txt
[2.024s] reading manifest file '../../build/pkg_cuadrar_rectangulos/pkg_cuadrar_rectangulos.egg-info/SOURCES.txt'
[2.026s] writing manifest file '../../build/pkg_cuadrar_rectangulos/pkg_cuadrar_rectangulos.egg-info/SOURCES.txt'
[2.026s] running build
[2.027s] running build_py
[2.027s] running install
[2.027s] /usr/lib/python3/dist-packages/setuptools/command/install.py:34: SetuptoolsDeprecationWarning: setup.py install is deprecated. Use build and pip and other standards-based tools.
[2.027s]   warnings.warn(
[2.028s] running install_lib
[2.030s] running install_data
[2.031s] running install_egg_info
[2.035s] removing '/home/daniel/ProyectoFinal/Vision/vision_rasp/install/pkg_cuadrar_rectangulos/lib/python3.10/site-packages/pkg_cuadrar_rectangulos-0.0.0-py3.10.egg-info' (and everything under it)
[2.037s] Copying ../../build/pkg_cuadrar_rectangulos/pkg_cuadrar_rectangulos.egg-info to /home/daniel/ProyectoFinal/Vision/vision_rasp/install/pkg_cuadrar_rectangulos/lib/python3.10/site-packages/pkg_cuadrar_rectangulos-0.0.0-py3.10.egg-info
[2.038s] running install_scripts
[2.080s] Installing vision_cuadrar_rectangulos script to /home/daniel/ProyectoFinal/Vision/vision_rasp/install/pkg_cuadrar_rectangulos/lib/pkg_cuadrar_rectangulos
[2.080s] writing list of installed files to '/home/daniel/ProyectoFinal/Vision/vision_rasp/build/pkg_cuadrar_rectangulos/install.log'
[2.143s] Invoked command in '/home/daniel/ProyectoFinal/Vision/vision_rasp/src/pkg_cuadrar_rectangulos' returned '0': PYTHONPATH=/home/daniel/ProyectoFinal/Vision/vision_rasp/build/pkg_cuadrar_rectangulos/prefix_override:/home/daniel/ProyectoFinal/Vision/vision_rasp/install/pkg_cuadrar_rectangulos/lib/python3.10/site-packages:${PYTHONPATH} /usr/bin/python3 setup.py egg_info --egg-base ../../build/pkg_cuadrar_rectangulos build --build-base /home/daniel/ProyectoFinal/Vision/vision_rasp/build/pkg_cuadrar_rectangulos/build install --record /home/daniel/ProyectoFinal/Vision/vision_rasp/build/pkg_cuadrar_rectangulos/install.log --single-version-externally-managed
