[1.195s] Invoking command in '/home/tatianam/ProyectoFinal/Robotics/src/robot_manipulator': PYTHONPATH=/home/tatianam/ProyectoFinal/Robotics/build/robot_manipulator/prefix_override:/home/tatianam/ProyectoFinal/Robotics/install/robot_manipulator/lib/python3.10/site-packages:${PYTHONPATH} /usr/bin/python3 setup.py egg_info --egg-base ../../build/robot_manipulator build --build-base /home/tatianam/ProyectoFinal/Robotics/build/robot_manipulator/build install --record /home/tatianam/ProyectoFinal/Robotics/build/robot_manipulator/install.log --single-version-externally-managed
[1.440s] running egg_info
[1.440s] writing ../../build/robot_manipulator/robot_manipulator.egg-info/PKG-INFO
[1.441s] writing dependency_links to ../../build/robot_manipulator/robot_manipulator.egg-info/dependency_links.txt
[1.441s] writing entry points to ../../build/robot_manipulator/robot_manipulator.egg-info/entry_points.txt
[1.441s] writing requirements to ../../build/robot_manipulator/robot_manipulator.egg-info/requires.txt
[1.441s] writing top-level names to ../../build/robot_manipulator/robot_manipulator.egg-info/top_level.txt
[1.443s] reading manifest file '../../build/robot_manipulator/robot_manipulator.egg-info/SOURCES.txt'
[1.444s] writing manifest file '../../build/robot_manipulator/robot_manipulator.egg-info/SOURCES.txt'
[1.444s] running build
[1.444s] running build_py
[1.444s] copying robot_manipulator/serial_manipulator_node.py -> /home/tatianam/ProyectoFinal/Robotics/build/robot_manipulator/build/lib/robot_manipulator
[1.445s] copying robot_manipulator/manipulator.py -> /home/tatianam/ProyectoFinal/Robotics/build/robot_manipulator/build/lib/robot_manipulator
[1.445s] running install
[1.445s] /usr/lib/python3/dist-packages/setuptools/command/install.py:34: SetuptoolsDeprecationWarning: setup.py install is deprecated. Use build and pip and other standards-based tools.
[1.445s]   warnings.warn(
[1.446s] running install_lib
[1.446s] copying /home/tatianam/ProyectoFinal/Robotics/build/robot_manipulator/build/lib/robot_manipulator/serial_manipulator_node.py -> /home/tatianam/ProyectoFinal/Robotics/install/robot_manipulator/lib/python3.10/site-packages/robot_manipulator
[1.447s] copying /home/tatianam/ProyectoFinal/Robotics/build/robot_manipulator/build/lib/robot_manipulator/manipulator.py -> /home/tatianam/ProyectoFinal/Robotics/install/robot_manipulator/lib/python3.10/site-packages/robot_manipulator
[1.447s] byte-compiling /home/tatianam/ProyectoFinal/Robotics/install/robot_manipulator/lib/python3.10/site-packages/robot_manipulator/serial_manipulator_node.py to serial_manipulator_node.cpython-310.pyc
[1.448s] byte-compiling /home/tatianam/ProyectoFinal/Robotics/install/robot_manipulator/lib/python3.10/site-packages/robot_manipulator/manipulator.py to manipulator.cpython-310.pyc
[1.451s] running install_data
[1.451s] running install_egg_info
[1.453s] removing '/home/tatianam/ProyectoFinal/Robotics/install/robot_manipulator/lib/python3.10/site-packages/robot_manipulator-0.0.0-py3.10.egg-info' (and everything under it)
[1.453s] Copying ../../build/robot_manipulator/robot_manipulator.egg-info to /home/tatianam/ProyectoFinal/Robotics/install/robot_manipulator/lib/python3.10/site-packages/robot_manipulator-0.0.0-py3.10.egg-info
[1.454s] running install_scripts
[1.477s] Installing interfaz_brazo script to /home/tatianam/ProyectoFinal/Robotics/install/robot_manipulator/lib/robot_manipulator
[1.477s] Installing pub script to /home/tatianam/ProyectoFinal/Robotics/install/robot_manipulator/lib/robot_manipulator
[1.477s] Installing serial_brazo script to /home/tatianam/ProyectoFinal/Robotics/install/robot_manipulator/lib/robot_manipulator
[1.477s] Installing teclado_brazo script to /home/tatianam/ProyectoFinal/Robotics/install/robot_manipulator/lib/robot_manipulator
[1.477s] writing list of installed files to '/home/tatianam/ProyectoFinal/Robotics/build/robot_manipulator/install.log'
[1.511s] Invoked command in '/home/tatianam/ProyectoFinal/Robotics/src/robot_manipulator' returned '0': PYTHONPATH=/home/tatianam/ProyectoFinal/Robotics/build/robot_manipulator/prefix_override:/home/tatianam/ProyectoFinal/Robotics/install/robot_manipulator/lib/python3.10/site-packages:${PYTHONPATH} /usr/bin/python3 setup.py egg_info --egg-base ../../build/robot_manipulator build --build-base /home/tatianam/ProyectoFinal/Robotics/build/robot_manipulator/build install --record /home/tatianam/ProyectoFinal/Robotics/build/robot_manipulator/install.log --single-version-externally-managed
