[0.315s] DEBUG:colcon:Command line arguments: ['/usr/bin/colcon', 'build']
[0.315s] DEBUG:colcon:Parsed command line arguments: Namespace(log_base=None, log_level=None, verb_name='build', build_base='build', install_base='install', merge_install=False, symlink_install=False, test_result_base=None, continue_on_error=False, executor='parallel', parallel_workers=4, event_handlers=None, ignore_user_meta=False, metas=['./colcon.meta'], base_paths=['.'], packages_ignore=None, packages_ignore_regex=None, paths=None, packages_up_to=None, packages_up_to_regex=None, packages_above=None, packages_above_and_dependencies=None, packages_above_depth=None, packages_select_by_dep=None, packages_skip_by_dep=None, packages_skip_up_to=None, packages_select_build_failed=False, packages_skip_build_finished=False, packages_select_test_failures=False, packages_skip_test_passed=False, packages_select=None, packages_skip=None, packages_select_regex=None, packages_skip_regex=None, packages_start=None, packages_end=None, allow_overriding=[], cmake_args=None, cmake_target=None, cmake_target_skip_unavailable=False, cmake_clean_cache=False, cmake_clean_first=False, cmake_force_configure=False, ament_cmake_args=None, catkin_cmake_args=None, catkin_skip_building_tests=False, verb_parser=<colcon_defaults.argument_parser.defaults.DefaultArgumentsDecorator object at 0x7f9b548512a0>, verb_extension=<colcon_core.verb.build.BuildVerb object at 0x7f9b55055240>, main=<bound method BuildVerb.main of <colcon_core.verb.build.BuildVerb object at 0x7f9b55055240>>)
[0.348s] Level 1:colcon.colcon_core.package_discovery:discover_packages(colcon_meta) check parameters
[0.348s] Level 1:colcon.colcon_core.package_discovery:discover_packages(recursive) check parameters
[0.348s] Level 1:colcon.colcon_core.package_discovery:discover_packages(ignore) check parameters
[0.348s] Level 1:colcon.colcon_core.package_discovery:discover_packages(path) check parameters
[0.348s] Level 1:colcon.colcon_core.package_discovery:discover_packages(colcon_meta) discover
[0.348s] Level 1:colcon.colcon_core.package_discovery:discover_packages(recursive) discover
[0.348s] INFO:colcon.colcon_core.package_discovery:Crawling recursively for packages in '/home/tatianam/ProyectoFinal/Robotics'
[0.349s] Level 1:colcon.colcon_core.package_identification:_identify(.) by extensions ['ignore', 'ignore_ament_install']
[0.349s] Level 1:colcon.colcon_core.package_identification:_identify(.) by extension 'ignore'
[0.349s] Level 1:colcon.colcon_core.package_identification:_identify(.) by extension 'ignore_ament_install'
[0.349s] Level 1:colcon.colcon_core.package_identification:_identify(.) by extensions ['colcon_pkg']
[0.349s] Level 1:colcon.colcon_core.package_identification:_identify(.) by extension 'colcon_pkg'
[0.349s] Level 1:colcon.colcon_core.package_identification:_identify(.) by extensions ['colcon_meta']
[0.349s] Level 1:colcon.colcon_core.package_identification:_identify(.) by extension 'colcon_meta'
[0.349s] Level 1:colcon.colcon_core.package_identification:_identify(.) by extensions ['ros']
[0.349s] Level 1:colcon.colcon_core.package_identification:_identify(.) by extension 'ros'
[0.361s] Level 1:colcon.colcon_core.package_identification:_identify(.) by extensions ['cmake', 'python']
[0.361s] Level 1:colcon.colcon_core.package_identification:_identify(.) by extension 'cmake'
[0.361s] Level 1:colcon.colcon_core.package_identification:_identify(.) by extension 'python'
[0.361s] Level 1:colcon.colcon_core.package_identification:_identify(.) by extensions ['python_setup_py']
[0.361s] Level 1:colcon.colcon_core.package_identification:_identify(.) by extension 'python_setup_py'
[0.361s] Level 1:colcon.colcon_core.package_identification:_identify(build) by extensions ['ignore', 'ignore_ament_install']
[0.361s] Level 1:colcon.colcon_core.package_identification:_identify(build) by extension 'ignore'
[0.361s] Level 1:colcon.colcon_core.package_identification:_identify(build) ignored
[0.361s] Level 1:colcon.colcon_core.package_identification:_identify(install) by extensions ['ignore', 'ignore_ament_install']
[0.362s] Level 1:colcon.colcon_core.package_identification:_identify(install) by extension 'ignore'
[0.362s] Level 1:colcon.colcon_core.package_identification:_identify(install) ignored
[0.362s] Level 1:colcon.colcon_core.package_identification:_identify(log) by extensions ['ignore', 'ignore_ament_install']
[0.362s] Level 1:colcon.colcon_core.package_identification:_identify(log) by extension 'ignore'
[0.362s] Level 1:colcon.colcon_core.package_identification:_identify(log) ignored
[0.362s] Level 1:colcon.colcon_core.package_identification:_identify(src) by extensions ['ignore', 'ignore_ament_install']
[0.362s] Level 1:colcon.colcon_core.package_identification:_identify(src) by extension 'ignore'
[0.362s] Level 1:colcon.colcon_core.package_identification:_identify(src) by extension 'ignore_ament_install'
[0.362s] Level 1:colcon.colcon_core.package_identification:_identify(src) by extensions ['colcon_pkg']
[0.362s] Level 1:colcon.colcon_core.package_identification:_identify(src) by extension 'colcon_pkg'
[0.362s] Level 1:colcon.colcon_core.package_identification:_identify(src) by extensions ['colcon_meta']
[0.362s] Level 1:colcon.colcon_core.package_identification:_identify(src) by extension 'colcon_meta'
[0.362s] Level 1:colcon.colcon_core.package_identification:_identify(src) by extensions ['ros']
[0.362s] Level 1:colcon.colcon_core.package_identification:_identify(src) by extension 'ros'
[0.362s] Level 1:colcon.colcon_core.package_identification:_identify(src) by extensions ['cmake', 'python']
[0.362s] Level 1:colcon.colcon_core.package_identification:_identify(src) by extension 'cmake'
[0.362s] Level 1:colcon.colcon_core.package_identification:_identify(src) by extension 'python'
[0.363s] Level 1:colcon.colcon_core.package_identification:_identify(src) by extensions ['python_setup_py']
[0.363s] Level 1:colcon.colcon_core.package_identification:_identify(src) by extension 'python_setup_py'
[0.363s] Level 1:colcon.colcon_core.package_identification:_identify(src/my_service_pkg) by extensions ['ignore', 'ignore_ament_install']
[0.363s] Level 1:colcon.colcon_core.package_identification:_identify(src/my_service_pkg) by extension 'ignore'
[0.363s] Level 1:colcon.colcon_core.package_identification:_identify(src/my_service_pkg) by extension 'ignore_ament_install'
[0.363s] Level 1:colcon.colcon_core.package_identification:_identify(src/my_service_pkg) by extensions ['colcon_pkg']
[0.363s] Level 1:colcon.colcon_core.package_identification:_identify(src/my_service_pkg) by extension 'colcon_pkg'
[0.363s] Level 1:colcon.colcon_core.package_identification:_identify(src/my_service_pkg) by extensions ['colcon_meta']
[0.363s] Level 1:colcon.colcon_core.package_identification:_identify(src/my_service_pkg) by extension 'colcon_meta'
[0.363s] Level 1:colcon.colcon_core.package_identification:_identify(src/my_service_pkg) by extensions ['ros']
[0.363s] Level 1:colcon.colcon_core.package_identification:_identify(src/my_service_pkg) by extension 'ros'
[0.365s] DEBUG:colcon.colcon_core.package_identification:Package 'src/my_service_pkg' with type 'ros.ament_cmake' and name 'my_service_pkg'
[0.365s] Level 1:colcon.colcon_core.package_identification:_identify(src/robot_manipulator) by extensions ['ignore', 'ignore_ament_install']
[0.366s] Level 1:colcon.colcon_core.package_identification:_identify(src/robot_manipulator) by extension 'ignore'
[0.366s] Level 1:colcon.colcon_core.package_identification:_identify(src/robot_manipulator) by extension 'ignore_ament_install'
[0.366s] Level 1:colcon.colcon_core.package_identification:_identify(src/robot_manipulator) by extensions ['colcon_pkg']
[0.366s] Level 1:colcon.colcon_core.package_identification:_identify(src/robot_manipulator) by extension 'colcon_pkg'
[0.366s] Level 1:colcon.colcon_core.package_identification:_identify(src/robot_manipulator) by extensions ['colcon_meta']
[0.366s] Level 1:colcon.colcon_core.package_identification:_identify(src/robot_manipulator) by extension 'colcon_meta'
[0.366s] Level 1:colcon.colcon_core.package_identification:_identify(src/robot_manipulator) by extensions ['ros']
[0.366s] Level 1:colcon.colcon_core.package_identification:_identify(src/robot_manipulator) by extension 'ros'
[0.366s] DEBUG:colcon.colcon_core.package_identification:Package 'src/robot_manipulator' with type 'ros.ament_python' and name 'robot_manipulator'
[0.367s] Level 1:colcon.colcon_core.package_identification:_identify(src/robot_movement) by extensions ['ignore', 'ignore_ament_install']
[0.367s] Level 1:colcon.colcon_core.package_identification:_identify(src/robot_movement) by extension 'ignore'
[0.367s] Level 1:colcon.colcon_core.package_identification:_identify(src/robot_movement) by extension 'ignore_ament_install'
[0.367s] Level 1:colcon.colcon_core.package_identification:_identify(src/robot_movement) by extensions ['colcon_pkg']
[0.367s] Level 1:colcon.colcon_core.package_identification:_identify(src/robot_movement) by extension 'colcon_pkg'
[0.367s] Level 1:colcon.colcon_core.package_identification:_identify(src/robot_movement) by extensions ['colcon_meta']
[0.367s] Level 1:colcon.colcon_core.package_identification:_identify(src/robot_movement) by extension 'colcon_meta'
[0.367s] Level 1:colcon.colcon_core.package_identification:_identify(src/robot_movement) by extensions ['ros']
[0.367s] Level 1:colcon.colcon_core.package_identification:_identify(src/robot_movement) by extension 'ros'
[0.367s] DEBUG:colcon.colcon_core.package_identification:Package 'src/robot_movement' with type 'ros.ament_python' and name 'robot_movement'
[0.367s] Level 1:colcon.colcon_core.package_discovery:discover_packages(recursive) using defaults
[0.368s] Level 1:colcon.colcon_core.package_discovery:discover_packages(ignore) discover
[0.368s] Level 1:colcon.colcon_core.package_discovery:discover_packages(ignore) using defaults
[0.368s] Level 1:colcon.colcon_core.package_discovery:discover_packages(path) discover
[0.368s] Level 1:colcon.colcon_core.package_discovery:discover_packages(path) using defaults
[0.392s] Level 1:colcon.colcon_core.package_discovery:discover_packages(prefix_path) check parameters
[0.392s] Level 1:colcon.colcon_core.package_discovery:discover_packages(prefix_path) discover
[0.396s] DEBUG:colcon.colcon_installed_package_information.package_discovery:Found 3 installed packages in /home/tatianam/ProyectoFinal/Robotics/install
[0.397s] DEBUG:colcon.colcon_installed_package_information.package_discovery:Found 284 installed packages in /opt/ros/humble
[0.399s] Level 1:colcon.colcon_core.package_discovery:discover_packages(prefix_path) using defaults
[0.465s] Level 5:colcon.colcon_core.verb:set package 'my_service_pkg' build argument 'cmake_args' from command line to 'None'
[0.465s] Level 5:colcon.colcon_core.verb:set package 'my_service_pkg' build argument 'cmake_target' from command line to 'None'
[0.465s] Level 5:colcon.colcon_core.verb:set package 'my_service_pkg' build argument 'cmake_target_skip_unavailable' from command line to 'False'
[0.465s] Level 5:colcon.colcon_core.verb:set package 'my_service_pkg' build argument 'cmake_clean_cache' from command line to 'False'
[0.465s] Level 5:colcon.colcon_core.verb:set package 'my_service_pkg' build argument 'cmake_clean_first' from command line to 'False'
[0.465s] Level 5:colcon.colcon_core.verb:set package 'my_service_pkg' build argument 'cmake_force_configure' from command line to 'False'
[0.466s] Level 5:colcon.colcon_core.verb:set package 'my_service_pkg' build argument 'ament_cmake_args' from command line to 'None'
[0.466s] Level 5:colcon.colcon_core.verb:set package 'my_service_pkg' build argument 'catkin_cmake_args' from command line to 'None'
[0.466s] Level 5:colcon.colcon_core.verb:set package 'my_service_pkg' build argument 'catkin_skip_building_tests' from command line to 'False'
[0.466s] DEBUG:colcon.colcon_core.verb:Building package 'my_service_pkg' with the following arguments: {'ament_cmake_args': None, 'build_base': '/home/tatianam/ProyectoFinal/Robotics/build/my_service_pkg', 'catkin_cmake_args': None, 'catkin_skip_building_tests': False, 'cmake_args': None, 'cmake_clean_cache': False, 'cmake_clean_first': False, 'cmake_force_configure': False, 'cmake_target': None, 'cmake_target_skip_unavailable': False, 'install_base': '/home/tatianam/ProyectoFinal/Robotics/install/my_service_pkg', 'merge_install': False, 'path': '/home/tatianam/ProyectoFinal/Robotics/src/my_service_pkg', 'symlink_install': False, 'test_result_base': None}
[0.467s] Level 5:colcon.colcon_core.verb:set package 'robot_manipulator' build argument 'cmake_args' from command line to 'None'
[0.467s] Level 5:colcon.colcon_core.verb:set package 'robot_manipulator' build argument 'cmake_target' from command line to 'None'
[0.467s] Level 5:colcon.colcon_core.verb:set package 'robot_manipulator' build argument 'cmake_target_skip_unavailable' from command line to 'False'
[0.467s] Level 5:colcon.colcon_core.verb:set package 'robot_manipulator' build argument 'cmake_clean_cache' from command line to 'False'
[0.467s] Level 5:colcon.colcon_core.verb:set package 'robot_manipulator' build argument 'cmake_clean_first' from command line to 'False'
[0.467s] Level 5:colcon.colcon_core.verb:set package 'robot_manipulator' build argument 'cmake_force_configure' from command line to 'False'
[0.467s] Level 5:colcon.colcon_core.verb:set package 'robot_manipulator' build argument 'ament_cmake_args' from command line to 'None'
[0.467s] Level 5:colcon.colcon_core.verb:set package 'robot_manipulator' build argument 'catkin_cmake_args' from command line to 'None'
[0.467s] Level 5:colcon.colcon_core.verb:set package 'robot_manipulator' build argument 'catkin_skip_building_tests' from command line to 'False'
[0.467s] DEBUG:colcon.colcon_core.verb:Building package 'robot_manipulator' with the following arguments: {'ament_cmake_args': None, 'build_base': '/home/tatianam/ProyectoFinal/Robotics/build/robot_manipulator', 'catkin_cmake_args': None, 'catkin_skip_building_tests': False, 'cmake_args': None, 'cmake_clean_cache': False, 'cmake_clean_first': False, 'cmake_force_configure': False, 'cmake_target': None, 'cmake_target_skip_unavailable': False, 'install_base': '/home/tatianam/ProyectoFinal/Robotics/install/robot_manipulator', 'merge_install': False, 'path': '/home/tatianam/ProyectoFinal/Robotics/src/robot_manipulator', 'symlink_install': False, 'test_result_base': None}
[0.468s] Level 5:colcon.colcon_core.verb:set package 'robot_movement' build argument 'cmake_args' from command line to 'None'
[0.468s] Level 5:colcon.colcon_core.verb:set package 'robot_movement' build argument 'cmake_target' from command line to 'None'
[0.468s] Level 5:colcon.colcon_core.verb:set package 'robot_movement' build argument 'cmake_target_skip_unavailable' from command line to 'False'
[0.468s] Level 5:colcon.colcon_core.verb:set package 'robot_movement' build argument 'cmake_clean_cache' from command line to 'False'
[0.468s] Level 5:colcon.colcon_core.verb:set package 'robot_movement' build argument 'cmake_clean_first' from command line to 'False'
[0.468s] Level 5:colcon.colcon_core.verb:set package 'robot_movement' build argument 'cmake_force_configure' from command line to 'False'
[0.468s] Level 5:colcon.colcon_core.verb:set package 'robot_movement' build argument 'ament_cmake_args' from command line to 'None'
[0.468s] Level 5:colcon.colcon_core.verb:set package 'robot_movement' build argument 'catkin_cmake_args' from command line to 'None'
[0.468s] Level 5:colcon.colcon_core.verb:set package 'robot_movement' build argument 'catkin_skip_building_tests' from command line to 'False'
[0.468s] DEBUG:colcon.colcon_core.verb:Building package 'robot_movement' with the following arguments: {'ament_cmake_args': None, 'build_base': '/home/tatianam/ProyectoFinal/Robotics/build/robot_movement', 'catkin_cmake_args': None, 'catkin_skip_building_tests': False, 'cmake_args': None, 'cmake_clean_cache': False, 'cmake_clean_first': False, 'cmake_force_configure': False, 'cmake_target': None, 'cmake_target_skip_unavailable': False, 'install_base': '/home/tatianam/ProyectoFinal/Robotics/install/robot_movement', 'merge_install': False, 'path': '/home/tatianam/ProyectoFinal/Robotics/src/robot_movement', 'symlink_install': False, 'test_result_base': None}
[0.469s] INFO:colcon.colcon_core.executor:Executing jobs using 'parallel' executor
[0.472s] DEBUG:colcon.colcon_parallel_executor.executor.parallel:run_until_complete
[0.472s] INFO:colcon.colcon_ros.task.ament_cmake.build:Building ROS package in '/home/tatianam/ProyectoFinal/Robotics/src/my_service_pkg' with build type 'ament_cmake'
[0.473s] INFO:colcon.colcon_cmake.task.cmake.build:Building CMake package in '/home/tatianam/ProyectoFinal/Robotics/src/my_service_pkg'
[0.477s] INFO:colcon.colcon_core.plugin_system:Skipping extension 'colcon_core.shell.bat': Not used on non-Windows systems
[0.477s] INFO:colcon.colcon_core.shell:Skip shell extension 'powershell' for command environment: Not usable outside of PowerShell
[0.477s] DEBUG:colcon.colcon_core.shell:Skip shell extension 'dsv' for command environment
[0.482s] INFO:colcon.colcon_ros.task.ament_python.build:Building ROS package in '/home/tatianam/ProyectoFinal/Robotics/src/robot_manipulator' with build type 'ament_python'
[0.482s] Level 1:colcon.colcon_core.shell:create_environment_hook('robot_manipulator', 'ament_prefix_path')
[0.484s] INFO:colcon.colcon_core.shell:Creating environment hook '/home/tatianam/ProyectoFinal/Robotics/install/robot_manipulator/share/robot_manipulator/hook/ament_prefix_path.ps1'
[0.486s] INFO:colcon.colcon_core.shell:Creating environment descriptor '/home/tatianam/ProyectoFinal/Robotics/install/robot_manipulator/share/robot_manipulator/hook/ament_prefix_path.dsv'
[0.486s] INFO:colcon.colcon_core.shell:Creating environment hook '/home/tatianam/ProyectoFinal/Robotics/install/robot_manipulator/share/robot_manipulator/hook/ament_prefix_path.sh'
[0.488s] INFO:colcon.colcon_core.shell:Skip shell extension 'powershell' for command environment: Not usable outside of PowerShell
[0.488s] DEBUG:colcon.colcon_core.shell:Skip shell extension 'dsv' for command environment
[0.493s] INFO:colcon.colcon_ros.task.ament_python.build:Building ROS package in '/home/tatianam/ProyectoFinal/Robotics/src/robot_movement' with build type 'ament_python'
[0.493s] Level 1:colcon.colcon_core.shell:create_environment_hook('robot_movement', 'ament_prefix_path')
[0.494s] INFO:colcon.colcon_core.shell:Creating environment hook '/home/tatianam/ProyectoFinal/Robotics/install/robot_movement/share/robot_movement/hook/ament_prefix_path.ps1'
[0.495s] INFO:colcon.colcon_core.shell:Creating environment descriptor '/home/tatianam/ProyectoFinal/Robotics/install/robot_movement/share/robot_movement/hook/ament_prefix_path.dsv'
[0.495s] INFO:colcon.colcon_core.shell:Creating environment hook '/home/tatianam/ProyectoFinal/Robotics/install/robot_movement/share/robot_movement/hook/ament_prefix_path.sh'
[0.497s] INFO:colcon.colcon_core.shell:Skip shell extension 'powershell' for command environment: Not usable outside of PowerShell
[0.497s] DEBUG:colcon.colcon_core.shell:Skip shell extension 'dsv' for command environment
[0.509s] DEBUG:colcon.colcon_core.event_handler.log_command:Invoking command in '/home/tatianam/ProyectoFinal/Robotics/build/my_service_pkg': CMAKE_PREFIX_PATH=${CMAKE_PREFIX_PATH}:/home/tatianam/ProyectoFinal/Robotics/install/robot_movement:/home/tatianam/ProyectoFinal/Robotics/install/robot_manipulator:/opt/ros/humble /usr/bin/cmake --build /home/tatianam/ProyectoFinal/Robotics/build/my_service_pkg -- -j4 -l4
[0.902s] INFO:colcon.colcon_core.task.python.build:Building Python package in '/home/tatianam/ProyectoFinal/Robotics/src/robot_manipulator'
[0.905s] INFO:colcon.colcon_core.shell:Skip shell extension 'powershell' for command environment: Not usable outside of PowerShell
[0.905s] DEBUG:colcon.colcon_core.shell:Skip shell extension 'dsv' for command environment
[1.198s] INFO:colcon.colcon_core.task.python.build:Building Python package in '/home/tatianam/ProyectoFinal/Robotics/src/robot_movement'
[1.201s] INFO:colcon.colcon_core.shell:Skip shell extension 'powershell' for command environment: Not usable outside of PowerShell
[1.201s] DEBUG:colcon.colcon_core.shell:Skip shell extension 'dsv' for command environment
[1.209s] DEBUG:colcon.colcon_core.event_handler.log_command:Invoked command in '/home/tatianam/ProyectoFinal/Robotics/build/my_service_pkg' returned '0': CMAKE_PREFIX_PATH=${CMAKE_PREFIX_PATH}:/home/tatianam/ProyectoFinal/Robotics/install/robot_movement:/home/tatianam/ProyectoFinal/Robotics/install/robot_manipulator:/opt/ros/humble /usr/bin/cmake --build /home/tatianam/ProyectoFinal/Robotics/build/my_service_pkg -- -j4 -l4
[1.286s] DEBUG:colcon.colcon_core.event_handler.log_command:Invoking command in '/home/tatianam/ProyectoFinal/Robotics/build/my_service_pkg': CMAKE_PREFIX_PATH=${CMAKE_PREFIX_PATH}:/home/tatianam/ProyectoFinal/Robotics/install/robot_movement:/home/tatianam/ProyectoFinal/Robotics/install/robot_manipulator:/opt/ros/humble /usr/bin/cmake --install /home/tatianam/ProyectoFinal/Robotics/build/my_service_pkg
[1.363s] Level 1:colcon.colcon_core.environment:create_environment_scripts_only(my_service_pkg)
[1.371s] Level 1:colcon.colcon_core.environment:checking '/home/tatianam/ProyectoFinal/Robotics/install/my_service_pkg' for CMake module files
[1.372s] Level 1:colcon.colcon_core.environment:checking '/home/tatianam/ProyectoFinal/Robotics/install/my_service_pkg' for CMake config files
[1.373s] Level 1:colcon.colcon_core.shell:create_environment_hook('my_service_pkg', 'cmake_prefix_path')
[1.375s] INFO:colcon.colcon_core.shell:Creating environment hook '/home/tatianam/ProyectoFinal/Robotics/install/my_service_pkg/share/my_service_pkg/hook/cmake_prefix_path.ps1'
[1.376s] INFO:colcon.colcon_core.shell:Creating environment descriptor '/home/tatianam/ProyectoFinal/Robotics/install/my_service_pkg/share/my_service_pkg/hook/cmake_prefix_path.dsv'
[1.376s] DEBUG:colcon.colcon_core.event_handler.log_command:Invoked command in '/home/tatianam/ProyectoFinal/Robotics/build/my_service_pkg' returned '0': CMAKE_PREFIX_PATH=${CMAKE_PREFIX_PATH}:/home/tatianam/ProyectoFinal/Robotics/install/robot_movement:/home/tatianam/ProyectoFinal/Robotics/install/robot_manipulator:/opt/ros/humble /usr/bin/cmake --install /home/tatianam/ProyectoFinal/Robotics/build/my_service_pkg
[1.377s] INFO:colcon.colcon_core.shell:Creating environment hook '/home/tatianam/ProyectoFinal/Robotics/install/my_service_pkg/share/my_service_pkg/hook/cmake_prefix_path.sh'
[1.378s] Level 1:colcon.colcon_core.environment:checking '/home/tatianam/ProyectoFinal/Robotics/install/my_service_pkg/lib'
[1.378s] Level 1:colcon.colcon_core.shell:create_environment_hook('my_service_pkg', 'ld_library_path_lib')
[1.380s] INFO:colcon.colcon_core.shell:Creating environment hook '/home/tatianam/ProyectoFinal/Robotics/install/my_service_pkg/share/my_service_pkg/hook/ld_library_path_lib.ps1'
[1.381s] INFO:colcon.colcon_core.shell:Creating environment descriptor '/home/tatianam/ProyectoFinal/Robotics/install/my_service_pkg/share/my_service_pkg/hook/ld_library_path_lib.dsv'
[1.381s] INFO:colcon.colcon_core.shell:Creating environment hook '/home/tatianam/ProyectoFinal/Robotics/install/my_service_pkg/share/my_service_pkg/hook/ld_library_path_lib.sh'
[1.382s] Level 1:colcon.colcon_core.environment:checking '/home/tatianam/ProyectoFinal/Robotics/install/my_service_pkg/bin'
[1.382s] Level 1:colcon.colcon_core.environment:checking '/home/tatianam/ProyectoFinal/Robotics/install/my_service_pkg/lib/pkgconfig/my_service_pkg.pc'
[1.382s] Level 1:colcon.colcon_core.environment:checking '/home/tatianam/ProyectoFinal/Robotics/install/my_service_pkg/lib/python3.10/site-packages'
[1.383s] Level 1:colcon.colcon_core.environment:checking '/home/tatianam/ProyectoFinal/Robotics/install/my_service_pkg/bin'
[1.385s] INFO:colcon.colcon_core.shell:Creating package script '/home/tatianam/ProyectoFinal/Robotics/install/my_service_pkg/share/my_service_pkg/package.ps1'
[1.386s] INFO:colcon.colcon_core.shell:Creating package descriptor '/home/tatianam/ProyectoFinal/Robotics/install/my_service_pkg/share/my_service_pkg/package.dsv'
[1.387s] INFO:colcon.colcon_core.shell:Creating package script '/home/tatianam/ProyectoFinal/Robotics/install/my_service_pkg/share/my_service_pkg/package.sh'
[1.388s] INFO:colcon.colcon_core.shell:Creating package script '/home/tatianam/ProyectoFinal/Robotics/install/my_service_pkg/share/my_service_pkg/package.bash'
[1.389s] INFO:colcon.colcon_core.shell:Creating package script '/home/tatianam/ProyectoFinal/Robotics/install/my_service_pkg/share/my_service_pkg/package.zsh'
[1.390s] Level 1:colcon.colcon_core.environment:create_file_with_runtime_dependencies(/home/tatianam/ProyectoFinal/Robotics/install/my_service_pkg/share/colcon-core/packages/my_service_pkg)
[1.473s] Level 1:colcon.colcon_core.environment:create_environment_scripts_only(my_service_pkg)
[1.476s] Level 1:colcon.colcon_core.environment:checking '/home/tatianam/ProyectoFinal/Robotics/install/my_service_pkg' for CMake module files
[1.478s] Level 1:colcon.colcon_core.environment:checking '/home/tatianam/ProyectoFinal/Robotics/install/my_service_pkg' for CMake config files
[1.479s] Level 1:colcon.colcon_core.shell:create_environment_hook('my_service_pkg', 'cmake_prefix_path')
[1.481s] INFO:colcon.colcon_core.shell:Creating environment hook '/home/tatianam/ProyectoFinal/Robotics/install/my_service_pkg/share/my_service_pkg/hook/cmake_prefix_path.ps1'
[1.482s] INFO:colcon.colcon_core.shell:Creating environment descriptor '/home/tatianam/ProyectoFinal/Robotics/install/my_service_pkg/share/my_service_pkg/hook/cmake_prefix_path.dsv'
[1.482s] INFO:colcon.colcon_core.shell:Creating environment hook '/home/tatianam/ProyectoFinal/Robotics/install/my_service_pkg/share/my_service_pkg/hook/cmake_prefix_path.sh'
[1.483s] Level 1:colcon.colcon_core.environment:checking '/home/tatianam/ProyectoFinal/Robotics/install/my_service_pkg/lib'
[1.483s] Level 1:colcon.colcon_core.shell:create_environment_hook('my_service_pkg', 'ld_library_path_lib')
[1.485s] INFO:colcon.colcon_core.shell:Creating environment hook '/home/tatianam/ProyectoFinal/Robotics/install/my_service_pkg/share/my_service_pkg/hook/ld_library_path_lib.ps1'
[1.486s] INFO:colcon.colcon_core.shell:Creating environment descriptor '/home/tatianam/ProyectoFinal/Robotics/install/my_service_pkg/share/my_service_pkg/hook/ld_library_path_lib.dsv'
[1.486s] INFO:colcon.colcon_core.shell:Creating environment hook '/home/tatianam/ProyectoFinal/Robotics/install/my_service_pkg/share/my_service_pkg/hook/ld_library_path_lib.sh'
[1.487s] Level 1:colcon.colcon_core.environment:checking '/home/tatianam/ProyectoFinal/Robotics/install/my_service_pkg/bin'
[1.487s] Level 1:colcon.colcon_core.environment:checking '/home/tatianam/ProyectoFinal/Robotics/install/my_service_pkg/lib/pkgconfig/my_service_pkg.pc'
[1.487s] Level 1:colcon.colcon_core.environment:checking '/home/tatianam/ProyectoFinal/Robotics/install/my_service_pkg/lib/python3.10/site-packages'
[1.488s] Level 1:colcon.colcon_core.environment:checking '/home/tatianam/ProyectoFinal/Robotics/install/my_service_pkg/bin'
[1.491s] INFO:colcon.colcon_core.shell:Creating package script '/home/tatianam/ProyectoFinal/Robotics/install/my_service_pkg/share/my_service_pkg/package.ps1'
[1.492s] INFO:colcon.colcon_core.shell:Creating package descriptor '/home/tatianam/ProyectoFinal/Robotics/install/my_service_pkg/share/my_service_pkg/package.dsv'
[1.493s] INFO:colcon.colcon_core.shell:Creating package script '/home/tatianam/ProyectoFinal/Robotics/install/my_service_pkg/share/my_service_pkg/package.sh'
[1.493s] INFO:colcon.colcon_core.shell:Creating package script '/home/tatianam/ProyectoFinal/Robotics/install/my_service_pkg/share/my_service_pkg/package.bash'
[1.494s] INFO:colcon.colcon_core.shell:Creating package script '/home/tatianam/ProyectoFinal/Robotics/install/my_service_pkg/share/my_service_pkg/package.zsh'
[1.494s] Level 1:colcon.colcon_core.environment:create_file_with_runtime_dependencies(/home/tatianam/ProyectoFinal/Robotics/install/my_service_pkg/share/colcon-core/packages/my_service_pkg)
[1.637s] DEBUG:colcon.colcon_core.event_handler.log_command:Invoking command in '/home/tatianam/ProyectoFinal/Robotics/src/robot_manipulator': PYTHONPATH=/home/tatianam/ProyectoFinal/Robotics/build/robot_manipulator/prefix_override:/home/tatianam/ProyectoFinal/Robotics/install/robot_manipulator/lib/python3.10/site-packages:${PYTHONPATH} /usr/bin/python3 setup.py egg_info --egg-base ../../build/robot_manipulator build --build-base /home/tatianam/ProyectoFinal/Robotics/build/robot_manipulator/build install --record /home/tatianam/ProyectoFinal/Robotics/build/robot_manipulator/install.log --single-version-externally-managed
[1.668s] DEBUG:colcon.colcon_core.event_handler.log_command:Invoking command in '/home/tatianam/ProyectoFinal/Robotics/src/robot_movement': PYTHONPATH=/home/tatianam/ProyectoFinal/Robotics/build/robot_movement/prefix_override:/home/tatianam/ProyectoFinal/Robotics/install/robot_movement/lib/python3.10/site-packages:${PYTHONPATH} /usr/bin/python3 setup.py egg_info --egg-base ../../build/robot_movement build --build-base /home/tatianam/ProyectoFinal/Robotics/build/robot_movement/build install --record /home/tatianam/ProyectoFinal/Robotics/build/robot_movement/install.log --single-version-externally-managed
[1.971s] Level 1:colcon.colcon_core.environment:checking '/home/tatianam/ProyectoFinal/Robotics/install/robot_manipulator' for CMake module files
[1.972s] DEBUG:colcon.colcon_core.event_handler.log_command:Invoked command in '/home/tatianam/ProyectoFinal/Robotics/src/robot_manipulator' returned '0': PYTHONPATH=/home/tatianam/ProyectoFinal/Robotics/build/robot_manipulator/prefix_override:/home/tatianam/ProyectoFinal/Robotics/install/robot_manipulator/lib/python3.10/site-packages:${PYTHONPATH} /usr/bin/python3 setup.py egg_info --egg-base ../../build/robot_manipulator build --build-base /home/tatianam/ProyectoFinal/Robotics/build/robot_manipulator/build install --record /home/tatianam/ProyectoFinal/Robotics/build/robot_manipulator/install.log --single-version-externally-managed
[1.972s] Level 1:colcon.colcon_core.environment:checking '/home/tatianam/ProyectoFinal/Robotics/install/robot_manipulator' for CMake config files
[1.973s] Level 1:colcon.colcon_core.environment:checking '/home/tatianam/ProyectoFinal/Robotics/install/robot_manipulator/lib'
[1.973s] Level 1:colcon.colcon_core.environment:checking '/home/tatianam/ProyectoFinal/Robotics/install/robot_manipulator/bin'
[1.973s] Level 1:colcon.colcon_core.environment:checking '/home/tatianam/ProyectoFinal/Robotics/install/robot_manipulator/lib/pkgconfig/robot_manipulator.pc'
[1.973s] Level 1:colcon.colcon_core.environment:checking '/home/tatianam/ProyectoFinal/Robotics/install/robot_manipulator/lib/python3.10/site-packages'
[1.973s] Level 1:colcon.colcon_core.shell:create_environment_hook('robot_manipulator', 'pythonpath')
[1.975s] INFO:colcon.colcon_core.shell:Creating environment hook '/home/tatianam/ProyectoFinal/Robotics/install/robot_manipulator/share/robot_manipulator/hook/pythonpath.ps1'
[1.975s] INFO:colcon.colcon_core.shell:Creating environment descriptor '/home/tatianam/ProyectoFinal/Robotics/install/robot_manipulator/share/robot_manipulator/hook/pythonpath.dsv'
[1.976s] INFO:colcon.colcon_core.shell:Creating environment hook '/home/tatianam/ProyectoFinal/Robotics/install/robot_manipulator/share/robot_manipulator/hook/pythonpath.sh'
[1.977s] Level 1:colcon.colcon_core.environment:checking '/home/tatianam/ProyectoFinal/Robotics/install/robot_manipulator/bin'
[1.977s] Level 1:colcon.colcon_core.environment:create_environment_scripts_only(robot_manipulator)
[1.979s] INFO:colcon.colcon_core.shell:Creating package script '/home/tatianam/ProyectoFinal/Robotics/install/robot_manipulator/share/robot_manipulator/package.ps1'
[1.979s] INFO:colcon.colcon_core.shell:Creating package descriptor '/home/tatianam/ProyectoFinal/Robotics/install/robot_manipulator/share/robot_manipulator/package.dsv'
[1.980s] INFO:colcon.colcon_core.shell:Creating package script '/home/tatianam/ProyectoFinal/Robotics/install/robot_manipulator/share/robot_manipulator/package.sh'
[1.980s] INFO:colcon.colcon_core.shell:Creating package script '/home/tatianam/ProyectoFinal/Robotics/install/robot_manipulator/share/robot_manipulator/package.bash'
[1.981s] INFO:colcon.colcon_core.shell:Creating package script '/home/tatianam/ProyectoFinal/Robotics/install/robot_manipulator/share/robot_manipulator/package.zsh'
[1.981s] Level 1:colcon.colcon_core.environment:create_file_with_runtime_dependencies(/home/tatianam/ProyectoFinal/Robotics/install/robot_manipulator/share/colcon-core/packages/robot_manipulator)
[2.009s] Level 1:colcon.colcon_core.environment:checking '/home/tatianam/ProyectoFinal/Robotics/install/robot_movement' for CMake module files
[2.010s] DEBUG:colcon.colcon_core.event_handler.log_command:Invoked command in '/home/tatianam/ProyectoFinal/Robotics/src/robot_movement' returned '0': PYTHONPATH=/home/tatianam/ProyectoFinal/Robotics/build/robot_movement/prefix_override:/home/tatianam/ProyectoFinal/Robotics/install/robot_movement/lib/python3.10/site-packages:${PYTHONPATH} /usr/bin/python3 setup.py egg_info --egg-base ../../build/robot_movement build --build-base /home/tatianam/ProyectoFinal/Robotics/build/robot_movement/build install --record /home/tatianam/ProyectoFinal/Robotics/build/robot_movement/install.log --single-version-externally-managed
[2.010s] Level 1:colcon.colcon_core.environment:checking '/home/tatianam/ProyectoFinal/Robotics/install/robot_movement' for CMake config files
[2.011s] Level 1:colcon.colcon_core.environment:checking '/home/tatianam/ProyectoFinal/Robotics/install/robot_movement/lib'
[2.011s] Level 1:colcon.colcon_core.environment:checking '/home/tatianam/ProyectoFinal/Robotics/install/robot_movement/bin'
[2.011s] Level 1:colcon.colcon_core.environment:checking '/home/tatianam/ProyectoFinal/Robotics/install/robot_movement/lib/pkgconfig/robot_movement.pc'
[2.012s] Level 1:colcon.colcon_core.environment:checking '/home/tatianam/ProyectoFinal/Robotics/install/robot_movement/lib/python3.10/site-packages'
[2.012s] Level 1:colcon.colcon_core.shell:create_environment_hook('robot_movement', 'pythonpath')
[2.014s] INFO:colcon.colcon_core.shell:Creating environment hook '/home/tatianam/ProyectoFinal/Robotics/install/robot_movement/share/robot_movement/hook/pythonpath.ps1'
[2.014s] INFO:colcon.colcon_core.shell:Creating environment descriptor '/home/tatianam/ProyectoFinal/Robotics/install/robot_movement/share/robot_movement/hook/pythonpath.dsv'
[2.015s] INFO:colcon.colcon_core.shell:Creating environment hook '/home/tatianam/ProyectoFinal/Robotics/install/robot_movement/share/robot_movement/hook/pythonpath.sh'
[2.015s] Level 1:colcon.colcon_core.environment:checking '/home/tatianam/ProyectoFinal/Robotics/install/robot_movement/bin'
[2.015s] Level 1:colcon.colcon_core.environment:create_environment_scripts_only(robot_movement)
[2.017s] INFO:colcon.colcon_core.shell:Creating package script '/home/tatianam/ProyectoFinal/Robotics/install/robot_movement/share/robot_movement/package.ps1'
[2.018s] INFO:colcon.colcon_core.shell:Creating package descriptor '/home/tatianam/ProyectoFinal/Robotics/install/robot_movement/share/robot_movement/package.dsv'
[2.018s] INFO:colcon.colcon_core.shell:Creating package script '/home/tatianam/ProyectoFinal/Robotics/install/robot_movement/share/robot_movement/package.sh'
[2.018s] INFO:colcon.colcon_core.shell:Creating package script '/home/tatianam/ProyectoFinal/Robotics/install/robot_movement/share/robot_movement/package.bash'
[2.019s] INFO:colcon.colcon_core.shell:Creating package script '/home/tatianam/ProyectoFinal/Robotics/install/robot_movement/share/robot_movement/package.zsh'
[2.019s] Level 1:colcon.colcon_core.environment:create_file_with_runtime_dependencies(/home/tatianam/ProyectoFinal/Robotics/install/robot_movement/share/colcon-core/packages/robot_movement)
[2.019s] DEBUG:colcon.colcon_parallel_executor.executor.parallel:closing loop
[2.020s] DEBUG:colcon.colcon_parallel_executor.executor.parallel:loop closed
[2.020s] DEBUG:colcon.colcon_parallel_executor.executor.parallel:run_until_complete finished with '0'
[2.020s] DEBUG:colcon.colcon_core.event_reactor:joining thread
[2.025s] INFO:colcon.colcon_core.plugin_system:Skipping extension 'colcon_notification.desktop_notification.terminal_notifier': Not used on non-Darwin systems
[2.025s] INFO:colcon.colcon_core.plugin_system:Skipping extension 'colcon_notification.desktop_notification.win32': Not used on non-Windows systems
[2.025s] INFO:colcon.colcon_notification.desktop_notification:Sending desktop notification using 'notify2'
[2.035s] DEBUG:colcon.colcon_core.event_reactor:joined thread
[2.037s] INFO:colcon.colcon_core.shell:Creating prefix script '/home/tatianam/ProyectoFinal/Robotics/install/local_setup.ps1'
[2.038s] INFO:colcon.colcon_core.shell:Creating prefix util module '/home/tatianam/ProyectoFinal/Robotics/install/_local_setup_util_ps1.py'
[2.040s] INFO:colcon.colcon_core.shell:Creating prefix chain script '/home/tatianam/ProyectoFinal/Robotics/install/setup.ps1'
[2.041s] INFO:colcon.colcon_core.shell:Creating prefix script '/home/tatianam/ProyectoFinal/Robotics/install/local_setup.sh'
[2.042s] INFO:colcon.colcon_core.shell:Creating prefix util module '/home/tatianam/ProyectoFinal/Robotics/install/_local_setup_util_sh.py'
[2.043s] INFO:colcon.colcon_core.shell:Creating prefix chain script '/home/tatianam/ProyectoFinal/Robotics/install/setup.sh'
[2.044s] INFO:colcon.colcon_core.shell:Creating prefix script '/home/tatianam/ProyectoFinal/Robotics/install/local_setup.bash'
[2.045s] INFO:colcon.colcon_core.shell:Creating prefix chain script '/home/tatianam/ProyectoFinal/Robotics/install/setup.bash'
[2.046s] INFO:colcon.colcon_core.shell:Creating prefix script '/home/tatianam/ProyectoFinal/Robotics/install/local_setup.zsh'
[2.047s] INFO:colcon.colcon_core.shell:Creating prefix chain script '/home/tatianam/ProyectoFinal/Robotics/install/setup.zsh'
