[1.143s] Invoking command in '/home/tatianam/ProyectoFinal/Robotics/src/robot_movement': PYTHONPATH=/home/tatianam/ProyectoFinal/Robotics/build/robot_movement/prefix_override:/home/tatianam/ProyectoFinal/Robotics/install/robot_movement/lib/python3.10/site-packages:${PYTHONPATH} /usr/bin/python3 setup.py egg_info --egg-base ../../build/robot_movement build --build-base /home/tatianam/ProyectoFinal/Robotics/build/robot_movement/build install --record /home/tatianam/ProyectoFinal/Robotics/build/robot_movement/install.log --single-version-externally-managed
[1.416s] running egg_info
[1.417s] creating ../../build/robot_movement/robot_movement.egg-info
[1.417s] writing ../../build/robot_movement/robot_movement.egg-info/PKG-INFO
[1.417s] writing dependency_links to ../../build/robot_movement/robot_movement.egg-info/dependency_links.txt
[1.418s] writing entry points to ../../build/robot_movement/robot_movement.egg-info/entry_points.txt
[1.418s] writing requirements to ../../build/robot_movement/robot_movement.egg-info/requires.txt
[1.418s] writing top-level names to ../../build/robot_movement/robot_movement.egg-info/top_level.txt
[1.418s] writing manifest file '../../build/robot_movement/robot_movement.egg-info/SOURCES.txt'
[1.421s] reading manifest file '../../build/robot_movement/robot_movement.egg-info/SOURCES.txt'
[1.422s] writing manifest file '../../build/robot_movement/robot_movement.egg-info/SOURCES.txt'
[1.422s] running build
[1.423s] running build_py
[1.423s] creating /home/tatianam/ProyectoFinal/Robotics/build/robot_movement/build
[1.423s] creating /home/tatianam/ProyectoFinal/Robotics/build/robot_movement/build/lib
[1.423s] creating /home/tatianam/ProyectoFinal/Robotics/build/robot_movement/build/lib/robot_movement
[1.423s] copying robot_movement/serialtest.py -> /home/tatianam/ProyectoFinal/Robotics/build/robot_movement/build/lib/robot_movement
[1.423s] copying robot_movement/__init__.py -> /home/tatianam/ProyectoFinal/Robotics/build/robot_movement/build/lib/robot_movement
[1.423s] copying robot_movement/robot_player.py -> /home/tatianam/ProyectoFinal/Robotics/build/robot_movement/build/lib/robot_movement
[1.424s] copying robot_movement/robot_teleop.py -> /home/tatianam/ProyectoFinal/Robotics/build/robot_movement/build/lib/robot_movement
[1.424s] copying robot_movement/esp32.py -> /home/tatianam/ProyectoFinal/Robotics/build/robot_movement/build/lib/robot_movement
[1.424s] copying robot_movement/robot_interface.py -> /home/tatianam/ProyectoFinal/Robotics/build/robot_movement/build/lib/robot_movement
[1.425s] copying robot_movement/serialviewer.py -> /home/tatianam/ProyectoFinal/Robotics/build/robot_movement/build/lib/robot_movement
[1.425s] running install
[1.426s] /usr/lib/python3/dist-packages/setuptools/command/install.py:34: SetuptoolsDeprecationWarning: setup.py install is deprecated. Use build and pip and other standards-based tools.
[1.426s]   warnings.warn(
[1.426s] running install_lib
[1.427s] creating /home/tatianam/ProyectoFinal/Robotics/install/robot_movement/lib/python3.10/site-packages/robot_movement
[1.427s] copying /home/tatianam/ProyectoFinal/Robotics/build/robot_movement/build/lib/robot_movement/serialtest.py -> /home/tatianam/ProyectoFinal/Robotics/install/robot_movement/lib/python3.10/site-packages/robot_movement
[1.427s] copying /home/tatianam/ProyectoFinal/Robotics/build/robot_movement/build/lib/robot_movement/__init__.py -> /home/tatianam/ProyectoFinal/Robotics/install/robot_movement/lib/python3.10/site-packages/robot_movement
[1.427s] copying /home/tatianam/ProyectoFinal/Robotics/build/robot_movement/build/lib/robot_movement/robot_player.py -> /home/tatianam/ProyectoFinal/Robotics/install/robot_movement/lib/python3.10/site-packages/robot_movement
[1.428s] copying /home/tatianam/ProyectoFinal/Robotics/build/robot_movement/build/lib/robot_movement/robot_teleop.py -> /home/tatianam/ProyectoFinal/Robotics/install/robot_movement/lib/python3.10/site-packages/robot_movement
[1.428s] copying /home/tatianam/ProyectoFinal/Robotics/build/robot_movement/build/lib/robot_movement/esp32.py -> /home/tatianam/ProyectoFinal/Robotics/install/robot_movement/lib/python3.10/site-packages/robot_movement
[1.428s] copying /home/tatianam/ProyectoFinal/Robotics/build/robot_movement/build/lib/robot_movement/robot_interface.py -> /home/tatianam/ProyectoFinal/Robotics/install/robot_movement/lib/python3.10/site-packages/robot_movement
[1.428s] copying /home/tatianam/ProyectoFinal/Robotics/build/robot_movement/build/lib/robot_movement/serialviewer.py -> /home/tatianam/ProyectoFinal/Robotics/install/robot_movement/lib/python3.10/site-packages/robot_movement
[1.429s] byte-compiling /home/tatianam/ProyectoFinal/Robotics/install/robot_movement/lib/python3.10/site-packages/robot_movement/serialtest.py to serialtest.cpython-310.pyc
[1.429s] byte-compiling /home/tatianam/ProyectoFinal/Robotics/install/robot_movement/lib/python3.10/site-packages/robot_movement/__init__.py to __init__.cpython-310.pyc
[1.429s] byte-compiling /home/tatianam/ProyectoFinal/Robotics/install/robot_movement/lib/python3.10/site-packages/robot_movement/robot_player.py to robot_player.cpython-310.pyc
[1.430s] byte-compiling /home/tatianam/ProyectoFinal/Robotics/install/robot_movement/lib/python3.10/site-packages/robot_movement/robot_teleop.py to robot_teleop.cpython-310.pyc
[1.432s] byte-compiling /home/tatianam/ProyectoFinal/Robotics/install/robot_movement/lib/python3.10/site-packages/robot_movement/esp32.py to esp32.cpython-310.pyc
[1.432s] byte-compiling /home/tatianam/ProyectoFinal/Robotics/install/robot_movement/lib/python3.10/site-packages/robot_movement/robot_interface.py to robot_interface.cpython-310.pyc
[1.434s] byte-compiling /home/tatianam/ProyectoFinal/Robotics/install/robot_movement/lib/python3.10/site-packages/robot_movement/serialviewer.py to serialviewer.cpython-310.pyc
[1.435s] running install_data
[1.435s] creating /home/tatianam/ProyectoFinal/Robotics/install/robot_movement/share/ament_index
[1.435s] creating /home/tatianam/ProyectoFinal/Robotics/install/robot_movement/share/ament_index/resource_index
[1.436s] creating /home/tatianam/ProyectoFinal/Robotics/install/robot_movement/share/ament_index/resource_index/packages
[1.436s] copying resource/robot_movement -> /home/tatianam/ProyectoFinal/Robotics/install/robot_movement/share/ament_index/resource_index/packages
[1.436s] copying package.xml -> /home/tatianam/ProyectoFinal/Robotics/install/robot_movement/share/robot_movement
[1.436s] running install_egg_info
[1.437s] Copying ../../build/robot_movement/robot_movement.egg-info to /home/tatianam/ProyectoFinal/Robotics/install/robot_movement/lib/python3.10/site-packages/robot_movement-0.0.0-py3.10.egg-info
[1.438s] running install_scripts
[1.464s] Installing esp32 script to /home/tatianam/ProyectoFinal/Robotics/install/robot_movement/lib/robot_movement
[1.464s] Installing interfaz script to /home/tatianam/ProyectoFinal/Robotics/install/robot_movement/lib/robot_movement
[1.464s] Installing player script to /home/tatianam/ProyectoFinal/Robotics/install/robot_movement/lib/robot_movement
[1.464s] Installing serial script to /home/tatianam/ProyectoFinal/Robotics/install/robot_movement/lib/robot_movement
[1.464s] Installing teclado script to /home/tatianam/ProyectoFinal/Robotics/install/robot_movement/lib/robot_movement
[1.465s] writing list of installed files to '/home/tatianam/ProyectoFinal/Robotics/build/robot_movement/install.log'
[1.500s] Invoked command in '/home/tatianam/ProyectoFinal/Robotics/src/robot_movement' returned '0': PYTHONPATH=/home/tatianam/ProyectoFinal/Robotics/build/robot_movement/prefix_override:/home/tatianam/ProyectoFinal/Robotics/install/robot_movement/lib/python3.10/site-packages:${PYTHONPATH} /usr/bin/python3 setup.py egg_info --egg-base ../../build/robot_movement build --build-base /home/tatianam/ProyectoFinal/Robotics/build/robot_movement/build install --record /home/tatianam/ProyectoFinal/Robotics/build/robot_movement/install.log --single-version-externally-managed
