[0.023s] Invoking command in '/home/yesopi/ProyectoFinal/Robotics/build/my_service_pkg': CMAKE_PREFIX_PATH=${CMAKE_PREFIX_PATH}:/home/yesopi/ProyectoFinal/Robotics/install/tesla:/home/yesopi/ProyectoFinal/Robotics/install/robot_movement:/home/yesopi/ProyectoFinal/Robotics/install/robot_manipulator:/opt/ros/humble /usr/bin/cmake /home/yesopi/ProyectoFinal/Robotics/src/my_service_pkg -DCMAKE_INSTALL_PREFIX=/home/yesopi/ProyectoFinal/Robotics/install/my_service_pkg
[0.238s] -- The C compiler identification is GNU 11.3.0
[0.963s] -- The CXX compiler identification is GNU 11.3.0
[1.009s] -- Detecting C compiler ABI info
[1.172s] -- Detecting C compiler ABI info - done
[1.179s] -- Check for working C compiler: /usr/bin/cc - skipped
[1.180s] -- Detecting C compile features
[1.207s] -- Detecting C compile features - done
[1.216s] -- Detecting CXX compiler ABI info
[1.370s] -- Detecting CXX compiler ABI info - done
[1.377s] -- Check for working CXX compiler: /usr/bin/c++ - skipped
[1.377s] -- Detecting CXX compile features
[1.377s] -- Detecting CXX compile features - done
[1.411s] -- Found ament_cmake: 1.3.3 (/opt/ros/humble/share/ament_cmake/cmake)
[1.722s] -- Found Python3: /usr/bin/python3.10 (found version "3.10.6") found components: Interpreter 
[1.928s] -- Found rosidl_default_generators: 1.2.0 (/opt/ros/humble/share/rosidl_default_generators/cmake)
[1.994s] -- Using all available rosidl_typesupport_c: rosidl_typesupport_fastrtps_c;rosidl_typesupport_introspection_c
[2.023s] -- Found rosidl_adapter: 3.1.4 (/opt/ros/humble/share/rosidl_adapter/cmake)
[2.131s] -- Using all available rosidl_typesupport_cpp: rosidl_typesupport_fastrtps_cpp;rosidl_typesupport_introspection_cpp
[2.433s] -- Found ament_cmake_ros: 0.10.0 (/opt/ros/humble/share/ament_cmake_ros/cmake)
[2.581s] -- Using all available rosidl_typesupport_c: rosidl_typesupport_fastrtps_c;rosidl_typesupport_introspection_c
[2.794s] -- Using all available rosidl_typesupport_cpp: rosidl_typesupport_fastrtps_cpp;rosidl_typesupport_introspection_cpp
[2.811s] -- Found PythonInterp: /usr/bin/python3 (found suitable version "3.10.6", minimum required is "3.6") 
[2.812s] -- Found python_cmake_module: 0.10.0 (/opt/ros/humble/share/python_cmake_module/cmake)
[2.833s] -- Found PythonLibs: /usr/lib/x86_64-linux-gnu/libpython3.10.so (found suitable version "3.10.6", minimum required is "3.5") 
[2.833s] -- Using PYTHON_EXECUTABLE: /usr/bin/python3
[2.833s] -- Using PYTHON_INCLUDE_DIRS: /usr/include/python3.10
[2.833s] -- Using PYTHON_LIBRARIES: /usr/lib/x86_64-linux-gnu/libpython3.10.so
[2.848s] -- Found PythonExtra: .so  
[2.921s] -- Found ament_lint_auto: 0.12.5 (/opt/ros/humble/share/ament_lint_auto/cmake)
[2.978s] -- Added test 'lint_cmake' to check CMake code style
[2.979s] -- Added test 'xmllint' to check XML markup files
[2.981s] -- Configuring done
[3.020s] -- Generating done
[3.022s] -- Build files have been written to: /home/yesopi/ProyectoFinal/Robotics/build/my_service_pkg
[3.027s] Invoked command in '/home/yesopi/ProyectoFinal/Robotics/build/my_service_pkg' returned '0': CMAKE_PREFIX_PATH=${CMAKE_PREFIX_PATH}:/home/yesopi/ProyectoFinal/Robotics/install/tesla:/home/yesopi/ProyectoFinal/Robotics/install/robot_movement:/home/yesopi/ProyectoFinal/Robotics/install/robot_manipulator:/opt/ros/humble /usr/bin/cmake /home/yesopi/ProyectoFinal/Robotics/src/my_service_pkg -DCMAKE_INSTALL_PREFIX=/home/yesopi/ProyectoFinal/Robotics/install/my_service_pkg
[3.028s] Invoking command in '/home/yesopi/ProyectoFinal/Robotics/build/my_service_pkg': CMAKE_PREFIX_PATH=${CMAKE_PREFIX_PATH}:/home/yesopi/ProyectoFinal/Robotics/install/tesla:/home/yesopi/ProyectoFinal/Robotics/install/robot_movement:/home/yesopi/ProyectoFinal/Robotics/install/robot_manipulator:/opt/ros/humble /usr/bin/cmake --build /home/yesopi/ProyectoFinal/Robotics/build/my_service_pkg -- -j12 -l12
[3.055s] [  3%] [34m[1mGenerating C code for ROS interfaces[0m
[3.061s] [  6%] [34m[1mGenerating C++ code for ROS interfaces[0m
[3.068s] [  6%] Built target ament_cmake_python_copy_my_service_pkg
[3.287s] [  6%] Built target my_service_pkg__cpp
[3.294s] [ 16%] [34m[1mGenerating C++ type support for eProsima Fast-RTPS[0m
[3.294s] [ 16%] [34m[1mGenerating C++ introspection for ROS interfaces[0m
[3.294s] [ 16%] [34m[1mGenerating C++ type support dispatch for ROS interfaces[0m
[3.294s] running egg_info
[3.295s] writing my_service_pkg.egg-info/PKG-INFO
[3.295s] writing dependency_links to my_service_pkg.egg-info/dependency_links.txt
[3.295s] writing top-level names to my_service_pkg.egg-info/top_level.txt
[3.297s] reading manifest file 'my_service_pkg.egg-info/SOURCES.txt'
[3.298s] writing manifest file 'my_service_pkg.egg-info/SOURCES.txt'
[3.320s] [ 16%] Built target ament_cmake_python_build_my_service_pkg_egg
[3.320s] [35m[1mConsolidate compiler generated dependencies of target my_service_pkg__rosidl_generator_c[0m
[3.329s] [ 19%] [32mBuilding C object CMakeFiles/my_service_pkg__rosidl_generator_c.dir/rosidl_generator_c/my_service_pkg/srv/detail/set_trajectory_file__functions.c.o[0m
[3.459s] [ 22%] [32m[1mLinking C shared library libmy_service_pkg__rosidl_generator_c.so[0m
[3.465s] [35m[1mConsolidate compiler generated dependencies of target my_service_pkg__rosidl_typesupport_cpp[0m
[3.484s] [ 22%] Built target my_service_pkg__rosidl_generator_c
[3.485s] [35m[1mConsolidate compiler generated dependencies of target my_service_pkg__rosidl_typesupport_introspection_cpp[0m
[3.490s] [ 32%] [34m[1mGenerating C introspection for ROS interfaces[0m
[3.490s] [ 32%] [34m[1mGenerating C type support dispatch for ROS interfaces[0m
[3.490s] [ 32%] [34m[1mGenerating C type support for eProsima Fast-RTPS[0m
[3.492s] [35m[1mConsolidate compiler generated dependencies of target my_service_pkg__rosidl_typesupport_fastrtps_cpp[0m
[3.587s] [ 35%] [32mBuilding CXX object CMakeFiles/my_service_pkg__rosidl_typesupport_cpp.dir/rosidl_typesupport_cpp/my_service_pkg/srv/set_trajectory_file__type_support.cpp.o[0m
[3.588s] [ 41%] [32mBuilding CXX object CMakeFiles/my_service_pkg__rosidl_typesupport_fastrtps_cpp.dir/rosidl_typesupport_fastrtps_cpp/my_service_pkg/srv/detail/dds_fastrtps/set_trajectory_file__type_support.cpp.o[0m
[3.588s] [ 41%] [32mBuilding CXX object CMakeFiles/my_service_pkg__rosidl_typesupport_introspection_cpp.dir/rosidl_typesupport_introspection_cpp/my_service_pkg/srv/detail/set_trajectory_file__type_support.cpp.o[0m
[3.812s] [35m[1mConsolidate compiler generated dependencies of target my_service_pkg__rosidl_typesupport_c[0m
[3.820s] [ 45%] [32mBuilding CXX object CMakeFiles/my_service_pkg__rosidl_typesupport_c.dir/rosidl_typesupport_c/my_service_pkg/srv/set_trajectory_file__type_support.cpp.o[0m
[3.835s] [35m[1mConsolidate compiler generated dependencies of target my_service_pkg__rosidl_typesupport_introspection_c[0m
[3.853s] [ 48%] [32mBuilding C object CMakeFiles/my_service_pkg__rosidl_typesupport_introspection_c.dir/rosidl_typesupport_introspection_c/my_service_pkg/srv/detail/set_trajectory_file__type_support.c.o[0m
[3.882s] [35m[1mConsolidate compiler generated dependencies of target my_service_pkg__rosidl_typesupport_fastrtps_c[0m
[3.909s] [ 54%] [32m[1mLinking C shared library libmy_service_pkg__rosidl_typesupport_introspection_c.so[0m
[3.909s] [ 54%] [32mBuilding CXX object CMakeFiles/my_service_pkg__rosidl_typesupport_fastrtps_c.dir/rosidl_typesupport_fastrtps_c/my_service_pkg/srv/detail/set_trajectory_file__type_support_c.cpp.o[0m
[3.929s] [ 54%] Built target my_service_pkg__rosidl_typesupport_introspection_c
[4.118s] [ 58%] [32m[1mLinking CXX shared library libmy_service_pkg__rosidl_typesupport_c.so[0m
[4.169s] [ 58%] Built target my_service_pkg__rosidl_typesupport_c
[4.687s] [ 61%] [32m[1mLinking CXX shared library libmy_service_pkg__rosidl_typesupport_cpp.so[0m
[4.716s] [ 61%] Built target my_service_pkg__rosidl_typesupport_cpp
[4.796s] [ 64%] [32m[1mLinking CXX shared library libmy_service_pkg__rosidl_typesupport_introspection_cpp.so[0m
[4.822s] [ 67%] [32m[1mLinking CXX shared library libmy_service_pkg__rosidl_typesupport_fastrtps_c.so[0m
[4.838s] [ 70%] [32m[1mLinking CXX shared library libmy_service_pkg__rosidl_typesupport_fastrtps_cpp.so[0m
[4.839s] [ 70%] Built target my_service_pkg__rosidl_typesupport_introspection_cpp
[4.877s] [ 70%] Built target my_service_pkg__rosidl_typesupport_fastrtps_c
[4.891s] [ 70%] Built target my_service_pkg__rosidl_typesupport_fastrtps_cpp
[5.034s] [ 70%] Built target my_service_pkg
[5.167s] [ 74%] [34m[1mGenerating Python code for ROS interfaces[0m
[5.430s] [ 74%] Built target my_service_pkg__py
[5.435s] [35m[1mConsolidate compiler generated dependencies of target my_service_pkg__rosidl_generator_py[0m
[5.444s] [ 77%] [32mBuilding C object CMakeFiles/my_service_pkg__rosidl_generator_py.dir/rosidl_generator_py/my_service_pkg/srv/_set_trajectory_file_s.c.o[0m
[5.621s] [ 80%] [32m[1mLinking C shared library rosidl_generator_py/my_service_pkg/libmy_service_pkg__rosidl_generator_py.so[0m
[5.648s] [ 80%] Built target my_service_pkg__rosidl_generator_py
[5.654s] [35m[1mConsolidate compiler generated dependencies of target my_service_pkg__rosidl_typesupport_fastrtps_c__pyext[0m
[5.654s] [35m[1mConsolidate compiler generated dependencies of target my_service_pkg__rosidl_typesupport_c__pyext[0m
[5.655s] [35m[1mConsolidate compiler generated dependencies of target my_service_pkg__rosidl_typesupport_introspection_c__pyext[0m
[5.663s] [ 90%] [32mBuilding C object CMakeFiles/my_service_pkg__rosidl_typesupport_fastrtps_c__pyext.dir/rosidl_generator_py/my_service_pkg/_my_service_pkg_s.ep.rosidl_typesupport_fastrtps_c.c.o[0m
[5.663s] [ 90%] [32mBuilding C object CMakeFiles/my_service_pkg__rosidl_typesupport_c__pyext.dir/rosidl_generator_py/my_service_pkg/_my_service_pkg_s.ep.rosidl_typesupport_c.c.o[0m
[5.663s] [ 90%] [32mBuilding C object CMakeFiles/my_service_pkg__rosidl_typesupport_introspection_c__pyext.dir/rosidl_generator_py/my_service_pkg/_my_service_pkg_s.ep.rosidl_typesupport_introspection_c.c.o[0m
[5.728s] [ 96%] [32m[1mLinking C shared library rosidl_generator_py/my_service_pkg/my_service_pkg_s__rosidl_typesupport_c.cpython-310-x86_64-linux-gnu.so[0m
[5.729s] [ 96%] [32m[1mLinking C shared library rosidl_generator_py/my_service_pkg/my_service_pkg_s__rosidl_typesupport_introspection_c.cpython-310-x86_64-linux-gnu.so[0m
[5.729s] [100%] [32m[1mLinking C shared library rosidl_generator_py/my_service_pkg/my_service_pkg_s__rosidl_typesupport_fastrtps_c.cpython-310-x86_64-linux-gnu.so[0m
[5.752s] [100%] Built target my_service_pkg__rosidl_typesupport_introspection_c__pyext
[5.752s] [100%] Built target my_service_pkg__rosidl_typesupport_c__pyext
[5.752s] [100%] Built target my_service_pkg__rosidl_typesupport_fastrtps_c__pyext
[5.759s] Invoked command in '/home/yesopi/ProyectoFinal/Robotics/build/my_service_pkg' returned '0': CMAKE_PREFIX_PATH=${CMAKE_PREFIX_PATH}:/home/yesopi/ProyectoFinal/Robotics/install/tesla:/home/yesopi/ProyectoFinal/Robotics/install/robot_movement:/home/yesopi/ProyectoFinal/Robotics/install/robot_manipulator:/opt/ros/humble /usr/bin/cmake --build /home/yesopi/ProyectoFinal/Robotics/build/my_service_pkg -- -j12 -l12
[5.797s] Invoking command in '/home/yesopi/ProyectoFinal/Robotics/build/my_service_pkg': CMAKE_PREFIX_PATH=${CMAKE_PREFIX_PATH}:/home/yesopi/ProyectoFinal/Robotics/install/tesla:/home/yesopi/ProyectoFinal/Robotics/install/robot_movement:/home/yesopi/ProyectoFinal/Robotics/install/robot_manipulator:/opt/ros/humble /usr/bin/cmake --install /home/yesopi/ProyectoFinal/Robotics/build/my_service_pkg
[5.801s] -- Install configuration: ""
[5.801s] -- Up-to-date: /home/yesopi/ProyectoFinal/Robotics/install/my_service_pkg/share/ament_index/resource_index/rosidl_interfaces/my_service_pkg
[5.801s] -- Up-to-date: /home/yesopi/ProyectoFinal/Robotics/install/my_service_pkg/include/my_service_pkg/my_service_pkg
[5.801s] -- Up-to-date: /home/yesopi/ProyectoFinal/Robotics/install/my_service_pkg/include/my_service_pkg/my_service_pkg/srv
[5.801s] -- Up-to-date: /home/yesopi/ProyectoFinal/Robotics/install/my_service_pkg/include/my_service_pkg/my_service_pkg/srv/detail
[5.801s] -- Installing: /home/yesopi/ProyectoFinal/Robotics/install/my_service_pkg/include/my_service_pkg/my_service_pkg/srv/detail/set_trajectory_file__functions.c
[5.801s] -- Installing: /home/yesopi/ProyectoFinal/Robotics/install/my_service_pkg/include/my_service_pkg/my_service_pkg/srv/detail/set_trajectory_file__functions.h
[5.802s] -- Installing: /home/yesopi/ProyectoFinal/Robotics/install/my_service_pkg/include/my_service_pkg/my_service_pkg/srv/detail/set_trajectory_file__struct.h
[5.802s] -- Installing: /home/yesopi/ProyectoFinal/Robotics/install/my_service_pkg/include/my_service_pkg/my_service_pkg/srv/detail/set_trajectory_file__type_support.h
[5.802s] -- Installing: /home/yesopi/ProyectoFinal/Robotics/install/my_service_pkg/include/my_service_pkg/my_service_pkg/srv/set_trajectory_file.h
[5.802s] -- Up-to-date: /home/yesopi/ProyectoFinal/Robotics/install/my_service_pkg/include/my_service_pkg/my_service_pkg/msg
[5.802s] -- Up-to-date: /home/yesopi/ProyectoFinal/Robotics/install/my_service_pkg/include/my_service_pkg/my_service_pkg/msg/rosidl_generator_c__visibility_control.h
[5.802s] -- Up-to-date: /home/yesopi/ProyectoFinal/Robotics/install/my_service_pkg/share/my_service_pkg/environment/library_path.sh
[5.802s] -- Installing: /home/yesopi/ProyectoFinal/Robotics/install/my_service_pkg/share/my_service_pkg/environment/library_path.dsv
[5.802s] -- Installing: /home/yesopi/ProyectoFinal/Robotics/install/my_service_pkg/lib/libmy_service_pkg__rosidl_generator_c.so
[5.802s] -- Set runtime path of "/home/yesopi/ProyectoFinal/Robotics/install/my_service_pkg/lib/libmy_service_pkg__rosidl_generator_c.so" to ""
[5.802s] -- Up-to-date: /home/yesopi/ProyectoFinal/Robotics/install/my_service_pkg/include/my_service_pkg/my_service_pkg
[5.803s] -- Up-to-date: /home/yesopi/ProyectoFinal/Robotics/install/my_service_pkg/include/my_service_pkg/my_service_pkg/srv
[5.803s] -- Up-to-date: /home/yesopi/ProyectoFinal/Robotics/install/my_service_pkg/include/my_service_pkg/my_service_pkg/srv/detail
[5.803s] -- Installing: /home/yesopi/ProyectoFinal/Robotics/install/my_service_pkg/include/my_service_pkg/my_service_pkg/srv/detail/set_trajectory_file__rosidl_typesupport_fastrtps_c.h
[5.803s] -- Up-to-date: /home/yesopi/ProyectoFinal/Robotics/install/my_service_pkg/include/my_service_pkg/my_service_pkg/msg
[5.803s] -- Up-to-date: /home/yesopi/ProyectoFinal/Robotics/install/my_service_pkg/include/my_service_pkg/my_service_pkg/msg/rosidl_typesupport_fastrtps_c__visibility_control.h
[5.803s] -- Installing: /home/yesopi/ProyectoFinal/Robotics/install/my_service_pkg/lib/libmy_service_pkg__rosidl_typesupport_fastrtps_c.so
[5.803s] -- Set runtime path of "/home/yesopi/ProyectoFinal/Robotics/install/my_service_pkg/lib/libmy_service_pkg__rosidl_typesupport_fastrtps_c.so" to ""
[5.803s] -- Up-to-date: /home/yesopi/ProyectoFinal/Robotics/install/my_service_pkg/include/my_service_pkg/my_service_pkg
[5.803s] -- Up-to-date: /home/yesopi/ProyectoFinal/Robotics/install/my_service_pkg/include/my_service_pkg/my_service_pkg/srv
[5.803s] -- Up-to-date: /home/yesopi/ProyectoFinal/Robotics/install/my_service_pkg/include/my_service_pkg/my_service_pkg/srv/detail
[5.804s] -- Installing: /home/yesopi/ProyectoFinal/Robotics/install/my_service_pkg/include/my_service_pkg/my_service_pkg/srv/detail/set_trajectory_file__rosidl_typesupport_introspection_c.h
[5.804s] -- Installing: /home/yesopi/ProyectoFinal/Robotics/install/my_service_pkg/include/my_service_pkg/my_service_pkg/srv/detail/set_trajectory_file__type_support.c
[5.804s] -- Up-to-date: /home/yesopi/ProyectoFinal/Robotics/install/my_service_pkg/include/my_service_pkg/my_service_pkg/msg
[5.804s] -- Up-to-date: /home/yesopi/ProyectoFinal/Robotics/install/my_service_pkg/include/my_service_pkg/my_service_pkg/msg/rosidl_typesupport_introspection_c__visibility_control.h
[5.804s] -- Installing: /home/yesopi/ProyectoFinal/Robotics/install/my_service_pkg/lib/libmy_service_pkg__rosidl_typesupport_introspection_c.so
[5.804s] -- Set runtime path of "/home/yesopi/ProyectoFinal/Robotics/install/my_service_pkg/lib/libmy_service_pkg__rosidl_typesupport_introspection_c.so" to ""
[5.804s] -- Installing: /home/yesopi/ProyectoFinal/Robotics/install/my_service_pkg/lib/libmy_service_pkg__rosidl_typesupport_c.so
[5.805s] -- Set runtime path of "/home/yesopi/ProyectoFinal/Robotics/install/my_service_pkg/lib/libmy_service_pkg__rosidl_typesupport_c.so" to ""
[5.805s] -- Up-to-date: /home/yesopi/ProyectoFinal/Robotics/install/my_service_pkg/include/my_service_pkg/my_service_pkg
[5.805s] -- Up-to-date: /home/yesopi/ProyectoFinal/Robotics/install/my_service_pkg/include/my_service_pkg/my_service_pkg/srv
[5.805s] -- Up-to-date: /home/yesopi/ProyectoFinal/Robotics/install/my_service_pkg/include/my_service_pkg/my_service_pkg/srv/detail
[5.805s] -- Installing: /home/yesopi/ProyectoFinal/Robotics/install/my_service_pkg/include/my_service_pkg/my_service_pkg/srv/detail/set_trajectory_file__builder.hpp
[5.805s] -- Installing: /home/yesopi/ProyectoFinal/Robotics/install/my_service_pkg/include/my_service_pkg/my_service_pkg/srv/detail/set_trajectory_file__struct.hpp
[5.805s] -- Installing: /home/yesopi/ProyectoFinal/Robotics/install/my_service_pkg/include/my_service_pkg/my_service_pkg/srv/detail/set_trajectory_file__traits.hpp
[5.805s] -- Installing: /home/yesopi/ProyectoFinal/Robotics/install/my_service_pkg/include/my_service_pkg/my_service_pkg/srv/set_trajectory_file.hpp
[5.805s] -- Up-to-date: /home/yesopi/ProyectoFinal/Robotics/install/my_service_pkg/include/my_service_pkg/my_service_pkg
[5.805s] -- Up-to-date: /home/yesopi/ProyectoFinal/Robotics/install/my_service_pkg/include/my_service_pkg/my_service_pkg/srv
[5.805s] -- Up-to-date: /home/yesopi/ProyectoFinal/Robotics/install/my_service_pkg/include/my_service_pkg/my_service_pkg/srv/detail
[5.805s] -- Up-to-date: /home/yesopi/ProyectoFinal/Robotics/install/my_service_pkg/include/my_service_pkg/my_service_pkg/srv/detail/dds_fastrtps
[5.805s] -- Installing: /home/yesopi/ProyectoFinal/Robotics/install/my_service_pkg/include/my_service_pkg/my_service_pkg/srv/detail/set_trajectory_file__rosidl_typesupport_fastrtps_cpp.hpp
[5.806s] -- Up-to-date: /home/yesopi/ProyectoFinal/Robotics/install/my_service_pkg/include/my_service_pkg/my_service_pkg/msg
[5.806s] -- Up-to-date: /home/yesopi/ProyectoFinal/Robotics/install/my_service_pkg/include/my_service_pkg/my_service_pkg/msg/rosidl_typesupport_fastrtps_cpp__visibility_control.h
[5.806s] -- Installing: /home/yesopi/ProyectoFinal/Robotics/install/my_service_pkg/lib/libmy_service_pkg__rosidl_typesupport_fastrtps_cpp.so
[5.806s] -- Set runtime path of "/home/yesopi/ProyectoFinal/Robotics/install/my_service_pkg/lib/libmy_service_pkg__rosidl_typesupport_fastrtps_cpp.so" to ""
[5.806s] -- Up-to-date: /home/yesopi/ProyectoFinal/Robotics/install/my_service_pkg/include/my_service_pkg/my_service_pkg
[5.806s] -- Up-to-date: /home/yesopi/ProyectoFinal/Robotics/install/my_service_pkg/include/my_service_pkg/my_service_pkg/srv
[5.806s] -- Up-to-date: /home/yesopi/ProyectoFinal/Robotics/install/my_service_pkg/include/my_service_pkg/my_service_pkg/srv/detail
[5.806s] -- Installing: /home/yesopi/ProyectoFinal/Robotics/install/my_service_pkg/include/my_service_pkg/my_service_pkg/srv/detail/set_trajectory_file__type_support.cpp
[5.806s] -- Installing: /home/yesopi/ProyectoFinal/Robotics/install/my_service_pkg/include/my_service_pkg/my_service_pkg/srv/detail/set_trajectory_file__rosidl_typesupport_introspection_cpp.hpp
[5.806s] -- Installing: /home/yesopi/ProyectoFinal/Robotics/install/my_service_pkg/lib/libmy_service_pkg__rosidl_typesupport_introspection_cpp.so
[5.807s] -- Set runtime path of "/home/yesopi/ProyectoFinal/Robotics/install/my_service_pkg/lib/libmy_service_pkg__rosidl_typesupport_introspection_cpp.so" to ""
[5.807s] -- Installing: /home/yesopi/ProyectoFinal/Robotics/install/my_service_pkg/lib/libmy_service_pkg__rosidl_typesupport_cpp.so
[5.807s] -- Set runtime path of "/home/yesopi/ProyectoFinal/Robotics/install/my_service_pkg/lib/libmy_service_pkg__rosidl_typesupport_cpp.so" to ""
[5.807s] -- Up-to-date: /home/yesopi/ProyectoFinal/Robotics/install/my_service_pkg/share/my_service_pkg/environment/pythonpath.sh
[5.807s] -- Installing: /home/yesopi/ProyectoFinal/Robotics/install/my_service_pkg/share/my_service_pkg/environment/pythonpath.dsv
[5.807s] -- Up-to-date: /home/yesopi/ProyectoFinal/Robotics/install/my_service_pkg/local/lib/python3.10/dist-packages/my_service_pkg-0.0.0-py3.10.egg-info
[5.807s] -- Installing: /home/yesopi/ProyectoFinal/Robotics/install/my_service_pkg/local/lib/python3.10/dist-packages/my_service_pkg-0.0.0-py3.10.egg-info/top_level.txt
[5.807s] -- Installing: /home/yesopi/ProyectoFinal/Robotics/install/my_service_pkg/local/lib/python3.10/dist-packages/my_service_pkg-0.0.0-py3.10.egg-info/dependency_links.txt
[5.808s] -- Installing: /home/yesopi/ProyectoFinal/Robotics/install/my_service_pkg/local/lib/python3.10/dist-packages/my_service_pkg-0.0.0-py3.10.egg-info/PKG-INFO
[5.808s] -- Installing: /home/yesopi/ProyectoFinal/Robotics/install/my_service_pkg/local/lib/python3.10/dist-packages/my_service_pkg-0.0.0-py3.10.egg-info/SOURCES.txt
[5.808s] -- Up-to-date: /home/yesopi/ProyectoFinal/Robotics/install/my_service_pkg/local/lib/python3.10/dist-packages/my_service_pkg
[5.808s] -- Installing: /home/yesopi/ProyectoFinal/Robotics/install/my_service_pkg/local/lib/python3.10/dist-packages/my_service_pkg/_my_service_pkg_s.ep.rosidl_typesupport_fastrtps_c.c
[5.808s] -- Installing: /home/yesopi/ProyectoFinal/Robotics/install/my_service_pkg/local/lib/python3.10/dist-packages/my_service_pkg/my_service_pkg_s__rosidl_typesupport_c.cpython-310-x86_64-linux-gnu.so
[5.808s] -- Installing: /home/yesopi/ProyectoFinal/Robotics/install/my_service_pkg/local/lib/python3.10/dist-packages/my_service_pkg/__init__.py
[5.808s] -- Up-to-date: /home/yesopi/ProyectoFinal/Robotics/install/my_service_pkg/local/lib/python3.10/dist-packages/my_service_pkg/srv
[5.808s] -- Installing: /home/yesopi/ProyectoFinal/Robotics/install/my_service_pkg/local/lib/python3.10/dist-packages/my_service_pkg/srv/__init__.py
[5.808s] -- Installing: /home/yesopi/ProyectoFinal/Robotics/install/my_service_pkg/local/lib/python3.10/dist-packages/my_service_pkg/srv/_set_trajectory_file_s.c
[5.808s] -- Installing: /home/yesopi/ProyectoFinal/Robotics/install/my_service_pkg/local/lib/python3.10/dist-packages/my_service_pkg/srv/_set_trajectory_file.py
[5.808s] -- Installing: /home/yesopi/ProyectoFinal/Robotics/install/my_service_pkg/local/lib/python3.10/dist-packages/my_service_pkg/my_service_pkg_s__rosidl_typesupport_fastrtps_c.cpython-310-x86_64-linux-gnu.so
[5.808s] -- Installing: /home/yesopi/ProyectoFinal/Robotics/install/my_service_pkg/local/lib/python3.10/dist-packages/my_service_pkg/_my_service_pkg_s.ep.rosidl_typesupport_c.c
[5.808s] -- Installing: /home/yesopi/ProyectoFinal/Robotics/install/my_service_pkg/local/lib/python3.10/dist-packages/my_service_pkg/_my_service_pkg_s.ep.rosidl_typesupport_introspection_c.c
[5.809s] -- Installing: /home/yesopi/ProyectoFinal/Robotics/install/my_service_pkg/local/lib/python3.10/dist-packages/my_service_pkg/my_service_pkg_s__rosidl_typesupport_introspection_c.cpython-310-x86_64-linux-gnu.so
[5.809s] -- Installing: /home/yesopi/ProyectoFinal/Robotics/install/my_service_pkg/local/lib/python3.10/dist-packages/my_service_pkg/libmy_service_pkg__rosidl_generator_py.so
[5.836s] Listing '/home/yesopi/ProyectoFinal/Robotics/install/my_service_pkg/local/lib/python3.10/dist-packages/my_service_pkg'...
[5.836s] Compiling '/home/yesopi/ProyectoFinal/Robotics/install/my_service_pkg/local/lib/python3.10/dist-packages/my_service_pkg/__init__.py'...
[5.836s] Listing '/home/yesopi/ProyectoFinal/Robotics/install/my_service_pkg/local/lib/python3.10/dist-packages/my_service_pkg/srv'...
[5.836s] Compiling '/home/yesopi/ProyectoFinal/Robotics/install/my_service_pkg/local/lib/python3.10/dist-packages/my_service_pkg/srv/__init__.py'...
[5.836s] Compiling '/home/yesopi/ProyectoFinal/Robotics/install/my_service_pkg/local/lib/python3.10/dist-packages/my_service_pkg/srv/_set_trajectory_file.py'...
[5.840s] -- Installing: /home/yesopi/ProyectoFinal/Robotics/install/my_service_pkg/local/lib/python3.10/dist-packages/my_service_pkg/my_service_pkg_s__rosidl_typesupport_fastrtps_c.cpython-310-x86_64-linux-gnu.so
[5.840s] -- Set runtime path of "/home/yesopi/ProyectoFinal/Robotics/install/my_service_pkg/local/lib/python3.10/dist-packages/my_service_pkg/my_service_pkg_s__rosidl_typesupport_fastrtps_c.cpython-310-x86_64-linux-gnu.so" to ""
[5.840s] -- Installing: /home/yesopi/ProyectoFinal/Robotics/install/my_service_pkg/local/lib/python3.10/dist-packages/my_service_pkg/my_service_pkg_s__rosidl_typesupport_introspection_c.cpython-310-x86_64-linux-gnu.so
[5.840s] -- Set runtime path of "/home/yesopi/ProyectoFinal/Robotics/install/my_service_pkg/local/lib/python3.10/dist-packages/my_service_pkg/my_service_pkg_s__rosidl_typesupport_introspection_c.cpython-310-x86_64-linux-gnu.so" to ""
[5.840s] -- Installing: /home/yesopi/ProyectoFinal/Robotics/install/my_service_pkg/local/lib/python3.10/dist-packages/my_service_pkg/my_service_pkg_s__rosidl_typesupport_c.cpython-310-x86_64-linux-gnu.so
[5.841s] -- Set runtime path of "/home/yesopi/ProyectoFinal/Robotics/install/my_service_pkg/local/lib/python3.10/dist-packages/my_service_pkg/my_service_pkg_s__rosidl_typesupport_c.cpython-310-x86_64-linux-gnu.so" to ""
[5.841s] -- Installing: /home/yesopi/ProyectoFinal/Robotics/install/my_service_pkg/lib/libmy_service_pkg__rosidl_generator_py.so
[5.841s] -- Set runtime path of "/home/yesopi/ProyectoFinal/Robotics/install/my_service_pkg/lib/libmy_service_pkg__rosidl_generator_py.so" to ""
[5.841s] -- Up-to-date: /home/yesopi/ProyectoFinal/Robotics/install/my_service_pkg/share/my_service_pkg/srv/SetTrajectoryFile.idl
[5.841s] -- Up-to-date: /home/yesopi/ProyectoFinal/Robotics/install/my_service_pkg/share/my_service_pkg/srv/SetTrajectoryFile.srv
[5.841s] -- Up-to-date: /home/yesopi/ProyectoFinal/Robotics/install/my_service_pkg/share/my_service_pkg/srv/SetTrajectoryFile_Request.msg
[5.841s] -- Up-to-date: /home/yesopi/ProyectoFinal/Robotics/install/my_service_pkg/share/my_service_pkg/srv/SetTrajectoryFile_Response.msg
[5.842s] -- Up-to-date: /home/yesopi/ProyectoFinal/Robotics/install/my_service_pkg/share/ament_index/resource_index/package_run_dependencies/my_service_pkg
[5.842s] -- Installing: /home/yesopi/ProyectoFinal/Robotics/install/my_service_pkg/share/ament_index/resource_index/parent_prefix_path/my_service_pkg
[5.842s] -- Up-to-date: /home/yesopi/ProyectoFinal/Robotics/install/my_service_pkg/share/my_service_pkg/environment/ament_prefix_path.sh
[5.842s] -- Installing: /home/yesopi/ProyectoFinal/Robotics/install/my_service_pkg/share/my_service_pkg/environment/ament_prefix_path.dsv
[5.842s] -- Up-to-date: /home/yesopi/ProyectoFinal/Robotics/install/my_service_pkg/share/my_service_pkg/environment/path.sh
[5.842s] -- Installing: /home/yesopi/ProyectoFinal/Robotics/install/my_service_pkg/share/my_service_pkg/environment/path.dsv
[5.842s] -- Up-to-date: /home/yesopi/ProyectoFinal/Robotics/install/my_service_pkg/share/my_service_pkg/local_setup.bash
[5.842s] -- Installing: /home/yesopi/ProyectoFinal/Robotics/install/my_service_pkg/share/my_service_pkg/local_setup.sh
[5.842s] -- Up-to-date: /home/yesopi/ProyectoFinal/Robotics/install/my_service_pkg/share/my_service_pkg/local_setup.zsh
[5.842s] -- Installing: /home/yesopi/ProyectoFinal/Robotics/install/my_service_pkg/share/my_service_pkg/local_setup.dsv
[5.842s] -- Installing: /home/yesopi/ProyectoFinal/Robotics/install/my_service_pkg/share/my_service_pkg/package.dsv
[5.842s] -- Up-to-date: /home/yesopi/ProyectoFinal/Robotics/install/my_service_pkg/share/ament_index/resource_index/packages/my_service_pkg
[5.842s] -- Up-to-date: /home/yesopi/ProyectoFinal/Robotics/install/my_service_pkg/share/my_service_pkg/cmake/export_my_service_pkg__rosidl_generator_cExport.cmake
[5.842s] -- Up-to-date: /home/yesopi/ProyectoFinal/Robotics/install/my_service_pkg/share/my_service_pkg/cmake/export_my_service_pkg__rosidl_generator_cExport-noconfig.cmake
[5.843s] -- Up-to-date: /home/yesopi/ProyectoFinal/Robotics/install/my_service_pkg/share/my_service_pkg/cmake/export_my_service_pkg__rosidl_typesupport_fastrtps_cExport.cmake
[5.843s] -- Up-to-date: /home/yesopi/ProyectoFinal/Robotics/install/my_service_pkg/share/my_service_pkg/cmake/export_my_service_pkg__rosidl_typesupport_fastrtps_cExport-noconfig.cmake
[5.843s] -- Up-to-date: /home/yesopi/ProyectoFinal/Robotics/install/my_service_pkg/share/my_service_pkg/cmake/my_service_pkg__rosidl_typesupport_introspection_cExport.cmake
[5.843s] -- Up-to-date: /home/yesopi/ProyectoFinal/Robotics/install/my_service_pkg/share/my_service_pkg/cmake/my_service_pkg__rosidl_typesupport_introspection_cExport-noconfig.cmake
[5.843s] -- Up-to-date: /home/yesopi/ProyectoFinal/Robotics/install/my_service_pkg/share/my_service_pkg/cmake/my_service_pkg__rosidl_typesupport_cExport.cmake
[5.843s] -- Up-to-date: /home/yesopi/ProyectoFinal/Robotics/install/my_service_pkg/share/my_service_pkg/cmake/my_service_pkg__rosidl_typesupport_cExport-noconfig.cmake
[5.843s] -- Up-to-date: /home/yesopi/ProyectoFinal/Robotics/install/my_service_pkg/share/my_service_pkg/cmake/export_my_service_pkg__rosidl_generator_cppExport.cmake
[5.843s] -- Up-to-date: /home/yesopi/ProyectoFinal/Robotics/install/my_service_pkg/share/my_service_pkg/cmake/export_my_service_pkg__rosidl_typesupport_fastrtps_cppExport.cmake
[5.843s] -- Up-to-date: /home/yesopi/ProyectoFinal/Robotics/install/my_service_pkg/share/my_service_pkg/cmake/export_my_service_pkg__rosidl_typesupport_fastrtps_cppExport-noconfig.cmake
[5.862s] -- Up-to-date: /home/yesopi/ProyectoFinal/Robotics/install/my_service_pkg/share/my_service_pkg/cmake/my_service_pkg__rosidl_typesupport_introspection_cppExport.cmake
[5.863s] -- Up-to-date: /home/yesopi/ProyectoFinal/Robotics/install/my_service_pkg/share/my_service_pkg/cmake/my_service_pkg__rosidl_typesupport_introspection_cppExport-noconfig.cmake
[5.863s] -- Up-to-date: /home/yesopi/ProyectoFinal/Robotics/install/my_service_pkg/share/my_service_pkg/cmake/my_service_pkg__rosidl_typesupport_cppExport.cmake
[5.863s] -- Up-to-date: /home/yesopi/ProyectoFinal/Robotics/install/my_service_pkg/share/my_service_pkg/cmake/my_service_pkg__rosidl_typesupport_cppExport-noconfig.cmake
[5.863s] -- Up-to-date: /home/yesopi/ProyectoFinal/Robotics/install/my_service_pkg/share/my_service_pkg/cmake/export_my_service_pkg__rosidl_generator_pyExport.cmake
[5.863s] -- Up-to-date: /home/yesopi/ProyectoFinal/Robotics/install/my_service_pkg/share/my_service_pkg/cmake/export_my_service_pkg__rosidl_generator_pyExport-noconfig.cmake
[5.863s] -- Up-to-date: /home/yesopi/ProyectoFinal/Robotics/install/my_service_pkg/share/my_service_pkg/cmake/rosidl_cmake-extras.cmake
[5.863s] -- Up-to-date: /home/yesopi/ProyectoFinal/Robotics/install/my_service_pkg/share/my_service_pkg/cmake/ament_cmake_export_include_directories-extras.cmake
[5.863s] -- Up-to-date: /home/yesopi/ProyectoFinal/Robotics/install/my_service_pkg/share/my_service_pkg/cmake/ament_cmake_export_libraries-extras.cmake
[5.863s] -- Up-to-date: /home/yesopi/ProyectoFinal/Robotics/install/my_service_pkg/share/my_service_pkg/cmake/ament_cmake_export_targets-extras.cmake
[5.863s] -- Up-to-date: /home/yesopi/ProyectoFinal/Robotics/install/my_service_pkg/share/my_service_pkg/cmake/rosidl_cmake_export_typesupport_targets-extras.cmake
[5.863s] -- Up-to-date: /home/yesopi/ProyectoFinal/Robotics/install/my_service_pkg/share/my_service_pkg/cmake/ament_cmake_export_dependencies-extras.cmake
[5.863s] -- Up-to-date: /home/yesopi/ProyectoFinal/Robotics/install/my_service_pkg/share/my_service_pkg/cmake/rosidl_cmake_export_typesupport_libraries-extras.cmake
[5.863s] -- Up-to-date: /home/yesopi/ProyectoFinal/Robotics/install/my_service_pkg/share/my_service_pkg/cmake/my_service_pkgConfig.cmake
[5.863s] -- Up-to-date: /home/yesopi/ProyectoFinal/Robotics/install/my_service_pkg/share/my_service_pkg/cmake/my_service_pkgConfig-version.cmake
[5.863s] -- Up-to-date: /home/yesopi/ProyectoFinal/Robotics/install/my_service_pkg/share/my_service_pkg/package.xml
[5.866s] Invoked command in '/home/yesopi/ProyectoFinal/Robotics/build/my_service_pkg' returned '0': CMAKE_PREFIX_PATH=${CMAKE_PREFIX_PATH}:/home/yesopi/ProyectoFinal/Robotics/install/tesla:/home/yesopi/ProyectoFinal/Robotics/install/robot_movement:/home/yesopi/ProyectoFinal/Robotics/install/robot_manipulator:/opt/ros/humble /usr/bin/cmake --install /home/yesopi/ProyectoFinal/Robotics/build/my_service_pkg
