[1.548s] Invoking command in '/home/daniel/ProyectoFinal/Vision/vision_rasp/src/pkg_cuadrar_rectangulos': PYTHONPATH=/home/daniel/ProyectoFinal/Vision/vision_rasp/build/pkg_cuadrar_rectangulos/prefix_override:/home/daniel/ProyectoFinal/Vision/vision_rasp/install/pkg_cuadrar_rectangulos/lib/python3.10/site-packages:${PYTHONPATH} /usr/bin/python3 setup.py egg_info --egg-base ../../build/pkg_cuadrar_rectangulos build --build-base /home/daniel/ProyectoFinal/Vision/vision_rasp/build/pkg_cuadrar_rectangulos/build install --record /home/daniel/ProyectoFinal/Vision/vision_rasp/build/pkg_cuadrar_rectangulos/install.log --single-version-externally-managed
[1.894s] running egg_info
[1.895s] writing ../../build/pkg_cuadrar_rectangulos/pkg_cuadrar_rectangulos.egg-info/PKG-INFO
[1.895s] writing dependency_links to ../../build/pkg_cuadrar_rectangulos/pkg_cuadrar_rectangulos.egg-info/dependency_links.txt
[1.896s] writing entry points to ../../build/pkg_cuadrar_rectangulos/pkg_cuadrar_rectangulos.egg-info/entry_points.txt
[1.896s] writing requirements to ../../build/pkg_cuadrar_rectangulos/pkg_cuadrar_rectangulos.egg-info/requires.txt
[1.896s] writing top-level names to ../../build/pkg_cuadrar_rectangulos/pkg_cuadrar_rectangulos.egg-info/top_level.txt
[1.900s] reading manifest file '../../build/pkg_cuadrar_rectangulos/pkg_cuadrar_rectangulos.egg-info/SOURCES.txt'
[1.902s] writing manifest file '../../build/pkg_cuadrar_rectangulos/pkg_cuadrar_rectangulos.egg-info/SOURCES.txt'
[1.902s] running build
[1.902s] running build_py
[1.902s] running install
[1.903s] /usr/lib/python3/dist-packages/setuptools/command/install.py:34: SetuptoolsDeprecationWarning: setup.py install is deprecated. Use build and pip and other standards-based tools.
[1.903s]   warnings.warn(
[1.904s] running install_lib
[1.905s] running install_data
[1.906s] running install_egg_info
[1.909s] removing '/home/daniel/ProyectoFinal/Vision/vision_rasp/install/pkg_cuadrar_rectangulos/lib/python3.10/site-packages/pkg_cuadrar_rectangulos-0.0.0-py3.10.egg-info' (and everything under it)
[1.909s] Copying ../../build/pkg_cuadrar_rectangulos/pkg_cuadrar_rectangulos.egg-info to /home/daniel/ProyectoFinal/Vision/vision_rasp/install/pkg_cuadrar_rectangulos/lib/python3.10/site-packages/pkg_cuadrar_rectangulos-0.0.0-py3.10.egg-info
[1.910s] running install_scripts
[1.943s] Installing vision_cuadrar_rectangulos script to /home/daniel/ProyectoFinal/Vision/vision_rasp/install/pkg_cuadrar_rectangulos/lib/pkg_cuadrar_rectangulos
[1.944s] writing list of installed files to '/home/daniel/ProyectoFinal/Vision/vision_rasp/build/pkg_cuadrar_rectangulos/install.log'
[1.978s] Invoked command in '/home/daniel/ProyectoFinal/Vision/vision_rasp/src/pkg_cuadrar_rectangulos' returned '0': PYTHONPATH=/home/daniel/ProyectoFinal/Vision/vision_rasp/build/pkg_cuadrar_rectangulos/prefix_override:/home/daniel/ProyectoFinal/Vision/vision_rasp/install/pkg_cuadrar_rectangulos/lib/python3.10/site-packages:${PYTHONPATH} /usr/bin/python3 setup.py egg_info --egg-base ../../build/pkg_cuadrar_rectangulos build --build-base /home/daniel/ProyectoFinal/Vision/vision_rasp/build/pkg_cuadrar_rectangulos/build install --record /home/daniel/ProyectoFinal/Vision/vision_rasp/build/pkg_cuadrar_rectangulos/install.log --single-version-externally-managed
