[4.256s] DEBUG:colcon:Command line arguments: ['/usr/bin/colcon', 'build']
[4.256s] DEBUG:colcon:Parsed command line arguments: Namespace(log_base=None, log_level=None, verb_name='build', build_base='build', install_base='install', merge_install=False, symlink_install=False, test_result_base=None, continue_on_error=False, executor='parallel', parallel_workers=8, event_handlers=None, ignore_user_meta=False, metas=['./colcon.meta'], base_paths=['.'], packages_ignore=None, packages_ignore_regex=None, paths=None, packages_up_to=None, packages_up_to_regex=None, packages_above=None, packages_above_and_dependencies=None, packages_above_depth=None, packages_select_by_dep=None, packages_skip_by_dep=None, packages_skip_up_to=None, packages_select_build_failed=False, packages_skip_build_finished=False, packages_select_test_failures=False, packages_skip_test_passed=False, packages_select=None, packages_skip=None, packages_select_regex=None, packages_skip_regex=None, packages_start=None, packages_end=None, allow_overriding=[], cmake_args=None, cmake_target=None, cmake_target_skip_unavailable=False, cmake_clean_cache=False, cmake_clean_first=False, cmake_force_configure=False, ament_cmake_args=None, catkin_cmake_args=None, catkin_skip_building_tests=False, verb_parser=<colcon_defaults.argument_parser.defaults.DefaultArgumentsDecorator object at 0x7f5614be1720>, verb_extension=<colcon_core.verb.build.BuildVerb object at 0x7f56152336a0>, main=<bound method BuildVerb.main of <colcon_core.verb.build.BuildVerb object at 0x7f56152336a0>>)
[4.625s] Level 1:colcon.colcon_core.package_discovery:discover_packages(colcon_meta) check parameters
[4.625s] Level 1:colcon.colcon_core.package_discovery:discover_packages(recursive) check parameters
[4.625s] Level 1:colcon.colcon_core.package_discovery:discover_packages(ignore) check parameters
[4.625s] Level 1:colcon.colcon_core.package_discovery:discover_packages(path) check parameters
[4.625s] Level 1:colcon.colcon_core.package_discovery:discover_packages(colcon_meta) discover
[4.626s] Level 1:colcon.colcon_core.package_discovery:discover_packages(recursive) discover
[4.626s] INFO:colcon.colcon_core.package_discovery:Crawling recursively for packages in '/home/daniel/ProyectoFinal/Vision/vision_rasp'
[4.626s] Level 1:colcon.colcon_core.package_identification:_identify(.) by extensions ['ignore', 'ignore_ament_install']
[4.626s] Level 1:colcon.colcon_core.package_identification:_identify(.) by extension 'ignore'
[4.626s] Level 1:colcon.colcon_core.package_identification:_identify(.) by extension 'ignore_ament_install'
[4.626s] Level 1:colcon.colcon_core.package_identification:_identify(.) by extensions ['colcon_pkg']
[4.626s] Level 1:colcon.colcon_core.package_identification:_identify(.) by extension 'colcon_pkg'
[4.626s] Level 1:colcon.colcon_core.package_identification:_identify(.) by extensions ['colcon_meta']
[4.626s] Level 1:colcon.colcon_core.package_identification:_identify(.) by extension 'colcon_meta'
[4.627s] Level 1:colcon.colcon_core.package_identification:_identify(.) by extensions ['ros']
[4.627s] Level 1:colcon.colcon_core.package_identification:_identify(.) by extension 'ros'
[4.688s] Level 1:colcon.colcon_core.package_identification:_identify(.) by extensions ['cmake', 'python']
[4.689s] Level 1:colcon.colcon_core.package_identification:_identify(.) by extension 'cmake'
[4.689s] Level 1:colcon.colcon_core.package_identification:_identify(.) by extension 'python'
[4.689s] Level 1:colcon.colcon_core.package_identification:_identify(.) by extensions ['python_setup_py']
[4.689s] Level 1:colcon.colcon_core.package_identification:_identify(.) by extension 'python_setup_py'
[4.689s] Level 1:colcon.colcon_core.package_identification:_identify(build) by extensions ['ignore', 'ignore_ament_install']
[4.689s] Level 1:colcon.colcon_core.package_identification:_identify(build) by extension 'ignore'
[4.690s] Level 1:colcon.colcon_core.package_identification:_identify(build) ignored
[4.690s] Level 1:colcon.colcon_core.package_identification:_identify(install) by extensions ['ignore', 'ignore_ament_install']
[4.690s] Level 1:colcon.colcon_core.package_identification:_identify(install) by extension 'ignore'
[4.690s] Level 1:colcon.colcon_core.package_identification:_identify(install) ignored
[4.691s] Level 1:colcon.colcon_core.package_identification:_identify(log) by extensions ['ignore', 'ignore_ament_install']
[4.691s] Level 1:colcon.colcon_core.package_identification:_identify(log) by extension 'ignore'
[4.691s] Level 1:colcon.colcon_core.package_identification:_identify(log) ignored
[4.692s] Level 1:colcon.colcon_core.package_identification:_identify(src) by extensions ['ignore', 'ignore_ament_install']
[4.692s] Level 1:colcon.colcon_core.package_identification:_identify(src) by extension 'ignore'
[4.693s] Level 1:colcon.colcon_core.package_identification:_identify(src) by extension 'ignore_ament_install'
[4.693s] Level 1:colcon.colcon_core.package_identification:_identify(src) by extensions ['colcon_pkg']
[4.693s] Level 1:colcon.colcon_core.package_identification:_identify(src) by extension 'colcon_pkg'
[4.693s] Level 1:colcon.colcon_core.package_identification:_identify(src) by extensions ['colcon_meta']
[4.693s] Level 1:colcon.colcon_core.package_identification:_identify(src) by extension 'colcon_meta'
[4.693s] Level 1:colcon.colcon_core.package_identification:_identify(src) by extensions ['ros']
[4.693s] Level 1:colcon.colcon_core.package_identification:_identify(src) by extension 'ros'
[4.694s] Level 1:colcon.colcon_core.package_identification:_identify(src) by extensions ['cmake', 'python']
[4.694s] Level 1:colcon.colcon_core.package_identification:_identify(src) by extension 'cmake'
[4.694s] Level 1:colcon.colcon_core.package_identification:_identify(src) by extension 'python'
[4.694s] Level 1:colcon.colcon_core.package_identification:_identify(src) by extensions ['python_setup_py']
[4.694s] Level 1:colcon.colcon_core.package_identification:_identify(src) by extension 'python_setup_py'
[4.757s] Level 1:colcon.colcon_core.package_identification:_identify(src/pkg_cuadrar_rectangulos) by extensions ['ignore', 'ignore_ament_install']
[4.757s] Level 1:colcon.colcon_core.package_identification:_identify(src/pkg_cuadrar_rectangulos) by extension 'ignore'
[4.757s] Level 1:colcon.colcon_core.package_identification:_identify(src/pkg_cuadrar_rectangulos) by extension 'ignore_ament_install'
[4.758s] Level 1:colcon.colcon_core.package_identification:_identify(src/pkg_cuadrar_rectangulos) by extensions ['colcon_pkg']
[4.758s] Level 1:colcon.colcon_core.package_identification:_identify(src/pkg_cuadrar_rectangulos) by extension 'colcon_pkg'
[4.758s] Level 1:colcon.colcon_core.package_identification:_identify(src/pkg_cuadrar_rectangulos) by extensions ['colcon_meta']
[4.758s] Level 1:colcon.colcon_core.package_identification:_identify(src/pkg_cuadrar_rectangulos) by extension 'colcon_meta'
[4.758s] Level 1:colcon.colcon_core.package_identification:_identify(src/pkg_cuadrar_rectangulos) by extensions ['ros']
[4.758s] Level 1:colcon.colcon_core.package_identification:_identify(src/pkg_cuadrar_rectangulos) by extension 'ros'
[4.906s] DEBUG:colcon.colcon_core.package_identification:Package 'src/pkg_cuadrar_rectangulos' with type 'ros.ament_python' and name 'pkg_cuadrar_rectangulos'
[4.908s] Level 1:colcon.colcon_core.package_identification:_identify(src/pkg_vision_rasp) by extensions ['ignore', 'ignore_ament_install']
[4.908s] Level 1:colcon.colcon_core.package_identification:_identify(src/pkg_vision_rasp) by extension 'ignore'
[4.908s] Level 1:colcon.colcon_core.package_identification:_identify(src/pkg_vision_rasp) by extension 'ignore_ament_install'
[4.909s] Level 1:colcon.colcon_core.package_identification:_identify(src/pkg_vision_rasp) by extensions ['colcon_pkg']
[4.909s] Level 1:colcon.colcon_core.package_identification:_identify(src/pkg_vision_rasp) by extension 'colcon_pkg'
[4.909s] Level 1:colcon.colcon_core.package_identification:_identify(src/pkg_vision_rasp) by extensions ['colcon_meta']
[4.909s] Level 1:colcon.colcon_core.package_identification:_identify(src/pkg_vision_rasp) by extension 'colcon_meta'
[4.909s] Level 1:colcon.colcon_core.package_identification:_identify(src/pkg_vision_rasp) by extensions ['ros']
[4.909s] Level 1:colcon.colcon_core.package_identification:_identify(src/pkg_vision_rasp) by extension 'ros'
[4.935s] DEBUG:colcon.colcon_core.package_identification:Package 'src/pkg_vision_rasp' with type 'ros.ament_python' and name 'pkg_vision_rasp'
[4.944s] Level 1:colcon.colcon_core.package_identification:_identify(src/pkg_vision_visualizador) by extensions ['ignore', 'ignore_ament_install']
[4.944s] Level 1:colcon.colcon_core.package_identification:_identify(src/pkg_vision_visualizador) by extension 'ignore'
[4.945s] Level 1:colcon.colcon_core.package_identification:_identify(src/pkg_vision_visualizador) by extension 'ignore_ament_install'
[4.945s] Level 1:colcon.colcon_core.package_identification:_identify(src/pkg_vision_visualizador) by extensions ['colcon_pkg']
[4.945s] Level 1:colcon.colcon_core.package_identification:_identify(src/pkg_vision_visualizador) by extension 'colcon_pkg'
[4.945s] Level 1:colcon.colcon_core.package_identification:_identify(src/pkg_vision_visualizador) by extensions ['colcon_meta']
[4.945s] Level 1:colcon.colcon_core.package_identification:_identify(src/pkg_vision_visualizador) by extension 'colcon_meta'
[4.945s] Level 1:colcon.colcon_core.package_identification:_identify(src/pkg_vision_visualizador) by extensions ['ros']
[4.946s] Level 1:colcon.colcon_core.package_identification:_identify(src/pkg_vision_visualizador) by extension 'ros'
[4.961s] DEBUG:colcon.colcon_core.package_identification:Package 'src/pkg_vision_visualizador' with type 'ros.ament_python' and name 'pkg_vision_visualizador'
[4.961s] Level 1:colcon.colcon_core.package_discovery:discover_packages(recursive) using defaults
[4.961s] Level 1:colcon.colcon_core.package_discovery:discover_packages(ignore) discover
[4.961s] Level 1:colcon.colcon_core.package_discovery:discover_packages(ignore) using defaults
[4.961s] Level 1:colcon.colcon_core.package_discovery:discover_packages(path) discover
[4.962s] Level 1:colcon.colcon_core.package_discovery:discover_packages(path) using defaults
[5.218s] Level 1:colcon.colcon_core.package_discovery:discover_packages(prefix_path) check parameters
[5.218s] Level 1:colcon.colcon_core.package_discovery:discover_packages(prefix_path) discover
[5.225s] DEBUG:colcon.colcon_installed_package_information.package_discovery:Found 284 installed packages in /opt/ros/humble
[5.227s] Level 1:colcon.colcon_core.package_discovery:discover_packages(prefix_path) using defaults
[5.364s] Level 5:colcon.colcon_core.verb:set package 'pkg_cuadrar_rectangulos' build argument 'cmake_args' from command line to 'None'
[5.365s] Level 5:colcon.colcon_core.verb:set package 'pkg_cuadrar_rectangulos' build argument 'cmake_target' from command line to 'None'
[5.365s] Level 5:colcon.colcon_core.verb:set package 'pkg_cuadrar_rectangulos' build argument 'cmake_target_skip_unavailable' from command line to 'False'
[5.365s] Level 5:colcon.colcon_core.verb:set package 'pkg_cuadrar_rectangulos' build argument 'cmake_clean_cache' from command line to 'False'
[5.365s] Level 5:colcon.colcon_core.verb:set package 'pkg_cuadrar_rectangulos' build argument 'cmake_clean_first' from command line to 'False'
[5.365s] Level 5:colcon.colcon_core.verb:set package 'pkg_cuadrar_rectangulos' build argument 'cmake_force_configure' from command line to 'False'
[5.365s] Level 5:colcon.colcon_core.verb:set package 'pkg_cuadrar_rectangulos' build argument 'ament_cmake_args' from command line to 'None'
[5.365s] Level 5:colcon.colcon_core.verb:set package 'pkg_cuadrar_rectangulos' build argument 'catkin_cmake_args' from command line to 'None'
[5.365s] Level 5:colcon.colcon_core.verb:set package 'pkg_cuadrar_rectangulos' build argument 'catkin_skip_building_tests' from command line to 'False'
[5.365s] DEBUG:colcon.colcon_core.verb:Building package 'pkg_cuadrar_rectangulos' with the following arguments: {'ament_cmake_args': None, 'build_base': '/home/daniel/ProyectoFinal/Vision/vision_rasp/build/pkg_cuadrar_rectangulos', 'catkin_cmake_args': None, 'catkin_skip_building_tests': False, 'cmake_args': None, 'cmake_clean_cache': False, 'cmake_clean_first': False, 'cmake_force_configure': False, 'cmake_target': None, 'cmake_target_skip_unavailable': False, 'install_base': '/home/daniel/ProyectoFinal/Vision/vision_rasp/install/pkg_cuadrar_rectangulos', 'merge_install': False, 'path': '/home/daniel/ProyectoFinal/Vision/vision_rasp/src/pkg_cuadrar_rectangulos', 'symlink_install': False, 'test_result_base': None}
[5.366s] Level 5:colcon.colcon_core.verb:set package 'pkg_vision_rasp' build argument 'cmake_args' from command line to 'None'
[5.366s] Level 5:colcon.colcon_core.verb:set package 'pkg_vision_rasp' build argument 'cmake_target' from command line to 'None'
[5.366s] Level 5:colcon.colcon_core.verb:set package 'pkg_vision_rasp' build argument 'cmake_target_skip_unavailable' from command line to 'False'
[5.366s] Level 5:colcon.colcon_core.verb:set package 'pkg_vision_rasp' build argument 'cmake_clean_cache' from command line to 'False'
[5.366s] Level 5:colcon.colcon_core.verb:set package 'pkg_vision_rasp' build argument 'cmake_clean_first' from command line to 'False'
[5.366s] Level 5:colcon.colcon_core.verb:set package 'pkg_vision_rasp' build argument 'cmake_force_configure' from command line to 'False'
[5.366s] Level 5:colcon.colcon_core.verb:set package 'pkg_vision_rasp' build argument 'ament_cmake_args' from command line to 'None'
[5.366s] Level 5:colcon.colcon_core.verb:set package 'pkg_vision_rasp' build argument 'catkin_cmake_args' from command line to 'None'
[5.367s] Level 5:colcon.colcon_core.verb:set package 'pkg_vision_rasp' build argument 'catkin_skip_building_tests' from command line to 'False'
[5.367s] DEBUG:colcon.colcon_core.verb:Building package 'pkg_vision_rasp' with the following arguments: {'ament_cmake_args': None, 'build_base': '/home/daniel/ProyectoFinal/Vision/vision_rasp/build/pkg_vision_rasp', 'catkin_cmake_args': None, 'catkin_skip_building_tests': False, 'cmake_args': None, 'cmake_clean_cache': False, 'cmake_clean_first': False, 'cmake_force_configure': False, 'cmake_target': None, 'cmake_target_skip_unavailable': False, 'install_base': '/home/daniel/ProyectoFinal/Vision/vision_rasp/install/pkg_vision_rasp', 'merge_install': False, 'path': '/home/daniel/ProyectoFinal/Vision/vision_rasp/src/pkg_vision_rasp', 'symlink_install': False, 'test_result_base': None}
[5.368s] Level 5:colcon.colcon_core.verb:set package 'pkg_vision_visualizador' build argument 'cmake_args' from command line to 'None'
[5.368s] Level 5:colcon.colcon_core.verb:set package 'pkg_vision_visualizador' build argument 'cmake_target' from command line to 'None'
[5.368s] Level 5:colcon.colcon_core.verb:set package 'pkg_vision_visualizador' build argument 'cmake_target_skip_unavailable' from command line to 'False'
[5.368s] Level 5:colcon.colcon_core.verb:set package 'pkg_vision_visualizador' build argument 'cmake_clean_cache' from command line to 'False'
[5.368s] Level 5:colcon.colcon_core.verb:set package 'pkg_vision_visualizador' build argument 'cmake_clean_first' from command line to 'False'
[5.368s] Level 5:colcon.colcon_core.verb:set package 'pkg_vision_visualizador' build argument 'cmake_force_configure' from command line to 'False'
[5.368s] Level 5:colcon.colcon_core.verb:set package 'pkg_vision_visualizador' build argument 'ament_cmake_args' from command line to 'None'
[5.368s] Level 5:colcon.colcon_core.verb:set package 'pkg_vision_visualizador' build argument 'catkin_cmake_args' from command line to 'None'
[5.368s] Level 5:colcon.colcon_core.verb:set package 'pkg_vision_visualizador' build argument 'catkin_skip_building_tests' from command line to 'False'
[5.368s] DEBUG:colcon.colcon_core.verb:Building package 'pkg_vision_visualizador' with the following arguments: {'ament_cmake_args': None, 'build_base': '/home/daniel/ProyectoFinal/Vision/vision_rasp/build/pkg_vision_visualizador', 'catkin_cmake_args': None, 'catkin_skip_building_tests': False, 'cmake_args': None, 'cmake_clean_cache': False, 'cmake_clean_first': False, 'cmake_force_configure': False, 'cmake_target': None, 'cmake_target_skip_unavailable': False, 'install_base': '/home/daniel/ProyectoFinal/Vision/vision_rasp/install/pkg_vision_visualizador', 'merge_install': False, 'path': '/home/daniel/ProyectoFinal/Vision/vision_rasp/src/pkg_vision_visualizador', 'symlink_install': False, 'test_result_base': None}
[5.369s] INFO:colcon.colcon_core.executor:Executing jobs using 'parallel' executor
[5.373s] DEBUG:colcon.colcon_parallel_executor.executor.parallel:run_until_complete
[5.373s] INFO:colcon.colcon_ros.task.ament_python.build:Building ROS package in '/home/daniel/ProyectoFinal/Vision/vision_rasp/src/pkg_cuadrar_rectangulos' with build type 'ament_python'
[5.374s] Level 1:colcon.colcon_core.shell:create_environment_hook('pkg_cuadrar_rectangulos', 'ament_prefix_path')
[5.407s] INFO:colcon.colcon_core.plugin_system:Skipping extension 'colcon_core.shell.bat': Not used on non-Windows systems
[5.408s] INFO:colcon.colcon_core.shell:Creating environment hook '/home/daniel/ProyectoFinal/Vision/vision_rasp/install/pkg_cuadrar_rectangulos/share/pkg_cuadrar_rectangulos/hook/ament_prefix_path.ps1'
[5.428s] INFO:colcon.colcon_core.shell:Creating environment descriptor '/home/daniel/ProyectoFinal/Vision/vision_rasp/install/pkg_cuadrar_rectangulos/share/pkg_cuadrar_rectangulos/hook/ament_prefix_path.dsv'
[5.442s] INFO:colcon.colcon_core.shell:Creating environment hook '/home/daniel/ProyectoFinal/Vision/vision_rasp/install/pkg_cuadrar_rectangulos/share/pkg_cuadrar_rectangulos/hook/ament_prefix_path.sh'
[5.446s] INFO:colcon.colcon_core.shell:Skip shell extension 'powershell' for command environment: Not usable outside of PowerShell
[5.446s] DEBUG:colcon.colcon_core.shell:Skip shell extension 'dsv' for command environment
[5.454s] INFO:colcon.colcon_ros.task.ament_python.build:Building ROS package in '/home/daniel/ProyectoFinal/Vision/vision_rasp/src/pkg_vision_rasp' with build type 'ament_python'
[5.454s] Level 1:colcon.colcon_core.shell:create_environment_hook('pkg_vision_rasp', 'ament_prefix_path')
[5.456s] INFO:colcon.colcon_core.shell:Creating environment hook '/home/daniel/ProyectoFinal/Vision/vision_rasp/install/pkg_vision_rasp/share/pkg_vision_rasp/hook/ament_prefix_path.ps1'
[5.482s] INFO:colcon.colcon_core.shell:Creating environment descriptor '/home/daniel/ProyectoFinal/Vision/vision_rasp/install/pkg_vision_rasp/share/pkg_vision_rasp/hook/ament_prefix_path.dsv'
[5.483s] INFO:colcon.colcon_core.shell:Creating environment hook '/home/daniel/ProyectoFinal/Vision/vision_rasp/install/pkg_vision_rasp/share/pkg_vision_rasp/hook/ament_prefix_path.sh'
[5.485s] INFO:colcon.colcon_core.shell:Skip shell extension 'powershell' for command environment: Not usable outside of PowerShell
[5.486s] DEBUG:colcon.colcon_core.shell:Skip shell extension 'dsv' for command environment
[5.491s] INFO:colcon.colcon_ros.task.ament_python.build:Building ROS package in '/home/daniel/ProyectoFinal/Vision/vision_rasp/src/pkg_vision_visualizador' with build type 'ament_python'
[5.491s] Level 1:colcon.colcon_core.shell:create_environment_hook('pkg_vision_visualizador', 'ament_prefix_path')
[5.493s] INFO:colcon.colcon_core.shell:Creating environment hook '/home/daniel/ProyectoFinal/Vision/vision_rasp/install/pkg_vision_visualizador/share/pkg_vision_visualizador/hook/ament_prefix_path.ps1'
[5.496s] INFO:colcon.colcon_core.shell:Creating environment descriptor '/home/daniel/ProyectoFinal/Vision/vision_rasp/install/pkg_vision_visualizador/share/pkg_vision_visualizador/hook/ament_prefix_path.dsv'
[5.496s] INFO:colcon.colcon_core.shell:Creating environment hook '/home/daniel/ProyectoFinal/Vision/vision_rasp/install/pkg_vision_visualizador/share/pkg_vision_visualizador/hook/ament_prefix_path.sh'
[5.499s] INFO:colcon.colcon_core.shell:Skip shell extension 'powershell' for command environment: Not usable outside of PowerShell
[5.499s] DEBUG:colcon.colcon_core.shell:Skip shell extension 'dsv' for command environment
[5.891s] INFO:colcon.colcon_core.task.python.build:Building Python package in '/home/daniel/ProyectoFinal/Vision/vision_rasp/src/pkg_cuadrar_rectangulos'
[5.893s] INFO:colcon.colcon_core.shell:Skip shell extension 'powershell' for command environment: Not usable outside of PowerShell
[5.893s] DEBUG:colcon.colcon_core.shell:Skip shell extension 'dsv' for command environment
[6.230s] INFO:colcon.colcon_core.task.python.build:Building Python package in '/home/daniel/ProyectoFinal/Vision/vision_rasp/src/pkg_vision_rasp'
[6.232s] INFO:colcon.colcon_core.shell:Skip shell extension 'powershell' for command environment: Not usable outside of PowerShell
[6.232s] DEBUG:colcon.colcon_core.shell:Skip shell extension 'dsv' for command environment
[6.569s] INFO:colcon.colcon_core.task.python.build:Building Python package in '/home/daniel/ProyectoFinal/Vision/vision_rasp/src/pkg_vision_visualizador'
[6.571s] INFO:colcon.colcon_core.shell:Skip shell extension 'powershell' for command environment: Not usable outside of PowerShell
[6.571s] DEBUG:colcon.colcon_core.shell:Skip shell extension 'dsv' for command environment
[7.481s] DEBUG:colcon.colcon_core.event_handler.log_command:Invoking command in '/home/daniel/ProyectoFinal/Vision/vision_rasp/src/pkg_vision_visualizador': PYTHONPATH=/home/daniel/ProyectoFinal/Vision/vision_rasp/build/pkg_vision_visualizador/prefix_override:/home/daniel/ProyectoFinal/Vision/vision_rasp/install/pkg_vision_visualizador/lib/python3.10/site-packages:${PYTHONPATH} /usr/bin/python3 setup.py egg_info --egg-base ../../build/pkg_vision_visualizador build --build-base /home/daniel/ProyectoFinal/Vision/vision_rasp/build/pkg_vision_visualizador/build install --record /home/daniel/ProyectoFinal/Vision/vision_rasp/build/pkg_vision_visualizador/install.log --single-version-externally-managed
[7.490s] DEBUG:colcon.colcon_core.event_handler.log_command:Invoking command in '/home/daniel/ProyectoFinal/Vision/vision_rasp/src/pkg_vision_rasp': PYTHONPATH=/home/daniel/ProyectoFinal/Vision/vision_rasp/build/pkg_vision_rasp/prefix_override:/home/daniel/ProyectoFinal/Vision/vision_rasp/install/pkg_vision_rasp/lib/python3.10/site-packages:${PYTHONPATH} /usr/bin/python3 setup.py egg_info --egg-base ../../build/pkg_vision_rasp build --build-base /home/daniel/ProyectoFinal/Vision/vision_rasp/build/pkg_vision_rasp/build install --record /home/daniel/ProyectoFinal/Vision/vision_rasp/build/pkg_vision_rasp/install.log --single-version-externally-managed
[7.491s] DEBUG:colcon.colcon_core.event_handler.log_command:Invoking command in '/home/daniel/ProyectoFinal/Vision/vision_rasp/src/pkg_cuadrar_rectangulos': PYTHONPATH=/home/daniel/ProyectoFinal/Vision/vision_rasp/build/pkg_cuadrar_rectangulos/prefix_override:/home/daniel/ProyectoFinal/Vision/vision_rasp/install/pkg_cuadrar_rectangulos/lib/python3.10/site-packages:${PYTHONPATH} /usr/bin/python3 setup.py egg_info --egg-base ../../build/pkg_cuadrar_rectangulos build --build-base /home/daniel/ProyectoFinal/Vision/vision_rasp/build/pkg_cuadrar_rectangulos/build install --record /home/daniel/ProyectoFinal/Vision/vision_rasp/build/pkg_cuadrar_rectangulos/install.log --single-version-externally-managed
[8.180s] DEBUG:colcon.colcon_core.event_handler.log_command:Invoked command in '/home/daniel/ProyectoFinal/Vision/vision_rasp/src/pkg_vision_rasp' returned '0': PYTHONPATH=/home/daniel/ProyectoFinal/Vision/vision_rasp/build/pkg_vision_rasp/prefix_override:/home/daniel/ProyectoFinal/Vision/vision_rasp/install/pkg_vision_rasp/lib/python3.10/site-packages:${PYTHONPATH} /usr/bin/python3 setup.py egg_info --egg-base ../../build/pkg_vision_rasp build --build-base /home/daniel/ProyectoFinal/Vision/vision_rasp/build/pkg_vision_rasp/build install --record /home/daniel/ProyectoFinal/Vision/vision_rasp/build/pkg_vision_rasp/install.log --single-version-externally-managed
[8.226s] Level 1:colcon.colcon_core.environment:checking '/home/daniel/ProyectoFinal/Vision/vision_rasp/install/pkg_vision_rasp' for CMake module files
[8.226s] Level 1:colcon.colcon_core.environment:checking '/home/daniel/ProyectoFinal/Vision/vision_rasp/install/pkg_vision_rasp' for CMake config files
[8.228s] Level 1:colcon.colcon_core.environment:checking '/home/daniel/ProyectoFinal/Vision/vision_rasp/install/pkg_vision_rasp/lib'
[8.228s] Level 1:colcon.colcon_core.environment:checking '/home/daniel/ProyectoFinal/Vision/vision_rasp/install/pkg_vision_rasp/bin'
[8.228s] Level 1:colcon.colcon_core.environment:checking '/home/daniel/ProyectoFinal/Vision/vision_rasp/install/pkg_vision_rasp/lib/pkgconfig/pkg_vision_rasp.pc'
[8.228s] Level 1:colcon.colcon_core.environment:checking '/home/daniel/ProyectoFinal/Vision/vision_rasp/install/pkg_vision_rasp/lib/python3.10/site-packages'
[8.228s] Level 1:colcon.colcon_core.shell:create_environment_hook('pkg_vision_rasp', 'pythonpath')
[8.230s] INFO:colcon.colcon_core.shell:Creating environment hook '/home/daniel/ProyectoFinal/Vision/vision_rasp/install/pkg_vision_rasp/share/pkg_vision_rasp/hook/pythonpath.ps1'
[8.231s] INFO:colcon.colcon_core.shell:Creating environment descriptor '/home/daniel/ProyectoFinal/Vision/vision_rasp/install/pkg_vision_rasp/share/pkg_vision_rasp/hook/pythonpath.dsv'
[8.231s] INFO:colcon.colcon_core.shell:Creating environment hook '/home/daniel/ProyectoFinal/Vision/vision_rasp/install/pkg_vision_rasp/share/pkg_vision_rasp/hook/pythonpath.sh'
[8.232s] Level 1:colcon.colcon_core.environment:checking '/home/daniel/ProyectoFinal/Vision/vision_rasp/install/pkg_vision_rasp/bin'
[8.232s] Level 1:colcon.colcon_core.environment:create_environment_scripts_only(pkg_vision_rasp)
[8.234s] INFO:colcon.colcon_core.shell:Creating package script '/home/daniel/ProyectoFinal/Vision/vision_rasp/install/pkg_vision_rasp/share/pkg_vision_rasp/package.ps1'
[8.235s] INFO:colcon.colcon_core.shell:Creating package descriptor '/home/daniel/ProyectoFinal/Vision/vision_rasp/install/pkg_vision_rasp/share/pkg_vision_rasp/package.dsv'
[8.236s] INFO:colcon.colcon_core.shell:Creating package script '/home/daniel/ProyectoFinal/Vision/vision_rasp/install/pkg_vision_rasp/share/pkg_vision_rasp/package.sh'
[8.237s] INFO:colcon.colcon_core.shell:Creating package script '/home/daniel/ProyectoFinal/Vision/vision_rasp/install/pkg_vision_rasp/share/pkg_vision_rasp/package.bash'
[8.239s] INFO:colcon.colcon_core.shell:Creating package script '/home/daniel/ProyectoFinal/Vision/vision_rasp/install/pkg_vision_rasp/share/pkg_vision_rasp/package.zsh'
[8.241s] Level 1:colcon.colcon_core.environment:create_file_with_runtime_dependencies(/home/daniel/ProyectoFinal/Vision/vision_rasp/install/pkg_vision_rasp/share/colcon-core/packages/pkg_vision_rasp)
[8.245s] Level 1:colcon.colcon_core.environment:checking '/home/daniel/ProyectoFinal/Vision/vision_rasp/install/pkg_vision_visualizador' for CMake module files
[8.245s] DEBUG:colcon.colcon_core.event_handler.log_command:Invoked command in '/home/daniel/ProyectoFinal/Vision/vision_rasp/src/pkg_vision_visualizador' returned '0': PYTHONPATH=/home/daniel/ProyectoFinal/Vision/vision_rasp/build/pkg_vision_visualizador/prefix_override:/home/daniel/ProyectoFinal/Vision/vision_rasp/install/pkg_vision_visualizador/lib/python3.10/site-packages:${PYTHONPATH} /usr/bin/python3 setup.py egg_info --egg-base ../../build/pkg_vision_visualizador build --build-base /home/daniel/ProyectoFinal/Vision/vision_rasp/build/pkg_vision_visualizador/build install --record /home/daniel/ProyectoFinal/Vision/vision_rasp/build/pkg_vision_visualizador/install.log --single-version-externally-managed
[8.246s] Level 1:colcon.colcon_core.environment:checking '/home/daniel/ProyectoFinal/Vision/vision_rasp/install/pkg_vision_visualizador' for CMake config files
[8.247s] Level 1:colcon.colcon_core.environment:checking '/home/daniel/ProyectoFinal/Vision/vision_rasp/install/pkg_vision_visualizador/lib'
[8.247s] Level 1:colcon.colcon_core.environment:checking '/home/daniel/ProyectoFinal/Vision/vision_rasp/install/pkg_vision_visualizador/bin'
[8.247s] Level 1:colcon.colcon_core.environment:checking '/home/daniel/ProyectoFinal/Vision/vision_rasp/install/pkg_vision_visualizador/lib/pkgconfig/pkg_vision_visualizador.pc'
[8.247s] Level 1:colcon.colcon_core.environment:checking '/home/daniel/ProyectoFinal/Vision/vision_rasp/install/pkg_vision_visualizador/lib/python3.10/site-packages'
[8.247s] Level 1:colcon.colcon_core.shell:create_environment_hook('pkg_vision_visualizador', 'pythonpath')
[8.249s] INFO:colcon.colcon_core.shell:Creating environment hook '/home/daniel/ProyectoFinal/Vision/vision_rasp/install/pkg_vision_visualizador/share/pkg_vision_visualizador/hook/pythonpath.ps1'
[8.250s] INFO:colcon.colcon_core.shell:Creating environment descriptor '/home/daniel/ProyectoFinal/Vision/vision_rasp/install/pkg_vision_visualizador/share/pkg_vision_visualizador/hook/pythonpath.dsv'
[8.250s] INFO:colcon.colcon_core.shell:Creating environment hook '/home/daniel/ProyectoFinal/Vision/vision_rasp/install/pkg_vision_visualizador/share/pkg_vision_visualizador/hook/pythonpath.sh'
[8.251s] Level 1:colcon.colcon_core.environment:checking '/home/daniel/ProyectoFinal/Vision/vision_rasp/install/pkg_vision_visualizador/bin'
[8.251s] Level 1:colcon.colcon_core.environment:create_environment_scripts_only(pkg_vision_visualizador)
[8.252s] INFO:colcon.colcon_core.shell:Creating package script '/home/daniel/ProyectoFinal/Vision/vision_rasp/install/pkg_vision_visualizador/share/pkg_vision_visualizador/package.ps1'
[8.253s] INFO:colcon.colcon_core.shell:Creating package descriptor '/home/daniel/ProyectoFinal/Vision/vision_rasp/install/pkg_vision_visualizador/share/pkg_vision_visualizador/package.dsv'
[8.254s] INFO:colcon.colcon_core.shell:Creating package script '/home/daniel/ProyectoFinal/Vision/vision_rasp/install/pkg_vision_visualizador/share/pkg_vision_visualizador/package.sh'
[8.254s] INFO:colcon.colcon_core.shell:Creating package script '/home/daniel/ProyectoFinal/Vision/vision_rasp/install/pkg_vision_visualizador/share/pkg_vision_visualizador/package.bash'
[8.254s] INFO:colcon.colcon_core.shell:Creating package script '/home/daniel/ProyectoFinal/Vision/vision_rasp/install/pkg_vision_visualizador/share/pkg_vision_visualizador/package.zsh'
[8.255s] Level 1:colcon.colcon_core.environment:create_file_with_runtime_dependencies(/home/daniel/ProyectoFinal/Vision/vision_rasp/install/pkg_vision_visualizador/share/colcon-core/packages/pkg_vision_visualizador)
[8.257s] Level 1:colcon.colcon_core.environment:checking '/home/daniel/ProyectoFinal/Vision/vision_rasp/install/pkg_cuadrar_rectangulos' for CMake module files
[8.259s] DEBUG:colcon.colcon_core.event_handler.log_command:Invoked command in '/home/daniel/ProyectoFinal/Vision/vision_rasp/src/pkg_cuadrar_rectangulos' returned '0': PYTHONPATH=/home/daniel/ProyectoFinal/Vision/vision_rasp/build/pkg_cuadrar_rectangulos/prefix_override:/home/daniel/ProyectoFinal/Vision/vision_rasp/install/pkg_cuadrar_rectangulos/lib/python3.10/site-packages:${PYTHONPATH} /usr/bin/python3 setup.py egg_info --egg-base ../../build/pkg_cuadrar_rectangulos build --build-base /home/daniel/ProyectoFinal/Vision/vision_rasp/build/pkg_cuadrar_rectangulos/build install --record /home/daniel/ProyectoFinal/Vision/vision_rasp/build/pkg_cuadrar_rectangulos/install.log --single-version-externally-managed
[8.259s] Level 1:colcon.colcon_core.environment:checking '/home/daniel/ProyectoFinal/Vision/vision_rasp/install/pkg_cuadrar_rectangulos' for CMake config files
[8.260s] Level 1:colcon.colcon_core.environment:checking '/home/daniel/ProyectoFinal/Vision/vision_rasp/install/pkg_cuadrar_rectangulos/lib'
[8.261s] Level 1:colcon.colcon_core.environment:checking '/home/daniel/ProyectoFinal/Vision/vision_rasp/install/pkg_cuadrar_rectangulos/bin'
[8.261s] Level 1:colcon.colcon_core.environment:checking '/home/daniel/ProyectoFinal/Vision/vision_rasp/install/pkg_cuadrar_rectangulos/lib/pkgconfig/pkg_cuadrar_rectangulos.pc'
[8.261s] Level 1:colcon.colcon_core.environment:checking '/home/daniel/ProyectoFinal/Vision/vision_rasp/install/pkg_cuadrar_rectangulos/lib/python3.10/site-packages'
[8.261s] Level 1:colcon.colcon_core.shell:create_environment_hook('pkg_cuadrar_rectangulos', 'pythonpath')
[8.263s] INFO:colcon.colcon_core.shell:Creating environment hook '/home/daniel/ProyectoFinal/Vision/vision_rasp/install/pkg_cuadrar_rectangulos/share/pkg_cuadrar_rectangulos/hook/pythonpath.ps1'
[8.263s] INFO:colcon.colcon_core.shell:Creating environment descriptor '/home/daniel/ProyectoFinal/Vision/vision_rasp/install/pkg_cuadrar_rectangulos/share/pkg_cuadrar_rectangulos/hook/pythonpath.dsv'
[8.264s] INFO:colcon.colcon_core.shell:Creating environment hook '/home/daniel/ProyectoFinal/Vision/vision_rasp/install/pkg_cuadrar_rectangulos/share/pkg_cuadrar_rectangulos/hook/pythonpath.sh'
[8.265s] Level 1:colcon.colcon_core.environment:checking '/home/daniel/ProyectoFinal/Vision/vision_rasp/install/pkg_cuadrar_rectangulos/bin'
[8.265s] Level 1:colcon.colcon_core.environment:create_environment_scripts_only(pkg_cuadrar_rectangulos)
[8.268s] INFO:colcon.colcon_core.shell:Creating package script '/home/daniel/ProyectoFinal/Vision/vision_rasp/install/pkg_cuadrar_rectangulos/share/pkg_cuadrar_rectangulos/package.ps1'
[8.268s] INFO:colcon.colcon_core.shell:Creating package descriptor '/home/daniel/ProyectoFinal/Vision/vision_rasp/install/pkg_cuadrar_rectangulos/share/pkg_cuadrar_rectangulos/package.dsv'
[8.269s] INFO:colcon.colcon_core.shell:Creating package script '/home/daniel/ProyectoFinal/Vision/vision_rasp/install/pkg_cuadrar_rectangulos/share/pkg_cuadrar_rectangulos/package.sh'
[8.270s] INFO:colcon.colcon_core.shell:Creating package script '/home/daniel/ProyectoFinal/Vision/vision_rasp/install/pkg_cuadrar_rectangulos/share/pkg_cuadrar_rectangulos/package.bash'
[8.270s] INFO:colcon.colcon_core.shell:Creating package script '/home/daniel/ProyectoFinal/Vision/vision_rasp/install/pkg_cuadrar_rectangulos/share/pkg_cuadrar_rectangulos/package.zsh'
[8.270s] Level 1:colcon.colcon_core.environment:create_file_with_runtime_dependencies(/home/daniel/ProyectoFinal/Vision/vision_rasp/install/pkg_cuadrar_rectangulos/share/colcon-core/packages/pkg_cuadrar_rectangulos)
[8.271s] DEBUG:colcon.colcon_parallel_executor.executor.parallel:closing loop
[8.271s] DEBUG:colcon.colcon_parallel_executor.executor.parallel:loop closed
[8.271s] DEBUG:colcon.colcon_parallel_executor.executor.parallel:run_until_complete finished with '0'
[8.271s] DEBUG:colcon.colcon_core.event_reactor:joining thread
[8.307s] INFO:colcon.colcon_core.plugin_system:Skipping extension 'colcon_notification.desktop_notification.terminal_notifier': Not used on non-Darwin systems
[8.307s] INFO:colcon.colcon_core.plugin_system:Skipping extension 'colcon_notification.desktop_notification.win32': Not used on non-Windows systems
[8.307s] INFO:colcon.colcon_notification.desktop_notification:Sending desktop notification using 'notify2'
[8.328s] DEBUG:colcon.colcon_core.event_reactor:joined thread
[8.330s] INFO:colcon.colcon_core.shell:Creating prefix script '/home/daniel/ProyectoFinal/Vision/vision_rasp/install/local_setup.ps1'
[8.348s] INFO:colcon.colcon_core.shell:Creating prefix util module '/home/daniel/ProyectoFinal/Vision/vision_rasp/install/_local_setup_util_ps1.py'
[8.360s] INFO:colcon.colcon_core.shell:Creating prefix chain script '/home/daniel/ProyectoFinal/Vision/vision_rasp/install/setup.ps1'
[8.363s] INFO:colcon.colcon_core.shell:Creating prefix script '/home/daniel/ProyectoFinal/Vision/vision_rasp/install/local_setup.sh'
[8.364s] INFO:colcon.colcon_core.shell:Creating prefix util module '/home/daniel/ProyectoFinal/Vision/vision_rasp/install/_local_setup_util_sh.py'
[8.365s] INFO:colcon.colcon_core.shell:Creating prefix chain script '/home/daniel/ProyectoFinal/Vision/vision_rasp/install/setup.sh'
[8.367s] INFO:colcon.colcon_core.shell:Creating prefix script '/home/daniel/ProyectoFinal/Vision/vision_rasp/install/local_setup.bash'
[8.367s] INFO:colcon.colcon_core.shell:Creating prefix chain script '/home/daniel/ProyectoFinal/Vision/vision_rasp/install/setup.bash'
[8.369s] INFO:colcon.colcon_core.shell:Creating prefix script '/home/daniel/ProyectoFinal/Vision/vision_rasp/install/local_setup.zsh'
[8.370s] INFO:colcon.colcon_core.shell:Creating prefix chain script '/home/daniel/ProyectoFinal/Vision/vision_rasp/install/setup.zsh'
