/home/tatianam/ProyectoFinal/Robotics/install/robot_manipulator/lib/python3.10/site-packages/robot_manipulator/serial_manipulator_node.py
/home/tatianam/ProyectoFinal/Robotics/install/robot_manipulator/lib/python3.10/site-packages/robot_manipulator/teclado_manipulator.py
/home/tatianam/ProyectoFinal/Robotics/install/robot_manipulator/lib/python3.10/site-packages/robot_manipulator/__init__.py
/home/tatianam/ProyectoFinal/Robotics/install/robot_manipulator/lib/python3.10/site-packages/robot_manipulator/test_position_publisher_node.py
/home/tatianam/ProyectoFinal/Robotics/install/robot_manipulator/lib/python3.10/site-packages/robot_manipulator/robot_manipulator_interface_node.py
/home/tatianam/ProyectoFinal/Robotics/install/robot_manipulator/lib/python3.10/site-packages/robot_manipulator/__pycache__/serial_manipulator_node.cpython-310.pyc
/home/tatianam/ProyectoFinal/Robotics/install/robot_manipulator/lib/python3.10/site-packages/robot_manipulator/__pycache__/teclado_manipulator.cpython-310.pyc
/home/tatianam/ProyectoFinal/Robotics/install/robot_manipulator/lib/python3.10/site-packages/robot_manipulator/__pycache__/__init__.cpython-310.pyc
/home/tatianam/ProyectoFinal/Robotics/install/robot_manipulator/lib/python3.10/site-packages/robot_manipulator/__pycache__/test_position_publisher_node.cpython-310.pyc
/home/tatianam/ProyectoFinal/Robotics/install/robot_manipulator/lib/python3.10/site-packages/robot_manipulator/__pycache__/robot_manipulator_interface_node.cpython-310.pyc
/home/tatianam/ProyectoFinal/Robotics/install/robot_manipulator/share/ament_index/resource_index/packages/robot_manipulator
/home/tatianam/ProyectoFinal/Robotics/install/robot_manipulator/share/robot_manipulator/package.xml
/home/tatianam/ProyectoFinal/Robotics/install/robot_manipulator/lib/python3.10/site-packages/robot_manipulator-0.0.0-py3.10.egg-info/PKG-INFO
/home/tatianam/ProyectoFinal/Robotics/install/robot_manipulator/lib/python3.10/site-packages/robot_manipulator-0.0.0-py3.10.egg-info/entry_points.txt
/home/tatianam/ProyectoFinal/Robotics/install/robot_manipulator/lib/python3.10/site-packages/robot_manipulator-0.0.0-py3.10.egg-info/dependency_links.txt
/home/tatianam/ProyectoFinal/Robotics/install/robot_manipulator/lib/python3.10/site-packages/robot_manipulator-0.0.0-py3.10.egg-info/top_level.txt
/home/tatianam/ProyectoFinal/Robotics/install/robot_manipulator/lib/python3.10/site-packages/robot_manipulator-0.0.0-py3.10.egg-info/SOURCES.txt
/home/tatianam/ProyectoFinal/Robotics/install/robot_manipulator/lib/python3.10/site-packages/robot_manipulator-0.0.0-py3.10.egg-info/zip-safe
/home/tatianam/ProyectoFinal/Robotics/install/robot_manipulator/lib/python3.10/site-packages/robot_manipulator-0.0.0-py3.10.egg-info/requires.txt
/home/tatianam/ProyectoFinal/Robotics/install/robot_manipulator/lib/robot_manipulator/interfaz_brazo
/home/tatianam/ProyectoFinal/Robotics/install/robot_manipulator/lib/robot_manipulator/pub
/home/tatianam/ProyectoFinal/Robotics/install/robot_manipulator/lib/robot_manipulator/serial_brazo
