[1.147s] Invoking command in '/home/daniel/ProyectoFinal/Vision/vision_rasp/src/pkg_vision_visualizador': PYTHONPATH=/home/daniel/ProyectoFinal/Vision/vision_rasp/build/pkg_vision_visualizador/prefix_override:/home/daniel/ProyectoFinal/Vision/vision_rasp/install/pkg_vision_visualizador/lib/python3.10/site-packages:${PYTHONPATH} /usr/bin/python3 setup.py egg_info --egg-base ../../build/pkg_vision_visualizador build --build-base /home/daniel/ProyectoFinal/Vision/vision_rasp/build/pkg_vision_visualizador/build install --record /home/daniel/ProyectoFinal/Vision/vision_rasp/build/pkg_vision_visualizador/install.log --single-version-externally-managed
[1.477s] running egg_info
[1.478s] creating ../../build/pkg_vision_visualizador/pkg_vision_visualizador.egg-info
[1.478s] writing ../../build/pkg_vision_visualizador/pkg_vision_visualizador.egg-info/PKG-INFO
[1.479s] writing dependency_links to ../../build/pkg_vision_visualizador/pkg_vision_visualizador.egg-info/dependency_links.txt
[1.479s] writing entry points to ../../build/pkg_vision_visualizador/pkg_vision_visualizador.egg-info/entry_points.txt
[1.479s] writing requirements to ../../build/pkg_vision_visualizador/pkg_vision_visualizador.egg-info/requires.txt
[1.479s] writing top-level names to ../../build/pkg_vision_visualizador/pkg_vision_visualizador.egg-info/top_level.txt
[1.481s] writing manifest file '../../build/pkg_vision_visualizador/pkg_vision_visualizador.egg-info/SOURCES.txt'
[1.483s] reading manifest file '../../build/pkg_vision_visualizador/pkg_vision_visualizador.egg-info/SOURCES.txt'
[1.484s] writing manifest file '../../build/pkg_vision_visualizador/pkg_vision_visualizador.egg-info/SOURCES.txt'
[1.484s] running build
[1.484s] running build_py
[1.484s] creating /home/daniel/ProyectoFinal/Vision/vision_rasp/build/pkg_vision_visualizador/build
[1.484s] creating /home/daniel/ProyectoFinal/Vision/vision_rasp/build/pkg_vision_visualizador/build/lib
[1.485s] creating /home/daniel/ProyectoFinal/Vision/vision_rasp/build/pkg_vision_visualizador/build/lib/pkg_vision_visualizador
[1.485s] copying pkg_vision_visualizador/__init__.py -> /home/daniel/ProyectoFinal/Vision/vision_rasp/build/pkg_vision_visualizador/build/lib/pkg_vision_visualizador
[1.485s] copying pkg_vision_visualizador/visualizador_camara.py -> /home/daniel/ProyectoFinal/Vision/vision_rasp/build/pkg_vision_visualizador/build/lib/pkg_vision_visualizador
[1.485s] running install
[1.485s] /usr/lib/python3/dist-packages/setuptools/command/install.py:34: SetuptoolsDeprecationWarning: setup.py install is deprecated. Use build and pip and other standards-based tools.
[1.485s]   warnings.warn(
[1.485s] running install_lib
[1.486s] creating /home/daniel/ProyectoFinal/Vision/vision_rasp/install/pkg_vision_visualizador/lib/python3.10/site-packages/pkg_vision_visualizador
[1.486s] copying /home/daniel/ProyectoFinal/Vision/vision_rasp/build/pkg_vision_visualizador/build/lib/pkg_vision_visualizador/__init__.py -> /home/daniel/ProyectoFinal/Vision/vision_rasp/install/pkg_vision_visualizador/lib/python3.10/site-packages/pkg_vision_visualizador
[1.487s] copying /home/daniel/ProyectoFinal/Vision/vision_rasp/build/pkg_vision_visualizador/build/lib/pkg_vision_visualizador/visualizador_camara.py -> /home/daniel/ProyectoFinal/Vision/vision_rasp/install/pkg_vision_visualizador/lib/python3.10/site-packages/pkg_vision_visualizador
[1.487s] byte-compiling /home/daniel/ProyectoFinal/Vision/vision_rasp/install/pkg_vision_visualizador/lib/python3.10/site-packages/pkg_vision_visualizador/__init__.py to __init__.cpython-310.pyc
[1.487s] byte-compiling /home/daniel/ProyectoFinal/Vision/vision_rasp/install/pkg_vision_visualizador/lib/python3.10/site-packages/pkg_vision_visualizador/visualizador_camara.py to visualizador_camara.cpython-310.pyc
[1.488s] running install_data
[1.488s] creating /home/daniel/ProyectoFinal/Vision/vision_rasp/install/pkg_vision_visualizador/share/ament_index
[1.489s] creating /home/daniel/ProyectoFinal/Vision/vision_rasp/install/pkg_vision_visualizador/share/ament_index/resource_index
[1.489s] creating /home/daniel/ProyectoFinal/Vision/vision_rasp/install/pkg_vision_visualizador/share/ament_index/resource_index/packages
[1.489s] copying resource/pkg_vision_visualizador -> /home/daniel/ProyectoFinal/Vision/vision_rasp/install/pkg_vision_visualizador/share/ament_index/resource_index/packages
[1.489s] copying package.xml -> /home/daniel/ProyectoFinal/Vision/vision_rasp/install/pkg_vision_visualizador/share/pkg_vision_visualizador
[1.489s] running install_egg_info
[1.491s] Copying ../../build/pkg_vision_visualizador/pkg_vision_visualizador.egg-info to /home/daniel/ProyectoFinal/Vision/vision_rasp/install/pkg_vision_visualizador/lib/python3.10/site-packages/pkg_vision_visualizador-0.0.0-py3.10.egg-info
[1.492s] running install_scripts
[1.519s] Installing visualizador_camara script to /home/daniel/ProyectoFinal/Vision/vision_rasp/install/pkg_vision_visualizador/lib/pkg_vision_visualizador
[1.519s] writing list of installed files to '/home/daniel/ProyectoFinal/Vision/vision_rasp/build/pkg_vision_visualizador/install.log'
[1.572s] Invoked command in '/home/daniel/ProyectoFinal/Vision/vision_rasp/src/pkg_vision_visualizador' returned '0': PYTHONPATH=/home/daniel/ProyectoFinal/Vision/vision_rasp/build/pkg_vision_visualizador/prefix_override:/home/daniel/ProyectoFinal/Vision/vision_rasp/install/pkg_vision_visualizador/lib/python3.10/site-packages:${PYTHONPATH} /usr/bin/python3 setup.py egg_info --egg-base ../../build/pkg_vision_visualizador build --build-base /home/daniel/ProyectoFinal/Vision/vision_rasp/build/pkg_vision_visualizador/build install --record /home/daniel/ProyectoFinal/Vision/vision_rasp/build/pkg_vision_visualizador/install.log --single-version-externally-managed
