[0.035s] Invoking command in '/home/yesopi/Robotics/build/my_service_pkg': CMAKE_PREFIX_PATH=${CMAKE_PREFIX_PATH}:/home/yesopi/Robotics/install/tesla:/home/yesopi/Robotics/install/robot_manipulator:/opt/ros/humble /usr/bin/cmake --build /home/yesopi/Robotics/build/my_service_pkg -- -j12 -l12
[0.348s] [35m[1mConsolidate compiler generated dependencies of target my_service_pkg__rosidl_generator_c[0m
[0.348s] [  3%] Built target my_service_pkg__cpp
[0.348s] [ 12%] Built target my_service_pkg__rosidl_generator_c
[0.349s] [ 12%] Built target ament_cmake_python_copy_my_service_pkg
[0.349s] [35m[1mConsolidate compiler generated dependencies of target my_service_pkg__rosidl_typesupport_introspection_cpp[0m
[0.349s] [35m[1mConsolidate compiler generated dependencies of target my_service_pkg__rosidl_typesupport_c[0m
[0.349s] [35m[1mConsolidate compiler generated dependencies of target my_service_pkg__rosidl_typesupport_fastrtps_c[0m
[0.349s] [35m[1mConsolidate compiler generated dependencies of target my_service_pkg__rosidl_typesupport_fastrtps_cpp[0m
[0.349s] [35m[1mConsolidate compiler generated dependencies of target my_service_pkg__rosidl_typesupport_cpp[0m
[0.349s] [35m[1mConsolidate compiler generated dependencies of target my_service_pkg__rosidl_typesupport_introspection_c[0m
[0.349s] [ 22%] Built target my_service_pkg__rosidl_typesupport_c
[0.349s] [ 32%] Built target my_service_pkg__rosidl_typesupport_introspection_cpp
[0.349s] [ 41%] Built target my_service_pkg__rosidl_typesupport_fastrtps_c
[0.349s] [ 51%] Built target my_service_pkg__rosidl_typesupport_introspection_c
[0.349s] [ 61%] Built target my_service_pkg__rosidl_typesupport_fastrtps_cpp
[0.350s] [ 70%] Built target my_service_pkg__rosidl_typesupport_cpp
[0.350s] [ 70%] Built target my_service_pkg
[0.350s] [ 74%] Built target my_service_pkg__py
[0.351s] [35m[1mConsolidate compiler generated dependencies of target my_service_pkg__rosidl_generator_py[0m
[0.351s] [ 80%] Built target my_service_pkg__rosidl_generator_py
[0.351s] [35m[1mConsolidate compiler generated dependencies of target my_service_pkg__rosidl_typesupport_fastrtps_c__pyext[0m
[0.351s] [35m[1mConsolidate compiler generated dependencies of target my_service_pkg__rosidl_typesupport_introspection_c__pyext[0m
[0.351s] [35m[1mConsolidate compiler generated dependencies of target my_service_pkg__rosidl_typesupport_c__pyext[0m
[0.351s] [100%] Built target my_service_pkg__rosidl_typesupport_fastrtps_c__pyext
[0.351s] [100%] Built target my_service_pkg__rosidl_typesupport_c__pyext
[0.351s] [100%] Built target my_service_pkg__rosidl_typesupport_introspection_c__pyext
[0.383s] running egg_info
[0.384s] writing my_service_pkg.egg-info/PKG-INFO
[0.384s] writing dependency_links to my_service_pkg.egg-info/dependency_links.txt
[0.384s] writing top-level names to my_service_pkg.egg-info/top_level.txt
[0.387s] reading manifest file 'my_service_pkg.egg-info/SOURCES.txt'
[0.387s] writing manifest file 'my_service_pkg.egg-info/SOURCES.txt'
[0.414s] [100%] Built target ament_cmake_python_build_my_service_pkg_egg
[0.662s] Invoked command in '/home/yesopi/Robotics/build/my_service_pkg' returned '0': CMAKE_PREFIX_PATH=${CMAKE_PREFIX_PATH}:/home/yesopi/Robotics/install/tesla:/home/yesopi/Robotics/install/robot_manipulator:/opt/ros/humble /usr/bin/cmake --build /home/yesopi/Robotics/build/my_service_pkg -- -j12 -l12
[0.717s] Invoking command in '/home/yesopi/Robotics/build/my_service_pkg': CMAKE_PREFIX_PATH=${CMAKE_PREFIX_PATH}:/home/yesopi/Robotics/install/tesla:/home/yesopi/Robotics/install/robot_manipulator:/opt/ros/humble /usr/bin/cmake --install /home/yesopi/Robotics/build/my_service_pkg
[0.724s] -- Install configuration: ""
[0.725s] -- Up-to-date: /home/yesopi/Robotics/install/my_service_pkg/share/ament_index/resource_index/rosidl_interfaces/my_service_pkg
[0.725s] -- Up-to-date: /home/yesopi/Robotics/install/my_service_pkg/include/my_service_pkg/my_service_pkg
[0.725s] -- Up-to-date: /home/yesopi/Robotics/install/my_service_pkg/include/my_service_pkg/my_service_pkg/srv
[0.725s] -- Up-to-date: /home/yesopi/Robotics/install/my_service_pkg/include/my_service_pkg/my_service_pkg/srv/detail
[0.725s] -- Up-to-date: /home/yesopi/Robotics/install/my_service_pkg/include/my_service_pkg/my_service_pkg/srv/detail/set_trajectory_file__functions.c
[0.725s] -- Up-to-date: /home/yesopi/Robotics/install/my_service_pkg/include/my_service_pkg/my_service_pkg/srv/detail/set_trajectory_file__functions.h
[0.725s] -- Up-to-date: /home/yesopi/Robotics/install/my_service_pkg/include/my_service_pkg/my_service_pkg/srv/detail/set_trajectory_file__struct.h
[0.725s] -- Up-to-date: /home/yesopi/Robotics/install/my_service_pkg/include/my_service_pkg/my_service_pkg/srv/detail/set_trajectory_file__type_support.h
[0.725s] -- Up-to-date: /home/yesopi/Robotics/install/my_service_pkg/include/my_service_pkg/my_service_pkg/srv/set_trajectory_file.h
[0.726s] -- Up-to-date: /home/yesopi/Robotics/install/my_service_pkg/include/my_service_pkg/my_service_pkg/msg
[0.726s] -- Up-to-date: /home/yesopi/Robotics/install/my_service_pkg/include/my_service_pkg/my_service_pkg/msg/rosidl_generator_c__visibility_control.h
[0.726s] -- Up-to-date: /home/yesopi/Robotics/install/my_service_pkg/share/my_service_pkg/environment/library_path.sh
[0.726s] -- Up-to-date: /home/yesopi/Robotics/install/my_service_pkg/share/my_service_pkg/environment/library_path.dsv
[0.726s] -- Up-to-date: /home/yesopi/Robotics/install/my_service_pkg/lib/libmy_service_pkg__rosidl_generator_c.so
[0.726s] -- Up-to-date: /home/yesopi/Robotics/install/my_service_pkg/include/my_service_pkg/my_service_pkg
[0.727s] -- Up-to-date: /home/yesopi/Robotics/install/my_service_pkg/include/my_service_pkg/my_service_pkg/srv
[0.727s] -- Up-to-date: /home/yesopi/Robotics/install/my_service_pkg/include/my_service_pkg/my_service_pkg/srv/detail
[0.727s] -- Up-to-date: /home/yesopi/Robotics/install/my_service_pkg/include/my_service_pkg/my_service_pkg/srv/detail/set_trajectory_file__rosidl_typesupport_fastrtps_c.h
[0.727s] -- Up-to-date: /home/yesopi/Robotics/install/my_service_pkg/include/my_service_pkg/my_service_pkg/msg
[0.727s] -- Up-to-date: /home/yesopi/Robotics/install/my_service_pkg/include/my_service_pkg/my_service_pkg/msg/rosidl_typesupport_fastrtps_c__visibility_control.h
[0.727s] -- Up-to-date: /home/yesopi/Robotics/install/my_service_pkg/lib/libmy_service_pkg__rosidl_typesupport_fastrtps_c.so
[0.727s] -- Up-to-date: /home/yesopi/Robotics/install/my_service_pkg/include/my_service_pkg/my_service_pkg
[0.727s] -- Up-to-date: /home/yesopi/Robotics/install/my_service_pkg/include/my_service_pkg/my_service_pkg/srv
[0.728s] -- Up-to-date: /home/yesopi/Robotics/install/my_service_pkg/include/my_service_pkg/my_service_pkg/srv/detail
[0.728s] -- Up-to-date: /home/yesopi/Robotics/install/my_service_pkg/include/my_service_pkg/my_service_pkg/srv/detail/set_trajectory_file__rosidl_typesupport_introspection_c.h
[0.728s] -- Up-to-date: /home/yesopi/Robotics/install/my_service_pkg/include/my_service_pkg/my_service_pkg/srv/detail/set_trajectory_file__type_support.c
[0.728s] -- Up-to-date: /home/yesopi/Robotics/install/my_service_pkg/include/my_service_pkg/my_service_pkg/msg
[0.728s] -- Up-to-date: /home/yesopi/Robotics/install/my_service_pkg/include/my_service_pkg/my_service_pkg/msg/rosidl_typesupport_introspection_c__visibility_control.h
[0.728s] -- Up-to-date: /home/yesopi/Robotics/install/my_service_pkg/lib/libmy_service_pkg__rosidl_typesupport_introspection_c.so
[0.729s] -- Up-to-date: /home/yesopi/Robotics/install/my_service_pkg/lib/libmy_service_pkg__rosidl_typesupport_c.so
[0.729s] -- Up-to-date: /home/yesopi/Robotics/install/my_service_pkg/include/my_service_pkg/my_service_pkg
[0.729s] -- Up-to-date: /home/yesopi/Robotics/install/my_service_pkg/include/my_service_pkg/my_service_pkg/srv
[0.729s] -- Up-to-date: /home/yesopi/Robotics/install/my_service_pkg/include/my_service_pkg/my_service_pkg/srv/detail
[0.729s] -- Up-to-date: /home/yesopi/Robotics/install/my_service_pkg/include/my_service_pkg/my_service_pkg/srv/detail/set_trajectory_file__builder.hpp
[0.729s] -- Up-to-date: /home/yesopi/Robotics/install/my_service_pkg/include/my_service_pkg/my_service_pkg/srv/detail/set_trajectory_file__struct.hpp
[0.729s] -- Up-to-date: /home/yesopi/Robotics/install/my_service_pkg/include/my_service_pkg/my_service_pkg/srv/detail/set_trajectory_file__traits.hpp
[0.729s] -- Up-to-date: /home/yesopi/Robotics/install/my_service_pkg/include/my_service_pkg/my_service_pkg/srv/set_trajectory_file.hpp
[0.729s] -- Up-to-date: /home/yesopi/Robotics/install/my_service_pkg/include/my_service_pkg/my_service_pkg
[0.729s] -- Up-to-date: /home/yesopi/Robotics/install/my_service_pkg/include/my_service_pkg/my_service_pkg/srv
[0.729s] -- Up-to-date: /home/yesopi/Robotics/install/my_service_pkg/include/my_service_pkg/my_service_pkg/srv/detail
[0.729s] -- Up-to-date: /home/yesopi/Robotics/install/my_service_pkg/include/my_service_pkg/my_service_pkg/srv/detail/dds_fastrtps
[0.729s] -- Up-to-date: /home/yesopi/Robotics/install/my_service_pkg/include/my_service_pkg/my_service_pkg/srv/detail/set_trajectory_file__rosidl_typesupport_fastrtps_cpp.hpp
[0.729s] -- Up-to-date: /home/yesopi/Robotics/install/my_service_pkg/include/my_service_pkg/my_service_pkg/msg
[0.730s] -- Up-to-date: /home/yesopi/Robotics/install/my_service_pkg/include/my_service_pkg/my_service_pkg/msg/rosidl_typesupport_fastrtps_cpp__visibility_control.h
[0.730s] -- Up-to-date: /home/yesopi/Robotics/install/my_service_pkg/lib/libmy_service_pkg__rosidl_typesupport_fastrtps_cpp.so
[0.730s] -- Up-to-date: /home/yesopi/Robotics/install/my_service_pkg/include/my_service_pkg/my_service_pkg
[0.730s] -- Up-to-date: /home/yesopi/Robotics/install/my_service_pkg/include/my_service_pkg/my_service_pkg/srv
[0.730s] -- Up-to-date: /home/yesopi/Robotics/install/my_service_pkg/include/my_service_pkg/my_service_pkg/srv/detail
[0.730s] -- Up-to-date: /home/yesopi/Robotics/install/my_service_pkg/include/my_service_pkg/my_service_pkg/srv/detail/set_trajectory_file__type_support.cpp
[0.730s] -- Up-to-date: /home/yesopi/Robotics/install/my_service_pkg/include/my_service_pkg/my_service_pkg/srv/detail/set_trajectory_file__rosidl_typesupport_introspection_cpp.hpp
[0.730s] -- Up-to-date: /home/yesopi/Robotics/install/my_service_pkg/lib/libmy_service_pkg__rosidl_typesupport_introspection_cpp.so
[0.730s] -- Up-to-date: /home/yesopi/Robotics/install/my_service_pkg/lib/libmy_service_pkg__rosidl_typesupport_cpp.so
[0.730s] -- Up-to-date: /home/yesopi/Robotics/install/my_service_pkg/share/my_service_pkg/environment/pythonpath.sh
[0.730s] -- Up-to-date: /home/yesopi/Robotics/install/my_service_pkg/share/my_service_pkg/environment/pythonpath.dsv
[0.730s] -- Up-to-date: /home/yesopi/Robotics/install/my_service_pkg/local/lib/python3.10/dist-packages/my_service_pkg-0.0.0-py3.10.egg-info
[0.730s] -- Installing: /home/yesopi/Robotics/install/my_service_pkg/local/lib/python3.10/dist-packages/my_service_pkg-0.0.0-py3.10.egg-info/top_level.txt
[0.731s] -- Installing: /home/yesopi/Robotics/install/my_service_pkg/local/lib/python3.10/dist-packages/my_service_pkg-0.0.0-py3.10.egg-info/dependency_links.txt
[0.731s] -- Installing: /home/yesopi/Robotics/install/my_service_pkg/local/lib/python3.10/dist-packages/my_service_pkg-0.0.0-py3.10.egg-info/PKG-INFO
[0.731s] -- Installing: /home/yesopi/Robotics/install/my_service_pkg/local/lib/python3.10/dist-packages/my_service_pkg-0.0.0-py3.10.egg-info/SOURCES.txt
[0.731s] -- Up-to-date: /home/yesopi/Robotics/install/my_service_pkg/local/lib/python3.10/dist-packages/my_service_pkg
[0.731s] -- Up-to-date: /home/yesopi/Robotics/install/my_service_pkg/local/lib/python3.10/dist-packages/my_service_pkg/_my_service_pkg_s.ep.rosidl_typesupport_fastrtps_c.c
[0.731s] -- Up-to-date: /home/yesopi/Robotics/install/my_service_pkg/local/lib/python3.10/dist-packages/my_service_pkg/my_service_pkg_s__rosidl_typesupport_c.cpython-310-x86_64-linux-gnu.so
[0.731s] -- Up-to-date: /home/yesopi/Robotics/install/my_service_pkg/local/lib/python3.10/dist-packages/my_service_pkg/__init__.py
[0.731s] -- Up-to-date: /home/yesopi/Robotics/install/my_service_pkg/local/lib/python3.10/dist-packages/my_service_pkg/srv
[0.731s] -- Up-to-date: /home/yesopi/Robotics/install/my_service_pkg/local/lib/python3.10/dist-packages/my_service_pkg/srv/__init__.py
[0.731s] -- Up-to-date: /home/yesopi/Robotics/install/my_service_pkg/local/lib/python3.10/dist-packages/my_service_pkg/srv/_set_trajectory_file_s.c
[0.731s] -- Up-to-date: /home/yesopi/Robotics/install/my_service_pkg/local/lib/python3.10/dist-packages/my_service_pkg/srv/_set_trajectory_file.py
[0.731s] -- Up-to-date: /home/yesopi/Robotics/install/my_service_pkg/local/lib/python3.10/dist-packages/my_service_pkg/my_service_pkg_s__rosidl_typesupport_fastrtps_c.cpython-310-x86_64-linux-gnu.so
[0.731s] -- Up-to-date: /home/yesopi/Robotics/install/my_service_pkg/local/lib/python3.10/dist-packages/my_service_pkg/_my_service_pkg_s.ep.rosidl_typesupport_c.c
[0.732s] -- Up-to-date: /home/yesopi/Robotics/install/my_service_pkg/local/lib/python3.10/dist-packages/my_service_pkg/_my_service_pkg_s.ep.rosidl_typesupport_introspection_c.c
[0.732s] -- Up-to-date: /home/yesopi/Robotics/install/my_service_pkg/local/lib/python3.10/dist-packages/my_service_pkg/my_service_pkg_s__rosidl_typesupport_introspection_c.cpython-310-x86_64-linux-gnu.so
[0.732s] -- Up-to-date: /home/yesopi/Robotics/install/my_service_pkg/local/lib/python3.10/dist-packages/my_service_pkg/libmy_service_pkg__rosidl_generator_py.so
[0.765s] Listing '/home/yesopi/Robotics/install/my_service_pkg/local/lib/python3.10/dist-packages/my_service_pkg'...
[0.765s] Listing '/home/yesopi/Robotics/install/my_service_pkg/local/lib/python3.10/dist-packages/my_service_pkg/srv'...
[0.770s] -- Up-to-date: /home/yesopi/Robotics/install/my_service_pkg/local/lib/python3.10/dist-packages/my_service_pkg/my_service_pkg_s__rosidl_typesupport_fastrtps_c.cpython-310-x86_64-linux-gnu.so
[0.770s] -- Up-to-date: /home/yesopi/Robotics/install/my_service_pkg/local/lib/python3.10/dist-packages/my_service_pkg/my_service_pkg_s__rosidl_typesupport_introspection_c.cpython-310-x86_64-linux-gnu.so
[0.770s] -- Up-to-date: /home/yesopi/Robotics/install/my_service_pkg/local/lib/python3.10/dist-packages/my_service_pkg/my_service_pkg_s__rosidl_typesupport_c.cpython-310-x86_64-linux-gnu.so
[0.771s] -- Up-to-date: /home/yesopi/Robotics/install/my_service_pkg/lib/libmy_service_pkg__rosidl_generator_py.so
[0.771s] -- Up-to-date: /home/yesopi/Robotics/install/my_service_pkg/share/my_service_pkg/srv/SetTrajectoryFile.idl
[0.771s] -- Up-to-date: /home/yesopi/Robotics/install/my_service_pkg/share/my_service_pkg/srv/SetTrajectoryFile.srv
[0.771s] -- Up-to-date: /home/yesopi/Robotics/install/my_service_pkg/share/my_service_pkg/srv/SetTrajectoryFile_Request.msg
[0.771s] -- Up-to-date: /home/yesopi/Robotics/install/my_service_pkg/share/my_service_pkg/srv/SetTrajectoryFile_Response.msg
[0.771s] -- Up-to-date: /home/yesopi/Robotics/install/my_service_pkg/share/ament_index/resource_index/package_run_dependencies/my_service_pkg
[0.771s] -- Up-to-date: /home/yesopi/Robotics/install/my_service_pkg/share/ament_index/resource_index/parent_prefix_path/my_service_pkg
[0.772s] -- Up-to-date: /home/yesopi/Robotics/install/my_service_pkg/share/my_service_pkg/environment/ament_prefix_path.sh
[0.772s] -- Up-to-date: /home/yesopi/Robotics/install/my_service_pkg/share/my_service_pkg/environment/ament_prefix_path.dsv
[0.772s] -- Up-to-date: /home/yesopi/Robotics/install/my_service_pkg/share/my_service_pkg/environment/path.sh
[0.772s] -- Up-to-date: /home/yesopi/Robotics/install/my_service_pkg/share/my_service_pkg/environment/path.dsv
[0.772s] -- Up-to-date: /home/yesopi/Robotics/install/my_service_pkg/share/my_service_pkg/local_setup.bash
[0.772s] -- Up-to-date: /home/yesopi/Robotics/install/my_service_pkg/share/my_service_pkg/local_setup.sh
[0.772s] -- Up-to-date: /home/yesopi/Robotics/install/my_service_pkg/share/my_service_pkg/local_setup.zsh
[0.772s] -- Up-to-date: /home/yesopi/Robotics/install/my_service_pkg/share/my_service_pkg/local_setup.dsv
[0.772s] -- Installing: /home/yesopi/Robotics/install/my_service_pkg/share/my_service_pkg/package.dsv
[0.772s] -- Up-to-date: /home/yesopi/Robotics/install/my_service_pkg/share/ament_index/resource_index/packages/my_service_pkg
[0.773s] -- Up-to-date: /home/yesopi/Robotics/install/my_service_pkg/share/my_service_pkg/cmake/export_my_service_pkg__rosidl_generator_cExport.cmake
[0.773s] -- Up-to-date: /home/yesopi/Robotics/install/my_service_pkg/share/my_service_pkg/cmake/export_my_service_pkg__rosidl_generator_cExport-noconfig.cmake
[0.773s] -- Up-to-date: /home/yesopi/Robotics/install/my_service_pkg/share/my_service_pkg/cmake/export_my_service_pkg__rosidl_typesupport_fastrtps_cExport.cmake
[0.773s] -- Up-to-date: /home/yesopi/Robotics/install/my_service_pkg/share/my_service_pkg/cmake/export_my_service_pkg__rosidl_typesupport_fastrtps_cExport-noconfig.cmake
[0.773s] -- Up-to-date: /home/yesopi/Robotics/install/my_service_pkg/share/my_service_pkg/cmake/my_service_pkg__rosidl_typesupport_introspection_cExport.cmake
[0.773s] -- Up-to-date: /home/yesopi/Robotics/install/my_service_pkg/share/my_service_pkg/cmake/my_service_pkg__rosidl_typesupport_introspection_cExport-noconfig.cmake
[0.773s] -- Up-to-date: /home/yesopi/Robotics/install/my_service_pkg/share/my_service_pkg/cmake/my_service_pkg__rosidl_typesupport_cExport.cmake
[0.773s] -- Up-to-date: /home/yesopi/Robotics/install/my_service_pkg/share/my_service_pkg/cmake/my_service_pkg__rosidl_typesupport_cExport-noconfig.cmake
[0.773s] -- Up-to-date: /home/yesopi/Robotics/install/my_service_pkg/share/my_service_pkg/cmake/export_my_service_pkg__rosidl_generator_cppExport.cmake
[0.773s] -- Up-to-date: /home/yesopi/Robotics/install/my_service_pkg/share/my_service_pkg/cmake/export_my_service_pkg__rosidl_typesupport_fastrtps_cppExport.cmake
[0.773s] -- Up-to-date: /home/yesopi/Robotics/install/my_service_pkg/share/my_service_pkg/cmake/export_my_service_pkg__rosidl_typesupport_fastrtps_cppExport-noconfig.cmake
[0.774s] -- Up-to-date: /home/yesopi/Robotics/install/my_service_pkg/share/my_service_pkg/cmake/my_service_pkg__rosidl_typesupport_introspection_cppExport.cmake
[0.774s] -- Up-to-date: /home/yesopi/Robotics/install/my_service_pkg/share/my_service_pkg/cmake/my_service_pkg__rosidl_typesupport_introspection_cppExport-noconfig.cmake
[0.774s] -- Up-to-date: /home/yesopi/Robotics/install/my_service_pkg/share/my_service_pkg/cmake/my_service_pkg__rosidl_typesupport_cppExport.cmake
[0.774s] -- Up-to-date: /home/yesopi/Robotics/install/my_service_pkg/share/my_service_pkg/cmake/my_service_pkg__rosidl_typesupport_cppExport-noconfig.cmake
[0.774s] -- Up-to-date: /home/yesopi/Robotics/install/my_service_pkg/share/my_service_pkg/cmake/export_my_service_pkg__rosidl_generator_pyExport.cmake
[0.774s] -- Up-to-date: /home/yesopi/Robotics/install/my_service_pkg/share/my_service_pkg/cmake/export_my_service_pkg__rosidl_generator_pyExport-noconfig.cmake
[0.774s] -- Up-to-date: /home/yesopi/Robotics/install/my_service_pkg/share/my_service_pkg/cmake/rosidl_cmake-extras.cmake
[0.774s] -- Up-to-date: /home/yesopi/Robotics/install/my_service_pkg/share/my_service_pkg/cmake/ament_cmake_export_include_directories-extras.cmake
[0.774s] -- Up-to-date: /home/yesopi/Robotics/install/my_service_pkg/share/my_service_pkg/cmake/ament_cmake_export_libraries-extras.cmake
[0.774s] -- Up-to-date: /home/yesopi/Robotics/install/my_service_pkg/share/my_service_pkg/cmake/ament_cmake_export_targets-extras.cmake
[0.774s] -- Up-to-date: /home/yesopi/Robotics/install/my_service_pkg/share/my_service_pkg/cmake/rosidl_cmake_export_typesupport_targets-extras.cmake
[0.774s] -- Up-to-date: /home/yesopi/Robotics/install/my_service_pkg/share/my_service_pkg/cmake/ament_cmake_export_dependencies-extras.cmake
[0.774s] -- Up-to-date: /home/yesopi/Robotics/install/my_service_pkg/share/my_service_pkg/cmake/rosidl_cmake_export_typesupport_libraries-extras.cmake
[0.775s] -- Up-to-date: /home/yesopi/Robotics/install/my_service_pkg/share/my_service_pkg/cmake/my_service_pkgConfig.cmake
[0.775s] -- Up-to-date: /home/yesopi/Robotics/install/my_service_pkg/share/my_service_pkg/cmake/my_service_pkgConfig-version.cmake
[0.775s] -- Up-to-date: /home/yesopi/Robotics/install/my_service_pkg/share/my_service_pkg/package.xml
[0.776s] Invoked command in '/home/yesopi/Robotics/build/my_service_pkg' returned '0': CMAKE_PREFIX_PATH=${CMAKE_PREFIX_PATH}:/home/yesopi/Robotics/install/tesla:/home/yesopi/Robotics/install/robot_manipulator:/opt/ros/humble /usr/bin/cmake --install /home/yesopi/Robotics/build/my_service_pkg
